SLURM_JOB_ID: 62113357
SLURM_JOB_USER: vsc36251
SLURM_JOB_ACCOUNT: lp_edu_large_omics
SLURM_JOB_NAME: sys/dashboard/sys/jupyter-lab
SLURM_CLUSTER_NAME: wice
SLURM_JOB_PARTITION: batch
SLURM_NNODES: 1
SLURM_NODELIST: s28c11n2
SLURM_JOB_CPUS_PER_NODE: 1
Date: Sat Aug  3 17:12:55 CEST 2024
Walltime: 00-02:00:00
========================================================================
Script starting...
Waiting for Jupyter Notebook server to open port 40585...
TIMING - Starting wait at: Sat Aug  3 17:12:55 CEST 2024
TIMING - Starting main script at: Sat Aug  3 17:12:56 CEST 2024
TIMING - Starting jupyter at: Sat Aug  3 17:12:58 CEST 2024
++ cut -d: -f6
+++ whoami
++ getent passwd vsc36251
+ USER_HOME=/user/leuven/362/vsc36251
+ USER_DATA_DIR=/data/leuven/362/vsc36251
+ /apps/leuven/rocky8/icelake/2021a/software/JupyterLab/3.0.16-GCCcore-10.3.0/bin/jupyter-lab -y --no-browser --config=/data/leuven/362/vsc36251/.ondemand/data/batch_connect/sys/jupyter-lab/output/5febe3b3-f95f-441d-8b4f-729484b3ecad/config.py /data/leuven/362/vsc36251
[I 2024-08-03 17:13:00.545 ServerApp] jupyterlab | extension was successfully linked.
[I 2024-08-03 17:13:01.567 ServerApp] nbclassic | extension was successfully linked.
[W 2024-08-03 17:13:01.570 ServerApp] Config option `preferred_dir` not recognized by `LargeFileManager`.
[W 2024-08-03 17:13:01.663 ServerApp] WARNING: The Jupyter server is listening on all IP addresses and not using encryption. This is not recommended.
[I 2024-08-03 17:13:01.682 ServerApp] nbclassic | extension was successfully loaded.
[I 2024-08-03 17:13:01.683 LabApp] JupyterLab extension loaded from /apps/leuven/rocky8/icelake/2021a/software/JupyterLab/3.0.16-GCCcore-10.3.0/lib/python3.9/site-packages/jupyterlab
[I 2024-08-03 17:13:01.683 LabApp] JupyterLab application directory is /vsc-hard-mounts/leuven-apps/rocky8/icelake/2021a/software/JupyterLab/3.0.16-GCCcore-10.3.0/share/jupyter/lab
[I 2024-08-03 17:13:01.688 ServerApp] jupyterlab | extension was successfully loaded.
[I 2024-08-03 17:13:01.689 ServerApp] Serving notebooks from local directory: /data/leuven/362/vsc36251
[I 2024-08-03 17:13:01.689 ServerApp] Jupyter Server 1.9.0 is running at:
[I 2024-08-03 17:13:01.689 ServerApp] http://s28c11n2:40585/node/s28c11n2.tier2.hpc.kuleuven.be/40585/lab
[I 2024-08-03 17:13:01.689 ServerApp]  or http://127.0.0.1:40585/node/s28c11n2.tier2.hpc.kuleuven.be/40585/lab
[I 2024-08-03 17:13:01.689 ServerApp] Use Control-C to stop this server and shut down all kernels (twice to skip confirmation).
Discovered Jupyter Notebook server listening on port 40585!
TIMING - Wait ended at: Sat Aug  3 17:13:01 CEST 2024
Generating connection YAML file...
[I 2024-08-03 17:19:11.637 ServerApp] 302 POST /node/s28c11n2.tier2.hpc.kuleuven.be/40585/login (2a02:2c40:0:240a:3:242:ac11:3) 1.32ms
[I 2024-08-03 17:19:11.701 ServerApp] 302 GET /node/s28c11n2.tier2.hpc.kuleuven.be/40585/ (2a02:2c40:0:240a:3:242:ac11:3) 0.48ms
[W 2024-08-03 17:19:17.620 LabApp] Could not determine jupyterlab build status without nodejs
[W 2024-08-03 17:19:20.078 ServerApp] 500 PUT /node/s28c11n2.tier2.hpc.kuleuven.be/40585/lab/api/workspaces/default?1722698360246 (2a02:2c40:0:240a:3:242:ac11:3): [Errno 13] Permission denied: '/apps/leuven/rocky8/icelake/2021a/software/JupyterLab/3.0.16-GCCcore-10.3.0/etc/jupyter/lab'
[W 2024-08-03 17:19:20.078 LabApp] [Errno 13] Permission denied: '/apps/leuven/rocky8/icelake/2021a/software/JupyterLab/3.0.16-GCCcore-10.3.0/etc/jupyter/lab'
[E 2024-08-03 17:19:20.079 LabApp] {
      "Host": "s28c11n2.tier2.hpc.kuleuven.be:40585",
      "User-Agent": "Mozilla/5.0 (Windows NT 10.0; Win64; x64) AppleWebKit/537.36 (KHTML, like Gecko) Chrome/126.0.0.0 Safari/537.36",
      "Accept": "*/*",
      "Accept-Encoding": "gzip, deflate, br, zstd",
      "Accept-Language": "en-GB,en-US;q=0.9,en;q=0.8",
      "Content-Type": "text/plain;charset=UTF-8",
      "Cookie": "username-s28c11n2-tier2-hpc-kuleuven-be-40585=\"2|1:0|10:1722698351|45:username-s28c11n2-tier2-hpc-kuleuven-be-40585|44:ZWM1OWJkMzNjYmYyNDUxZGI0MWFlOTg5ZmM1OGVkZDE=|e51ab613948adbfb7800240206e71204eafdf19cb11dbb10b82d498c84edb532\"; _xsrf=2|5f5aeeaf|7aee85c43a640be8247d95832a9f33c4|1722698351; iamregistrationdata=eyJsYW5ndWFnZSI6ImVuIiwicmV0dXJuVXJsIjoiaHR0cHM6XC9cL3dlYndzcC5hcHMua3VsZXV2ZW4uYmVcL3NhcFwvYmNcL3VpNV91aTVcL3NhcFwvemNfYWRfYXBwbFwvaW5kZXguaHRtbD9zYXAtc3lzY21kPW5vY29va2llJnNhbWwyaWRwPWh0dHBzOlwvXC9pZHAua3VsZXV2ZW4uYmVcL2lkcHgmaW5zdGVsbGluZz01MDAwMDA1MCIsInJldHVyblRpdGxlIjoiQWRtaXNzaW9ucyBLVSBMZXV2ZW4gQXNzb2NpYXRpb24iLCJhdXRvUmVkaXJlY3QiOnRydWUsImhpZGVWb3VjaGVyIjp0cnVlfQ%3D%3D; _hjSessionUser_1012993=eyJpZCI6Ijc5MzlhYjAzLWNkNDItNTlhMy04ZTFjLTQ5NWRlNjM2YzVmMyIsImNyZWF0ZWQiOjE2NjYwODcxNDIxMzksImV4aXN0aW5nIjp0cnVlfQ==; _hjSessionUser_371512=eyJpZCI6Ijg1Mjc5MzYwLTczNTUtNWNhNi1iNjRlLWExYzA2MjFhYjlhZSIsImNyZWF0ZWQiOjE2NjY3OTE1MjgzNjksImV4aXN0aW5nIjp0cnVlfQ==; _hjSessionUser_2939920=eyJpZCI6ImUwZjY2MTljLTFkZmItNTE1NC1hNzAwLWRkZjBiOTU1NjJhMSIsImNyZWF0ZWQiOjE2NjY3ODQ4Nzg2ODAsImV4aXN0aW5nIjp0cnVlfQ==; _hjSessionUser_1381263=eyJpZCI6IjQ2M2Y5OGIyLWFhZjctNTJkNC1hMTJkLTY1ZGNlNTVmNDYzOCIsImNyZWF0ZWQiOjE2NzM0MjU0NDQwMDUsImV4aXN0aW5nIjp0cnVlfQ==; TFC_18fd37b4=161c760dfe9388fc; NSC_JOnahgckddxzyghbnhff1idutjq30eT=3744a3d0b0f2e49d61a219294a9f4ced986a399f5a46f7e25119d92c68eeca097294da6c; OptanonAlertBoxClosed=2024-07-04T15:19:09.458Z; OptanonConsent=isGpcEnabled=0&datestamp=Thu+Jul+04+2024+16%3A19%3A09+GMT%2B0100+(Irish+Standard+Time)&version=202401.2.0&browserGpcFlag=0&isIABGlobal=false&hosts=&consentId=44f61698-0e6a-41af-a273-256d1d688255&interactionCount=1&landingPath=NotLandingPage&groups=C0001%3A1%2CC0003%3A1%2CC0002%3A1%2CC0004%3A1&AwaitingReconsent=false",
      "Origin": "https://ondemand.hpc.kuleuven.be",
      "Referer": "https://ondemand.hpc.kuleuven.be/node/s28c11n2.tier2.hpc.kuleuven.be/40585/lab?",
      "Sec-Ch-Ua": "\"Not/A)Brand\";v=\"8\", \"Chromium\";v=\"126\", \"Google Chrome\";v=\"126\"",
      "Sec-Ch-Ua-Mobile": "?0",
      "Sec-Ch-Ua-Platform": "\"Windows\"",
      "Sec-Fetch-Dest": "empty",
      "Sec-Fetch-Mode": "cors",
      "Sec-Fetch-Site": "same-origin",
      "X-Forwarded-For": "94.110.13.101, 2a02:2c40:0:80::ba:42, 2a02:2c40:0:51:139:b00b:0:1",
      "X-Forwarded-Host": "ondemand.hpc.kuleuven.be, ondemand.hpc.kuleuven.be",
      "X-Forwarded-Port": "443",
      "X-Forwarded-Proto": "http",
      "X-Forwarded-Server": "e2f3c5f953dd, ondemand.hpc.kuleuven.be",
      "X-Real-Ip": "2a02:2c40:0:80::ba:42",
      "X-Xsrftoken": "2|5f5aeeaf|7aee85c43a640be8247d95832a9f33c4|1722698351",
      "X-Forwarded-User": "vsc36251",
      "X-Forwarded-Escaped-Uri": "%2fnode%2fs28c11n2.tier2.hpc.kuleuven.be%2f40585%2flab%2fapi%2fworkspaces%2fdefault%3f1722698360246",
      "Content-Length": "316",
      "Connection": "close"
    }
[E 2024-08-03 17:19:20.079 LabApp] 500 PUT /node/s28c11n2.tier2.hpc.kuleuven.be/40585/lab/api/workspaces/default?1722698360246 (2a02:2c40:0:240a:3:242:ac11:3) 1.66ms referer=https://ondemand.hpc.kuleuven.be/node/s28c11n2.tier2.hpc.kuleuven.be/40585/lab?
[W 2024-08-03 17:19:20.816 ServerApp] 500 PUT /node/s28c11n2.tier2.hpc.kuleuven.be/40585/lab/api/workspaces/default?1722698360992 (2a02:2c40:0:240a:3:242:ac11:3): [Errno 13] Permission denied: '/apps/leuven/rocky8/icelake/2021a/software/JupyterLab/3.0.16-GCCcore-10.3.0/etc/jupyter/lab'
[W 2024-08-03 17:19:20.816 LabApp] [Errno 13] Permission denied: '/apps/leuven/rocky8/icelake/2021a/software/JupyterLab/3.0.16-GCCcore-10.3.0/etc/jupyter/lab'
[E 2024-08-03 17:19:20.817 LabApp] {
      "Host": "s28c11n2.tier2.hpc.kuleuven.be:40585",
      "User-Agent": "Mozilla/5.0 (Windows NT 10.0; Win64; x64) AppleWebKit/537.36 (KHTML, like Gecko) Chrome/126.0.0.0 Safari/537.36",
      "Accept": "*/*",
      "Accept-Encoding": "gzip, deflate, br, zstd",
      "Accept-Language": "en-GB,en-US;q=0.9,en;q=0.8",
      "Content-Type": "text/plain;charset=UTF-8",
      "Cookie": "username-s28c11n2-tier2-hpc-kuleuven-be-40585=\"2|1:0|10:1722698351|45:username-s28c11n2-tier2-hpc-kuleuven-be-40585|44:ZWM1OWJkMzNjYmYyNDUxZGI0MWFlOTg5ZmM1OGVkZDE=|e51ab613948adbfb7800240206e71204eafdf19cb11dbb10b82d498c84edb532\"; _xsrf=2|5f5aeeaf|7aee85c43a640be8247d95832a9f33c4|1722698351; iamregistrationdata=eyJsYW5ndWFnZSI6ImVuIiwicmV0dXJuVXJsIjoiaHR0cHM6XC9cL3dlYndzcC5hcHMua3VsZXV2ZW4uYmVcL3NhcFwvYmNcL3VpNV91aTVcL3NhcFwvemNfYWRfYXBwbFwvaW5kZXguaHRtbD9zYXAtc3lzY21kPW5vY29va2llJnNhbWwyaWRwPWh0dHBzOlwvXC9pZHAua3VsZXV2ZW4uYmVcL2lkcHgmaW5zdGVsbGluZz01MDAwMDA1MCIsInJldHVyblRpdGxlIjoiQWRtaXNzaW9ucyBLVSBMZXV2ZW4gQXNzb2NpYXRpb24iLCJhdXRvUmVkaXJlY3QiOnRydWUsImhpZGVWb3VjaGVyIjp0cnVlfQ%3D%3D; _hjSessionUser_1012993=eyJpZCI6Ijc5MzlhYjAzLWNkNDItNTlhMy04ZTFjLTQ5NWRlNjM2YzVmMyIsImNyZWF0ZWQiOjE2NjYwODcxNDIxMzksImV4aXN0aW5nIjp0cnVlfQ==; _hjSessionUser_371512=eyJpZCI6Ijg1Mjc5MzYwLTczNTUtNWNhNi1iNjRlLWExYzA2MjFhYjlhZSIsImNyZWF0ZWQiOjE2NjY3OTE1MjgzNjksImV4aXN0aW5nIjp0cnVlfQ==; _hjSessionUser_2939920=eyJpZCI6ImUwZjY2MTljLTFkZmItNTE1NC1hNzAwLWRkZjBiOTU1NjJhMSIsImNyZWF0ZWQiOjE2NjY3ODQ4Nzg2ODAsImV4aXN0aW5nIjp0cnVlfQ==; _hjSessionUser_1381263=eyJpZCI6IjQ2M2Y5OGIyLWFhZjctNTJkNC1hMTJkLTY1ZGNlNTVmNDYzOCIsImNyZWF0ZWQiOjE2NzM0MjU0NDQwMDUsImV4aXN0aW5nIjp0cnVlfQ==; TFC_18fd37b4=161c760dfe9388fc; NSC_JOnahgckddxzyghbnhff1idutjq30eT=3744a3d0b0f2e49d61a219294a9f4ced986a399f5a46f7e25119d92c68eeca097294da6c; OptanonAlertBoxClosed=2024-07-04T15:19:09.458Z; OptanonConsent=isGpcEnabled=0&datestamp=Thu+Jul+04+2024+16%3A19%3A09+GMT%2B0100+(Irish+Standard+Time)&version=202401.2.0&browserGpcFlag=0&isIABGlobal=false&hosts=&consentId=44f61698-0e6a-41af-a273-256d1d688255&interactionCount=1&landingPath=NotLandingPage&groups=C0001%3A1%2CC0003%3A1%2CC0002%3A1%2CC0004%3A1&AwaitingReconsent=false",
      "Origin": "https://ondemand.hpc.kuleuven.be",
      "Referer": "https://ondemand.hpc.kuleuven.be/node/s28c11n2.tier2.hpc.kuleuven.be/40585/lab",
      "Sec-Ch-Ua": "\"Not/A)Brand\";v=\"8\", \"Chromium\";v=\"126\", \"Google Chrome\";v=\"126\"",
      "Sec-Ch-Ua-Mobile": "?0",
      "Sec-Ch-Ua-Platform": "\"Windows\"",
      "Sec-Fetch-Dest": "empty",
      "Sec-Fetch-Mode": "cors",
      "Sec-Fetch-Site": "same-origin",
      "X-Forwarded-For": "94.110.13.101, 2a02:2c40:0:80::ba:42, 2a02:2c40:0:51:139:b00b:0:1",
      "X-Forwarded-Host": "ondemand.hpc.kuleuven.be, ondemand.hpc.kuleuven.be",
      "X-Forwarded-Port": "443",
      "X-Forwarded-Proto": "http",
      "X-Forwarded-Server": "e2f3c5f953dd, ondemand.hpc.kuleuven.be",
      "X-Real-Ip": "2a02:2c40:0:80::ba:42",
      "X-Xsrftoken": "2|5f5aeeaf|7aee85c43a640be8247d95832a9f33c4|1722698351",
      "X-Forwarded-User": "vsc36251",
      "X-Forwarded-Escaped-Uri": "%2fnode%2fs28c11n2.tier2.hpc.kuleuven.be%2f40585%2flab%2fapi%2fworkspaces%2fdefault%3f1722698360992",
      "Content-Length": "361",
      "Connection": "close"
    }
[E 2024-08-03 17:19:20.817 LabApp] 500 PUT /node/s28c11n2.tier2.hpc.kuleuven.be/40585/lab/api/workspaces/default?1722698360992 (2a02:2c40:0:240a:3:242:ac11:3) 1.72ms referer=https://ondemand.hpc.kuleuven.be/node/s28c11n2.tier2.hpc.kuleuven.be/40585/lab
[W 2024-08-03 17:19:22.802 ServerApp] 500 PUT /node/s28c11n2.tier2.hpc.kuleuven.be/40585/lab/api/workspaces/default?1722698362983 (2a02:2c40:0:240a:3:242:ac11:3): [Errno 13] Permission denied: '/apps/leuven/rocky8/icelake/2021a/software/JupyterLab/3.0.16-GCCcore-10.3.0/etc/jupyter/lab'
[W 2024-08-03 17:19:22.802 LabApp] [Errno 13] Permission denied: '/apps/leuven/rocky8/icelake/2021a/software/JupyterLab/3.0.16-GCCcore-10.3.0/etc/jupyter/lab'
[E 2024-08-03 17:19:22.802 LabApp] {
      "Host": "s28c11n2.tier2.hpc.kuleuven.be:40585",
      "User-Agent": "Mozilla/5.0 (Windows NT 10.0; Win64; x64) AppleWebKit/537.36 (KHTML, like Gecko) Chrome/126.0.0.0 Safari/537.36",
      "Accept": "*/*",
      "Accept-Encoding": "gzip, deflate, br, zstd",
      "Accept-Language": "en-GB,en-US;q=0.9,en;q=0.8",
      "Content-Type": "text/plain;charset=UTF-8",
      "Cookie": "username-s28c11n2-tier2-hpc-kuleuven-be-40585=\"2|1:0|10:1722698351|45:username-s28c11n2-tier2-hpc-kuleuven-be-40585|44:ZWM1OWJkMzNjYmYyNDUxZGI0MWFlOTg5ZmM1OGVkZDE=|e51ab613948adbfb7800240206e71204eafdf19cb11dbb10b82d498c84edb532\"; _xsrf=2|5f5aeeaf|7aee85c43a640be8247d95832a9f33c4|1722698351; iamregistrationdata=eyJsYW5ndWFnZSI6ImVuIiwicmV0dXJuVXJsIjoiaHR0cHM6XC9cL3dlYndzcC5hcHMua3VsZXV2ZW4uYmVcL3NhcFwvYmNcL3VpNV91aTVcL3NhcFwvemNfYWRfYXBwbFwvaW5kZXguaHRtbD9zYXAtc3lzY21kPW5vY29va2llJnNhbWwyaWRwPWh0dHBzOlwvXC9pZHAua3VsZXV2ZW4uYmVcL2lkcHgmaW5zdGVsbGluZz01MDAwMDA1MCIsInJldHVyblRpdGxlIjoiQWRtaXNzaW9ucyBLVSBMZXV2ZW4gQXNzb2NpYXRpb24iLCJhdXRvUmVkaXJlY3QiOnRydWUsImhpZGVWb3VjaGVyIjp0cnVlfQ%3D%3D; _hjSessionUser_1012993=eyJpZCI6Ijc5MzlhYjAzLWNkNDItNTlhMy04ZTFjLTQ5NWRlNjM2YzVmMyIsImNyZWF0ZWQiOjE2NjYwODcxNDIxMzksImV4aXN0aW5nIjp0cnVlfQ==; _hjSessionUser_371512=eyJpZCI6Ijg1Mjc5MzYwLTczNTUtNWNhNi1iNjRlLWExYzA2MjFhYjlhZSIsImNyZWF0ZWQiOjE2NjY3OTE1MjgzNjksImV4aXN0aW5nIjp0cnVlfQ==; _hjSessionUser_2939920=eyJpZCI6ImUwZjY2MTljLTFkZmItNTE1NC1hNzAwLWRkZjBiOTU1NjJhMSIsImNyZWF0ZWQiOjE2NjY3ODQ4Nzg2ODAsImV4aXN0aW5nIjp0cnVlfQ==; _hjSessionUser_1381263=eyJpZCI6IjQ2M2Y5OGIyLWFhZjctNTJkNC1hMTJkLTY1ZGNlNTVmNDYzOCIsImNyZWF0ZWQiOjE2NzM0MjU0NDQwMDUsImV4aXN0aW5nIjp0cnVlfQ==; TFC_18fd37b4=161c760dfe9388fc; NSC_JOnahgckddxzyghbnhff1idutjq30eT=3744a3d0b0f2e49d61a219294a9f4ced986a399f5a46f7e25119d92c68eeca097294da6c; OptanonAlertBoxClosed=2024-07-04T15:19:09.458Z; OptanonConsent=isGpcEnabled=0&datestamp=Thu+Jul+04+2024+16%3A19%3A09+GMT%2B0100+(Irish+Standard+Time)&version=202401.2.0&browserGpcFlag=0&isIABGlobal=false&hosts=&consentId=44f61698-0e6a-41af-a273-256d1d688255&interactionCount=1&landingPath=NotLandingPage&groups=C0001%3A1%2CC0003%3A1%2CC0002%3A1%2CC0004%3A1&AwaitingReconsent=false",
      "Origin": "https://ondemand.hpc.kuleuven.be",
      "Referer": "https://ondemand.hpc.kuleuven.be/node/s28c11n2.tier2.hpc.kuleuven.be/40585/lab",
      "Sec-Ch-Ua": "\"Not/A)Brand\";v=\"8\", \"Chromium\";v=\"126\", \"Google Chrome\";v=\"126\"",
      "Sec-Ch-Ua-Mobile": "?0",
      "Sec-Ch-Ua-Platform": "\"Windows\"",
      "Sec-Fetch-Dest": "empty",
      "Sec-Fetch-Mode": "cors",
      "Sec-Fetch-Site": "same-origin",
      "X-Forwarded-For": "94.110.13.101, 2a02:2c40:0:80::ba:42, 2a02:2c40:0:51:139:b00b:0:1",
      "X-Forwarded-Host": "ondemand.hpc.kuleuven.be, ondemand.hpc.kuleuven.be",
      "X-Forwarded-Port": "443",
      "X-Forwarded-Proto": "http",
      "X-Forwarded-Server": "e2f3c5f953dd, ondemand.hpc.kuleuven.be",
      "X-Real-Ip": "2a02:2c40:0:80::ba:42",
      "X-Xsrftoken": "2|5f5aeeaf|7aee85c43a640be8247d95832a9f33c4|1722698351",
      "X-Forwarded-User": "vsc36251",
      "X-Forwarded-Escaped-Uri": "%2fnode%2fs28c11n2.tier2.hpc.kuleuven.be%2f40585%2flab%2fapi%2fworkspaces%2fdefault%3f1722698362983",
      "Content-Length": "336",
      "Connection": "close"
    }
[E 2024-08-03 17:19:22.802 LabApp] 500 PUT /node/s28c11n2.tier2.hpc.kuleuven.be/40585/lab/api/workspaces/default?1722698362983 (2a02:2c40:0:240a:3:242:ac11:3) 1.82ms referer=https://ondemand.hpc.kuleuven.be/node/s28c11n2.tier2.hpc.kuleuven.be/40585/lab
[W 2024-08-03 17:19:28.734 ServerApp] 500 PUT /node/s28c11n2.tier2.hpc.kuleuven.be/40585/lab/api/workspaces/default?1722698368914 (2a02:2c40:0:240a:3:242:ac11:3): [Errno 13] Permission denied: '/apps/leuven/rocky8/icelake/2021a/software/JupyterLab/3.0.16-GCCcore-10.3.0/etc/jupyter/lab'
[W 2024-08-03 17:19:28.734 LabApp] [Errno 13] Permission denied: '/apps/leuven/rocky8/icelake/2021a/software/JupyterLab/3.0.16-GCCcore-10.3.0/etc/jupyter/lab'
[E 2024-08-03 17:19:28.734 LabApp] {
      "Host": "s28c11n2.tier2.hpc.kuleuven.be:40585",
      "User-Agent": "Mozilla/5.0 (Windows NT 10.0; Win64; x64) AppleWebKit/537.36 (KHTML, like Gecko) Chrome/126.0.0.0 Safari/537.36",
      "Accept": "*/*",
      "Accept-Encoding": "gzip, deflate, br, zstd",
      "Accept-Language": "en-GB,en-US;q=0.9,en;q=0.8",
      "Content-Type": "text/plain;charset=UTF-8",
      "Cookie": "username-s28c11n2-tier2-hpc-kuleuven-be-40585=\"2|1:0|10:1722698351|45:username-s28c11n2-tier2-hpc-kuleuven-be-40585|44:ZWM1OWJkMzNjYmYyNDUxZGI0MWFlOTg5ZmM1OGVkZDE=|e51ab613948adbfb7800240206e71204eafdf19cb11dbb10b82d498c84edb532\"; _xsrf=2|5f5aeeaf|7aee85c43a640be8247d95832a9f33c4|1722698351; iamregistrationdata=eyJsYW5ndWFnZSI6ImVuIiwicmV0dXJuVXJsIjoiaHR0cHM6XC9cL3dlYndzcC5hcHMua3VsZXV2ZW4uYmVcL3NhcFwvYmNcL3VpNV91aTVcL3NhcFwvemNfYWRfYXBwbFwvaW5kZXguaHRtbD9zYXAtc3lzY21kPW5vY29va2llJnNhbWwyaWRwPWh0dHBzOlwvXC9pZHAua3VsZXV2ZW4uYmVcL2lkcHgmaW5zdGVsbGluZz01MDAwMDA1MCIsInJldHVyblRpdGxlIjoiQWRtaXNzaW9ucyBLVSBMZXV2ZW4gQXNzb2NpYXRpb24iLCJhdXRvUmVkaXJlY3QiOnRydWUsImhpZGVWb3VjaGVyIjp0cnVlfQ%3D%3D; _hjSessionUser_1012993=eyJpZCI6Ijc5MzlhYjAzLWNkNDItNTlhMy04ZTFjLTQ5NWRlNjM2YzVmMyIsImNyZWF0ZWQiOjE2NjYwODcxNDIxMzksImV4aXN0aW5nIjp0cnVlfQ==; _hjSessionUser_371512=eyJpZCI6Ijg1Mjc5MzYwLTczNTUtNWNhNi1iNjRlLWExYzA2MjFhYjlhZSIsImNyZWF0ZWQiOjE2NjY3OTE1MjgzNjksImV4aXN0aW5nIjp0cnVlfQ==; _hjSessionUser_2939920=eyJpZCI6ImUwZjY2MTljLTFkZmItNTE1NC1hNzAwLWRkZjBiOTU1NjJhMSIsImNyZWF0ZWQiOjE2NjY3ODQ4Nzg2ODAsImV4aXN0aW5nIjp0cnVlfQ==; _hjSessionUser_1381263=eyJpZCI6IjQ2M2Y5OGIyLWFhZjctNTJkNC1hMTJkLTY1ZGNlNTVmNDYzOCIsImNyZWF0ZWQiOjE2NzM0MjU0NDQwMDUsImV4aXN0aW5nIjp0cnVlfQ==; TFC_18fd37b4=161c760dfe9388fc; NSC_JOnahgckddxzyghbnhff1idutjq30eT=3744a3d0b0f2e49d61a219294a9f4ced986a399f5a46f7e25119d92c68eeca097294da6c; OptanonAlertBoxClosed=2024-07-04T15:19:09.458Z; OptanonConsent=isGpcEnabled=0&datestamp=Thu+Jul+04+2024+16%3A19%3A09+GMT%2B0100+(Irish+Standard+Time)&version=202401.2.0&browserGpcFlag=0&isIABGlobal=false&hosts=&consentId=44f61698-0e6a-41af-a273-256d1d688255&interactionCount=1&landingPath=NotLandingPage&groups=C0001%3A1%2CC0003%3A1%2CC0002%3A1%2CC0004%3A1&AwaitingReconsent=false",
      "Origin": "https://ondemand.hpc.kuleuven.be",
      "Referer": "https://ondemand.hpc.kuleuven.be/node/s28c11n2.tier2.hpc.kuleuven.be/40585/lab",
      "Sec-Ch-Ua": "\"Not/A)Brand\";v=\"8\", \"Chromium\";v=\"126\", \"Google Chrome\";v=\"126\"",
      "Sec-Ch-Ua-Mobile": "?0",
      "Sec-Ch-Ua-Platform": "\"Windows\"",
      "Sec-Fetch-Dest": "empty",
      "Sec-Fetch-Mode": "cors",
      "Sec-Fetch-Site": "same-origin",
      "X-Forwarded-For": "94.110.13.101, 2a02:2c40:0:80::ba:42, 2a02:2c40:0:51:139:b00b:0:1",
      "X-Forwarded-Host": "ondemand.hpc.kuleuven.be, ondemand.hpc.kuleuven.be",
      "X-Forwarded-Port": "443",
      "X-Forwarded-Proto": "http",
      "X-Forwarded-Server": "e2f3c5f953dd, ondemand.hpc.kuleuven.be",
      "X-Real-Ip": "2a02:2c40:0:80::ba:42",
      "X-Xsrftoken": "2|5f5aeeaf|7aee85c43a640be8247d95832a9f33c4|1722698351",
      "X-Forwarded-User": "vsc36251",
      "X-Forwarded-Escaped-Uri": "%2fnode%2fs28c11n2.tier2.hpc.kuleuven.be%2f40585%2flab%2fapi%2fworkspaces%2fdefault%3f1722698368914",
      "Content-Length": "361",
      "Connection": "close"
    }
[E 2024-08-03 17:19:28.734 LabApp] 500 PUT /node/s28c11n2.tier2.hpc.kuleuven.be/40585/lab/api/workspaces/default?1722698368914 (2a02:2c40:0:240a:3:242:ac11:3) 2.05ms referer=https://ondemand.hpc.kuleuven.be/node/s28c11n2.tier2.hpc.kuleuven.be/40585/lab
[W 2024-08-03 17:19:49.428 ServerApp] 500 PUT /node/s28c11n2.tier2.hpc.kuleuven.be/40585/lab/api/workspaces/default?1722698389601 (2a02:2c40:0:240a:3:242:ac11:3): [Errno 13] Permission denied: '/apps/leuven/rocky8/icelake/2021a/software/JupyterLab/3.0.16-GCCcore-10.3.0/etc/jupyter/lab'
[W 2024-08-03 17:19:49.431 LabApp] [Errno 13] Permission denied: '/apps/leuven/rocky8/icelake/2021a/software/JupyterLab/3.0.16-GCCcore-10.3.0/etc/jupyter/lab'
[E 2024-08-03 17:19:49.431 LabApp] {
      "Host": "s28c11n2.tier2.hpc.kuleuven.be:40585",
      "User-Agent": "Mozilla/5.0 (Windows NT 10.0; Win64; x64) AppleWebKit/537.36 (KHTML, like Gecko) Chrome/126.0.0.0 Safari/537.36",
      "Accept": "*/*",
      "Accept-Encoding": "gzip, deflate, br, zstd",
      "Accept-Language": "en-GB,en-US;q=0.9,en;q=0.8",
      "Content-Type": "text/plain;charset=UTF-8",
      "Cookie": "username-s28c11n2-tier2-hpc-kuleuven-be-40585=\"2|1:0|10:1722698351|45:username-s28c11n2-tier2-hpc-kuleuven-be-40585|44:ZWM1OWJkMzNjYmYyNDUxZGI0MWFlOTg5ZmM1OGVkZDE=|e51ab613948adbfb7800240206e71204eafdf19cb11dbb10b82d498c84edb532\"; _xsrf=2|5f5aeeaf|7aee85c43a640be8247d95832a9f33c4|1722698351; iamregistrationdata=eyJsYW5ndWFnZSI6ImVuIiwicmV0dXJuVXJsIjoiaHR0cHM6XC9cL3dlYndzcC5hcHMua3VsZXV2ZW4uYmVcL3NhcFwvYmNcL3VpNV91aTVcL3NhcFwvemNfYWRfYXBwbFwvaW5kZXguaHRtbD9zYXAtc3lzY21kPW5vY29va2llJnNhbWwyaWRwPWh0dHBzOlwvXC9pZHAua3VsZXV2ZW4uYmVcL2lkcHgmaW5zdGVsbGluZz01MDAwMDA1MCIsInJldHVyblRpdGxlIjoiQWRtaXNzaW9ucyBLVSBMZXV2ZW4gQXNzb2NpYXRpb24iLCJhdXRvUmVkaXJlY3QiOnRydWUsImhpZGVWb3VjaGVyIjp0cnVlfQ%3D%3D; _hjSessionUser_1012993=eyJpZCI6Ijc5MzlhYjAzLWNkNDItNTlhMy04ZTFjLTQ5NWRlNjM2YzVmMyIsImNyZWF0ZWQiOjE2NjYwODcxNDIxMzksImV4aXN0aW5nIjp0cnVlfQ==; _hjSessionUser_371512=eyJpZCI6Ijg1Mjc5MzYwLTczNTUtNWNhNi1iNjRlLWExYzA2MjFhYjlhZSIsImNyZWF0ZWQiOjE2NjY3OTE1MjgzNjksImV4aXN0aW5nIjp0cnVlfQ==; _hjSessionUser_2939920=eyJpZCI6ImUwZjY2MTljLTFkZmItNTE1NC1hNzAwLWRkZjBiOTU1NjJhMSIsImNyZWF0ZWQiOjE2NjY3ODQ4Nzg2ODAsImV4aXN0aW5nIjp0cnVlfQ==; _hjSessionUser_1381263=eyJpZCI6IjQ2M2Y5OGIyLWFhZjctNTJkNC1hMTJkLTY1ZGNlNTVmNDYzOCIsImNyZWF0ZWQiOjE2NzM0MjU0NDQwMDUsImV4aXN0aW5nIjp0cnVlfQ==; TFC_18fd37b4=161c760dfe9388fc; NSC_JOnahgckddxzyghbnhff1idutjq30eT=3744a3d0b0f2e49d61a219294a9f4ced986a399f5a46f7e25119d92c68eeca097294da6c; OptanonAlertBoxClosed=2024-07-04T15:19:09.458Z; OptanonConsent=isGpcEnabled=0&datestamp=Thu+Jul+04+2024+16%3A19%3A09+GMT%2B0100+(Irish+Standard+Time)&version=202401.2.0&browserGpcFlag=0&isIABGlobal=false&hosts=&consentId=44f61698-0e6a-41af-a273-256d1d688255&interactionCount=1&landingPath=NotLandingPage&groups=C0001%3A1%2CC0003%3A1%2CC0002%3A1%2CC0004%3A1&AwaitingReconsent=false",
      "Origin": "https://ondemand.hpc.kuleuven.be",
      "Referer": "https://ondemand.hpc.kuleuven.be/node/s28c11n2.tier2.hpc.kuleuven.be/40585/lab/tree/mock_exam_2024",
      "Sec-Ch-Ua": "\"Not/A)Brand\";v=\"8\", \"Chromium\";v=\"126\", \"Google Chrome\";v=\"126\"",
      "Sec-Ch-Ua-Mobile": "?0",
      "Sec-Ch-Ua-Platform": "\"Windows\"",
      "Sec-Fetch-Dest": "empty",
      "Sec-Fetch-Mode": "cors",
      "Sec-Fetch-Site": "same-origin",
      "X-Forwarded-For": "94.110.13.101, 2a02:2c40:0:80::ba:42, 2a02:2c40:0:51:139:b00b:0:1",
      "X-Forwarded-Host": "ondemand.hpc.kuleuven.be, ondemand.hpc.kuleuven.be",
      "X-Forwarded-Port": "443",
      "X-Forwarded-Proto": "http",
      "X-Forwarded-Server": "e2f3c5f953dd, ondemand.hpc.kuleuven.be",
      "X-Real-Ip": "2a02:2c40:0:80::ba:42",
      "X-Xsrftoken": "2|5f5aeeaf|7aee85c43a640be8247d95832a9f33c4|1722698351",
      "X-Forwarded-User": "vsc36251",
      "X-Forwarded-Escaped-Uri": "%2fnode%2fs28c11n2.tier2.hpc.kuleuven.be%2f40585%2flab%2fapi%2fworkspaces%2fdefault%3f1722698389601",
      "Content-Length": "418",
      "Connection": "close"
    }
[E 2024-08-03 17:19:49.432 LabApp] 500 PUT /node/s28c11n2.tier2.hpc.kuleuven.be/40585/lab/api/workspaces/default?1722698389601 (2a02:2c40:0:240a:3:242:ac11:3) 8.54ms referer=https://ondemand.hpc.kuleuven.be/node/s28c11n2.tier2.hpc.kuleuven.be/40585/lab/tree/mock_exam_2024
[W 2024-08-03 17:19:54.387 ServerApp] Notebook mock_exam_2024/MockExam.ipynb is not trusted
[W 2024-08-03 17:19:55.352 ServerApp] 500 PUT /node/s28c11n2.tier2.hpc.kuleuven.be/40585/lab/api/workspaces/default?1722698395512 (2a02:2c40:0:240a:3:242:ac11:3): [Errno 13] Permission denied: '/apps/leuven/rocky8/icelake/2021a/software/JupyterLab/3.0.16-GCCcore-10.3.0/etc/jupyter/lab'
[W 2024-08-03 17:19:55.352 LabApp] [Errno 13] Permission denied: '/apps/leuven/rocky8/icelake/2021a/software/JupyterLab/3.0.16-GCCcore-10.3.0/etc/jupyter/lab'
[E 2024-08-03 17:19:55.352 LabApp] {
      "Host": "s28c11n2.tier2.hpc.kuleuven.be:40585",
      "User-Agent": "Mozilla/5.0 (Windows NT 10.0; Win64; x64) AppleWebKit/537.36 (KHTML, like Gecko) Chrome/126.0.0.0 Safari/537.36",
      "Accept": "*/*",
      "Accept-Encoding": "gzip, deflate, br, zstd",
      "Accept-Language": "en-GB,en-US;q=0.9,en;q=0.8",
      "Content-Type": "text/plain;charset=UTF-8",
      "Cookie": "username-s28c11n2-tier2-hpc-kuleuven-be-40585=\"2|1:0|10:1722698351|45:username-s28c11n2-tier2-hpc-kuleuven-be-40585|44:ZWM1OWJkMzNjYmYyNDUxZGI0MWFlOTg5ZmM1OGVkZDE=|e51ab613948adbfb7800240206e71204eafdf19cb11dbb10b82d498c84edb532\"; _xsrf=2|5f5aeeaf|7aee85c43a640be8247d95832a9f33c4|1722698351; iamregistrationdata=eyJsYW5ndWFnZSI6ImVuIiwicmV0dXJuVXJsIjoiaHR0cHM6XC9cL3dlYndzcC5hcHMua3VsZXV2ZW4uYmVcL3NhcFwvYmNcL3VpNV91aTVcL3NhcFwvemNfYWRfYXBwbFwvaW5kZXguaHRtbD9zYXAtc3lzY21kPW5vY29va2llJnNhbWwyaWRwPWh0dHBzOlwvXC9pZHAua3VsZXV2ZW4uYmVcL2lkcHgmaW5zdGVsbGluZz01MDAwMDA1MCIsInJldHVyblRpdGxlIjoiQWRtaXNzaW9ucyBLVSBMZXV2ZW4gQXNzb2NpYXRpb24iLCJhdXRvUmVkaXJlY3QiOnRydWUsImhpZGVWb3VjaGVyIjp0cnVlfQ%3D%3D; _hjSessionUser_1012993=eyJpZCI6Ijc5MzlhYjAzLWNkNDItNTlhMy04ZTFjLTQ5NWRlNjM2YzVmMyIsImNyZWF0ZWQiOjE2NjYwODcxNDIxMzksImV4aXN0aW5nIjp0cnVlfQ==; _hjSessionUser_371512=eyJpZCI6Ijg1Mjc5MzYwLTczNTUtNWNhNi1iNjRlLWExYzA2MjFhYjlhZSIsImNyZWF0ZWQiOjE2NjY3OTE1MjgzNjksImV4aXN0aW5nIjp0cnVlfQ==; _hjSessionUser_2939920=eyJpZCI6ImUwZjY2MTljLTFkZmItNTE1NC1hNzAwLWRkZjBiOTU1NjJhMSIsImNyZWF0ZWQiOjE2NjY3ODQ4Nzg2ODAsImV4aXN0aW5nIjp0cnVlfQ==; _hjSessionUser_1381263=eyJpZCI6IjQ2M2Y5OGIyLWFhZjctNTJkNC1hMTJkLTY1ZGNlNTVmNDYzOCIsImNyZWF0ZWQiOjE2NzM0MjU0NDQwMDUsImV4aXN0aW5nIjp0cnVlfQ==; TFC_18fd37b4=161c760dfe9388fc; NSC_JOnahgckddxzyghbnhff1idutjq30eT=3744a3d0b0f2e49d61a219294a9f4ced986a399f5a46f7e25119d92c68eeca097294da6c; OptanonAlertBoxClosed=2024-07-04T15:19:09.458Z; OptanonConsent=isGpcEnabled=0&datestamp=Thu+Jul+04+2024+16%3A19%3A09+GMT%2B0100+(Irish+Standard+Time)&version=202401.2.0&browserGpcFlag=0&isIABGlobal=false&hosts=&consentId=44f61698-0e6a-41af-a273-256d1d688255&interactionCount=1&landingPath=NotLandingPage&groups=C0001%3A1%2CC0003%3A1%2CC0002%3A1%2CC0004%3A1&AwaitingReconsent=false",
      "Origin": "https://ondemand.hpc.kuleuven.be",
      "Referer": "https://ondemand.hpc.kuleuven.be/node/s28c11n2.tier2.hpc.kuleuven.be/40585/lab/tree/mock_exam_2024/MockExam.ipynb",
      "Sec-Ch-Ua": "\"Not/A)Brand\";v=\"8\", \"Chromium\";v=\"126\", \"Google Chrome\";v=\"126\"",
      "Sec-Ch-Ua-Mobile": "?0",
      "Sec-Ch-Ua-Platform": "\"Windows\"",
      "Sec-Fetch-Dest": "empty",
      "Sec-Fetch-Mode": "cors",
      "Sec-Fetch-Site": "same-origin",
      "X-Forwarded-For": "94.110.13.101, 2a02:2c40:0:80::ba:42, 2a02:2c40:0:51:139:b00b:0:1",
      "X-Forwarded-Host": "ondemand.hpc.kuleuven.be, ondemand.hpc.kuleuven.be",
      "X-Forwarded-Port": "443",
      "X-Forwarded-Proto": "http",
      "X-Forwarded-Server": "e2f3c5f953dd, ondemand.hpc.kuleuven.be",
      "X-Real-Ip": "2a02:2c40:0:80::ba:42",
      "X-Xsrftoken": "2|5f5aeeaf|7aee85c43a640be8247d95832a9f33c4|1722698351",
      "X-Forwarded-User": "vsc36251",
      "X-Forwarded-Escaped-Uri": "%2fnode%2fs28c11n2.tier2.hpc.kuleuven.be%2f40585%2flab%2fapi%2fworkspaces%2fdefault%3f1722698395512",
      "Content-Length": "621",
      "Connection": "close"
    }
[E 2024-08-03 17:19:55.352 LabApp] 500 PUT /node/s28c11n2.tier2.hpc.kuleuven.be/40585/lab/api/workspaces/default?1722698395512 (2a02:2c40:0:240a:3:242:ac11:3) 13.35ms referer=https://ondemand.hpc.kuleuven.be/node/s28c11n2.tier2.hpc.kuleuven.be/40585/lab/tree/mock_exam_2024/MockExam.ipynb
[I 2024-08-03 17:19:56.178 ServerApp] Kernel started: 002f68d7-107f-4d99-9cfd-1ded1526fe3e
[W 2024-08-03 17:19:57.098 ServerApp] 500 PUT /node/s28c11n2.tier2.hpc.kuleuven.be/40585/lab/api/workspaces/default?1722698397283 (2a02:2c40:0:240a:3:242:ac11:3): [Errno 13] Permission denied: '/apps/leuven/rocky8/icelake/2021a/software/JupyterLab/3.0.16-GCCcore-10.3.0/etc/jupyter/lab'
[W 2024-08-03 17:19:57.099 LabApp] [Errno 13] Permission denied: '/apps/leuven/rocky8/icelake/2021a/software/JupyterLab/3.0.16-GCCcore-10.3.0/etc/jupyter/lab'
[E 2024-08-03 17:19:57.099 LabApp] {
      "Host": "s28c11n2.tier2.hpc.kuleuven.be:40585",
      "User-Agent": "Mozilla/5.0 (Windows NT 10.0; Win64; x64) AppleWebKit/537.36 (KHTML, like Gecko) Chrome/126.0.0.0 Safari/537.36",
      "Accept": "*/*",
      "Accept-Encoding": "gzip, deflate, br, zstd",
      "Accept-Language": "en-GB,en-US;q=0.9,en;q=0.8",
      "Content-Type": "text/plain;charset=UTF-8",
      "Cookie": "username-s28c11n2-tier2-hpc-kuleuven-be-40585=\"2|1:0|10:1722698351|45:username-s28c11n2-tier2-hpc-kuleuven-be-40585|44:ZWM1OWJkMzNjYmYyNDUxZGI0MWFlOTg5ZmM1OGVkZDE=|e51ab613948adbfb7800240206e71204eafdf19cb11dbb10b82d498c84edb532\"; _xsrf=2|5f5aeeaf|7aee85c43a640be8247d95832a9f33c4|1722698351; iamregistrationdata=eyJsYW5ndWFnZSI6ImVuIiwicmV0dXJuVXJsIjoiaHR0cHM6XC9cL3dlYndzcC5hcHMua3VsZXV2ZW4uYmVcL3NhcFwvYmNcL3VpNV91aTVcL3NhcFwvemNfYWRfYXBwbFwvaW5kZXguaHRtbD9zYXAtc3lzY21kPW5vY29va2llJnNhbWwyaWRwPWh0dHBzOlwvXC9pZHAua3VsZXV2ZW4uYmVcL2lkcHgmaW5zdGVsbGluZz01MDAwMDA1MCIsInJldHVyblRpdGxlIjoiQWRtaXNzaW9ucyBLVSBMZXV2ZW4gQXNzb2NpYXRpb24iLCJhdXRvUmVkaXJlY3QiOnRydWUsImhpZGVWb3VjaGVyIjp0cnVlfQ%3D%3D; _hjSessionUser_1012993=eyJpZCI6Ijc5MzlhYjAzLWNkNDItNTlhMy04ZTFjLTQ5NWRlNjM2YzVmMyIsImNyZWF0ZWQiOjE2NjYwODcxNDIxMzksImV4aXN0aW5nIjp0cnVlfQ==; _hjSessionUser_371512=eyJpZCI6Ijg1Mjc5MzYwLTczNTUtNWNhNi1iNjRlLWExYzA2MjFhYjlhZSIsImNyZWF0ZWQiOjE2NjY3OTE1MjgzNjksImV4aXN0aW5nIjp0cnVlfQ==; _hjSessionUser_2939920=eyJpZCI6ImUwZjY2MTljLTFkZmItNTE1NC1hNzAwLWRkZjBiOTU1NjJhMSIsImNyZWF0ZWQiOjE2NjY3ODQ4Nzg2ODAsImV4aXN0aW5nIjp0cnVlfQ==; _hjSessionUser_1381263=eyJpZCI6IjQ2M2Y5OGIyLWFhZjctNTJkNC1hMTJkLTY1ZGNlNTVmNDYzOCIsImNyZWF0ZWQiOjE2NzM0MjU0NDQwMDUsImV4aXN0aW5nIjp0cnVlfQ==; TFC_18fd37b4=161c760dfe9388fc; NSC_JOnahgckddxzyghbnhff1idutjq30eT=3744a3d0b0f2e49d61a219294a9f4ced986a399f5a46f7e25119d92c68eeca097294da6c; OptanonAlertBoxClosed=2024-07-04T15:19:09.458Z; OptanonConsent=isGpcEnabled=0&datestamp=Thu+Jul+04+2024+16%3A19%3A09+GMT%2B0100+(Irish+Standard+Time)&version=202401.2.0&browserGpcFlag=0&isIABGlobal=false&hosts=&consentId=44f61698-0e6a-41af-a273-256d1d688255&interactionCount=1&landingPath=NotLandingPage&groups=C0001%3A1%2CC0003%3A1%2CC0002%3A1%2CC0004%3A1&AwaitingReconsent=false",
      "Origin": "https://ondemand.hpc.kuleuven.be",
      "Referer": "https://ondemand.hpc.kuleuven.be/node/s28c11n2.tier2.hpc.kuleuven.be/40585/lab/tree/mock_exam_2024/MockExam.ipynb",
      "Sec-Ch-Ua": "\"Not/A)Brand\";v=\"8\", \"Chromium\";v=\"126\", \"Google Chrome\";v=\"126\"",
      "Sec-Ch-Ua-Mobile": "?0",
      "Sec-Ch-Ua-Platform": "\"Windows\"",
      "Sec-Fetch-Dest": "empty",
      "Sec-Fetch-Mode": "cors",
      "Sec-Fetch-Site": "same-origin",
      "X-Forwarded-For": "94.110.13.101, 2a02:2c40:0:80::ba:42, 2a02:2c40:0:51:139:b00b:0:1",
      "X-Forwarded-Host": "ondemand.hpc.kuleuven.be, ondemand.hpc.kuleuven.be",
      "X-Forwarded-Port": "443",
      "X-Forwarded-Proto": "http",
      "X-Forwarded-Server": "e2f3c5f953dd, ondemand.hpc.kuleuven.be",
      "X-Real-Ip": "2a02:2c40:0:80::ba:42",
      "X-Xsrftoken": "2|5f5aeeaf|7aee85c43a640be8247d95832a9f33c4|1722698351",
      "X-Forwarded-User": "vsc36251",
      "X-Forwarded-Escaped-Uri": "%2fnode%2fs28c11n2.tier2.hpc.kuleuven.be%2f40585%2flab%2fapi%2fworkspaces%2fdefault%3f1722698397283",
      "Content-Length": "621",
      "Connection": "close"
    }
[E 2024-08-03 17:19:57.099 LabApp] 500 PUT /node/s28c11n2.tier2.hpc.kuleuven.be/40585/lab/api/workspaces/default?1722698397283 (2a02:2c40:0:240a:3:242:ac11:3) 2.23ms referer=https://ondemand.hpc.kuleuven.be/node/s28c11n2.tier2.hpc.kuleuven.be/40585/lab/tree/mock_exam_2024/MockExam.ipynb
[W 2024-08-03 17:21:40.524 ServerApp] 500 PUT /node/s28c11n2.tier2.hpc.kuleuven.be/40585/lab/api/workspaces/default?1722698500700 (2a02:2c40:0:240a:3:242:ac11:3): [Errno 13] Permission denied: '/apps/leuven/rocky8/icelake/2021a/software/JupyterLab/3.0.16-GCCcore-10.3.0/etc/jupyter/lab'
[W 2024-08-03 17:21:40.524 LabApp] [Errno 13] Permission denied: '/apps/leuven/rocky8/icelake/2021a/software/JupyterLab/3.0.16-GCCcore-10.3.0/etc/jupyter/lab'
[E 2024-08-03 17:21:40.524 LabApp] {
      "Host": "s28c11n2.tier2.hpc.kuleuven.be:40585",
      "User-Agent": "Mozilla/5.0 (Windows NT 10.0; Win64; x64) AppleWebKit/537.36 (KHTML, like Gecko) Chrome/126.0.0.0 Safari/537.36",
      "Accept": "*/*",
      "Accept-Encoding": "gzip, deflate, br, zstd",
      "Accept-Language": "en-GB,en-US;q=0.9,en;q=0.8",
      "Content-Type": "text/plain;charset=UTF-8",
      "Cookie": "username-s28c11n2-tier2-hpc-kuleuven-be-40585=\"2|1:0|10:1722698351|45:username-s28c11n2-tier2-hpc-kuleuven-be-40585|44:ZWM1OWJkMzNjYmYyNDUxZGI0MWFlOTg5ZmM1OGVkZDE=|e51ab613948adbfb7800240206e71204eafdf19cb11dbb10b82d498c84edb532\"; _xsrf=2|5f5aeeaf|7aee85c43a640be8247d95832a9f33c4|1722698351; iamregistrationdata=eyJsYW5ndWFnZSI6ImVuIiwicmV0dXJuVXJsIjoiaHR0cHM6XC9cL3dlYndzcC5hcHMua3VsZXV2ZW4uYmVcL3NhcFwvYmNcL3VpNV91aTVcL3NhcFwvemNfYWRfYXBwbFwvaW5kZXguaHRtbD9zYXAtc3lzY21kPW5vY29va2llJnNhbWwyaWRwPWh0dHBzOlwvXC9pZHAua3VsZXV2ZW4uYmVcL2lkcHgmaW5zdGVsbGluZz01MDAwMDA1MCIsInJldHVyblRpdGxlIjoiQWRtaXNzaW9ucyBLVSBMZXV2ZW4gQXNzb2NpYXRpb24iLCJhdXRvUmVkaXJlY3QiOnRydWUsImhpZGVWb3VjaGVyIjp0cnVlfQ%3D%3D; _hjSessionUser_1012993=eyJpZCI6Ijc5MzlhYjAzLWNkNDItNTlhMy04ZTFjLTQ5NWRlNjM2YzVmMyIsImNyZWF0ZWQiOjE2NjYwODcxNDIxMzksImV4aXN0aW5nIjp0cnVlfQ==; _hjSessionUser_371512=eyJpZCI6Ijg1Mjc5MzYwLTczNTUtNWNhNi1iNjRlLWExYzA2MjFhYjlhZSIsImNyZWF0ZWQiOjE2NjY3OTE1MjgzNjksImV4aXN0aW5nIjp0cnVlfQ==; _hjSessionUser_2939920=eyJpZCI6ImUwZjY2MTljLTFkZmItNTE1NC1hNzAwLWRkZjBiOTU1NjJhMSIsImNyZWF0ZWQiOjE2NjY3ODQ4Nzg2ODAsImV4aXN0aW5nIjp0cnVlfQ==; _hjSessionUser_1381263=eyJpZCI6IjQ2M2Y5OGIyLWFhZjctNTJkNC1hMTJkLTY1ZGNlNTVmNDYzOCIsImNyZWF0ZWQiOjE2NzM0MjU0NDQwMDUsImV4aXN0aW5nIjp0cnVlfQ==; TFC_18fd37b4=161c760dfe9388fc; NSC_JOnahgckddxzyghbnhff1idutjq30eT=3744a3d0b0f2e49d61a219294a9f4ced986a399f5a46f7e25119d92c68eeca097294da6c; OptanonAlertBoxClosed=2024-07-04T15:19:09.458Z; OptanonConsent=isGpcEnabled=0&datestamp=Thu+Jul+04+2024+16%3A19%3A09+GMT%2B0100+(Irish+Standard+Time)&version=202401.2.0&browserGpcFlag=0&isIABGlobal=false&hosts=&consentId=44f61698-0e6a-41af-a273-256d1d688255&interactionCount=1&landingPath=NotLandingPage&groups=C0001%3A1%2CC0003%3A1%2CC0002%3A1%2CC0004%3A1&AwaitingReconsent=false",
      "Origin": "https://ondemand.hpc.kuleuven.be",
      "Referer": "https://ondemand.hpc.kuleuven.be/node/s28c11n2.tier2.hpc.kuleuven.be/40585/lab/tree/mock_exam_2024/MockExam.ipynb",
      "Sec-Ch-Ua": "\"Not/A)Brand\";v=\"8\", \"Chromium\";v=\"126\", \"Google Chrome\";v=\"126\"",
      "Sec-Ch-Ua-Mobile": "?0",
      "Sec-Ch-Ua-Platform": "\"Windows\"",
      "Sec-Fetch-Dest": "empty",
      "Sec-Fetch-Mode": "cors",
      "Sec-Fetch-Site": "same-origin",
      "X-Forwarded-For": "94.110.13.101, 2a02:2c40:0:80::ba:42, 2a02:2c40:0:51:139:b00b:0:1",
      "X-Forwarded-Host": "ondemand.hpc.kuleuven.be, ondemand.hpc.kuleuven.be",
      "X-Forwarded-Port": "443",
      "X-Forwarded-Proto": "http",
      "X-Forwarded-Server": "e2f3c5f953dd, ondemand.hpc.kuleuven.be",
      "X-Real-Ip": "2a02:2c40:0:80::ba:42",
      "X-Xsrftoken": "2|5f5aeeaf|7aee85c43a640be8247d95832a9f33c4|1722698351",
      "X-Forwarded-User": "vsc36251",
      "X-Forwarded-Escaped-Uri": "%2fnode%2fs28c11n2.tier2.hpc.kuleuven.be%2f40585%2flab%2fapi%2fworkspaces%2fdefault%3f1722698500700",
      "Content-Length": "632",
      "Connection": "close"
    }
[E 2024-08-03 17:21:40.524 LabApp] 500 PUT /node/s28c11n2.tier2.hpc.kuleuven.be/40585/lab/api/workspaces/default?1722698500700 (2a02:2c40:0:240a:3:242:ac11:3) 2.39ms referer=https://ondemand.hpc.kuleuven.be/node/s28c11n2.tier2.hpc.kuleuven.be/40585/lab/tree/mock_exam_2024/MockExam.ipynb
[W 2024-08-03 17:21:41.872 ServerApp] 500 PUT /node/s28c11n2.tier2.hpc.kuleuven.be/40585/lab/api/workspaces/default?1722698502046 (2a02:2c40:0:240a:3:242:ac11:3): [Errno 13] Permission denied: '/apps/leuven/rocky8/icelake/2021a/software/JupyterLab/3.0.16-GCCcore-10.3.0/etc/jupyter/lab'
[W 2024-08-03 17:21:41.872 LabApp] [Errno 13] Permission denied: '/apps/leuven/rocky8/icelake/2021a/software/JupyterLab/3.0.16-GCCcore-10.3.0/etc/jupyter/lab'
[E 2024-08-03 17:21:41.872 LabApp] {
      "Host": "s28c11n2.tier2.hpc.kuleuven.be:40585",
      "User-Agent": "Mozilla/5.0 (Windows NT 10.0; Win64; x64) AppleWebKit/537.36 (KHTML, like Gecko) Chrome/126.0.0.0 Safari/537.36",
      "Accept": "*/*",
      "Accept-Encoding": "gzip, deflate, br, zstd",
      "Accept-Language": "en-GB,en-US;q=0.9,en;q=0.8",
      "Content-Type": "text/plain;charset=UTF-8",
      "Cookie": "username-s28c11n2-tier2-hpc-kuleuven-be-40585=\"2|1:0|10:1722698351|45:username-s28c11n2-tier2-hpc-kuleuven-be-40585|44:ZWM1OWJkMzNjYmYyNDUxZGI0MWFlOTg5ZmM1OGVkZDE=|e51ab613948adbfb7800240206e71204eafdf19cb11dbb10b82d498c84edb532\"; _xsrf=2|5f5aeeaf|7aee85c43a640be8247d95832a9f33c4|1722698351; iamregistrationdata=eyJsYW5ndWFnZSI6ImVuIiwicmV0dXJuVXJsIjoiaHR0cHM6XC9cL3dlYndzcC5hcHMua3VsZXV2ZW4uYmVcL3NhcFwvYmNcL3VpNV91aTVcL3NhcFwvemNfYWRfYXBwbFwvaW5kZXguaHRtbD9zYXAtc3lzY21kPW5vY29va2llJnNhbWwyaWRwPWh0dHBzOlwvXC9pZHAua3VsZXV2ZW4uYmVcL2lkcHgmaW5zdGVsbGluZz01MDAwMDA1MCIsInJldHVyblRpdGxlIjoiQWRtaXNzaW9ucyBLVSBMZXV2ZW4gQXNzb2NpYXRpb24iLCJhdXRvUmVkaXJlY3QiOnRydWUsImhpZGVWb3VjaGVyIjp0cnVlfQ%3D%3D; _hjSessionUser_1012993=eyJpZCI6Ijc5MzlhYjAzLWNkNDItNTlhMy04ZTFjLTQ5NWRlNjM2YzVmMyIsImNyZWF0ZWQiOjE2NjYwODcxNDIxMzksImV4aXN0aW5nIjp0cnVlfQ==; _hjSessionUser_371512=eyJpZCI6Ijg1Mjc5MzYwLTczNTUtNWNhNi1iNjRlLWExYzA2MjFhYjlhZSIsImNyZWF0ZWQiOjE2NjY3OTE1MjgzNjksImV4aXN0aW5nIjp0cnVlfQ==; _hjSessionUser_2939920=eyJpZCI6ImUwZjY2MTljLTFkZmItNTE1NC1hNzAwLWRkZjBiOTU1NjJhMSIsImNyZWF0ZWQiOjE2NjY3ODQ4Nzg2ODAsImV4aXN0aW5nIjp0cnVlfQ==; _hjSessionUser_1381263=eyJpZCI6IjQ2M2Y5OGIyLWFhZjctNTJkNC1hMTJkLTY1ZGNlNTVmNDYzOCIsImNyZWF0ZWQiOjE2NzM0MjU0NDQwMDUsImV4aXN0aW5nIjp0cnVlfQ==; TFC_18fd37b4=161c760dfe9388fc; NSC_JOnahgckddxzyghbnhff1idutjq30eT=3744a3d0b0f2e49d61a219294a9f4ced986a399f5a46f7e25119d92c68eeca097294da6c; OptanonAlertBoxClosed=2024-07-04T15:19:09.458Z; OptanonConsent=isGpcEnabled=0&datestamp=Thu+Jul+04+2024+16%3A19%3A09+GMT%2B0100+(Irish+Standard+Time)&version=202401.2.0&browserGpcFlag=0&isIABGlobal=false&hosts=&consentId=44f61698-0e6a-41af-a273-256d1d688255&interactionCount=1&landingPath=NotLandingPage&groups=C0001%3A1%2CC0003%3A1%2CC0002%3A1%2CC0004%3A1&AwaitingReconsent=false",
      "Origin": "https://ondemand.hpc.kuleuven.be",
      "Referer": "https://ondemand.hpc.kuleuven.be/node/s28c11n2.tier2.hpc.kuleuven.be/40585/lab/tree/mock_exam_2024/MockExam.ipynb",
      "Sec-Ch-Ua": "\"Not/A)Brand\";v=\"8\", \"Chromium\";v=\"126\", \"Google Chrome\";v=\"126\"",
      "Sec-Ch-Ua-Mobile": "?0",
      "Sec-Ch-Ua-Platform": "\"Windows\"",
      "Sec-Fetch-Dest": "empty",
      "Sec-Fetch-Mode": "cors",
      "Sec-Fetch-Site": "same-origin",
      "X-Forwarded-For": "94.110.13.101, 2a02:2c40:0:80::ba:42, 2a02:2c40:0:51:139:b00b:0:1",
      "X-Forwarded-Host": "ondemand.hpc.kuleuven.be, ondemand.hpc.kuleuven.be",
      "X-Forwarded-Port": "443",
      "X-Forwarded-Proto": "http",
      "X-Forwarded-Server": "e2f3c5f953dd, ondemand.hpc.kuleuven.be",
      "X-Real-Ip": "2a02:2c40:0:80::ba:42",
      "X-Xsrftoken": "2|5f5aeeaf|7aee85c43a640be8247d95832a9f33c4|1722698351",
      "X-Forwarded-User": "vsc36251",
      "X-Forwarded-Escaped-Uri": "%2fnode%2fs28c11n2.tier2.hpc.kuleuven.be%2f40585%2flab%2fapi%2fworkspaces%2fdefault%3f1722698502046",
      "Content-Length": "621",
      "Connection": "close"
    }
[E 2024-08-03 17:21:41.872 LabApp] 500 PUT /node/s28c11n2.tier2.hpc.kuleuven.be/40585/lab/api/workspaces/default?1722698502046 (2a02:2c40:0:240a:3:242:ac11:3) 1.82ms referer=https://ondemand.hpc.kuleuven.be/node/s28c11n2.tier2.hpc.kuleuven.be/40585/lab/tree/mock_exam_2024/MockExam.ipynb
[W 2024-08-03 17:21:43.051 ServerApp] 500 PUT /node/s28c11n2.tier2.hpc.kuleuven.be/40585/lab/api/workspaces/default?1722698503221 (2a02:2c40:0:240a:3:242:ac11:3): [Errno 13] Permission denied: '/apps/leuven/rocky8/icelake/2021a/software/JupyterLab/3.0.16-GCCcore-10.3.0/etc/jupyter/lab'
[W 2024-08-03 17:21:43.052 LabApp] [Errno 13] Permission denied: '/apps/leuven/rocky8/icelake/2021a/software/JupyterLab/3.0.16-GCCcore-10.3.0/etc/jupyter/lab'
[E 2024-08-03 17:21:43.052 LabApp] {
      "Host": "s28c11n2.tier2.hpc.kuleuven.be:40585",
      "User-Agent": "Mozilla/5.0 (Windows NT 10.0; Win64; x64) AppleWebKit/537.36 (KHTML, like Gecko) Chrome/126.0.0.0 Safari/537.36",
      "Accept": "*/*",
      "Accept-Encoding": "gzip, deflate, br, zstd",
      "Accept-Language": "en-GB,en-US;q=0.9,en;q=0.8",
      "Content-Type": "text/plain;charset=UTF-8",
      "Cookie": "username-s28c11n2-tier2-hpc-kuleuven-be-40585=\"2|1:0|10:1722698351|45:username-s28c11n2-tier2-hpc-kuleuven-be-40585|44:ZWM1OWJkMzNjYmYyNDUxZGI0MWFlOTg5ZmM1OGVkZDE=|e51ab613948adbfb7800240206e71204eafdf19cb11dbb10b82d498c84edb532\"; _xsrf=2|5f5aeeaf|7aee85c43a640be8247d95832a9f33c4|1722698351; iamregistrationdata=eyJsYW5ndWFnZSI6ImVuIiwicmV0dXJuVXJsIjoiaHR0cHM6XC9cL3dlYndzcC5hcHMua3VsZXV2ZW4uYmVcL3NhcFwvYmNcL3VpNV91aTVcL3NhcFwvemNfYWRfYXBwbFwvaW5kZXguaHRtbD9zYXAtc3lzY21kPW5vY29va2llJnNhbWwyaWRwPWh0dHBzOlwvXC9pZHAua3VsZXV2ZW4uYmVcL2lkcHgmaW5zdGVsbGluZz01MDAwMDA1MCIsInJldHVyblRpdGxlIjoiQWRtaXNzaW9ucyBLVSBMZXV2ZW4gQXNzb2NpYXRpb24iLCJhdXRvUmVkaXJlY3QiOnRydWUsImhpZGVWb3VjaGVyIjp0cnVlfQ%3D%3D; _hjSessionUser_1012993=eyJpZCI6Ijc5MzlhYjAzLWNkNDItNTlhMy04ZTFjLTQ5NWRlNjM2YzVmMyIsImNyZWF0ZWQiOjE2NjYwODcxNDIxMzksImV4aXN0aW5nIjp0cnVlfQ==; _hjSessionUser_371512=eyJpZCI6Ijg1Mjc5MzYwLTczNTUtNWNhNi1iNjRlLWExYzA2MjFhYjlhZSIsImNyZWF0ZWQiOjE2NjY3OTE1MjgzNjksImV4aXN0aW5nIjp0cnVlfQ==; _hjSessionUser_2939920=eyJpZCI6ImUwZjY2MTljLTFkZmItNTE1NC1hNzAwLWRkZjBiOTU1NjJhMSIsImNyZWF0ZWQiOjE2NjY3ODQ4Nzg2ODAsImV4aXN0aW5nIjp0cnVlfQ==; _hjSessionUser_1381263=eyJpZCI6IjQ2M2Y5OGIyLWFhZjctNTJkNC1hMTJkLTY1ZGNlNTVmNDYzOCIsImNyZWF0ZWQiOjE2NzM0MjU0NDQwMDUsImV4aXN0aW5nIjp0cnVlfQ==; TFC_18fd37b4=161c760dfe9388fc; NSC_JOnahgckddxzyghbnhff1idutjq30eT=3744a3d0b0f2e49d61a219294a9f4ced986a399f5a46f7e25119d92c68eeca097294da6c; OptanonAlertBoxClosed=2024-07-04T15:19:09.458Z; OptanonConsent=isGpcEnabled=0&datestamp=Thu+Jul+04+2024+16%3A19%3A09+GMT%2B0100+(Irish+Standard+Time)&version=202401.2.0&browserGpcFlag=0&isIABGlobal=false&hosts=&consentId=44f61698-0e6a-41af-a273-256d1d688255&interactionCount=1&landingPath=NotLandingPage&groups=C0001%3A1%2CC0003%3A1%2CC0002%3A1%2CC0004%3A1&AwaitingReconsent=false",
      "Origin": "https://ondemand.hpc.kuleuven.be",
      "Referer": "https://ondemand.hpc.kuleuven.be/node/s28c11n2.tier2.hpc.kuleuven.be/40585/lab/tree/mock_exam_2024/MockExam.ipynb",
      "Sec-Ch-Ua": "\"Not/A)Brand\";v=\"8\", \"Chromium\";v=\"126\", \"Google Chrome\";v=\"126\"",
      "Sec-Ch-Ua-Mobile": "?0",
      "Sec-Ch-Ua-Platform": "\"Windows\"",
      "Sec-Fetch-Dest": "empty",
      "Sec-Fetch-Mode": "cors",
      "Sec-Fetch-Site": "same-origin",
      "X-Forwarded-For": "94.110.13.101, 2a02:2c40:0:80::ba:42, 2a02:2c40:0:51:139:b00b:0:1",
      "X-Forwarded-Host": "ondemand.hpc.kuleuven.be, ondemand.hpc.kuleuven.be",
      "X-Forwarded-Port": "443",
      "X-Forwarded-Proto": "http",
      "X-Forwarded-Server": "e2f3c5f953dd, ondemand.hpc.kuleuven.be",
      "X-Real-Ip": "2a02:2c40:0:80::ba:42",
      "X-Xsrftoken": "2|5f5aeeaf|7aee85c43a640be8247d95832a9f33c4|1722698351",
      "X-Forwarded-User": "vsc36251",
      "X-Forwarded-Escaped-Uri": "%2fnode%2fs28c11n2.tier2.hpc.kuleuven.be%2f40585%2flab%2fapi%2fworkspaces%2fdefault%3f1722698503221",
      "Content-Length": "636",
      "Connection": "close"
    }
[E 2024-08-03 17:21:43.052 LabApp] 500 PUT /node/s28c11n2.tier2.hpc.kuleuven.be/40585/lab/api/workspaces/default?1722698503221 (2a02:2c40:0:240a:3:242:ac11:3) 1.79ms referer=https://ondemand.hpc.kuleuven.be/node/s28c11n2.tier2.hpc.kuleuven.be/40585/lab/tree/mock_exam_2024/MockExam.ipynb
[W 2024-08-03 17:21:44.199 ServerApp] 500 PUT /node/s28c11n2.tier2.hpc.kuleuven.be/40585/lab/api/workspaces/default?1722698504368 (2a02:2c40:0:240a:3:242:ac11:3): [Errno 13] Permission denied: '/apps/leuven/rocky8/icelake/2021a/software/JupyterLab/3.0.16-GCCcore-10.3.0/etc/jupyter/lab'
[W 2024-08-03 17:21:44.199 LabApp] [Errno 13] Permission denied: '/apps/leuven/rocky8/icelake/2021a/software/JupyterLab/3.0.16-GCCcore-10.3.0/etc/jupyter/lab'
[E 2024-08-03 17:21:44.199 LabApp] {
      "Host": "s28c11n2.tier2.hpc.kuleuven.be:40585",
      "User-Agent": "Mozilla/5.0 (Windows NT 10.0; Win64; x64) AppleWebKit/537.36 (KHTML, like Gecko) Chrome/126.0.0.0 Safari/537.36",
      "Accept": "*/*",
      "Accept-Encoding": "gzip, deflate, br, zstd",
      "Accept-Language": "en-GB,en-US;q=0.9,en;q=0.8",
      "Content-Type": "text/plain;charset=UTF-8",
      "Cookie": "username-s28c11n2-tier2-hpc-kuleuven-be-40585=\"2|1:0|10:1722698351|45:username-s28c11n2-tier2-hpc-kuleuven-be-40585|44:ZWM1OWJkMzNjYmYyNDUxZGI0MWFlOTg5ZmM1OGVkZDE=|e51ab613948adbfb7800240206e71204eafdf19cb11dbb10b82d498c84edb532\"; _xsrf=2|5f5aeeaf|7aee85c43a640be8247d95832a9f33c4|1722698351; iamregistrationdata=eyJsYW5ndWFnZSI6ImVuIiwicmV0dXJuVXJsIjoiaHR0cHM6XC9cL3dlYndzcC5hcHMua3VsZXV2ZW4uYmVcL3NhcFwvYmNcL3VpNV91aTVcL3NhcFwvemNfYWRfYXBwbFwvaW5kZXguaHRtbD9zYXAtc3lzY21kPW5vY29va2llJnNhbWwyaWRwPWh0dHBzOlwvXC9pZHAua3VsZXV2ZW4uYmVcL2lkcHgmaW5zdGVsbGluZz01MDAwMDA1MCIsInJldHVyblRpdGxlIjoiQWRtaXNzaW9ucyBLVSBMZXV2ZW4gQXNzb2NpYXRpb24iLCJhdXRvUmVkaXJlY3QiOnRydWUsImhpZGVWb3VjaGVyIjp0cnVlfQ%3D%3D; _hjSessionUser_1012993=eyJpZCI6Ijc5MzlhYjAzLWNkNDItNTlhMy04ZTFjLTQ5NWRlNjM2YzVmMyIsImNyZWF0ZWQiOjE2NjYwODcxNDIxMzksImV4aXN0aW5nIjp0cnVlfQ==; _hjSessionUser_371512=eyJpZCI6Ijg1Mjc5MzYwLTczNTUtNWNhNi1iNjRlLWExYzA2MjFhYjlhZSIsImNyZWF0ZWQiOjE2NjY3OTE1MjgzNjksImV4aXN0aW5nIjp0cnVlfQ==; _hjSessionUser_2939920=eyJpZCI6ImUwZjY2MTljLTFkZmItNTE1NC1hNzAwLWRkZjBiOTU1NjJhMSIsImNyZWF0ZWQiOjE2NjY3ODQ4Nzg2ODAsImV4aXN0aW5nIjp0cnVlfQ==; _hjSessionUser_1381263=eyJpZCI6IjQ2M2Y5OGIyLWFhZjctNTJkNC1hMTJkLTY1ZGNlNTVmNDYzOCIsImNyZWF0ZWQiOjE2NzM0MjU0NDQwMDUsImV4aXN0aW5nIjp0cnVlfQ==; TFC_18fd37b4=161c760dfe9388fc; NSC_JOnahgckddxzyghbnhff1idutjq30eT=3744a3d0b0f2e49d61a219294a9f4ced986a399f5a46f7e25119d92c68eeca097294da6c; OptanonAlertBoxClosed=2024-07-04T15:19:09.458Z; OptanonConsent=isGpcEnabled=0&datestamp=Thu+Jul+04+2024+16%3A19%3A09+GMT%2B0100+(Irish+Standard+Time)&version=202401.2.0&browserGpcFlag=0&isIABGlobal=false&hosts=&consentId=44f61698-0e6a-41af-a273-256d1d688255&interactionCount=1&landingPath=NotLandingPage&groups=C0001%3A1%2CC0003%3A1%2CC0002%3A1%2CC0004%3A1&AwaitingReconsent=false",
      "Origin": "https://ondemand.hpc.kuleuven.be",
      "Referer": "https://ondemand.hpc.kuleuven.be/node/s28c11n2.tier2.hpc.kuleuven.be/40585/lab/tree/mock_exam_2024/MockExam.ipynb",
      "Sec-Ch-Ua": "\"Not/A)Brand\";v=\"8\", \"Chromium\";v=\"126\", \"Google Chrome\";v=\"126\"",
      "Sec-Ch-Ua-Mobile": "?0",
      "Sec-Ch-Ua-Platform": "\"Windows\"",
      "Sec-Fetch-Dest": "empty",
      "Sec-Fetch-Mode": "cors",
      "Sec-Fetch-Site": "same-origin",
      "X-Forwarded-For": "94.110.13.101, 2a02:2c40:0:80::ba:42, 2a02:2c40:0:51:139:b00b:0:1",
      "X-Forwarded-Host": "ondemand.hpc.kuleuven.be, ondemand.hpc.kuleuven.be",
      "X-Forwarded-Port": "443",
      "X-Forwarded-Proto": "http",
      "X-Forwarded-Server": "e2f3c5f953dd, ondemand.hpc.kuleuven.be",
      "X-Real-Ip": "2a02:2c40:0:80::ba:42",
      "X-Xsrftoken": "2|5f5aeeaf|7aee85c43a640be8247d95832a9f33c4|1722698351",
      "X-Forwarded-User": "vsc36251",
      "X-Forwarded-Escaped-Uri": "%2fnode%2fs28c11n2.tier2.hpc.kuleuven.be%2f40585%2flab%2fapi%2fworkspaces%2fdefault%3f1722698504368",
      "Content-Length": "621",
      "Connection": "close"
    }
[E 2024-08-03 17:21:44.199 LabApp] 500 PUT /node/s28c11n2.tier2.hpc.kuleuven.be/40585/lab/api/workspaces/default?1722698504368 (2a02:2c40:0:240a:3:242:ac11:3) 1.81ms referer=https://ondemand.hpc.kuleuven.be/node/s28c11n2.tier2.hpc.kuleuven.be/40585/lab/tree/mock_exam_2024/MockExam.ipynb
[I 2024-08-03 17:21:48.631 ServerApp] New terminal with automatic name: 1
TermSocket.open: 1
TermSocket.open: Opened 1
[W 2024-08-03 17:21:49.457 ServerApp] 500 PUT /node/s28c11n2.tier2.hpc.kuleuven.be/40585/lab/api/workspaces/default?1722698509629 (2a02:2c40:0:240a:3:242:ac11:3): [Errno 13] Permission denied: '/apps/leuven/rocky8/icelake/2021a/software/JupyterLab/3.0.16-GCCcore-10.3.0/etc/jupyter/lab'
[W 2024-08-03 17:21:49.457 LabApp] [Errno 13] Permission denied: '/apps/leuven/rocky8/icelake/2021a/software/JupyterLab/3.0.16-GCCcore-10.3.0/etc/jupyter/lab'
[E 2024-08-03 17:21:49.457 LabApp] {
      "Host": "s28c11n2.tier2.hpc.kuleuven.be:40585",
      "User-Agent": "Mozilla/5.0 (Windows NT 10.0; Win64; x64) AppleWebKit/537.36 (KHTML, like Gecko) Chrome/126.0.0.0 Safari/537.36",
      "Accept": "*/*",
      "Accept-Encoding": "gzip, deflate, br, zstd",
      "Accept-Language": "en-GB,en-US;q=0.9,en;q=0.8",
      "Content-Type": "text/plain;charset=UTF-8",
      "Cookie": "username-s28c11n2-tier2-hpc-kuleuven-be-40585=\"2|1:0|10:1722698351|45:username-s28c11n2-tier2-hpc-kuleuven-be-40585|44:ZWM1OWJkMzNjYmYyNDUxZGI0MWFlOTg5ZmM1OGVkZDE=|e51ab613948adbfb7800240206e71204eafdf19cb11dbb10b82d498c84edb532\"; _xsrf=2|5f5aeeaf|7aee85c43a640be8247d95832a9f33c4|1722698351; iamregistrationdata=eyJsYW5ndWFnZSI6ImVuIiwicmV0dXJuVXJsIjoiaHR0cHM6XC9cL3dlYndzcC5hcHMua3VsZXV2ZW4uYmVcL3NhcFwvYmNcL3VpNV91aTVcL3NhcFwvemNfYWRfYXBwbFwvaW5kZXguaHRtbD9zYXAtc3lzY21kPW5vY29va2llJnNhbWwyaWRwPWh0dHBzOlwvXC9pZHAua3VsZXV2ZW4uYmVcL2lkcHgmaW5zdGVsbGluZz01MDAwMDA1MCIsInJldHVyblRpdGxlIjoiQWRtaXNzaW9ucyBLVSBMZXV2ZW4gQXNzb2NpYXRpb24iLCJhdXRvUmVkaXJlY3QiOnRydWUsImhpZGVWb3VjaGVyIjp0cnVlfQ%3D%3D; _hjSessionUser_1012993=eyJpZCI6Ijc5MzlhYjAzLWNkNDItNTlhMy04ZTFjLTQ5NWRlNjM2YzVmMyIsImNyZWF0ZWQiOjE2NjYwODcxNDIxMzksImV4aXN0aW5nIjp0cnVlfQ==; _hjSessionUser_371512=eyJpZCI6Ijg1Mjc5MzYwLTczNTUtNWNhNi1iNjRlLWExYzA2MjFhYjlhZSIsImNyZWF0ZWQiOjE2NjY3OTE1MjgzNjksImV4aXN0aW5nIjp0cnVlfQ==; _hjSessionUser_2939920=eyJpZCI6ImUwZjY2MTljLTFkZmItNTE1NC1hNzAwLWRkZjBiOTU1NjJhMSIsImNyZWF0ZWQiOjE2NjY3ODQ4Nzg2ODAsImV4aXN0aW5nIjp0cnVlfQ==; _hjSessionUser_1381263=eyJpZCI6IjQ2M2Y5OGIyLWFhZjctNTJkNC1hMTJkLTY1ZGNlNTVmNDYzOCIsImNyZWF0ZWQiOjE2NzM0MjU0NDQwMDUsImV4aXN0aW5nIjp0cnVlfQ==; TFC_18fd37b4=161c760dfe9388fc; NSC_JOnahgckddxzyghbnhff1idutjq30eT=3744a3d0b0f2e49d61a219294a9f4ced986a399f5a46f7e25119d92c68eeca097294da6c; OptanonAlertBoxClosed=2024-07-04T15:19:09.458Z; OptanonConsent=isGpcEnabled=0&datestamp=Thu+Jul+04+2024+16%3A19%3A09+GMT%2B0100+(Irish+Standard+Time)&version=202401.2.0&browserGpcFlag=0&isIABGlobal=false&hosts=&consentId=44f61698-0e6a-41af-a273-256d1d688255&interactionCount=1&landingPath=NotLandingPage&groups=C0001%3A1%2CC0003%3A1%2CC0002%3A1%2CC0004%3A1&AwaitingReconsent=false",
      "Origin": "https://ondemand.hpc.kuleuven.be",
      "Referer": "https://ondemand.hpc.kuleuven.be/node/s28c11n2.tier2.hpc.kuleuven.be/40585/lab/tree/mock_exam_2024",
      "Sec-Ch-Ua": "\"Not/A)Brand\";v=\"8\", \"Chromium\";v=\"126\", \"Google Chrome\";v=\"126\"",
      "Sec-Ch-Ua-Mobile": "?0",
      "Sec-Ch-Ua-Platform": "\"Windows\"",
      "Sec-Fetch-Dest": "empty",
      "Sec-Fetch-Mode": "cors",
      "Sec-Fetch-Site": "same-origin",
      "X-Forwarded-For": "94.110.13.101, 2a02:2c40:0:80::ba:42, 2a02:2c40:0:51:139:b00b:0:1",
      "X-Forwarded-Host": "ondemand.hpc.kuleuven.be, ondemand.hpc.kuleuven.be",
      "X-Forwarded-Port": "443",
      "X-Forwarded-Proto": "http",
      "X-Forwarded-Server": "e2f3c5f953dd, ondemand.hpc.kuleuven.be",
      "X-Real-Ip": "2a02:2c40:0:80::ba:42",
      "X-Xsrftoken": "2|5f5aeeaf|7aee85c43a640be8247d95832a9f33c4|1722698351",
      "X-Forwarded-User": "vsc36251",
      "X-Forwarded-Escaped-Uri": "%2fnode%2fs28c11n2.tier2.hpc.kuleuven.be%2f40585%2flab%2fapi%2fworkspaces%2fdefault%3f1722698509629",
      "Content-Length": "641",
      "Connection": "close"
    }
[E 2024-08-03 17:21:49.457 LabApp] 500 PUT /node/s28c11n2.tier2.hpc.kuleuven.be/40585/lab/api/workspaces/default?1722698509629 (2a02:2c40:0:240a:3:242:ac11:3) 1.74ms referer=https://ondemand.hpc.kuleuven.be/node/s28c11n2.tier2.hpc.kuleuven.be/40585/lab/tree/mock_exam_2024
[W 2024-08-03 17:21:52.244 ServerApp] 500 PUT /node/s28c11n2.tier2.hpc.kuleuven.be/40585/lab/api/workspaces/default?1722698512421 (2a02:2c40:0:240a:3:242:ac11:3): [Errno 13] Permission denied: '/apps/leuven/rocky8/icelake/2021a/software/JupyterLab/3.0.16-GCCcore-10.3.0/etc/jupyter/lab'
[W 2024-08-03 17:21:52.244 LabApp] [Errno 13] Permission denied: '/apps/leuven/rocky8/icelake/2021a/software/JupyterLab/3.0.16-GCCcore-10.3.0/etc/jupyter/lab'
[E 2024-08-03 17:21:52.244 LabApp] {
      "Host": "s28c11n2.tier2.hpc.kuleuven.be:40585",
      "User-Agent": "Mozilla/5.0 (Windows NT 10.0; Win64; x64) AppleWebKit/537.36 (KHTML, like Gecko) Chrome/126.0.0.0 Safari/537.36",
      "Accept": "*/*",
      "Accept-Encoding": "gzip, deflate, br, zstd",
      "Accept-Language": "en-GB,en-US;q=0.9,en;q=0.8",
      "Content-Type": "text/plain;charset=UTF-8",
      "Cookie": "username-s28c11n2-tier2-hpc-kuleuven-be-40585=\"2|1:0|10:1722698351|45:username-s28c11n2-tier2-hpc-kuleuven-be-40585|44:ZWM1OWJkMzNjYmYyNDUxZGI0MWFlOTg5ZmM1OGVkZDE=|e51ab613948adbfb7800240206e71204eafdf19cb11dbb10b82d498c84edb532\"; _xsrf=2|5f5aeeaf|7aee85c43a640be8247d95832a9f33c4|1722698351; iamregistrationdata=eyJsYW5ndWFnZSI6ImVuIiwicmV0dXJuVXJsIjoiaHR0cHM6XC9cL3dlYndzcC5hcHMua3VsZXV2ZW4uYmVcL3NhcFwvYmNcL3VpNV91aTVcL3NhcFwvemNfYWRfYXBwbFwvaW5kZXguaHRtbD9zYXAtc3lzY21kPW5vY29va2llJnNhbWwyaWRwPWh0dHBzOlwvXC9pZHAua3VsZXV2ZW4uYmVcL2lkcHgmaW5zdGVsbGluZz01MDAwMDA1MCIsInJldHVyblRpdGxlIjoiQWRtaXNzaW9ucyBLVSBMZXV2ZW4gQXNzb2NpYXRpb24iLCJhdXRvUmVkaXJlY3QiOnRydWUsImhpZGVWb3VjaGVyIjp0cnVlfQ%3D%3D; _hjSessionUser_1012993=eyJpZCI6Ijc5MzlhYjAzLWNkNDItNTlhMy04ZTFjLTQ5NWRlNjM2YzVmMyIsImNyZWF0ZWQiOjE2NjYwODcxNDIxMzksImV4aXN0aW5nIjp0cnVlfQ==; _hjSessionUser_371512=eyJpZCI6Ijg1Mjc5MzYwLTczNTUtNWNhNi1iNjRlLWExYzA2MjFhYjlhZSIsImNyZWF0ZWQiOjE2NjY3OTE1MjgzNjksImV4aXN0aW5nIjp0cnVlfQ==; _hjSessionUser_2939920=eyJpZCI6ImUwZjY2MTljLTFkZmItNTE1NC1hNzAwLWRkZjBiOTU1NjJhMSIsImNyZWF0ZWQiOjE2NjY3ODQ4Nzg2ODAsImV4aXN0aW5nIjp0cnVlfQ==; _hjSessionUser_1381263=eyJpZCI6IjQ2M2Y5OGIyLWFhZjctNTJkNC1hMTJkLTY1ZGNlNTVmNDYzOCIsImNyZWF0ZWQiOjE2NzM0MjU0NDQwMDUsImV4aXN0aW5nIjp0cnVlfQ==; TFC_18fd37b4=161c760dfe9388fc; NSC_JOnahgckddxzyghbnhff1idutjq30eT=3744a3d0b0f2e49d61a219294a9f4ced986a399f5a46f7e25119d92c68eeca097294da6c; OptanonAlertBoxClosed=2024-07-04T15:19:09.458Z; OptanonConsent=isGpcEnabled=0&datestamp=Thu+Jul+04+2024+16%3A19%3A09+GMT%2B0100+(Irish+Standard+Time)&version=202401.2.0&browserGpcFlag=0&isIABGlobal=false&hosts=&consentId=44f61698-0e6a-41af-a273-256d1d688255&interactionCount=1&landingPath=NotLandingPage&groups=C0001%3A1%2CC0003%3A1%2CC0002%3A1%2CC0004%3A1&AwaitingReconsent=false",
      "Origin": "https://ondemand.hpc.kuleuven.be",
      "Referer": "https://ondemand.hpc.kuleuven.be/node/s28c11n2.tier2.hpc.kuleuven.be/40585/lab/tree/mock_exam_2024/MockExam.ipynb",
      "Sec-Ch-Ua": "\"Not/A)Brand\";v=\"8\", \"Chromium\";v=\"126\", \"Google Chrome\";v=\"126\"",
      "Sec-Ch-Ua-Mobile": "?0",
      "Sec-Ch-Ua-Platform": "\"Windows\"",
      "Sec-Fetch-Dest": "empty",
      "Sec-Fetch-Mode": "cors",
      "Sec-Fetch-Site": "same-origin",
      "X-Forwarded-For": "94.110.13.101, 2a02:2c40:0:80::ba:42, 2a02:2c40:0:51:139:b00b:0:1",
      "X-Forwarded-Host": "ondemand.hpc.kuleuven.be, ondemand.hpc.kuleuven.be",
      "X-Forwarded-Port": "443",
      "X-Forwarded-Proto": "http",
      "X-Forwarded-Server": "e2f3c5f953dd, ondemand.hpc.kuleuven.be",
      "X-Real-Ip": "2a02:2c40:0:80::ba:42",
      "X-Xsrftoken": "2|5f5aeeaf|7aee85c43a640be8247d95832a9f33c4|1722698351",
      "X-Forwarded-User": "vsc36251",
      "X-Forwarded-Escaped-Uri": "%2fnode%2fs28c11n2.tier2.hpc.kuleuven.be%2f40585%2flab%2fapi%2fworkspaces%2fdefault%3f1722698512421",
      "Content-Length": "669",
      "Connection": "close"
    }
[E 2024-08-03 17:21:52.244 LabApp] 500 PUT /node/s28c11n2.tier2.hpc.kuleuven.be/40585/lab/api/workspaces/default?1722698512421 (2a02:2c40:0:240a:3:242:ac11:3) 1.87ms referer=https://ondemand.hpc.kuleuven.be/node/s28c11n2.tier2.hpc.kuleuven.be/40585/lab/tree/mock_exam_2024/MockExam.ipynb
[W 2024-08-03 17:21:53.306 ServerApp] 500 PUT /node/s28c11n2.tier2.hpc.kuleuven.be/40585/lab/api/workspaces/default?1722698513478 (2a02:2c40:0:240a:3:242:ac11:3): [Errno 13] Permission denied: '/apps/leuven/rocky8/icelake/2021a/software/JupyterLab/3.0.16-GCCcore-10.3.0/etc/jupyter/lab'
[W 2024-08-03 17:21:53.306 LabApp] [Errno 13] Permission denied: '/apps/leuven/rocky8/icelake/2021a/software/JupyterLab/3.0.16-GCCcore-10.3.0/etc/jupyter/lab'
[E 2024-08-03 17:21:53.307 LabApp] {
      "Host": "s28c11n2.tier2.hpc.kuleuven.be:40585",
      "User-Agent": "Mozilla/5.0 (Windows NT 10.0; Win64; x64) AppleWebKit/537.36 (KHTML, like Gecko) Chrome/126.0.0.0 Safari/537.36",
      "Accept": "*/*",
      "Accept-Encoding": "gzip, deflate, br, zstd",
      "Accept-Language": "en-GB,en-US;q=0.9,en;q=0.8",
      "Content-Type": "text/plain;charset=UTF-8",
      "Cookie": "username-s28c11n2-tier2-hpc-kuleuven-be-40585=\"2|1:0|10:1722698351|45:username-s28c11n2-tier2-hpc-kuleuven-be-40585|44:ZWM1OWJkMzNjYmYyNDUxZGI0MWFlOTg5ZmM1OGVkZDE=|e51ab613948adbfb7800240206e71204eafdf19cb11dbb10b82d498c84edb532\"; _xsrf=2|5f5aeeaf|7aee85c43a640be8247d95832a9f33c4|1722698351; iamregistrationdata=eyJsYW5ndWFnZSI6ImVuIiwicmV0dXJuVXJsIjoiaHR0cHM6XC9cL3dlYndzcC5hcHMua3VsZXV2ZW4uYmVcL3NhcFwvYmNcL3VpNV91aTVcL3NhcFwvemNfYWRfYXBwbFwvaW5kZXguaHRtbD9zYXAtc3lzY21kPW5vY29va2llJnNhbWwyaWRwPWh0dHBzOlwvXC9pZHAua3VsZXV2ZW4uYmVcL2lkcHgmaW5zdGVsbGluZz01MDAwMDA1MCIsInJldHVyblRpdGxlIjoiQWRtaXNzaW9ucyBLVSBMZXV2ZW4gQXNzb2NpYXRpb24iLCJhdXRvUmVkaXJlY3QiOnRydWUsImhpZGVWb3VjaGVyIjp0cnVlfQ%3D%3D; _hjSessionUser_1012993=eyJpZCI6Ijc5MzlhYjAzLWNkNDItNTlhMy04ZTFjLTQ5NWRlNjM2YzVmMyIsImNyZWF0ZWQiOjE2NjYwODcxNDIxMzksImV4aXN0aW5nIjp0cnVlfQ==; _hjSessionUser_371512=eyJpZCI6Ijg1Mjc5MzYwLTczNTUtNWNhNi1iNjRlLWExYzA2MjFhYjlhZSIsImNyZWF0ZWQiOjE2NjY3OTE1MjgzNjksImV4aXN0aW5nIjp0cnVlfQ==; _hjSessionUser_2939920=eyJpZCI6ImUwZjY2MTljLTFkZmItNTE1NC1hNzAwLWRkZjBiOTU1NjJhMSIsImNyZWF0ZWQiOjE2NjY3ODQ4Nzg2ODAsImV4aXN0aW5nIjp0cnVlfQ==; _hjSessionUser_1381263=eyJpZCI6IjQ2M2Y5OGIyLWFhZjctNTJkNC1hMTJkLTY1ZGNlNTVmNDYzOCIsImNyZWF0ZWQiOjE2NzM0MjU0NDQwMDUsImV4aXN0aW5nIjp0cnVlfQ==; TFC_18fd37b4=161c760dfe9388fc; NSC_JOnahgckddxzyghbnhff1idutjq30eT=3744a3d0b0f2e49d61a219294a9f4ced986a399f5a46f7e25119d92c68eeca097294da6c; OptanonAlertBoxClosed=2024-07-04T15:19:09.458Z; OptanonConsent=isGpcEnabled=0&datestamp=Thu+Jul+04+2024+16%3A19%3A09+GMT%2B0100+(Irish+Standard+Time)&version=202401.2.0&browserGpcFlag=0&isIABGlobal=false&hosts=&consentId=44f61698-0e6a-41af-a273-256d1d688255&interactionCount=1&landingPath=NotLandingPage&groups=C0001%3A1%2CC0003%3A1%2CC0002%3A1%2CC0004%3A1&AwaitingReconsent=false",
      "Origin": "https://ondemand.hpc.kuleuven.be",
      "Referer": "https://ondemand.hpc.kuleuven.be/node/s28c11n2.tier2.hpc.kuleuven.be/40585/lab/tree/mock_exam_2024",
      "Sec-Ch-Ua": "\"Not/A)Brand\";v=\"8\", \"Chromium\";v=\"126\", \"Google Chrome\";v=\"126\"",
      "Sec-Ch-Ua-Mobile": "?0",
      "Sec-Ch-Ua-Platform": "\"Windows\"",
      "Sec-Fetch-Dest": "empty",
      "Sec-Fetch-Mode": "cors",
      "Sec-Fetch-Site": "same-origin",
      "X-Forwarded-For": "94.110.13.101, 2a02:2c40:0:80::ba:42, 2a02:2c40:0:51:139:b00b:0:1",
      "X-Forwarded-Host": "ondemand.hpc.kuleuven.be, ondemand.hpc.kuleuven.be",
      "X-Forwarded-Port": "443",
      "X-Forwarded-Proto": "http",
      "X-Forwarded-Server": "e2f3c5f953dd, ondemand.hpc.kuleuven.be",
      "X-Real-Ip": "2a02:2c40:0:80::ba:42",
      "X-Xsrftoken": "2|5f5aeeaf|7aee85c43a640be8247d95832a9f33c4|1722698351",
      "X-Forwarded-User": "vsc36251",
      "X-Forwarded-Escaped-Uri": "%2fnode%2fs28c11n2.tier2.hpc.kuleuven.be%2f40585%2flab%2fapi%2fworkspaces%2fdefault%3f1722698513478",
      "Content-Length": "641",
      "Connection": "close"
    }
[E 2024-08-03 17:21:53.307 LabApp] 500 PUT /node/s28c11n2.tier2.hpc.kuleuven.be/40585/lab/api/workspaces/default?1722698513478 (2a02:2c40:0:240a:3:242:ac11:3) 1.74ms referer=https://ondemand.hpc.kuleuven.be/node/s28c11n2.tier2.hpc.kuleuven.be/40585/lab/tree/mock_exam_2024
[I 2024-08-03 17:21:55.129 ServerApp] Saving file at /mock_exam_2024/MockExam.ipynb
[W 2024-08-03 17:21:55.253 ServerApp] 500 PUT /node/s28c11n2.tier2.hpc.kuleuven.be/40585/lab/api/workspaces/default?1722698515425 (2a02:2c40:0:240a:3:242:ac11:3): [Errno 13] Permission denied: '/apps/leuven/rocky8/icelake/2021a/software/JupyterLab/3.0.16-GCCcore-10.3.0/etc/jupyter/lab'
[W 2024-08-03 17:21:55.253 LabApp] [Errno 13] Permission denied: '/apps/leuven/rocky8/icelake/2021a/software/JupyterLab/3.0.16-GCCcore-10.3.0/etc/jupyter/lab'
[E 2024-08-03 17:21:55.254 LabApp] {
      "Host": "s28c11n2.tier2.hpc.kuleuven.be:40585",
      "User-Agent": "Mozilla/5.0 (Windows NT 10.0; Win64; x64) AppleWebKit/537.36 (KHTML, like Gecko) Chrome/126.0.0.0 Safari/537.36",
      "Accept": "*/*",
      "Accept-Encoding": "gzip, deflate, br, zstd",
      "Accept-Language": "en-GB,en-US;q=0.9,en;q=0.8",
      "Content-Type": "text/plain;charset=UTF-8",
      "Cookie": "username-s28c11n2-tier2-hpc-kuleuven-be-40585=\"2|1:0|10:1722698351|45:username-s28c11n2-tier2-hpc-kuleuven-be-40585|44:ZWM1OWJkMzNjYmYyNDUxZGI0MWFlOTg5ZmM1OGVkZDE=|e51ab613948adbfb7800240206e71204eafdf19cb11dbb10b82d498c84edb532\"; _xsrf=2|5f5aeeaf|7aee85c43a640be8247d95832a9f33c4|1722698351; iamregistrationdata=eyJsYW5ndWFnZSI6ImVuIiwicmV0dXJuVXJsIjoiaHR0cHM6XC9cL3dlYndzcC5hcHMua3VsZXV2ZW4uYmVcL3NhcFwvYmNcL3VpNV91aTVcL3NhcFwvemNfYWRfYXBwbFwvaW5kZXguaHRtbD9zYXAtc3lzY21kPW5vY29va2llJnNhbWwyaWRwPWh0dHBzOlwvXC9pZHAua3VsZXV2ZW4uYmVcL2lkcHgmaW5zdGVsbGluZz01MDAwMDA1MCIsInJldHVyblRpdGxlIjoiQWRtaXNzaW9ucyBLVSBMZXV2ZW4gQXNzb2NpYXRpb24iLCJhdXRvUmVkaXJlY3QiOnRydWUsImhpZGVWb3VjaGVyIjp0cnVlfQ%3D%3D; _hjSessionUser_1012993=eyJpZCI6Ijc5MzlhYjAzLWNkNDItNTlhMy04ZTFjLTQ5NWRlNjM2YzVmMyIsImNyZWF0ZWQiOjE2NjYwODcxNDIxMzksImV4aXN0aW5nIjp0cnVlfQ==; _hjSessionUser_371512=eyJpZCI6Ijg1Mjc5MzYwLTczNTUtNWNhNi1iNjRlLWExYzA2MjFhYjlhZSIsImNyZWF0ZWQiOjE2NjY3OTE1MjgzNjksImV4aXN0aW5nIjp0cnVlfQ==; _hjSessionUser_2939920=eyJpZCI6ImUwZjY2MTljLTFkZmItNTE1NC1hNzAwLWRkZjBiOTU1NjJhMSIsImNyZWF0ZWQiOjE2NjY3ODQ4Nzg2ODAsImV4aXN0aW5nIjp0cnVlfQ==; _hjSessionUser_1381263=eyJpZCI6IjQ2M2Y5OGIyLWFhZjctNTJkNC1hMTJkLTY1ZGNlNTVmNDYzOCIsImNyZWF0ZWQiOjE2NzM0MjU0NDQwMDUsImV4aXN0aW5nIjp0cnVlfQ==; TFC_18fd37b4=161c760dfe9388fc; NSC_JOnahgckddxzyghbnhff1idutjq30eT=3744a3d0b0f2e49d61a219294a9f4ced986a399f5a46f7e25119d92c68eeca097294da6c; OptanonAlertBoxClosed=2024-07-04T15:19:09.458Z; OptanonConsent=isGpcEnabled=0&datestamp=Thu+Jul+04+2024+16%3A19%3A09+GMT%2B0100+(Irish+Standard+Time)&version=202401.2.0&browserGpcFlag=0&isIABGlobal=false&hosts=&consentId=44f61698-0e6a-41af-a273-256d1d688255&interactionCount=1&landingPath=NotLandingPage&groups=C0001%3A1%2CC0003%3A1%2CC0002%3A1%2CC0004%3A1&AwaitingReconsent=false",
      "Origin": "https://ondemand.hpc.kuleuven.be",
      "Referer": "https://ondemand.hpc.kuleuven.be/node/s28c11n2.tier2.hpc.kuleuven.be/40585/lab/tree/mock_exam_2024/MockExam.ipynb",
      "Sec-Ch-Ua": "\"Not/A)Brand\";v=\"8\", \"Chromium\";v=\"126\", \"Google Chrome\";v=\"126\"",
      "Sec-Ch-Ua-Mobile": "?0",
      "Sec-Ch-Ua-Platform": "\"Windows\"",
      "Sec-Fetch-Dest": "empty",
      "Sec-Fetch-Mode": "cors",
      "Sec-Fetch-Site": "same-origin",
      "X-Forwarded-For": "94.110.13.101, 2a02:2c40:0:80::ba:42, 2a02:2c40:0:51:139:b00b:0:1",
      "X-Forwarded-Host": "ondemand.hpc.kuleuven.be, ondemand.hpc.kuleuven.be",
      "X-Forwarded-Port": "443",
      "X-Forwarded-Proto": "http",
      "X-Forwarded-Server": "e2f3c5f953dd, ondemand.hpc.kuleuven.be",
      "X-Real-Ip": "2a02:2c40:0:80::ba:42",
      "X-Xsrftoken": "2|5f5aeeaf|7aee85c43a640be8247d95832a9f33c4|1722698351",
      "X-Forwarded-User": "vsc36251",
      "X-Forwarded-Escaped-Uri": "%2fnode%2fs28c11n2.tier2.hpc.kuleuven.be%2f40585%2flab%2fapi%2fworkspaces%2fdefault%3f1722698515425",
      "Content-Length": "669",
      "Connection": "close"
    }
[E 2024-08-03 17:21:55.254 LabApp] 500 PUT /node/s28c11n2.tier2.hpc.kuleuven.be/40585/lab/api/workspaces/default?1722698515425 (2a02:2c40:0:240a:3:242:ac11:3) 1.42ms referer=https://ondemand.hpc.kuleuven.be/node/s28c11n2.tier2.hpc.kuleuven.be/40585/lab/tree/mock_exam_2024/MockExam.ipynb
[W 2024-08-03 17:22:08.383 ServerApp] 500 PUT /node/s28c11n2.tier2.hpc.kuleuven.be/40585/lab/api/workspaces/default?1722698528560 (2a02:2c40:0:240a:3:242:ac11:3): [Errno 13] Permission denied: '/apps/leuven/rocky8/icelake/2021a/software/JupyterLab/3.0.16-GCCcore-10.3.0/etc/jupyter/lab'
[W 2024-08-03 17:22:08.383 LabApp] [Errno 13] Permission denied: '/apps/leuven/rocky8/icelake/2021a/software/JupyterLab/3.0.16-GCCcore-10.3.0/etc/jupyter/lab'
[E 2024-08-03 17:22:08.383 LabApp] {
      "Host": "s28c11n2.tier2.hpc.kuleuven.be:40585",
      "User-Agent": "Mozilla/5.0 (Windows NT 10.0; Win64; x64) AppleWebKit/537.36 (KHTML, like Gecko) Chrome/126.0.0.0 Safari/537.36",
      "Accept": "*/*",
      "Accept-Encoding": "gzip, deflate, br, zstd",
      "Accept-Language": "en-GB,en-US;q=0.9,en;q=0.8",
      "Content-Type": "text/plain;charset=UTF-8",
      "Cookie": "username-s28c11n2-tier2-hpc-kuleuven-be-40585=\"2|1:0|10:1722698351|45:username-s28c11n2-tier2-hpc-kuleuven-be-40585|44:ZWM1OWJkMzNjYmYyNDUxZGI0MWFlOTg5ZmM1OGVkZDE=|e51ab613948adbfb7800240206e71204eafdf19cb11dbb10b82d498c84edb532\"; _xsrf=2|5f5aeeaf|7aee85c43a640be8247d95832a9f33c4|1722698351; iamregistrationdata=eyJsYW5ndWFnZSI6ImVuIiwicmV0dXJuVXJsIjoiaHR0cHM6XC9cL3dlYndzcC5hcHMua3VsZXV2ZW4uYmVcL3NhcFwvYmNcL3VpNV91aTVcL3NhcFwvemNfYWRfYXBwbFwvaW5kZXguaHRtbD9zYXAtc3lzY21kPW5vY29va2llJnNhbWwyaWRwPWh0dHBzOlwvXC9pZHAua3VsZXV2ZW4uYmVcL2lkcHgmaW5zdGVsbGluZz01MDAwMDA1MCIsInJldHVyblRpdGxlIjoiQWRtaXNzaW9ucyBLVSBMZXV2ZW4gQXNzb2NpYXRpb24iLCJhdXRvUmVkaXJlY3QiOnRydWUsImhpZGVWb3VjaGVyIjp0cnVlfQ%3D%3D; _hjSessionUser_1012993=eyJpZCI6Ijc5MzlhYjAzLWNkNDItNTlhMy04ZTFjLTQ5NWRlNjM2YzVmMyIsImNyZWF0ZWQiOjE2NjYwODcxNDIxMzksImV4aXN0aW5nIjp0cnVlfQ==; _hjSessionUser_371512=eyJpZCI6Ijg1Mjc5MzYwLTczNTUtNWNhNi1iNjRlLWExYzA2MjFhYjlhZSIsImNyZWF0ZWQiOjE2NjY3OTE1MjgzNjksImV4aXN0aW5nIjp0cnVlfQ==; _hjSessionUser_2939920=eyJpZCI6ImUwZjY2MTljLTFkZmItNTE1NC1hNzAwLWRkZjBiOTU1NjJhMSIsImNyZWF0ZWQiOjE2NjY3ODQ4Nzg2ODAsImV4aXN0aW5nIjp0cnVlfQ==; _hjSessionUser_1381263=eyJpZCI6IjQ2M2Y5OGIyLWFhZjctNTJkNC1hMTJkLTY1ZGNlNTVmNDYzOCIsImNyZWF0ZWQiOjE2NzM0MjU0NDQwMDUsImV4aXN0aW5nIjp0cnVlfQ==; TFC_18fd37b4=161c760dfe9388fc; NSC_JOnahgckddxzyghbnhff1idutjq30eT=3744a3d0b0f2e49d61a219294a9f4ced986a399f5a46f7e25119d92c68eeca097294da6c; OptanonAlertBoxClosed=2024-07-04T15:19:09.458Z; OptanonConsent=isGpcEnabled=0&datestamp=Thu+Jul+04+2024+16%3A19%3A09+GMT%2B0100+(Irish+Standard+Time)&version=202401.2.0&browserGpcFlag=0&isIABGlobal=false&hosts=&consentId=44f61698-0e6a-41af-a273-256d1d688255&interactionCount=1&landingPath=NotLandingPage&groups=C0001%3A1%2CC0003%3A1%2CC0002%3A1%2CC0004%3A1&AwaitingReconsent=false",
      "Origin": "https://ondemand.hpc.kuleuven.be",
      "Referer": "https://ondemand.hpc.kuleuven.be/node/s28c11n2.tier2.hpc.kuleuven.be/40585/lab/tree/mock_exam_2024",
      "Sec-Ch-Ua": "\"Not/A)Brand\";v=\"8\", \"Chromium\";v=\"126\", \"Google Chrome\";v=\"126\"",
      "Sec-Ch-Ua-Mobile": "?0",
      "Sec-Ch-Ua-Platform": "\"Windows\"",
      "Sec-Fetch-Dest": "empty",
      "Sec-Fetch-Mode": "cors",
      "Sec-Fetch-Site": "same-origin",
      "X-Forwarded-For": "94.110.13.101, 2a02:2c40:0:80::ba:42, 2a02:2c40:0:51:139:b00b:0:1",
      "X-Forwarded-Host": "ondemand.hpc.kuleuven.be, ondemand.hpc.kuleuven.be",
      "X-Forwarded-Port": "443",
      "X-Forwarded-Proto": "http",
      "X-Forwarded-Server": "e2f3c5f953dd, ondemand.hpc.kuleuven.be",
      "X-Real-Ip": "2a02:2c40:0:80::ba:42",
      "X-Xsrftoken": "2|5f5aeeaf|7aee85c43a640be8247d95832a9f33c4|1722698351",
      "X-Forwarded-User": "vsc36251",
      "X-Forwarded-Escaped-Uri": "%2fnode%2fs28c11n2.tier2.hpc.kuleuven.be%2f40585%2flab%2fapi%2fworkspaces%2fdefault%3f1722698528560",
      "Content-Length": "641",
      "Connection": "close"
    }
[E 2024-08-03 17:22:08.383 LabApp] 500 PUT /node/s28c11n2.tier2.hpc.kuleuven.be/40585/lab/api/workspaces/default?1722698528560 (2a02:2c40:0:240a:3:242:ac11:3) 1.80ms referer=https://ondemand.hpc.kuleuven.be/node/s28c11n2.tier2.hpc.kuleuven.be/40585/lab/tree/mock_exam_2024
[W 2024-08-03 17:22:15.595 ServerApp] 500 PUT /node/s28c11n2.tier2.hpc.kuleuven.be/40585/lab/api/workspaces/default?1722698535764 (2a02:2c40:0:240a:3:242:ac11:3): [Errno 13] Permission denied: '/apps/leuven/rocky8/icelake/2021a/software/JupyterLab/3.0.16-GCCcore-10.3.0/etc/jupyter/lab'
[W 2024-08-03 17:22:15.595 LabApp] [Errno 13] Permission denied: '/apps/leuven/rocky8/icelake/2021a/software/JupyterLab/3.0.16-GCCcore-10.3.0/etc/jupyter/lab'
[E 2024-08-03 17:22:15.595 LabApp] {
      "Host": "s28c11n2.tier2.hpc.kuleuven.be:40585",
      "User-Agent": "Mozilla/5.0 (Windows NT 10.0; Win64; x64) AppleWebKit/537.36 (KHTML, like Gecko) Chrome/126.0.0.0 Safari/537.36",
      "Accept": "*/*",
      "Accept-Encoding": "gzip, deflate, br, zstd",
      "Accept-Language": "en-GB,en-US;q=0.9,en;q=0.8",
      "Content-Type": "text/plain;charset=UTF-8",
      "Cookie": "username-s28c11n2-tier2-hpc-kuleuven-be-40585=\"2|1:0|10:1722698351|45:username-s28c11n2-tier2-hpc-kuleuven-be-40585|44:ZWM1OWJkMzNjYmYyNDUxZGI0MWFlOTg5ZmM1OGVkZDE=|e51ab613948adbfb7800240206e71204eafdf19cb11dbb10b82d498c84edb532\"; _xsrf=2|5f5aeeaf|7aee85c43a640be8247d95832a9f33c4|1722698351; iamregistrationdata=eyJsYW5ndWFnZSI6ImVuIiwicmV0dXJuVXJsIjoiaHR0cHM6XC9cL3dlYndzcC5hcHMua3VsZXV2ZW4uYmVcL3NhcFwvYmNcL3VpNV91aTVcL3NhcFwvemNfYWRfYXBwbFwvaW5kZXguaHRtbD9zYXAtc3lzY21kPW5vY29va2llJnNhbWwyaWRwPWh0dHBzOlwvXC9pZHAua3VsZXV2ZW4uYmVcL2lkcHgmaW5zdGVsbGluZz01MDAwMDA1MCIsInJldHVyblRpdGxlIjoiQWRtaXNzaW9ucyBLVSBMZXV2ZW4gQXNzb2NpYXRpb24iLCJhdXRvUmVkaXJlY3QiOnRydWUsImhpZGVWb3VjaGVyIjp0cnVlfQ%3D%3D; _hjSessionUser_1012993=eyJpZCI6Ijc5MzlhYjAzLWNkNDItNTlhMy04ZTFjLTQ5NWRlNjM2YzVmMyIsImNyZWF0ZWQiOjE2NjYwODcxNDIxMzksImV4aXN0aW5nIjp0cnVlfQ==; _hjSessionUser_371512=eyJpZCI6Ijg1Mjc5MzYwLTczNTUtNWNhNi1iNjRlLWExYzA2MjFhYjlhZSIsImNyZWF0ZWQiOjE2NjY3OTE1MjgzNjksImV4aXN0aW5nIjp0cnVlfQ==; _hjSessionUser_2939920=eyJpZCI6ImUwZjY2MTljLTFkZmItNTE1NC1hNzAwLWRkZjBiOTU1NjJhMSIsImNyZWF0ZWQiOjE2NjY3ODQ4Nzg2ODAsImV4aXN0aW5nIjp0cnVlfQ==; _hjSessionUser_1381263=eyJpZCI6IjQ2M2Y5OGIyLWFhZjctNTJkNC1hMTJkLTY1ZGNlNTVmNDYzOCIsImNyZWF0ZWQiOjE2NzM0MjU0NDQwMDUsImV4aXN0aW5nIjp0cnVlfQ==; TFC_18fd37b4=161c760dfe9388fc; NSC_JOnahgckddxzyghbnhff1idutjq30eT=3744a3d0b0f2e49d61a219294a9f4ced986a399f5a46f7e25119d92c68eeca097294da6c; OptanonAlertBoxClosed=2024-07-04T15:19:09.458Z; OptanonConsent=isGpcEnabled=0&datestamp=Thu+Jul+04+2024+16%3A19%3A09+GMT%2B0100+(Irish+Standard+Time)&version=202401.2.0&browserGpcFlag=0&isIABGlobal=false&hosts=&consentId=44f61698-0e6a-41af-a273-256d1d688255&interactionCount=1&landingPath=NotLandingPage&groups=C0001%3A1%2CC0003%3A1%2CC0002%3A1%2CC0004%3A1&AwaitingReconsent=false",
      "Origin": "https://ondemand.hpc.kuleuven.be",
      "Referer": "https://ondemand.hpc.kuleuven.be/node/s28c11n2.tier2.hpc.kuleuven.be/40585/lab/tree/mock_exam_2024/MockExam.ipynb",
      "Sec-Ch-Ua": "\"Not/A)Brand\";v=\"8\", \"Chromium\";v=\"126\", \"Google Chrome\";v=\"126\"",
      "Sec-Ch-Ua-Mobile": "?0",
      "Sec-Ch-Ua-Platform": "\"Windows\"",
      "Sec-Fetch-Dest": "empty",
      "Sec-Fetch-Mode": "cors",
      "Sec-Fetch-Site": "same-origin",
      "X-Forwarded-For": "94.110.13.101, 2a02:2c40:0:80::ba:42, 2a02:2c40:0:51:139:b00b:0:1",
      "X-Forwarded-Host": "ondemand.hpc.kuleuven.be, ondemand.hpc.kuleuven.be",
      "X-Forwarded-Port": "443",
      "X-Forwarded-Proto": "http",
      "X-Forwarded-Server": "e2f3c5f953dd, ondemand.hpc.kuleuven.be",
      "X-Real-Ip": "2a02:2c40:0:80::ba:42",
      "X-Xsrftoken": "2|5f5aeeaf|7aee85c43a640be8247d95832a9f33c4|1722698351",
      "X-Forwarded-User": "vsc36251",
      "X-Forwarded-Escaped-Uri": "%2fnode%2fs28c11n2.tier2.hpc.kuleuven.be%2f40585%2flab%2fapi%2fworkspaces%2fdefault%3f1722698535764",
      "Content-Length": "669",
      "Connection": "close"
    }
[E 2024-08-03 17:22:15.595 LabApp] 500 PUT /node/s28c11n2.tier2.hpc.kuleuven.be/40585/lab/api/workspaces/default?1722698535764 (2a02:2c40:0:240a:3:242:ac11:3) 1.86ms referer=https://ondemand.hpc.kuleuven.be/node/s28c11n2.tier2.hpc.kuleuven.be/40585/lab/tree/mock_exam_2024/MockExam.ipynb
[I 2024-08-03 17:22:19.698 ServerApp] Kernel shutdown: 002f68d7-107f-4d99-9cfd-1ded1526fe3e
[I 2024-08-03 17:22:19.973 ServerApp] Kernel started: 0bd9c96d-cd4c-4f1b-bde0-e4f77f205b11
Traceback (most recent call last):
  File "/lustre1/project/stg_00079/teaching/I0U19a_conda_2024/lib/python3.10/runpy.py", line 196, in _run_module_as_main
    return _run_code(code, main_globals, None,
  File "/lustre1/project/stg_00079/teaching/I0U19a_conda_2024/lib/python3.10/runpy.py", line 86, in _run_code
    exec(code, run_globals)
  File "/apps/leuven/rocky8/icelake/2021a/software/IPython/7.25.0-GCCcore-10.3.0/lib/python3.9/site-packages/ipykernel_launcher.py", line 15, in <module>
    from ipykernel import kernelapp as app
  File "/apps/leuven/rocky8/icelake/2021a/software/IPython/7.25.0-GCCcore-10.3.0/lib/python3.9/site-packages/ipykernel/__init__.py", line 2, in <module>
    from .connect import *
  File "/apps/leuven/rocky8/icelake/2021a/software/IPython/7.25.0-GCCcore-10.3.0/lib/python3.9/site-packages/ipykernel/connect.py", line 15, in <module>
    import jupyter_client
  File "/apps/leuven/rocky8/icelake/2021a/software/IPython/7.25.0-GCCcore-10.3.0/lib/python3.9/site-packages/jupyter_client/__init__.py", line 4, in <module>
    from .connect import *
  File "/apps/leuven/rocky8/icelake/2021a/software/IPython/7.25.0-GCCcore-10.3.0/lib/python3.9/site-packages/jupyter_client/connect.py", line 21, in <module>
    import zmq
  File "/apps/leuven/rocky8/icelake/2021a/software/IPython/7.25.0-GCCcore-10.3.0/lib/python3.9/site-packages/zmq/__init__.py", line 103, in <module>
    from zmq import backend
  File "/apps/leuven/rocky8/icelake/2021a/software/IPython/7.25.0-GCCcore-10.3.0/lib/python3.9/site-packages/zmq/backend/__init__.py", line 32, in <module>
    raise original_error from None
  File "/apps/leuven/rocky8/icelake/2021a/software/IPython/7.25.0-GCCcore-10.3.0/lib/python3.9/site-packages/zmq/backend/__init__.py", line 27, in <module>
    _ns = select_backend(first)
  File "/apps/leuven/rocky8/icelake/2021a/software/IPython/7.25.0-GCCcore-10.3.0/lib/python3.9/site-packages/zmq/backend/select.py", line 32, in select_backend
    mod = import_module(name)
  File "/lustre1/project/stg_00079/teaching/I0U19a_conda_2024/lib/python3.10/importlib/__init__.py", line 126, in import_module
    return _bootstrap._gcd_import(name[level:], package, level)
  File "/apps/leuven/rocky8/icelake/2021a/software/IPython/7.25.0-GCCcore-10.3.0/lib/python3.9/site-packages/zmq/backend/cython/__init__.py", line 6, in <module>
    from . import (
ImportError: cannot import name 'constants' from partially initialized module 'zmq.backend.cython' (most likely due to a circular import) (/apps/leuven/rocky8/icelake/2021a/software/IPython/7.25.0-GCCcore-10.3.0/lib/python3.9/site-packages/zmq/backend/cython/__init__.py)
[I 2024-08-03 17:22:28.973 ServerApp] AsyncIOLoopKernelRestarter: restarting kernel (1/5), keep random ports
Traceback (most recent call last):
  File "/lustre1/project/stg_00079/teaching/I0U19a_conda_2024/lib/python3.10/runpy.py", line 196, in _run_module_as_main
    return _run_code(code, main_globals, None,
  File "/lustre1/project/stg_00079/teaching/I0U19a_conda_2024/lib/python3.10/runpy.py", line 86, in _run_code
    exec(code, run_globals)
  File "/apps/leuven/rocky8/icelake/2021a/software/IPython/7.25.0-GCCcore-10.3.0/lib/python3.9/site-packages/ipykernel_launcher.py", line 15, in <module>
    from ipykernel import kernelapp as app
  File "/apps/leuven/rocky8/icelake/2021a/software/IPython/7.25.0-GCCcore-10.3.0/lib/python3.9/site-packages/ipykernel/__init__.py", line 2, in <module>
    from .connect import *
  File "/apps/leuven/rocky8/icelake/2021a/software/IPython/7.25.0-GCCcore-10.3.0/lib/python3.9/site-packages/ipykernel/connect.py", line 15, in <module>
    import jupyter_client
  File "/apps/leuven/rocky8/icelake/2021a/software/IPython/7.25.0-GCCcore-10.3.0/lib/python3.9/site-packages/jupyter_client/__init__.py", line 4, in <module>
    from .connect import *
  File "/apps/leuven/rocky8/icelake/2021a/software/IPython/7.25.0-GCCcore-10.3.0/lib/python3.9/site-packages/jupyter_client/connect.py", line 21, in <module>
    import zmq
  File "/apps/leuven/rocky8/icelake/2021a/software/IPython/7.25.0-GCCcore-10.3.0/lib/python3.9/site-packages/zmq/__init__.py", line 103, in <module>
    from zmq import backend
  File "/apps/leuven/rocky8/icelake/2021a/software/IPython/7.25.0-GCCcore-10.3.0/lib/python3.9/site-packages/zmq/backend/__init__.py", line 32, in <module>
    raise original_error from None
  File "/apps/leuven/rocky8/icelake/2021a/software/IPython/7.25.0-GCCcore-10.3.0/lib/python3.9/site-packages/zmq/backend/__init__.py", line 27, in <module>
    _ns = select_backend(first)
  File "/apps/leuven/rocky8/icelake/2021a/software/IPython/7.25.0-GCCcore-10.3.0/lib/python3.9/site-packages/zmq/backend/select.py", line 32, in select_backend
    mod = import_module(name)
  File "/lustre1/project/stg_00079/teaching/I0U19a_conda_2024/lib/python3.10/importlib/__init__.py", line 126, in import_module
    return _bootstrap._gcd_import(name[level:], package, level)
  File "/apps/leuven/rocky8/icelake/2021a/software/IPython/7.25.0-GCCcore-10.3.0/lib/python3.9/site-packages/zmq/backend/cython/__init__.py", line 6, in <module>
    from . import (
ImportError: cannot import name 'constants' from partially initialized module 'zmq.backend.cython' (most likely due to a circular import) (/apps/leuven/rocky8/icelake/2021a/software/IPython/7.25.0-GCCcore-10.3.0/lib/python3.9/site-packages/zmq/backend/cython/__init__.py)
[I 2024-08-03 17:22:31.773 ServerApp] Kernel shutdown: 0bd9c96d-cd4c-4f1b-bde0-e4f77f205b11
[I 2024-08-03 17:22:31.872 ServerApp] Kernel started: 92c7a9b6-a06d-428f-953b-6b3faa2f9322
[W 2024-08-03 17:22:43.219 ServerApp] 500 PUT /node/s28c11n2.tier2.hpc.kuleuven.be/40585/lab/api/workspaces/default?1722698563386 (2a02:2c40:0:240a:3:242:ac11:3): [Errno 13] Permission denied: '/apps/leuven/rocky8/icelake/2021a/software/JupyterLab/3.0.16-GCCcore-10.3.0/etc/jupyter/lab'
[W 2024-08-03 17:22:43.219 LabApp] [Errno 13] Permission denied: '/apps/leuven/rocky8/icelake/2021a/software/JupyterLab/3.0.16-GCCcore-10.3.0/etc/jupyter/lab'
[E 2024-08-03 17:22:43.219 LabApp] {
      "Host": "s28c11n2.tier2.hpc.kuleuven.be:40585",
      "User-Agent": "Mozilla/5.0 (Windows NT 10.0; Win64; x64) AppleWebKit/537.36 (KHTML, like Gecko) Chrome/126.0.0.0 Safari/537.36",
      "Accept": "*/*",
      "Accept-Encoding": "gzip, deflate, br, zstd",
      "Accept-Language": "en-GB,en-US;q=0.9,en;q=0.8",
      "Content-Type": "text/plain;charset=UTF-8",
      "Cookie": "username-s28c11n2-tier2-hpc-kuleuven-be-40585=\"2|1:0|10:1722698351|45:username-s28c11n2-tier2-hpc-kuleuven-be-40585|44:ZWM1OWJkMzNjYmYyNDUxZGI0MWFlOTg5ZmM1OGVkZDE=|e51ab613948adbfb7800240206e71204eafdf19cb11dbb10b82d498c84edb532\"; _xsrf=2|5f5aeeaf|7aee85c43a640be8247d95832a9f33c4|1722698351; iamregistrationdata=eyJsYW5ndWFnZSI6ImVuIiwicmV0dXJuVXJsIjoiaHR0cHM6XC9cL3dlYndzcC5hcHMua3VsZXV2ZW4uYmVcL3NhcFwvYmNcL3VpNV91aTVcL3NhcFwvemNfYWRfYXBwbFwvaW5kZXguaHRtbD9zYXAtc3lzY21kPW5vY29va2llJnNhbWwyaWRwPWh0dHBzOlwvXC9pZHAua3VsZXV2ZW4uYmVcL2lkcHgmaW5zdGVsbGluZz01MDAwMDA1MCIsInJldHVyblRpdGxlIjoiQWRtaXNzaW9ucyBLVSBMZXV2ZW4gQXNzb2NpYXRpb24iLCJhdXRvUmVkaXJlY3QiOnRydWUsImhpZGVWb3VjaGVyIjp0cnVlfQ%3D%3D; _hjSessionUser_1012993=eyJpZCI6Ijc5MzlhYjAzLWNkNDItNTlhMy04ZTFjLTQ5NWRlNjM2YzVmMyIsImNyZWF0ZWQiOjE2NjYwODcxNDIxMzksImV4aXN0aW5nIjp0cnVlfQ==; _hjSessionUser_371512=eyJpZCI6Ijg1Mjc5MzYwLTczNTUtNWNhNi1iNjRlLWExYzA2MjFhYjlhZSIsImNyZWF0ZWQiOjE2NjY3OTE1MjgzNjksImV4aXN0aW5nIjp0cnVlfQ==; _hjSessionUser_2939920=eyJpZCI6ImUwZjY2MTljLTFkZmItNTE1NC1hNzAwLWRkZjBiOTU1NjJhMSIsImNyZWF0ZWQiOjE2NjY3ODQ4Nzg2ODAsImV4aXN0aW5nIjp0cnVlfQ==; _hjSessionUser_1381263=eyJpZCI6IjQ2M2Y5OGIyLWFhZjctNTJkNC1hMTJkLTY1ZGNlNTVmNDYzOCIsImNyZWF0ZWQiOjE2NzM0MjU0NDQwMDUsImV4aXN0aW5nIjp0cnVlfQ==; TFC_18fd37b4=161c760dfe9388fc; NSC_JOnahgckddxzyghbnhff1idutjq30eT=3744a3d0b0f2e49d61a219294a9f4ced986a399f5a46f7e25119d92c68eeca097294da6c; OptanonAlertBoxClosed=2024-07-04T15:19:09.458Z; OptanonConsent=isGpcEnabled=0&datestamp=Thu+Jul+04+2024+16%3A19%3A09+GMT%2B0100+(Irish+Standard+Time)&version=202401.2.0&browserGpcFlag=0&isIABGlobal=false&hosts=&consentId=44f61698-0e6a-41af-a273-256d1d688255&interactionCount=1&landingPath=NotLandingPage&groups=C0001%3A1%2CC0003%3A1%2CC0002%3A1%2CC0004%3A1&AwaitingReconsent=false",
      "Origin": "https://ondemand.hpc.kuleuven.be",
      "Referer": "https://ondemand.hpc.kuleuven.be/node/s28c11n2.tier2.hpc.kuleuven.be/40585/lab/tree/mock_exam_2024",
      "Sec-Ch-Ua": "\"Not/A)Brand\";v=\"8\", \"Chromium\";v=\"126\", \"Google Chrome\";v=\"126\"",
      "Sec-Ch-Ua-Mobile": "?0",
      "Sec-Ch-Ua-Platform": "\"Windows\"",
      "Sec-Fetch-Dest": "empty",
      "Sec-Fetch-Mode": "cors",
      "Sec-Fetch-Site": "same-origin",
      "X-Forwarded-For": "94.110.13.101, 2a02:2c40:0:80::ba:42, 2a02:2c40:0:51:139:b00b:0:1",
      "X-Forwarded-Host": "ondemand.hpc.kuleuven.be, ondemand.hpc.kuleuven.be",
      "X-Forwarded-Port": "443",
      "X-Forwarded-Proto": "http",
      "X-Forwarded-Server": "e2f3c5f953dd, ondemand.hpc.kuleuven.be",
      "X-Real-Ip": "2a02:2c40:0:80::ba:42",
      "X-Xsrftoken": "2|5f5aeeaf|7aee85c43a640be8247d95832a9f33c4|1722698351",
      "X-Forwarded-User": "vsc36251",
      "X-Forwarded-Escaped-Uri": "%2fnode%2fs28c11n2.tier2.hpc.kuleuven.be%2f40585%2flab%2fapi%2fworkspaces%2fdefault%3f1722698563386",
      "Content-Length": "641",
      "Connection": "close"
    }
[E 2024-08-03 17:22:43.219 LabApp] 500 PUT /node/s28c11n2.tier2.hpc.kuleuven.be/40585/lab/api/workspaces/default?1722698563386 (2a02:2c40:0:240a:3:242:ac11:3) 2.33ms referer=https://ondemand.hpc.kuleuven.be/node/s28c11n2.tier2.hpc.kuleuven.be/40585/lab/tree/mock_exam_2024
[W 2024-08-03 17:22:45.400 ServerApp] 500 PUT /node/s28c11n2.tier2.hpc.kuleuven.be/40585/lab/api/workspaces/default?1722698565574 (2a02:2c40:0:240a:3:242:ac11:3): [Errno 13] Permission denied: '/apps/leuven/rocky8/icelake/2021a/software/JupyterLab/3.0.16-GCCcore-10.3.0/etc/jupyter/lab'
[W 2024-08-03 17:22:45.400 LabApp] [Errno 13] Permission denied: '/apps/leuven/rocky8/icelake/2021a/software/JupyterLab/3.0.16-GCCcore-10.3.0/etc/jupyter/lab'
[E 2024-08-03 17:22:45.400 LabApp] {
      "Host": "s28c11n2.tier2.hpc.kuleuven.be:40585",
      "User-Agent": "Mozilla/5.0 (Windows NT 10.0; Win64; x64) AppleWebKit/537.36 (KHTML, like Gecko) Chrome/126.0.0.0 Safari/537.36",
      "Accept": "*/*",
      "Accept-Encoding": "gzip, deflate, br, zstd",
      "Accept-Language": "en-GB,en-US;q=0.9,en;q=0.8",
      "Content-Type": "text/plain;charset=UTF-8",
      "Cookie": "username-s28c11n2-tier2-hpc-kuleuven-be-40585=\"2|1:0|10:1722698351|45:username-s28c11n2-tier2-hpc-kuleuven-be-40585|44:ZWM1OWJkMzNjYmYyNDUxZGI0MWFlOTg5ZmM1OGVkZDE=|e51ab613948adbfb7800240206e71204eafdf19cb11dbb10b82d498c84edb532\"; _xsrf=2|5f5aeeaf|7aee85c43a640be8247d95832a9f33c4|1722698351; iamregistrationdata=eyJsYW5ndWFnZSI6ImVuIiwicmV0dXJuVXJsIjoiaHR0cHM6XC9cL3dlYndzcC5hcHMua3VsZXV2ZW4uYmVcL3NhcFwvYmNcL3VpNV91aTVcL3NhcFwvemNfYWRfYXBwbFwvaW5kZXguaHRtbD9zYXAtc3lzY21kPW5vY29va2llJnNhbWwyaWRwPWh0dHBzOlwvXC9pZHAua3VsZXV2ZW4uYmVcL2lkcHgmaW5zdGVsbGluZz01MDAwMDA1MCIsInJldHVyblRpdGxlIjoiQWRtaXNzaW9ucyBLVSBMZXV2ZW4gQXNzb2NpYXRpb24iLCJhdXRvUmVkaXJlY3QiOnRydWUsImhpZGVWb3VjaGVyIjp0cnVlfQ%3D%3D; _hjSessionUser_1012993=eyJpZCI6Ijc5MzlhYjAzLWNkNDItNTlhMy04ZTFjLTQ5NWRlNjM2YzVmMyIsImNyZWF0ZWQiOjE2NjYwODcxNDIxMzksImV4aXN0aW5nIjp0cnVlfQ==; _hjSessionUser_371512=eyJpZCI6Ijg1Mjc5MzYwLTczNTUtNWNhNi1iNjRlLWExYzA2MjFhYjlhZSIsImNyZWF0ZWQiOjE2NjY3OTE1MjgzNjksImV4aXN0aW5nIjp0cnVlfQ==; _hjSessionUser_2939920=eyJpZCI6ImUwZjY2MTljLTFkZmItNTE1NC1hNzAwLWRkZjBiOTU1NjJhMSIsImNyZWF0ZWQiOjE2NjY3ODQ4Nzg2ODAsImV4aXN0aW5nIjp0cnVlfQ==; _hjSessionUser_1381263=eyJpZCI6IjQ2M2Y5OGIyLWFhZjctNTJkNC1hMTJkLTY1ZGNlNTVmNDYzOCIsImNyZWF0ZWQiOjE2NzM0MjU0NDQwMDUsImV4aXN0aW5nIjp0cnVlfQ==; TFC_18fd37b4=161c760dfe9388fc; NSC_JOnahgckddxzyghbnhff1idutjq30eT=3744a3d0b0f2e49d61a219294a9f4ced986a399f5a46f7e25119d92c68eeca097294da6c; OptanonAlertBoxClosed=2024-07-04T15:19:09.458Z; OptanonConsent=isGpcEnabled=0&datestamp=Thu+Jul+04+2024+16%3A19%3A09+GMT%2B0100+(Irish+Standard+Time)&version=202401.2.0&browserGpcFlag=0&isIABGlobal=false&hosts=&consentId=44f61698-0e6a-41af-a273-256d1d688255&interactionCount=1&landingPath=NotLandingPage&groups=C0001%3A1%2CC0003%3A1%2CC0002%3A1%2CC0004%3A1&AwaitingReconsent=false",
      "Origin": "https://ondemand.hpc.kuleuven.be",
      "Referer": "https://ondemand.hpc.kuleuven.be/node/s28c11n2.tier2.hpc.kuleuven.be/40585/lab/tree/mock_exam_2024/MockExam.ipynb",
      "Sec-Ch-Ua": "\"Not/A)Brand\";v=\"8\", \"Chromium\";v=\"126\", \"Google Chrome\";v=\"126\"",
      "Sec-Ch-Ua-Mobile": "?0",
      "Sec-Ch-Ua-Platform": "\"Windows\"",
      "Sec-Fetch-Dest": "empty",
      "Sec-Fetch-Mode": "cors",
      "Sec-Fetch-Site": "same-origin",
      "X-Forwarded-For": "94.110.13.101, 2a02:2c40:0:80::ba:42, 2a02:2c40:0:51:139:b00b:0:1",
      "X-Forwarded-Host": "ondemand.hpc.kuleuven.be, ondemand.hpc.kuleuven.be",
      "X-Forwarded-Port": "443",
      "X-Forwarded-Proto": "http",
      "X-Forwarded-Server": "e2f3c5f953dd, ondemand.hpc.kuleuven.be",
      "X-Real-Ip": "2a02:2c40:0:80::ba:42",
      "X-Xsrftoken": "2|5f5aeeaf|7aee85c43a640be8247d95832a9f33c4|1722698351",
      "X-Forwarded-User": "vsc36251",
      "X-Forwarded-Escaped-Uri": "%2fnode%2fs28c11n2.tier2.hpc.kuleuven.be%2f40585%2flab%2fapi%2fworkspaces%2fdefault%3f1722698565574",
      "Content-Length": "669",
      "Connection": "close"
    }
[E 2024-08-03 17:22:45.400 LabApp] 500 PUT /node/s28c11n2.tier2.hpc.kuleuven.be/40585/lab/api/workspaces/default?1722698565574 (2a02:2c40:0:240a:3:242:ac11:3) 1.80ms referer=https://ondemand.hpc.kuleuven.be/node/s28c11n2.tier2.hpc.kuleuven.be/40585/lab/tree/mock_exam_2024/MockExam.ipynb
[W 2024-08-03 17:23:20.105 ServerApp] Timeout waiting for kernel_info reply from 0bd9c96d-cd4c-4f1b-bde0-e4f77f205b11
[E 2024-08-03 17:23:20.106 ServerApp] Error opening stream: HTTP 404: Not Found (Kernel does not exist: 0bd9c96d-cd4c-4f1b-bde0-e4f77f205b11)
[I 2024-08-03 17:23:55.991 ServerApp] Saving file at /mock_exam_2024/MockExam.ipynb
[W 2024-08-03 17:31:15.626 ServerApp] Replacing stale connection: 92c7a9b6-a06d-428f-953b-6b3faa2f9322:645905bc-de12-472f-a99e-f486b4daedf7
[I 2024-08-03 17:31:20.628 ServerApp] Starting buffering for 92c7a9b6-a06d-428f-953b-6b3faa2f9322:645905bc-de12-472f-a99e-f486b4daedf7
[I 2024-08-03 17:31:20.629 ServerApp] Restoring connection for 92c7a9b6-a06d-428f-953b-6b3faa2f9322:645905bc-de12-472f-a99e-f486b4daedf7
TermSocket.open: 1
TermSocket.open: Opened 1
Websocket closed
[I 2024-08-03 17:31:59.683 ServerApp] Starting buffering for 92c7a9b6-a06d-428f-953b-6b3faa2f9322:645905bc-de12-472f-a99e-f486b4daedf7
[W 2024-08-03 17:32:48.814 ServerApp] WebSocket ping timeout after 119984 ms.
Websocket closed
slurmstepd: error: *** JOB 62113357 ON s28c11n2 CANCELLED AT 2024-08-03T19:13:10 DUE TO TIME LIMIT ***
