Building DAG of jobs...
Using shell: /lustre1/project/stg_00079/teaching/I0U19a_conda_2024/bin/bash
Provided cores: 1 (use --cores to define parallelism)
Rules claiming more threads will be scaled down.
Job stats:
job              count
-------------  -------
SNP_calling          1
SNP_norm_filt        1
all                  1
bwa                  1
fastqc               1
snpeff               1
total                6

Select jobs to execute...

[Wed May  1 12:15:55 2024]
rule bwa:
    input: /staging/leuven/stg_00079/teaching/1000genomes/HG00141.GRCh38DH.exome.chr21.fq.gz
    output: 2_bwa/HG00141.GRCh38DH.exome.chr21.bam, 2_bwa/HG00141.GRCh38DH.exome.chr21.bam.bai
    jobid: 5
    reason: Missing output files: 2_bwa/HG00141.GRCh38DH.exome.chr21.bam
    wildcards: sample=HG00141.GRCh38DH.exome.chr21
    resources: tmpdir=/tmp

[M::bwa_idx_load_from_disk] read 0 ALT contigs
[M::process] read 99010 sequences (10000010 bp)...
[M::process] read 99010 sequences (10000010 bp)...
[M::mem_process_seqs] Processed 99010 reads in 4.464 CPU sec, 4.347 real sec
[M::process] read 99010 sequences (10000010 bp)...
[M::mem_process_seqs] Processed 99010 reads in 3.931 CPU sec, 3.790 real sec
[M::process] read 99010 sequences (10000010 bp)...
[M::mem_process_seqs] Processed 99010 reads in 3.645 CPU sec, 3.502 real sec
[M::process] read 99010 sequences (10000010 bp)...
[M::mem_process_seqs] Processed 99010 reads in 3.542 CPU sec, 3.389 real sec
[M::process] read 99010 sequences (10000010 bp)...
[M::mem_process_seqs] Processed 99010 reads in 3.552 CPU sec, 3.423 real sec
[M::process] read 67284 sequences (6795684 bp)...
[M::mem_process_seqs] Processed 99010 reads in 4.433 CPU sec, 4.339 real sec
[M::mem_process_seqs] Processed 67284 reads in 2.193 CPU sec, 2.153 real sec
[main] Version: 0.7.17-r1188
[main] CMD: bwa mem /lustre1/project/stg_00079/teaching/hg38_21/chr21.fa /staging/leuven/stg_00079/teaching/1000genomes/HG00141.GRCh38DH.exome.chr21.fq.gz
[main] Real time: 25.178 sec; CPU: 25.986 sec
[Wed May  1 12:16:26 2024]
Finished job 5.
1 of 6 steps (17%) done
Select jobs to execute...

[Wed May  1 12:16:26 2024]
rule SNP_calling:
    input: /lustre1/project/stg_00079/teaching/hg38_21/chr21.fa, 2_bwa/HG00141.GRCh38DH.exome.chr21.bam
    output: 3_samtools/snps.vcf
    jobid: 4
    reason: Missing output files: 3_samtools/snps.vcf; Input files updated by another job: 2_bwa/HG00141.GRCh38DH.exome.chr21.bam
    resources: tmpdir=/tmp

Note: none of --samples-file, --ploidy or --ploidy-file given, assuming all sites are diploid
[mpileup] 1 samples in 1 input files
[mpileup] maximum number of reads per input file set to -d 250
[Wed May  1 12:16:40 2024]
Finished job 4.
2 of 6 steps (33%) done
Select jobs to execute...

[Wed May  1 12:16:40 2024]
rule SNP_norm_filt:
    input: /lustre1/project/stg_00079/teaching/hg38_21/chr21.fa, 3_samtools/snps.vcf
    output: 4_cleaned/snps.cleaned.vcf
    jobid: 3
    reason: Missing output files: 4_cleaned/snps.cleaned.vcf; Input files updated by another job: 3_samtools/snps.vcf
    resources: tmpdir=/tmp

decompose v0.5

options:     input VCF file        -
         [s] smart decomposition   false (experimental)
         [o] output VCF file       -

uniq v0.57normalize v

0.5options:     input VCF file        
-

options:     input VCF file                                           [o] output VCF file       -
-         [o] output VCF file                                 
-
         [w] sorting window size                             10000
         [n] no fail on reference inconsistency for non SNPs true
         [q] quiet                                           false
         [d] debug                                           false
         [r] reference FASTA file                            /lustre1/project/stg_00079/teaching/hg38_21/chr21.fa


stats: no. variants                 : 8061
       no. biallelic variants       : 8052
       no. multiallelic variants    : 9

       no. additional biallelics    : 9
       total no. of biallelics      : 8070

Time elapsed: 0.03s


stats: biallelic
          no. left trimmed                      : 0
          no. right trimmed                     : 329
          no. left and right trimmed            : 0
          no. right trimmed and left aligned    : 0
          no. left aligned                      : 0

       total no. biallelic normalized           : 329

       multiallelic
          no. left trimmed                      : 0
          no. right trimmed                     : 0
          no. left and right trimmed            : 0
          no. right trimmed and left aligned    : 0
          no. left aligned                      : 0

       total no. multiallelic normalized        : 0

       total no. variants normalized            : 329
       total no. variants observed              : 8070
       total no. reference observed             : 0

Time elapsed: 0.04s


stats: Total number of observed variants   8070
       Total number of unique variants     8070

Time elapsed: 0.03s

[Wed May  1 12:16:40 2024]
Finished job 3.
3 of 6 steps (50%) done
Select jobs to execute...

[Wed May  1 12:16:40 2024]
rule fastqc:
    input: /staging/leuven/stg_00079/teaching/1000genomes/HG00141.GRCh38DH.exome.chr21.fq.gz
    output: 1_fastqc/HG00141.GRCh38DH.exome.chr21_fastqc.zip, 1_fastqc/HG00141.GRCh38DH.exome.chr21_fastqc.html, 1_fastqc/HG00141.GRCh38DH.exome.chr21_fastqc/summary.txt, 1_fastqc/HG00141.GRCh38DH.exome.chr21_fastqc/Images/per_base_quality.png
    jobid: 1
    reason: Missing output files: 1_fastqc/HG00141.GRCh38DH.exome.chr21_fastqc.zip
    wildcards: name=HG00141.GRCh38DH.exome.chr21
    resources: tmpdir=/tmp

Input Fastq: /staging/leuven/stg_00079/teaching/1000genomes/HG00141.GRCh38DH.exome.chr21.fq.gz 
application/gzip
Started analysis of HG00141.GRCh38DH.exome.chr21.fq.gz
Approx 5% complete for HG00141.GRCh38DH.exome.chr21.fq.gz
Approx 10% complete for HG00141.GRCh38DH.exome.chr21.fq.gz
Approx 15% complete for HG00141.GRCh38DH.exome.chr21.fq.gz
Approx 20% complete for HG00141.GRCh38DH.exome.chr21.fq.gz
Approx 25% complete for HG00141.GRCh38DH.exome.chr21.fq.gz
Approx 30% complete for HG00141.GRCh38DH.exome.chr21.fq.gz
Approx 35% complete for HG00141.GRCh38DH.exome.chr21.fq.gz
Approx 40% complete for HG00141.GRCh38DH.exome.chr21.fq.gz
Approx 45% complete for HG00141.GRCh38DH.exome.chr21.fq.gz
Approx 50% complete for HG00141.GRCh38DH.exome.chr21.fq.gz
Approx 55% complete for HG00141.GRCh38DH.exome.chr21.fq.gz
Approx 60% complete for HG00141.GRCh38DH.exome.chr21.fq.gz
Approx 65% complete for HG00141.GRCh38DH.exome.chr21.fq.gz
Approx 70% complete for HG00141.GRCh38DH.exome.chr21.fq.gz
Approx 75% complete for HG00141.GRCh38DH.exome.chr21.fq.gz
Approx 80% complete for HG00141.GRCh38DH.exome.chr21.fq.gz
Approx 85% complete for HG00141.GRCh38DH.exome.chr21.fq.gz
Approx 90% complete for HG00141.GRCh38DH.exome.chr21.fq.gz
Approx 95% complete for HG00141.GRCh38DH.exome.chr21.fq.gz
Analysis complete for HG00141.GRCh38DH.exome.chr21.fq.gz
Unzip the output
Archive:  HG00141.GRCh38DH.exome.chr21_fastqc.zip
   creating: HG00141.GRCh38DH.exome.chr21_fastqc/Icons/
  inflating: HG00141.GRCh38DH.exome.chr21_fastqc/Icons/fastqc_icon.png  
  inflating: HG00141.GRCh38DH.exome.chr21_fastqc/Icons/warning.png  
  inflating: HG00141.GRCh38DH.exome.chr21_fastqc/Icons/error.png  
  inflating: HG00141.GRCh38DH.exome.chr21_fastqc/Icons/tick.png  
  inflating: HG00141.GRCh38DH.exome.chr21_fastqc/summary.txt  
  inflating: HG00141.GRCh38DH.exome.chr21_fastqc/Images/per_base_quality.svg  
  inflating: HG00141.GRCh38DH.exome.chr21_fastqc/Images/per_base_quality.png  
  inflating: HG00141.GRCh38DH.exome.chr21_fastqc/Images/per_sequence_quality.svg  
  inflating: HG00141.GRCh38DH.exome.chr21_fastqc/Images/per_sequence_quality.png  
  inflating: HG00141.GRCh38DH.exome.chr21_fastqc/Images/per_base_sequence_content.svg  
  inflating: HG00141.GRCh38DH.exome.chr21_fastqc/Images/per_base_sequence_content.png  
  inflating: HG00141.GRCh38DH.exome.chr21_fastqc/Images/per_sequence_gc_content.svg  
  inflating: HG00141.GRCh38DH.exome.chr21_fastqc/Images/per_sequence_gc_content.png  
  inflating: HG00141.GRCh38DH.exome.chr21_fastqc/Images/per_base_n_content.svg  
  inflating: HG00141.GRCh38DH.exome.chr21_fastqc/Images/per_base_n_content.png  
  inflating: HG00141.GRCh38DH.exome.chr21_fastqc/Images/sequence_length_distribution.svg  
  inflating: HG00141.GRCh38DH.exome.chr21_fastqc/Images/sequence_length_distribution.png  
  inflating: HG00141.GRCh38DH.exome.chr21_fastqc/Images/duplication_levels.svg  
  inflating: HG00141.GRCh38DH.exome.chr21_fastqc/Images/duplication_levels.png  
  inflating: HG00141.GRCh38DH.exome.chr21_fastqc/Images/adapter_content.svg  
  inflating: HG00141.GRCh38DH.exome.chr21_fastqc/Images/adapter_content.png  
  inflating: HG00141.GRCh38DH.exome.chr21_fastqc/fastqc_report.html  
  inflating: HG00141.GRCh38DH.exome.chr21_fastqc/fastqc_data.txt  
  inflating: HG00141.GRCh38DH.exome.chr21_fastqc/fastqc.fo  
[Wed May  1 12:16:45 2024]
Finished job 1.
4 of 6 steps (67%) done
Select jobs to execute...

[Wed May  1 12:16:45 2024]
rule snpeff:
    input: 4_cleaned/snps.cleaned.vcf
    output: 5_snpeff/snps.annotated.vcf, 5_snpeff/snpEff_summary.html, 5_snpeff/snpEff_genes.txt
    log: 5_snpeff/snakemake.err
    jobid: 2
    reason: Missing output files: 5_snpeff/snps.annotated.vcf; Input files updated by another job: 4_cleaned/snps.cleaned.vcf
    resources: tmpdir=/tmp

Error: Unable to access jarfile /lustre1/project/stg_00079/teaching/miniconda3/pkgs/snpeff-5.1-hdfd78af_2/share/snpeff-5.1-2/snpEff.jar
[Wed May  1 12:16:45 2024]
Error in rule snpeff:
    jobid: 2
    input: 4_cleaned/snps.cleaned.vcf
    output: 5_snpeff/snps.annotated.vcf, 5_snpeff/snpEff_summary.html, 5_snpeff/snpEff_genes.txt
    log: 5_snpeff/snakemake.err (check log file(s) for error details)
    shell:
        

        mkdir -p 5_snpeff

        java -Xmx4096m -jar             /lustre1/project/stg_00079/teaching/miniconda3/pkgs/snpeff-5.1-hdfd78af_2/share/snpeff-5.1-2/snpEff.jar eff hg19             -dataDir /staging/leuven/stg_00079/teaching/snpeff_db/             4_cleaned/snps.cleaned.vcf > 5_snpeff/snps.annotated.vcf

        # move output files to the snpeff output folder
        mv snpEff_genes.txt snpEff_summary.html 5_snpeff

        
        (one of the commands exited with non-zero exit code; note that snakemake uses bash strict mode!)

Removing output files of failed job snpeff since they might be corrupted:
5_snpeff/snps.annotated.vcf
Shutting down, this might take some time.
Exiting because a job execution failed. Look above for error message
Complete log: .snakemake/log/2024-05-01T121554.882807.snakemake.log
