SLURM_JOB_ID: 61378343
SLURM_JOB_USER: vsc36251
SLURM_JOB_ACCOUNT: lp_edu_large_omics
SLURM_JOB_NAME: 34_SNP_calling
SLURM_CLUSTER_NAME: wice
SLURM_JOB_PARTITION: batch
SLURM_NNODES: 1
SLURM_NODELIST: q28c32n3
SLURM_JOB_CPUS_PER_NODE: 4
Date: Thu May  2 12:20:14 CEST 2024
Walltime: 00-00:10:00
========================================================================
Building DAG of jobs...
Falling back to greedy scheduler because no default solver is found for pulp (you have to install either coincbc or glpk).
Using shell: /bin/bash
Provided cores: 4
Rules claiming more threads will be scaled down.
Provided resources: mem_mb=1040, mem_mib=992, disk_mb=1040, disk_mib=992, cpu=4
Select jobs to execute...

[Thu May  2 12:20:15 2024]
rule SNP_calling:
    input: /lustre1/project/stg_00079/teaching/hg38_21/chr21.fa, 2_bwa/HG00141.GRCh38DH.exome.chr21.bam, 2_bwa/HG00261.GRCh38DH.exome.chr21.bam, 2_bwa/HG00111.GRCh38DH.exome.chr21.bam, 2_bwa/HG00131.GRCh38DH.exome.chr21.bam, 2_bwa/HG00231.GRCh38DH.exome.chr21.bam, 2_bwa/HG01791.GRCh38DH.exome.chr21.bam, 2_bwa/HG04301.GRCh38DH.exome.chr21.bam, 2_bwa/HG00121.GRCh38DH.exome.chr21.bam, 2_bwa/HG00251.GRCh38DH.exome.chr21.bam, 2_bwa/HG00101.GRCh38DH.exome.chr21.bam, 2_bwa/HG00151.GRCh38DH.exome.chr21.bam
    output: 3_samtools/snps.vcf
    jobid: 0
    reason: Forced execution
    resources: mem_mb=1040, mem_mib=992, disk_mb=1040, disk_mib=992, tmpdir=/tmp, cpu=4

Performing SNP calling
Note: none of --samples-file, --ploidy or --ploidy-file given, assuming all sites are diploid
[mpileup] 11 samples in 11 input files
[mpileup] maximum number of reads per input file set to -d 250
[Thu May  2 12:26:17 2024]
Finished job 0.
1 of 1 steps (100%) done
