2024-04-29 15:50:07.545 [info] Log level: Debug
2024-04-29 15:50:07.545 [info] Validating found git in: "git"
2024-04-29 15:50:07.545 [info] Using git "2.39.3" from "git"
2024-04-29 15:50:07.550 [info] > git rev-parse --show-toplevel [7ms]
2024-04-29 15:50:07.550 [info] fatal: not a git repository (or any parent up to mount point /vsc-hard-mounts)
Stopping at filesystem boundary (GIT_DISCOVERY_ACROSS_FILESYSTEM not set).
2024-04-29 15:50:07.557 [info] > git rev-parse --show-toplevel [2ms]
2024-04-29 15:50:07.557 [info] fatal: not a git repository (or any parent up to mount point /vsc-hard-mounts)
Stopping at filesystem boundary (GIT_DISCOVERY_ACROSS_FILESYSTEM not set).
2024-04-29 15:50:07.563 [info] > git rev-parse --show-toplevel [3ms]
2024-04-29 15:50:07.563 [info] fatal: not a git repository (or any parent up to mount point /vsc-hard-mounts)
Stopping at filesystem boundary (GIT_DISCOVERY_ACROSS_FILESYSTEM not set).
2024-04-29 15:50:07.577 [info] > git rev-parse --show-toplevel [10ms]
2024-04-29 15:50:07.577 [info] fatal: not a git repository (or any parent up to mount point /vsc-hard-mounts)
Stopping at filesystem boundary (GIT_DISCOVERY_ACROSS_FILESYSTEM not set).
2024-04-29 15:50:07.583 [info] > git rev-parse --show-toplevel [3ms]
2024-04-29 15:50:07.583 [info] fatal: not a git repository (or any parent up to mount point /vsc-hard-mounts)
Stopping at filesystem boundary (GIT_DISCOVERY_ACROSS_FILESYSTEM not set).
2024-04-29 15:50:07.589 [info] > git rev-parse --show-toplevel [2ms]
2024-04-29 15:50:07.589 [info] fatal: not a git repository (or any parent up to mount point /vsc-hard-mounts)
Stopping at filesystem boundary (GIT_DISCOVERY_ACROSS_FILESYSTEM not set).
2024-04-29 15:50:07.595 [info] > git rev-parse --show-toplevel [3ms]
2024-04-29 15:50:07.595 [info] fatal: not a git repository (or any parent up to mount point /vsc-hard-mounts)
Stopping at filesystem boundary (GIT_DISCOVERY_ACROSS_FILESYSTEM not set).
2024-04-29 15:50:07.601 [info] > git rev-parse --show-toplevel [2ms]
2024-04-29 15:50:07.601 [info] fatal: not a git repository (or any parent up to mount point /vsc-hard-mounts)
Stopping at filesystem boundary (GIT_DISCOVERY_ACROSS_FILESYSTEM not set).
2024-04-29 15:50:07.607 [info] > git rev-parse --show-toplevel [2ms]
2024-04-29 15:50:07.607 [info] fatal: not a git repository (or any parent up to mount point /vsc-hard-mounts)
Stopping at filesystem boundary (GIT_DISCOVERY_ACROSS_FILESYSTEM not set).
2024-04-29 15:50:18.491 [info] > git rev-parse --show-toplevel [16ms]
2024-04-29 15:50:18.493 [info] fatal: not a git repository (or any parent up to mount point /vsc-hard-mounts)
Stopping at filesystem boundary (GIT_DISCOVERY_ACROSS_FILESYSTEM not set).
