2024-02-29 13:07:12.485 [info] Log level: Debug
2024-02-29 13:07:12.485 [info] Validating found git in: "git"
2024-02-29 13:07:12.485 [info] Using git "2.39.3" from "git"
2024-02-29 13:07:12.490 [info] > git rev-parse --show-toplevel [6ms]
2024-02-29 13:07:12.490 [info] fatal: not a git repository (or any parent up to mount point /vsc-hard-mounts)
Stopping at filesystem boundary (GIT_DISCOVERY_ACROSS_FILESYSTEM not set).
2024-02-29 13:07:12.497 [info] > git rev-parse --show-toplevel [2ms]
2024-02-29 13:07:12.497 [info] fatal: not a git repository (or any parent up to mount point /vsc-hard-mounts)
Stopping at filesystem boundary (GIT_DISCOVERY_ACROSS_FILESYSTEM not set).
2024-02-29 13:07:12.503 [info] > git rev-parse --show-toplevel [2ms]
2024-02-29 13:07:12.503 [info] fatal: not a git repository (or any parent up to mount point /vsc-hard-mounts)
Stopping at filesystem boundary (GIT_DISCOVERY_ACROSS_FILESYSTEM not set).
2024-02-29 13:07:12.508 [info] > git rev-parse --show-toplevel [2ms]
2024-02-29 13:07:12.508 [info] fatal: not a git repository (or any parent up to mount point /vsc-hard-mounts)
Stopping at filesystem boundary (GIT_DISCOVERY_ACROSS_FILESYSTEM not set).
2024-02-29 13:07:12.514 [info] > git rev-parse --show-toplevel [2ms]
2024-02-29 13:07:12.514 [info] fatal: not a git repository (or any parent up to mount point /vsc-hard-mounts)
Stopping at filesystem boundary (GIT_DISCOVERY_ACROSS_FILESYSTEM not set).
2024-02-29 13:07:12.524 [info] > git rev-parse --show-toplevel [6ms]
2024-02-29 13:07:12.525 [info] fatal: not a git repository (or any parent up to mount point /vsc-hard-mounts)
Stopping at filesystem boundary (GIT_DISCOVERY_ACROSS_FILESYSTEM not set).
2024-02-29 13:07:12.530 [info] > git rev-parse --show-toplevel [2ms]
2024-02-29 13:07:12.530 [info] fatal: not a git repository (or any parent up to mount point /vsc-hard-mounts)
Stopping at filesystem boundary (GIT_DISCOVERY_ACROSS_FILESYSTEM not set).
2024-02-29 13:07:12.536 [info] > git rev-parse --show-toplevel [2ms]
2024-02-29 13:07:12.536 [info] fatal: not a git repository (or any parent up to mount point /vsc-hard-mounts)
Stopping at filesystem boundary (GIT_DISCOVERY_ACROSS_FILESYSTEM not set).
2024-02-29 13:07:16.009 [info] > git rev-parse --show-toplevel [33ms]
2024-02-29 13:07:16.011 [info] fatal: not a git repository (or any parent up to mount point /vsc-hard-mounts)
Stopping at filesystem boundary (GIT_DISCOVERY_ACROSS_FILESYSTEM not set).
