Building DAG of jobs...
Using shell: /lustre1/project/stg_00079/teaching/I0U19a_conda_2024/bin/bash
Provided cores: 1 (use --cores to define parallelism)
Rules claiming more threads will be scaled down.
Job stats:
job       count
------  -------
fastqc        2
total         2

Select jobs to execute...

[Tue Aug  6 23:29:08 2024]
rule fastqc:
    input: 000.fastq/TLE66_N.fastq
    output: 010.fastqc/TLE66_N_fastqc.zip, 010.fastqc/TLE66_N_fastqc.html
    jobid: 0
    reason: Forced execution
    wildcards: name=TLE66_N
    resources: tmpdir=/tmp

[Tue Aug  6 23:29:26 2024]
Finished job 0.
1 of 2 steps (50%) done
Select jobs to execute...

[Tue Aug  6 23:29:26 2024]
rule fastqc:
    input: 000.fastq/TLE66_T.fastq
    output: 010.fastqc/TLE66_T_fastqc.zip, 010.fastqc/TLE66_T_fastqc.html
    jobid: 1
    reason: Forced execution
    wildcards: name=TLE66_T
    resources: tmpdir=/tmp

[Tue Aug  6 23:29:32 2024]
Finished job 1.
2 of 2 steps (100%) done
Complete log: .snakemake/log/2024-08-06T232900.937587.snakemake.log
