Building DAG of jobs...
Using shell: /lustre1/project/stg_00079/teaching/I0U19a_conda_2024/bin/bash
Provided cores: 1 (use --cores to define parallelism)
Rules claiming more threads will be scaled down.
Job stats:
job                count
---------------  -------
all                    1
bwa                    2
snpeff                 1
variant_calling        1
variant_cleanup        1
total                  6

Select jobs to execute...

[Tue Aug  6 23:38:07 2024]
rule bwa:
    input: 000.fastq/TLE66_N.fastq
    output: 020.bwa/TLE66_N.bam, 020.bwa/TLE66_N.bam.bai
    jobid: 6
    reason: Missing output files: 020.bwa/TLE66_N.bam
    wildcards: sample=TLE66_N
    resources: tmpdir=/tmp

Terminating processes on user request, this might take some time.
[Tue Aug  6 23:38:21 2024]
Error in rule bwa:
    jobid: 6
    input: 000.fastq/TLE66_N.fastq
    output: 020.bwa/TLE66_N.bam, 020.bwa/TLE66_N.bam.bai
    shell:
        
        bwa mem /staging/leuven/stg_00079/teaching/hg38_9/chr9.fa 000.fastq/TLE66_N.fastq             | samtools sort -             > 020.bwa/TLE66_N.bam
        samtools index 020.bwa/TLE66_N.bam
        
        (one of the commands exited with non-zero exit code; note that snakemake uses bash strict mode!)

Complete log: .snakemake/log/2024-08-06T233806.606671.snakemake.log
