Building DAG of jobs...
Using shell: /lustre1/project/stg_00079/teaching/I0U19a_conda_2024/bin/bash
Provided cores: 1 (use --cores to define parallelism)
Rules claiming more threads will be scaled down.
Job stats:
job       count
------  -------
all           1
fastqc        2
total         3

Select jobs to execute...

[Tue Aug  6 23:34:42 2024]
rule fastqc:
    input: 000.fastq/TLE66_N.fastq
    output: 010.fastqc/TLE66_N_fastqc.zip, 010.fastqc/TLE66_N_fastqc.html
    jobid: 1
    reason: Missing output files: 010.fastqc/TLE66_N_fastqc.zip
    wildcards: name=TLE66_N
    resources: tmpdir=/tmp

[Tue Aug  6 23:34:46 2024]
Finished job 1.
1 of 3 steps (33%) done
Select jobs to execute...

[Tue Aug  6 23:34:46 2024]
rule fastqc:
    input: 000.fastq/TLE66_T.fastq
    output: 010.fastqc/TLE66_T_fastqc.zip, 010.fastqc/TLE66_T_fastqc.html
    jobid: 2
    reason: Missing output files: 010.fastqc/TLE66_T_fastqc.zip
    wildcards: name=TLE66_T
    resources: tmpdir=/tmp

[Tue Aug  6 23:34:49 2024]
Finished job 2.
2 of 3 steps (67%) done
Select jobs to execute...

[Tue Aug  6 23:34:49 2024]
localrule all:
    input: 010.fastqc/TLE66_N_fastqc.zip, 010.fastqc/TLE66_T_fastqc.zip
    jobid: 0
    reason: Forced execution
    resources: tmpdir=/tmp

[Tue Aug  6 23:34:49 2024]
Finished job 0.
3 of 3 steps (100%) done
Complete log: .snakemake/log/2024-08-06T233442.513158.snakemake.log
