Building DAG of jobs...
Using shell: /lustre1/project/stg_00079/teaching/I0U19a_conda_2024/bin/bash
Provided cores: 1 (use --cores to define parallelism)
Rules claiming more threads will be scaled down.
Job stats:
job                count
---------------  -------
all                    1
bwa                    2
fastqc                 2
phastCons              1
snpeff                 1
variant_calling        1
variant_cleanup        1
total                  9

Select jobs to execute...

[Mon Sep  2 20:48:36 2024]
rule fastqc:
    input: 000.fastq/TLE66_N.fastq
    output: 010.fastqc/TLE66_N_fastqc.zip, 010.fastqc/TLE66_N_fastqc.html
    jobid: 1
    reason: Missing output files: 010.fastqc/TLE66_N_fastqc.zip
    wildcards: name=TLE66_N
    resources: tmpdir=/tmp

[Mon Sep  2 20:48:39 2024]
Finished job 1.
1 of 9 steps (11%) done
Select jobs to execute...

[Mon Sep  2 20:48:39 2024]
rule bwa:
    input: 000.fastq/TLE66_T.fastq
    output: 020.bwa/TLE66_T.bam, 020.bwa/TLE66_T.bam.bai
    jobid: 7
    reason: Missing output files: 020.bwa/TLE66_T.bam
    wildcards: sample=TLE66_T
    resources: tmpdir=/tmp

[Mon Sep  2 20:48:56 2024]
Finished job 7.
2 of 9 steps (22%) done
Select jobs to execute...

[Mon Sep  2 20:48:56 2024]
rule fastqc:
    input: 000.fastq/TLE66_T.fastq
    output: 010.fastqc/TLE66_T_fastqc.zip, 010.fastqc/TLE66_T_fastqc.html
    jobid: 2
    reason: Missing output files: 010.fastqc/TLE66_T_fastqc.zip
    wildcards: name=TLE66_T
    resources: tmpdir=/tmp

[Mon Sep  2 20:48:59 2024]
Finished job 2.
3 of 9 steps (33%) done
Select jobs to execute...

[Mon Sep  2 20:48:59 2024]
rule bwa:
    input: 000.fastq/TLE66_N.fastq
    output: 020.bwa/TLE66_N.bam, 020.bwa/TLE66_N.bam.bai
    jobid: 6
    reason: Missing output files: 020.bwa/TLE66_N.bam
    wildcards: sample=TLE66_N
    resources: tmpdir=/tmp

[Mon Sep  2 20:49:19 2024]
Finished job 6.
4 of 9 steps (44%) done
Select jobs to execute...

[Mon Sep  2 20:49:19 2024]
rule variant_calling:
    input: /staging/leuven/stg_00079/teaching/hg38_9/chr9.fa, 020.bwa/TLE66_N.bam, 020.bwa/TLE66_T.bam
    output: 030.samtools/snps.vcf
    jobid: 5
    reason: Missing output files: 030.samtools/snps.vcf; Input files updated by another job: 020.bwa/TLE66_T.bam, 020.bwa/TLE66_N.bam
    resources: tmpdir=/tmp

[Mon Sep  2 20:49:35 2024]
Finished job 5.
5 of 9 steps (56%) done
Select jobs to execute...

[Mon Sep  2 20:49:35 2024]
rule variant_cleanup:
    input: /staging/leuven/stg_00079/teaching/hg38_9/chr9.fa, 030.samtools/snps.vcf
    output: 040.cleaned/snps.cleaned.vcf
    jobid: 4
    reason: Missing output files: 040.cleaned/snps.cleaned.vcf; Input files updated by another job: 030.samtools/snps.vcf
    resources: tmpdir=/tmp

[Mon Sep  2 20:49:35 2024]
Finished job 4.
6 of 9 steps (67%) done
Select jobs to execute...

[Mon Sep  2 20:49:35 2024]
rule snpeff:
    input: 040.cleaned/snps.cleaned.vcf
    output: 050.snpeff/snps.annotated.vcf, 050.snpeff/snpEff_summary.html, 050.snpeff/snpEff_genes.txt
    log: 050.snpeff/snakemake.err
    jobid: 3
    reason: Missing output files: 050.snpeff/snps.annotated.vcf; Input files updated by another job: 040.cleaned/snps.cleaned.vcf
    resources: tmpdir=/tmp

[Mon Sep  2 20:50:13 2024]
Finished job 3.
7 of 9 steps (78%) done
Select jobs to execute...

[Mon Sep  2 20:50:13 2024]
rule phastCons:
    input: 050.snpeff/snps.annotated.vcf
    output: 060.phastCons/phastcons.annotated.vcf
    jobid: 8
    reason: Missing output files: 060.phastCons/phastcons.annotated.vcf; Input files updated by another job: 050.snpeff/snps.annotated.vcf
    resources: tmpdir=/tmp

RuleException in rule phastCons in file /vsc-hard-mounts/leuven-data/362/vsc36251/exam_June_2024/snakemake/Snakefile, line 110:
AttributeError: 'OutputFiles' object has no attribute 'vcf', when formatting the following:

        mkdir -p 060.phastCons

        java -jar {params.snpsift_jar} annotate             {params.phastcons_db} {input.vcf} > {output.vcf}
        
