Building DAG of jobs...
Using shell: /lustre1/project/stg_00079/teaching/I0U19a_conda_2024/bin/bash
Provided cores: 1 (use --cores to define parallelism)
Rules claiming more threads will be scaled down.
Job stats:
job          count
---------  -------
all              1
phastCons        1
total            2

Select jobs to execute...

[Mon Sep  2 22:48:34 2024]
rule phastCons:
    input: 050.snpeff/snps.annotated.vcf
    output: 060.phastCons/phastcons.annotated.vcf
    jobid: 8
    reason: Missing output files: 060.phastCons/phastcons.annotated.vcf
    resources: tmpdir=/tmp

[Mon Sep  2 22:48:35 2024]
Error in rule phastCons:
    jobid: 8
    input: 050.snpeff/snps.annotated.vcf
    output: 060.phastCons/phastcons.annotated.vcf
    shell:
        
        mkdir -p 060.phastCons

        java -jar /lustre1/project/stg_00079/teaching/I0U19a_conda_2024/share/snpsift-5.2-0/SnpSift.jar annotate             /staging/leuven/stg_00079/teaching/phastcons 050.snpeff/snps.annotated.vcf > 060.phastCons/phastcons.annotated.vcf
        
        (one of the commands exited with non-zero exit code; note that snakemake uses bash strict mode!)

Removing output files of failed job phastCons since they might be corrupted:
060.phastCons/phastcons.annotated.vcf
Shutting down, this might take some time.
Exiting because a job execution failed. Look above for error message
Complete log: .snakemake/log/2024-09-02T224832.784816.snakemake.log
