Building DAG of jobs...
Using shell: /lustre1/project/stg_00079/teaching/I0U19a_conda_2024/bin/bash
Provided cores: 1 (use --cores to define parallelism)
Rules claiming more threads will be scaled down.
Job stats:
job       count
------  -------
all           1
snpeff        1
total         2

Select jobs to execute...

[Wed May  1 14:02:03 2024]
rule snpeff:
    input: 4_cleaned/snps.cleaned.vcf
    output: 5_snpeff/snps.annotated.vcf, 5_snpeff/snpEff_summary.html, 5_snpeff/snpEff_genes.txt
    log: 5_snpeff/snakemake.err
    jobid: 2
    reason: Missing output files: 5_snpeff/snps.annotated.vcf
    resources: tmpdir=/tmp

Terminating processes on user request, this might take some time.
[Wed May  1 14:02:58 2024]
Error in rule snpeff:
    jobid: 2
    input: 4_cleaned/snps.cleaned.vcf
    output: 5_snpeff/snps.annotated.vcf, 5_snpeff/snpEff_summary.html, 5_snpeff/snpEff_genes.txt
    log: 5_snpeff/snakemake.err (check log file(s) for error details)
    shell:
        

        mkdir -p 5_snpeff

        java -Xmx4096m -jar             /staging/leuven/stg_00079/teaching/I0U19a_conda_2024/share/snpeff-5.2-0/snpEff.jar eff hg19             -dataDir /staging/leuven/stg_00079/teaching/1000genomes/hg38             4_cleaned/snps.cleaned.vcf > 5_snpeff/snps.annotated.vcf

        # move output files to the snpeff output folder
        mv snpEff_genes.txt snpEff_summary.html 5_snpeff

        
        (one of the commands exited with non-zero exit code; note that snakemake uses bash strict mode!)

Complete log: .snakemake/log/2024-05-01T140144.861749.snakemake.log
