Building DAG of jobs...
Using shell: /lustre1/project/stg_00079/teaching/I0U19a_conda_2024/bin/bash
Provided cores: 1 (use --cores to define parallelism)
Rules claiming more threads will be scaled down.
Job stats:
job                 count
----------------  -------
all                     1
extract_snps            1
snakefile_report        1
snp_heatmap             1
snpeff                  1
submit_job              1
total                   6

Select jobs to execute...

[Wed May  1 14:48:24 2024]
rule submit_job:
    output: snakemake.slurm
    jobid: 29
    reason: Missing output files: snakemake.slurm
    resources: tmpdir=/tmp

[Wed May  1 14:48:25 2024]
Error in rule submit_job:
    jobid: 29
    output: snakemake.slurm
    shell:
        
        snakemake -c1
        
        (one of the commands exited with non-zero exit code; note that snakemake uses bash strict mode!)

Shutting down, this might take some time.
Exiting because a job execution failed. Look above for error message
Complete log: .snakemake/log/2024-05-01T144822.759026.snakemake.log
