Building DAG of jobs...
Using shell: /lustre1/project/stg_00079/teaching/I0U19a_conda_2024/bin/bash
Provided cores: 1 (use --cores to define parallelism)
Rules claiming more threads will be scaled down.
Job stats:
job              count
-------------  -------
SNP_calling          1
SNP_norm_filt        1
all                  1
bwa                  1
fastqc               1
snpeff               1
total                6

Select jobs to execute...

[Wed May  1 12:15:55 2024]
rule bwa:
    input: /staging/leuven/stg_00079/teaching/1000genomes/HG00141.GRCh38DH.exome.chr21.fq.gz
    output: 2_bwa/HG00141.GRCh38DH.exome.chr21.bam, 2_bwa/HG00141.GRCh38DH.exome.chr21.bam.bai
    jobid: 5
    reason: Missing output files: 2_bwa/HG00141.GRCh38DH.exome.chr21.bam
    wildcards: sample=HG00141.GRCh38DH.exome.chr21
    resources: tmpdir=/tmp

[Wed May  1 12:16:26 2024]
Finished job 5.
1 of 6 steps (17%) done
Select jobs to execute...

[Wed May  1 12:16:26 2024]
rule SNP_calling:
    input: /lustre1/project/stg_00079/teaching/hg38_21/chr21.fa, 2_bwa/HG00141.GRCh38DH.exome.chr21.bam
    output: 3_samtools/snps.vcf
    jobid: 4
    reason: Missing output files: 3_samtools/snps.vcf; Input files updated by another job: 2_bwa/HG00141.GRCh38DH.exome.chr21.bam
    resources: tmpdir=/tmp

[Wed May  1 12:16:40 2024]
Finished job 4.
2 of 6 steps (33%) done
Select jobs to execute...

[Wed May  1 12:16:40 2024]
rule SNP_norm_filt:
    input: /lustre1/project/stg_00079/teaching/hg38_21/chr21.fa, 3_samtools/snps.vcf
    output: 4_cleaned/snps.cleaned.vcf
    jobid: 3
    reason: Missing output files: 4_cleaned/snps.cleaned.vcf; Input files updated by another job: 3_samtools/snps.vcf
    resources: tmpdir=/tmp

[Wed May  1 12:16:40 2024]
Finished job 3.
3 of 6 steps (50%) done
Select jobs to execute...

[Wed May  1 12:16:40 2024]
rule fastqc:
    input: /staging/leuven/stg_00079/teaching/1000genomes/HG00141.GRCh38DH.exome.chr21.fq.gz
    output: 1_fastqc/HG00141.GRCh38DH.exome.chr21_fastqc.zip, 1_fastqc/HG00141.GRCh38DH.exome.chr21_fastqc.html, 1_fastqc/HG00141.GRCh38DH.exome.chr21_fastqc/summary.txt, 1_fastqc/HG00141.GRCh38DH.exome.chr21_fastqc/Images/per_base_quality.png
    jobid: 1
    reason: Missing output files: 1_fastqc/HG00141.GRCh38DH.exome.chr21_fastqc.zip
    wildcards: name=HG00141.GRCh38DH.exome.chr21
    resources: tmpdir=/tmp

[Wed May  1 12:16:45 2024]
Finished job 1.
4 of 6 steps (67%) done
Select jobs to execute...

[Wed May  1 12:16:45 2024]
rule snpeff:
    input: 4_cleaned/snps.cleaned.vcf
    output: 5_snpeff/snps.annotated.vcf, 5_snpeff/snpEff_summary.html, 5_snpeff/snpEff_genes.txt
    log: 5_snpeff/snakemake.err
    jobid: 2
    reason: Missing output files: 5_snpeff/snps.annotated.vcf; Input files updated by another job: 4_cleaned/snps.cleaned.vcf
    resources: tmpdir=/tmp

[Wed May  1 12:16:45 2024]
Error in rule snpeff:
    jobid: 2
    input: 4_cleaned/snps.cleaned.vcf
    output: 5_snpeff/snps.annotated.vcf, 5_snpeff/snpEff_summary.html, 5_snpeff/snpEff_genes.txt
    log: 5_snpeff/snakemake.err (check log file(s) for error details)
    shell:
        

        mkdir -p 5_snpeff

        java -Xmx4096m -jar             /lustre1/project/stg_00079/teaching/miniconda3/pkgs/snpeff-5.1-hdfd78af_2/share/snpeff-5.1-2/snpEff.jar eff hg19             -dataDir /staging/leuven/stg_00079/teaching/snpeff_db/             4_cleaned/snps.cleaned.vcf > 5_snpeff/snps.annotated.vcf

        # move output files to the snpeff output folder
        mv snpEff_genes.txt snpEff_summary.html 5_snpeff

        
        (one of the commands exited with non-zero exit code; note that snakemake uses bash strict mode!)

Removing output files of failed job snpeff since they might be corrupted:
5_snpeff/snps.annotated.vcf
Shutting down, this might take some time.
Exiting because a job execution failed. Look above for error message
Complete log: .snakemake/log/2024-05-01T121554.882807.snakemake.log
