Building DAG of jobs...
Using shell: /lustre1/project/stg_00079/teaching/I0U19a_conda_2024/bin/bash
Provided cores: 1 (use --cores to define parallelism)
Rules claiming more threads will be scaled down.
Job stats:
job       count
------  -------
all           1
snpeff        1
total         2

Select jobs to execute...

[Wed May  1 14:40:50 2024]
rule snpeff:
    input: 4_cleaned/snps.cleaned.vcf
    output: 5_snpeff/snps.annotated.vcf, 5_snpeff/snpEff_summary.html, 5_snpeff/snpEff_genes.txt
    log: 5_snpeff/snakemake.err
    jobid: 12
    reason: Missing output files: 5_snpeff/snps.annotated.vcf
    resources: tmpdir=/tmp

[Wed May  1 14:41:33 2024]
Finished job 12.
1 of 2 steps (50%) done
Select jobs to execute...

[Wed May  1 14:41:33 2024]
localrule all:
    input: 1_fastqc/HG00141.GRCh38DH.exome.chr21_fastqc.zip, 1_fastqc/HG00261.GRCh38DH.exome.chr21_fastqc.zip, 1_fastqc/HG00111.GRCh38DH.exome.chr21_fastqc.zip, 1_fastqc/HG00131.GRCh38DH.exome.chr21_fastqc.zip, 1_fastqc/HG00231.GRCh38DH.exome.chr21_fastqc.zip, 1_fastqc/HG01791.GRCh38DH.exome.chr21_fastqc.zip, 1_fastqc/HG04301.GRCh38DH.exome.chr21_fastqc.zip, 1_fastqc/HG00121.GRCh38DH.exome.chr21_fastqc.zip, 1_fastqc/HG00251.GRCh38DH.exome.chr21_fastqc.zip, 1_fastqc/HG00101.GRCh38DH.exome.chr21_fastqc.zip, 1_fastqc/HG00151.GRCh38DH.exome.chr21_fastqc.zip, 5_snpeff/snps.annotated.vcf
    jobid: 0
    reason: Input files updated by another job: 5_snpeff/snps.annotated.vcf
    resources: tmpdir=/tmp

[Wed May  1 14:41:33 2024]
Finished job 0.
2 of 2 steps (100%) done
Complete log: .snakemake/log/2024-05-01T144040.372721.snakemake.log
