Building DAG of jobs...
Using shell: /lustre1/project/stg_00079/teaching/I0U19a_conda_2024/bin/bash
Provided cores: 1 (use --cores to define parallelism)
Rules claiming more threads will be scaled down.
Job stats:
job                 count
----------------  -------
all                     1
extract_snps            1
snakefile_report        1
snp_heatmap             1
snpeff                  1
submit_job              1
total                   6

Select jobs to execute...

[Wed May  1 14:53:28 2024]
rule snakefile_report:
    output: Snakefile_report.html
    jobid: 28
    reason: Missing output files: Snakefile_report.html
    resources: tmpdir=/tmp

[Wed May  1 14:53:31 2024]
Error in rule snakefile_report:
    jobid: 28
    output: Snakefile_report.html
    shell:
        
        snakemake -c1 -s /data/leuven/362/vsc36251/Assignment2/snakefile --report > Snakefile_report.html
        
        (one of the commands exited with non-zero exit code; note that snakemake uses bash strict mode!)

Removing output files of failed job snakefile_report since they might be corrupted:
Snakefile_report.html
Shutting down, this might take some time.
Exiting because a job execution failed. Look above for error message
Complete log: .snakemake/log/2024-05-01T145318.595690.snakemake.log
