2024-08-02 20:01:03.396 [info] Extension host with pid 2693927 started
2024-08-02 20:01:03.399 [error] Error: EEXIST: file already exists, open '/data/leuven/362/vsc36251/User/workspaceStorage/5568b795/vscode.lock'
2024-08-02 20:01:03.407 [info] Lock '/data/leuven/362/vsc36251/User/workspaceStorage/5568b795/vscode.lock': Could not acquire lock, checking if the file is stale.
2024-08-02 20:01:03.413 [info] Lock '/data/leuven/362/vsc36251/User/workspaceStorage/5568b795/vscode.lock': The pid 451097 appears to be gone.
2024-08-02 20:01:03.413 [info] Lock '/data/leuven/362/vsc36251/User/workspaceStorage/5568b795/vscode.lock': Deleting a stale lock.
2024-08-02 20:01:03.417 [info] Lock '/data/leuven/362/vsc36251/User/workspaceStorage/5568b795/vscode.lock': Lock acquired.
2024-08-02 20:01:03.500 [info] ExtensionService#_doActivateExtension vscode.git-base, startup: true, activationEvent: '*', root cause: vscode.git
2024-08-02 20:01:03.566 [info] ExtensionService#_doActivateExtension vscode.git, startup: true, activationEvent: '*'
2024-08-02 20:01:03.566 [info] ExtensionService#_doActivateExtension vscode.github, startup: true, activationEvent: '*'
2024-08-02 20:01:03.871 [info] Eager extensions activated
2024-08-02 20:01:03.871 [info] ExtensionService#_doActivateExtension vscode.debug-auto-launch, startup: false, activationEvent: 'onStartupFinished'
2024-08-02 20:01:03.871 [info] ExtensionService#_doActivateExtension vscode.merge-conflict, startup: false, activationEvent: 'onStartupFinished'
2024-08-02 20:01:06.114 [debug] ProxyResolver#loadSystemCertificates count 154
2024-08-02 20:01:06.115 [debug] ProxyResolver#loadSystemCertificates parse error Error: error:0480006C:PEM routines::no start line
	at new X509Certificate (node:internal/crypto/x509:119:21)
	at /usr/lib/code-server/lib/vscode/node_modules/@vscode/proxy-agent/out/index.js:493:48
	at Array.filter (<anonymous>)
	at /usr/lib/code-server/lib/vscode/node_modules/@vscode/proxy-agent/out/index.js:491:26
	at Generator.next (<anonymous>)
	at fulfilled (/usr/lib/code-server/lib/vscode/node_modules/@vscode/proxy-agent/out/index.js:32:58)
2024-08-02 20:01:06.149 [debug] ProxyResolver#loadSystemCertificates count filtered 149
2024-08-02 20:01:06.152 [debug] ProxyResolver#resolveProxy unconfigured https://mobile.events.data.microsoft.com/OneCollector/1.0?cors=true&content-type=application/x-json-stream DIRECT 
2024-08-02 20:01:17.655 [info] ExtensionService#_doActivateExtension vscode.emmet, startup: false, activationEvent: 'onLanguage'
2024-08-02 20:08:22.317 [info] ExtensionService#_doActivateExtension vscode.extension-editing, startup: false, activationEvent: 'onLanguage:markdown'
2024-08-02 20:08:22.317 [info] ExtensionService#_doActivateExtension vscode.markdown-language-features, startup: false, activationEvent: 'onLanguage:markdown'
2024-08-02 20:08:23.724 [info] ExtensionService#_doActivateExtension vscode.markdown-math, startup: false, activationEvent: 'api', root cause: vscode.markdown-language-features
2024-08-02 20:13:54.715 [info] ExtensionService#_doActivateExtension vscode.npm, startup: false, activationEvent: 'onTerminalQuickFixRequest:ms-vscode.npm-command'
2024-08-02 20:13:54.849 [debug] ExtHostSearch /usr/lib/code-server/lib/vscode/node_modules/@vscode/ripgrep/bin/rg --files --hidden --case-sensitive --no-require-git -g '**/package.json' -g '!**/.git' -g '!**/.svn' -g '!**/.hg' -g '!**/CVS' -g '!**/.DS_Store' -g '!**/Thumbs.db' -g '!**/*.crswap' --no-ignore --follow --no-config --no-ignore-global
 - cwd: /user/leuven/362/vsc36251
 - Sibling clauses: {}
2024-08-02 20:13:55.434 [debug] ExtHostSearch Search finished. Stats: {"cmdTime":588,"fileWalkTime":588,"directoriesWalked":0,"filesWalked":0,"cmdResultCount":80}
2024-08-02 20:13:55.434 [debug] Ext host file search time: 589ms
2024-08-02 20:46:56.230 [debug] ExtHostSearch /usr/lib/code-server/lib/vscode/node_modules/@vscode/ripgrep/bin/rg --files --hidden --case-sensitive --no-require-git -g '!**/.git' -g '!**/.svn' -g '!**/.hg' -g '!**/CVS' -g '!**/.DS_Store' -g '!**/Thumbs.db' -g '!**/*.crswap' -g '!**/node_modules' -g '!**/bower_components' -g '!**/*.code-search' --no-ignore-parent --follow --no-config --no-ignore-global
 - cwd: /user/leuven/362/vsc36251
 - Sibling clauses: {}
2024-08-02 20:46:59.990 [debug] ExtHostSearch Search finished. Stats: {"cmdTime":3762,"fileWalkTime":3763,"directoriesWalked":0,"filesWalked":0,"cmdResultCount":27703}
2024-08-02 20:46:59.991 [debug] Ext host file search time: 3764ms
2024-08-02 20:48:44.115 [info] Extension host terminating: received terminate message from renderer
2024-08-02 20:48:44.117 [info] Lock '/data/leuven/362/vsc36251/User/workspaceStorage/5568b795/vscode.lock': Marking the lockfile as scheduled to be released in 6000 ms.
2024-08-02 20:48:44.151 [info] Extension host with pid 2693927 exiting with code 0
