Building DAG of jobs...
Creating report...
Missing metadata for file 1_fastqc/HG00141.GRCh38DH.exome.chr21_fastqc.zip. Maybe metadata was deleted or it was created using an older version of Snakemake. This is a non critical warning.
Missing metadata for file 1_fastqc/HG00141.GRCh38DH.exome.chr21_fastqc.html. Maybe metadata was deleted or it was created using an older version of Snakemake. This is a non critical warning.
Missing metadata for file 1_fastqc/HG00141.GRCh38DH.exome.chr21_fastqc/fastqc_data.txt. Maybe metadata was deleted or it was created using an older version of Snakemake. This is a non critical warning.
Missing metadata for file 1_fastqc/HG00261.GRCh38DH.exome.chr21_fastqc.zip. Maybe metadata was deleted or it was created using an older version of Snakemake. This is a non critical warning.
Missing metadata for file 1_fastqc/HG00261.GRCh38DH.exome.chr21_fastqc.html. Maybe metadata was deleted or it was created using an older version of Snakemake. This is a non critical warning.
Missing metadata for file 1_fastqc/HG00261.GRCh38DH.exome.chr21_fastqc/fastqc_data.txt. Maybe metadata was deleted or it was created using an older version of Snakemake. This is a non critical warning.
Missing metadata for file 1_fastqc/HG00111.GRCh38DH.exome.chr21_fastqc.zip. Maybe metadata was deleted or it was created using an older version of Snakemake. This is a non critical warning.
Missing metadata for file 1_fastqc/HG00111.GRCh38DH.exome.chr21_fastqc.html. Maybe metadata was deleted or it was created using an older version of Snakemake. This is a non critical warning.
Missing metadata for file 1_fastqc/HG00111.GRCh38DH.exome.chr21_fastqc/fastqc_data.txt. Maybe metadata was deleted or it was created using an older version of Snakemake. This is a non critical warning.
Missing metadata for file 1_fastqc/HG00131.GRCh38DH.exome.chr21_fastqc.zip. Maybe metadata was deleted or it was created using an older version of Snakemake. This is a non critical warning.
Missing metadata for file 1_fastqc/HG00131.GRCh38DH.exome.chr21_fastqc.html. Maybe metadata was deleted or it was created using an older version of Snakemake. This is a non critical warning.
Missing metadata for file 1_fastqc/HG00131.GRCh38DH.exome.chr21_fastqc/fastqc_data.txt. Maybe metadata was deleted or it was created using an older version of Snakemake. This is a non critical warning.
Missing metadata for file 1_fastqc/HG00231.GRCh38DH.exome.chr21_fastqc.zip. Maybe metadata was deleted or it was created using an older version of Snakemake. This is a non critical warning.
Missing metadata for file 1_fastqc/HG00231.GRCh38DH.exome.chr21_fastqc.html. Maybe metadata was deleted or it was created using an older version of Snakemake. This is a non critical warning.
Missing metadata for file 1_fastqc/HG00231.GRCh38DH.exome.chr21_fastqc/fastqc_data.txt. Maybe metadata was deleted or it was created using an older version of Snakemake. This is a non critical warning.
Missing metadata for file 1_fastqc/HG01791.GRCh38DH.exome.chr21_fastqc.zip. Maybe metadata was deleted or it was created using an older version of Snakemake. This is a non critical warning.
Missing metadata for file 1_fastqc/HG01791.GRCh38DH.exome.chr21_fastqc.html. Maybe metadata was deleted or it was created using an older version of Snakemake. This is a non critical warning.
Missing metadata for file 1_fastqc/HG01791.GRCh38DH.exome.chr21_fastqc/fastqc_data.txt. Maybe metadata was deleted or it was created using an older version of Snakemake. This is a non critical warning.
Missing metadata for file 1_fastqc/HG04301.GRCh38DH.exome.chr21_fastqc.zip. Maybe metadata was deleted or it was created using an older version of Snakemake. This is a non critical warning.
Missing metadata for file 1_fastqc/HG04301.GRCh38DH.exome.chr21_fastqc.html. Maybe metadata was deleted or it was created using an older version of Snakemake. This is a non critical warning.
Missing metadata for file 1_fastqc/HG04301.GRCh38DH.exome.chr21_fastqc/fastqc_data.txt. Maybe metadata was deleted or it was created using an older version of Snakemake. This is a non critical warning.
Missing metadata for file 1_fastqc/HG00121.GRCh38DH.exome.chr21_fastqc.zip. Maybe metadata was deleted or it was created using an older version of Snakemake. This is a non critical warning.
Missing metadata for file 1_fastqc/HG00121.GRCh38DH.exome.chr21_fastqc.html. Maybe metadata was deleted or it was created using an older version of Snakemake. This is a non critical warning.
Missing metadata for file 1_fastqc/HG00121.GRCh38DH.exome.chr21_fastqc/fastqc_data.txt. Maybe metadata was deleted or it was created using an older version of Snakemake. This is a non critical warning.
Missing metadata for file 1_fastqc/HG00251.GRCh38DH.exome.chr21_fastqc.zip. Maybe metadata was deleted or it was created using an older version of Snakemake. This is a non critical warning.
Missing metadata for file 1_fastqc/HG00251.GRCh38DH.exome.chr21_fastqc.html. Maybe metadata was deleted or it was created using an older version of Snakemake. This is a non critical warning.
Missing metadata for file 1_fastqc/HG00251.GRCh38DH.exome.chr21_fastqc/fastqc_data.txt. Maybe metadata was deleted or it was created using an older version of Snakemake. This is a non critical warning.
Missing metadata for file 1_fastqc/HG00101.GRCh38DH.exome.chr21_fastqc.zip. Maybe metadata was deleted or it was created using an older version of Snakemake. This is a non critical warning.
Missing metadata for file 1_fastqc/HG00101.GRCh38DH.exome.chr21_fastqc.html. Maybe metadata was deleted or it was created using an older version of Snakemake. This is a non critical warning.
Missing metadata for file 1_fastqc/HG00101.GRCh38DH.exome.chr21_fastqc/fastqc_data.txt. Maybe metadata was deleted or it was created using an older version of Snakemake. This is a non critical warning.
Missing metadata for file 1_fastqc/HG00151.GRCh38DH.exome.chr21_fastqc.zip. Maybe metadata was deleted or it was created using an older version of Snakemake. This is a non critical warning.
Missing metadata for file 1_fastqc/HG00151.GRCh38DH.exome.chr21_fastqc.html. Maybe metadata was deleted or it was created using an older version of Snakemake. This is a non critical warning.
Missing metadata for file 1_fastqc/HG00151.GRCh38DH.exome.chr21_fastqc/fastqc_data.txt. Maybe metadata was deleted or it was created using an older version of Snakemake. This is a non critical warning.
Missing metadata for file 3_samtools/snps.vcf. Maybe metadata was deleted or it was created using an older version of Snakemake. This is a non critical warning.
Missing metadata for file 2_bwa/HG00141.GRCh38DH.exome.chr21.bam. Maybe metadata was deleted or it was created using an older version of Snakemake. This is a non critical warning.
Missing metadata for file 2_bwa/HG00141.GRCh38DH.exome.chr21.bam.bai. Maybe metadata was deleted or it was created using an older version of Snakemake. This is a non critical warning.
Missing metadata for file 2_bwa/HG00261.GRCh38DH.exome.chr21.bam. Maybe metadata was deleted or it was created using an older version of Snakemake. This is a non critical warning.
Missing metadata for file 2_bwa/HG00261.GRCh38DH.exome.chr21.bam.bai. Maybe metadata was deleted or it was created using an older version of Snakemake. This is a non critical warning.
Missing metadata for file 2_bwa/HG00111.GRCh38DH.exome.chr21.bam. Maybe metadata was deleted or it was created using an older version of Snakemake. This is a non critical warning.
Missing metadata for file 2_bwa/HG00111.GRCh38DH.exome.chr21.bam.bai. Maybe metadata was deleted or it was created using an older version of Snakemake. This is a non critical warning.
Missing metadata for file 2_bwa/HG00131.GRCh38DH.exome.chr21.bam. Maybe metadata was deleted or it was created using an older version of Snakemake. This is a non critical warning.
Missing metadata for file 2_bwa/HG00131.GRCh38DH.exome.chr21.bam.bai. Maybe metadata was deleted or it was created using an older version of Snakemake. This is a non critical warning.
Missing metadata for file 2_bwa/HG00231.GRCh38DH.exome.chr21.bam. Maybe metadata was deleted or it was created using an older version of Snakemake. This is a non critical warning.
Missing metadata for file 2_bwa/HG00231.GRCh38DH.exome.chr21.bam.bai. Maybe metadata was deleted or it was created using an older version of Snakemake. This is a non critical warning.
Missing metadata for file 2_bwa/HG01791.GRCh38DH.exome.chr21.bam. Maybe metadata was deleted or it was created using an older version of Snakemake. This is a non critical warning.
Missing metadata for file 2_bwa/HG01791.GRCh38DH.exome.chr21.bam.bai. Maybe metadata was deleted or it was created using an older version of Snakemake. This is a non critical warning.
Missing metadata for file 2_bwa/HG04301.GRCh38DH.exome.chr21.bam. Maybe metadata was deleted or it was created using an older version of Snakemake. This is a non critical warning.
Missing metadata for file 2_bwa/HG04301.GRCh38DH.exome.chr21.bam.bai. Maybe metadata was deleted or it was created using an older version of Snakemake. This is a non critical warning.
Missing metadata for file 2_bwa/HG00121.GRCh38DH.exome.chr21.bam. Maybe metadata was deleted or it was created using an older version of Snakemake. This is a non critical warning.
Missing metadata for file 2_bwa/HG00121.GRCh38DH.exome.chr21.bam.bai. Maybe metadata was deleted or it was created using an older version of Snakemake. This is a non critical warning.
Missing metadata for file 2_bwa/HG00251.GRCh38DH.exome.chr21.bam. Maybe metadata was deleted or it was created using an older version of Snakemake. This is a non critical warning.
Missing metadata for file 2_bwa/HG00251.GRCh38DH.exome.chr21.bam.bai. Maybe metadata was deleted or it was created using an older version of Snakemake. This is a non critical warning.
Missing metadata for file 2_bwa/HG00101.GRCh38DH.exome.chr21.bam. Maybe metadata was deleted or it was created using an older version of Snakemake. This is a non critical warning.
Missing metadata for file 2_bwa/HG00101.GRCh38DH.exome.chr21.bam.bai. Maybe metadata was deleted or it was created using an older version of Snakemake. This is a non critical warning.
Missing metadata for file 2_bwa/HG00151.GRCh38DH.exome.chr21.bam. Maybe metadata was deleted or it was created using an older version of Snakemake. This is a non critical warning.
Missing metadata for file 2_bwa/HG00151.GRCh38DH.exome.chr21.bam.bai. Maybe metadata was deleted or it was created using an older version of Snakemake. This is a non critical warning.
Missing metadata for file 4_cleaned/snps.cleaned.vcf. Maybe metadata was deleted or it was created using an older version of Snakemake. This is a non critical warning.
Missing metadata for file 5_snpeff/snps.annotated.vcf. Maybe metadata was deleted or it was created using an older version of Snakemake. This is a non critical warning.
Missing metadata for file 5_snpeff/snpEff_summary.html. Maybe metadata was deleted or it was created using an older version of Snakemake. This is a non critical warning.
Missing metadata for file 5_snpeff/snpEff_genes.txt. Maybe metadata was deleted or it was created using an older version of Snakemake. This is a non critical warning.
Missing metadata for file genes.vcf. Maybe metadata was deleted or it was created using an older version of Snakemake. This is a non critical warning.
Downloading resources and rendering HTML.
Report created: report.html.
