Building DAG of jobs...
Using shell: /lustre1/project/stg_00079/teaching/I0U19a_conda_2024/bin/bash
Provided cluster nodes: 22
Job stats:
job             count
------------  -------
all                 1
extract_snps        1
fastqc             11
total              13

Select jobs to execute...

[Wed May  1 23:46:20 2024]
localrule extract_snps:
    input: 5_snpeff/snps.annotated.vcf
    output: genes.vcf
    jobid: 26
    reason: Missing output files: genes.vcf
    resources: mem_mb=1000, mem_mib=954, disk_mb=1000, disk_mib=954, tmpdir=/tmp


[Wed May  1 23:46:20 2024]
rule fastqc:
    input: /staging/leuven/stg_00079/teaching/1000genomes/HG00231.GRCh38DH.exome.chr21.fq.gz
    output: 1_fastqc/HG00231.GRCh38DH.exome.chr21_fastqc.zip, 1_fastqc/HG00231.GRCh38DH.exome.chr21_fastqc.html, 1_fastqc/HG00231.GRCh38DH.exome.chr21_fastqc/fastqc_data.txt, 1_fastqc/HG00231.GRCh38DH.exome.chr21_fastqc/Images/per_base_quality.png, 1_fastqc/HG00231.GRCh38DH.exome.chr21_fastqc/Images/per_base_sequence_content.png, 1_fastqc/HG00231.GRCh38DH.exome.chr21_fastqc/summary.txt
    jobid: 5
    reason: Missing output files: 1_fastqc/HG00231.GRCh38DH.exome.chr21_fastqc.zip
    wildcards: sample=HG00231.GRCh38DH.exome.chr21
    resources: mem_mb=1000, mem_mib=954, disk_mb=1000, disk_mib=954, tmpdir=<TBD>

[Wed May  1 23:46:20 2024]
Error in rule extract_snps:
    jobid: 26
    input: 5_snpeff/snps.annotated.vcf
    output: genes.vcf
    shell:
        
        export PATH=export PATH=/lustre1/project/stg_00079/teaching/I0U19a_conda_2024/bin:$PATH
        # Extract SNPs associated with APP, SOD21, and DYRK1A from the annotated VCF file
        bcftools view -i 'INFO/ANN[*].Gene_Name="APP" || INFO/ANN[*].Gene_Name="SOD21" || INFO/ANN[*].Gene_Name="DYRK1A"'             5_snpeff/snps.annotated.vcf -o genes.vcf
        
        (one of the commands exited with non-zero exit code; note that snakemake uses bash strict mode!)

Submitted job 5 with external jobid 'Submitted batch job 61376513 on cluster wice'.

[Wed May  1 23:46:21 2024]
rule fastqc:
    input: /staging/leuven/stg_00079/teaching/1000genomes/HG04301.GRCh38DH.exome.chr21.fq.gz
    output: 1_fastqc/HG04301.GRCh38DH.exome.chr21_fastqc.zip, 1_fastqc/HG04301.GRCh38DH.exome.chr21_fastqc.html, 1_fastqc/HG04301.GRCh38DH.exome.chr21_fastqc/fastqc_data.txt, 1_fastqc/HG04301.GRCh38DH.exome.chr21_fastqc/Images/per_base_quality.png, 1_fastqc/HG04301.GRCh38DH.exome.chr21_fastqc/Images/per_base_sequence_content.png, 1_fastqc/HG04301.GRCh38DH.exome.chr21_fastqc/summary.txt
    jobid: 7
    reason: Missing output files: 1_fastqc/HG04301.GRCh38DH.exome.chr21_fastqc.zip
    wildcards: sample=HG04301.GRCh38DH.exome.chr21
    resources: mem_mb=1000, mem_mib=954, disk_mb=1000, disk_mib=954, tmpdir=<TBD>

Submitted job 7 with external jobid 'Submitted batch job 61376517 on cluster wice'.

[Wed May  1 23:46:22 2024]
rule fastqc:
    input: /staging/leuven/stg_00079/teaching/1000genomes/HG00251.GRCh38DH.exome.chr21.fq.gz
    output: 1_fastqc/HG00251.GRCh38DH.exome.chr21_fastqc.zip, 1_fastqc/HG00251.GRCh38DH.exome.chr21_fastqc.html, 1_fastqc/HG00251.GRCh38DH.exome.chr21_fastqc/fastqc_data.txt, 1_fastqc/HG00251.GRCh38DH.exome.chr21_fastqc/Images/per_base_quality.png, 1_fastqc/HG00251.GRCh38DH.exome.chr21_fastqc/Images/per_base_sequence_content.png, 1_fastqc/HG00251.GRCh38DH.exome.chr21_fastqc/summary.txt
    jobid: 9
    reason: Missing output files: 1_fastqc/HG00251.GRCh38DH.exome.chr21_fastqc.zip
    wildcards: sample=HG00251.GRCh38DH.exome.chr21
    resources: mem_mb=1000, mem_mib=954, disk_mb=1000, disk_mib=954, tmpdir=<TBD>

Submitted job 9 with external jobid 'Submitted batch job 61376518 on cluster wice'.

[Wed May  1 23:46:23 2024]
rule fastqc:
    input: /staging/leuven/stg_00079/teaching/1000genomes/HG00151.GRCh38DH.exome.chr21.fq.gz
    output: 1_fastqc/HG00151.GRCh38DH.exome.chr21_fastqc.zip, 1_fastqc/HG00151.GRCh38DH.exome.chr21_fastqc.html, 1_fastqc/HG00151.GRCh38DH.exome.chr21_fastqc/fastqc_data.txt, 1_fastqc/HG00151.GRCh38DH.exome.chr21_fastqc/Images/per_base_quality.png, 1_fastqc/HG00151.GRCh38DH.exome.chr21_fastqc/Images/per_base_sequence_content.png, 1_fastqc/HG00151.GRCh38DH.exome.chr21_fastqc/summary.txt
    jobid: 11
    reason: Missing output files: 1_fastqc/HG00151.GRCh38DH.exome.chr21_fastqc.zip
    wildcards: sample=HG00151.GRCh38DH.exome.chr21
    resources: mem_mb=1000, mem_mib=954, disk_mb=1000, disk_mib=954, tmpdir=<TBD>

