Building DAG of jobs...
Using shell: /lustre1/project/stg_00079/teaching/I0U19a_conda_2024/bin/bash
Provided cluster nodes: 22
Job stats:
job             count
------------  -------
all                 1
extract_snps        1
fastqc              1
total               3

Select jobs to execute...

[Thu May  2 02:29:50 2024]
localrule extract_snps:
    input: 5_snpeff/snps.annotated.vcf
    output: genes.vcf
    jobid: 26
    reason: Code has changed since last execution
    resources: mem_mb=1000, mem_mib=954, disk_mb=1000, disk_mib=954, tmpdir=/tmp

[Thu May  2 02:29:50 2024]
rule fastqc:
    input: /staging/leuven/stg_00079/teaching/1000genomes/HG00141.GRCh38DH.exome.chr21.fq.gz
    output: 1_fastqc/HG00141.GRCh38DH.exome.chr21_fastqc.zip, 1_fastqc/HG00141.GRCh38DH.exome.chr21_fastqc.html, 1_fastqc/HG00141.GRCh38DH.exome.chr21_fastqc/fastqc_data.txt, 1_fastqc/HG00141.GRCh38DH.exome.chr21_fastqc/Images/per_base_quality.png, 1_fastqc/HG00141.GRCh38DH.exome.chr21_fastqc/Images/per_base_sequence_content.png, 1_fastqc/HG00141.GRCh38DH.exome.chr21_fastqc/summary.txt
    jobid: 1
    reason: Missing output files: 1_fastqc/HG00141.GRCh38DH.exome.chr21_fastqc.zip
    wildcards: sample=HG00141.GRCh38DH.exome.chr21
    resources: mem_mb=1000, mem_mib=954, disk_mb=1000, disk_mib=954, tmpdir=<TBD>

Submitted job 1 with external jobid 'Submitted batch job 61377321 on cluster wice'.
[Thu May  2 02:30:29 2024]
Error in rule fastqc:
    jobid: 1
    input: /staging/leuven/stg_00079/teaching/1000genomes/HG00141.GRCh38DH.exome.chr21.fq.gz
    output: 1_fastqc/HG00141.GRCh38DH.exome.chr21_fastqc.zip, 1_fastqc/HG00141.GRCh38DH.exome.chr21_fastqc.html, 1_fastqc/HG00141.GRCh38DH.exome.chr21_fastqc/fastqc_data.txt, 1_fastqc/HG00141.GRCh38DH.exome.chr21_fastqc/Images/per_base_quality.png, 1_fastqc/HG00141.GRCh38DH.exome.chr21_fastqc/Images/per_base_sequence_content.png, 1_fastqc/HG00141.GRCh38DH.exome.chr21_fastqc/summary.txt
    shell:
        
        export PATH=/lustre1/project/stg_00079/teaching/I0U19a_conda_2024/bin:$PATH
    
        echo "Input Fastq: HG00141.GRCh38DH.exome.chr21 "
        
        #extract the fastqc
        fastqc -o 1_fastqc /staging/leuven/stg_00079/teaching/1000genomes/HG00141.GRCh38DH.exome.chr21.fq.gz --extract

        # # Check if it is in FASTQ format
        # first_line=$(head -n 1 /staging/leuven/stg_00079/teaching/1000genomes/HG00141.GRCh38DH.exome.chr21.fq.gz)
        # third_line=$(sed -n '3p' /staging/leuven/stg_00079/teaching/1000genomes/HG00141.GRCh38DH.exome.chr21.fq.gz)

        # if ! [[ $first_line == "@"* && $second_line != "+" && $third_line == "+"* ]]; then
        #     echo "File is not in FASTQ format."
        #     false
        # fi

        # #check that file is not truncated
        # if [ $(tail -n 4 /staging/leuven/stg_00079/teaching/1000genomes/HG00141.GRCh38DH.exome.chr21.fq.gz | head -n 1 | cut -c1) = "@" ]; then
        #     echo "Fourth last line does not begin with '@'!"
        #     false
        # fi

        if grep FAIL 1_fastqc/HG00141.GRCh38DH.exome.chr21_fastqc/summary.txt; then
            echo "Summary contains Fails!"
            false
        fi
        #these warnings arent severe as bias can be introduced by the adapters used
        if grep WARN 1_fastqc/HG00141.GRCh38DH.exome.chr21_fastqc/summary.txt; then
            echo "Summary contains warnings!"
        fi
        
        (one of the commands exited with non-zero exit code; note that snakemake uses bash strict mode!)
    cluster_jobid: Submitted batch job 61377321 on cluster wice

Error executing rule fastqc on cluster (jobid: 1, external: Submitted batch job 61377321 on cluster wice, jobscript: /vsc-hard-mounts/leuven-data/362/vsc36251/Assignment2/.snakemake/tmp.6qctc3ay/fastqc1_HG00141.GRCh38DH.exome.chr21). For error details see the cluster log and the log files of the involved rule(s).
Exiting because a job execution failed. Look above for error message
Complete log: .snakemake/log/2024-05-02T022948.198016.snakemake.log
