Building DAG of jobs...
Creating report...
Adding per_base_quality.png (0.053 MB).
Adding per_base_sequence_content.png (0.061 MB).
Adding summary.txt (0.00064 MB).
Missing metadata for file 1_fastqc/html/HG00141.GRCh38DH.exome.chr21_fastqc.html. Maybe metadata was deleted or it was created using an older version of Snakemake. This is a non critical warning.
Missing metadata for file 1_fastqc/summary/HG00141.GRCh38DH.exome.chr21_fastqc/fastqc_data.txt. Maybe metadata was deleted or it was created using an older version of Snakemake. This is a non critical warning.
Missing metadata for file 1_fastqc/HG00141.GRCh38DH.exome.chr21_fastqc/Images/per_base_quality.png. Maybe metadata was deleted or it was created using an older version of Snakemake. This is a non critical warning.
Missing metadata for file 1_fastqc/HG00141.GRCh38DH.exome.chr21_fastqc/Images/per_base_sequence_content.png. Maybe metadata was deleted or it was created using an older version of Snakemake. This is a non critical warning.
Missing metadata for file 1_fastqc/HG00141.GRCh38DH.exome.chr21_fastqc/summary.txt. Maybe metadata was deleted or it was created using an older version of Snakemake. This is a non critical warning.
Adding per_base_quality.png (0.045 MB).
Adding per_base_sequence_content.png (0.052 MB).
Adding summary.txt (0.00064 MB).
Missing metadata for file 1_fastqc/html/HG00261.GRCh38DH.exome.chr21_fastqc.html. Maybe metadata was deleted or it was created using an older version of Snakemake. This is a non critical warning.
Missing metadata for file 1_fastqc/summary/HG00261.GRCh38DH.exome.chr21_fastqc/fastqc_data.txt. Maybe metadata was deleted or it was created using an older version of Snakemake. This is a non critical warning.
Missing metadata for file 1_fastqc/HG00261.GRCh38DH.exome.chr21_fastqc/Images/per_base_quality.png. Maybe metadata was deleted or it was created using an older version of Snakemake. This is a non critical warning.
Missing metadata for file 1_fastqc/HG00261.GRCh38DH.exome.chr21_fastqc/Images/per_base_sequence_content.png. Maybe metadata was deleted or it was created using an older version of Snakemake. This is a non critical warning.
Missing metadata for file 1_fastqc/HG00261.GRCh38DH.exome.chr21_fastqc/summary.txt. Maybe metadata was deleted or it was created using an older version of Snakemake. This is a non critical warning.
Adding per_base_quality.png (0.047 MB).
Adding per_base_sequence_content.png (0.052 MB).
Adding summary.txt (0.00064 MB).
Missing metadata for file 1_fastqc/html/HG00111.GRCh38DH.exome.chr21_fastqc.html. Maybe metadata was deleted or it was created using an older version of Snakemake. This is a non critical warning.
Missing metadata for file 1_fastqc/summary/HG00111.GRCh38DH.exome.chr21_fastqc/fastqc_data.txt. Maybe metadata was deleted or it was created using an older version of Snakemake. This is a non critical warning.
Missing metadata for file 1_fastqc/HG00111.GRCh38DH.exome.chr21_fastqc/Images/per_base_quality.png. Maybe metadata was deleted or it was created using an older version of Snakemake. This is a non critical warning.
Missing metadata for file 1_fastqc/HG00111.GRCh38DH.exome.chr21_fastqc/Images/per_base_sequence_content.png. Maybe metadata was deleted or it was created using an older version of Snakemake. This is a non critical warning.
Missing metadata for file 1_fastqc/HG00111.GRCh38DH.exome.chr21_fastqc/summary.txt. Maybe metadata was deleted or it was created using an older version of Snakemake. This is a non critical warning.
Adding per_base_quality.png (0.038 MB).
Adding per_base_sequence_content.png (0.05 MB).
Adding summary.txt (0.00064 MB).
Missing metadata for file 1_fastqc/html/HG00131.GRCh38DH.exome.chr21_fastqc.html. Maybe metadata was deleted or it was created using an older version of Snakemake. This is a non critical warning.
Missing metadata for file 1_fastqc/summary/HG00131.GRCh38DH.exome.chr21_fastqc/fastqc_data.txt. Maybe metadata was deleted or it was created using an older version of Snakemake. This is a non critical warning.
Missing metadata for file 1_fastqc/HG00131.GRCh38DH.exome.chr21_fastqc/Images/per_base_quality.png. Maybe metadata was deleted or it was created using an older version of Snakemake. This is a non critical warning.
Missing metadata for file 1_fastqc/HG00131.GRCh38DH.exome.chr21_fastqc/Images/per_base_sequence_content.png. Maybe metadata was deleted or it was created using an older version of Snakemake. This is a non critical warning.
Missing metadata for file 1_fastqc/HG00131.GRCh38DH.exome.chr21_fastqc/summary.txt. Maybe metadata was deleted or it was created using an older version of Snakemake. This is a non critical warning.
Adding per_base_quality.png (0.051 MB).
Adding per_base_sequence_content.png (0.059 MB).
Adding summary.txt (0.00064 MB).
Missing metadata for file 1_fastqc/html/HG00231.GRCh38DH.exome.chr21_fastqc.html. Maybe metadata was deleted or it was created using an older version of Snakemake. This is a non critical warning.
Missing metadata for file 1_fastqc/summary/HG00231.GRCh38DH.exome.chr21_fastqc/fastqc_data.txt. Maybe metadata was deleted or it was created using an older version of Snakemake. This is a non critical warning.
Missing metadata for file 1_fastqc/HG00231.GRCh38DH.exome.chr21_fastqc/Images/per_base_quality.png. Maybe metadata was deleted or it was created using an older version of Snakemake. This is a non critical warning.
Missing metadata for file 1_fastqc/HG00231.GRCh38DH.exome.chr21_fastqc/Images/per_base_sequence_content.png. Maybe metadata was deleted or it was created using an older version of Snakemake. This is a non critical warning.
Missing metadata for file 1_fastqc/HG00231.GRCh38DH.exome.chr21_fastqc/summary.txt. Maybe metadata was deleted or it was created using an older version of Snakemake. This is a non critical warning.
Adding per_base_quality.png (0.044 MB).
Adding per_base_sequence_content.png (0.051 MB).
Adding summary.txt (0.00064 MB).
Missing metadata for file 1_fastqc/html/HG01791.GRCh38DH.exome.chr21_fastqc.html. Maybe metadata was deleted or it was created using an older version of Snakemake. This is a non critical warning.
Missing metadata for file 1_fastqc/summary/HG01791.GRCh38DH.exome.chr21_fastqc/fastqc_data.txt. Maybe metadata was deleted or it was created using an older version of Snakemake. This is a non critical warning.
Missing metadata for file 1_fastqc/HG01791.GRCh38DH.exome.chr21_fastqc/Images/per_base_quality.png. Maybe metadata was deleted or it was created using an older version of Snakemake. This is a non critical warning.
Missing metadata for file 1_fastqc/HG01791.GRCh38DH.exome.chr21_fastqc/Images/per_base_sequence_content.png. Maybe metadata was deleted or it was created using an older version of Snakemake. This is a non critical warning.
Missing metadata for file 1_fastqc/HG01791.GRCh38DH.exome.chr21_fastqc/summary.txt. Maybe metadata was deleted or it was created using an older version of Snakemake. This is a non critical warning.
Adding per_base_quality.png (0.049 MB).
Adding per_base_sequence_content.png (0.058 MB).
Adding summary.txt (0.00064 MB).
Missing metadata for file 1_fastqc/html/HG04301.GRCh38DH.exome.chr21_fastqc.html. Maybe metadata was deleted or it was created using an older version of Snakemake. This is a non critical warning.
Missing metadata for file 1_fastqc/summary/HG04301.GRCh38DH.exome.chr21_fastqc/fastqc_data.txt. Maybe metadata was deleted or it was created using an older version of Snakemake. This is a non critical warning.
Missing metadata for file 1_fastqc/HG04301.GRCh38DH.exome.chr21_fastqc/Images/per_base_quality.png. Maybe metadata was deleted or it was created using an older version of Snakemake. This is a non critical warning.
Missing metadata for file 1_fastqc/HG04301.GRCh38DH.exome.chr21_fastqc/Images/per_base_sequence_content.png. Maybe metadata was deleted or it was created using an older version of Snakemake. This is a non critical warning.
Missing metadata for file 1_fastqc/HG04301.GRCh38DH.exome.chr21_fastqc/summary.txt. Maybe metadata was deleted or it was created using an older version of Snakemake. This is a non critical warning.
Adding per_base_quality.png (0.046 MB).
Adding per_base_sequence_content.png (0.051 MB).
Adding summary.txt (0.00064 MB).
Missing metadata for file 1_fastqc/html/HG00121.GRCh38DH.exome.chr21_fastqc.html. Maybe metadata was deleted or it was created using an older version of Snakemake. This is a non critical warning.
Missing metadata for file 1_fastqc/summary/HG00121.GRCh38DH.exome.chr21_fastqc/fastqc_data.txt. Maybe metadata was deleted or it was created using an older version of Snakemake. This is a non critical warning.
Missing metadata for file 1_fastqc/HG00121.GRCh38DH.exome.chr21_fastqc/Images/per_base_quality.png. Maybe metadata was deleted or it was created using an older version of Snakemake. This is a non critical warning.
Missing metadata for file 1_fastqc/HG00121.GRCh38DH.exome.chr21_fastqc/Images/per_base_sequence_content.png. Maybe metadata was deleted or it was created using an older version of Snakemake. This is a non critical warning.
Missing metadata for file 1_fastqc/HG00121.GRCh38DH.exome.chr21_fastqc/summary.txt. Maybe metadata was deleted or it was created using an older version of Snakemake. This is a non critical warning.
Adding per_base_quality.png (0.044 MB).
Adding per_base_sequence_content.png (0.053 MB).
Adding summary.txt (0.00064 MB).
Missing metadata for file 1_fastqc/html/HG00251.GRCh38DH.exome.chr21_fastqc.html. Maybe metadata was deleted or it was created using an older version of Snakemake. This is a non critical warning.
Missing metadata for file 1_fastqc/summary/HG00251.GRCh38DH.exome.chr21_fastqc/fastqc_data.txt. Maybe metadata was deleted or it was created using an older version of Snakemake. This is a non critical warning.
Missing metadata for file 1_fastqc/HG00251.GRCh38DH.exome.chr21_fastqc/Images/per_base_quality.png. Maybe metadata was deleted or it was created using an older version of Snakemake. This is a non critical warning.
Missing metadata for file 1_fastqc/HG00251.GRCh38DH.exome.chr21_fastqc/Images/per_base_sequence_content.png. Maybe metadata was deleted or it was created using an older version of Snakemake. This is a non critical warning.
Missing metadata for file 1_fastqc/HG00251.GRCh38DH.exome.chr21_fastqc/summary.txt. Maybe metadata was deleted or it was created using an older version of Snakemake. This is a non critical warning.
Adding per_base_quality.png (0.051 MB).
Adding per_base_sequence_content.png (0.058 MB).
Adding summary.txt (0.00064 MB).
Missing metadata for file 1_fastqc/html/HG00101.GRCh38DH.exome.chr21_fastqc.html. Maybe metadata was deleted or it was created using an older version of Snakemake. This is a non critical warning.
Missing metadata for file 1_fastqc/summary/HG00101.GRCh38DH.exome.chr21_fastqc/fastqc_data.txt. Maybe metadata was deleted or it was created using an older version of Snakemake. This is a non critical warning.
Missing metadata for file 1_fastqc/HG00101.GRCh38DH.exome.chr21_fastqc/Images/per_base_quality.png. Maybe metadata was deleted or it was created using an older version of Snakemake. This is a non critical warning.
Missing metadata for file 1_fastqc/HG00101.GRCh38DH.exome.chr21_fastqc/Images/per_base_sequence_content.png. Maybe metadata was deleted or it was created using an older version of Snakemake. This is a non critical warning.
Missing metadata for file 1_fastqc/HG00101.GRCh38DH.exome.chr21_fastqc/summary.txt. Maybe metadata was deleted or it was created using an older version of Snakemake. This is a non critical warning.
Adding per_base_quality.png (0.05 MB).
Adding per_base_sequence_content.png (0.058 MB).
Adding summary.txt (0.00064 MB).
Missing metadata for file 1_fastqc/html/HG00151.GRCh38DH.exome.chr21_fastqc.html. Maybe metadata was deleted or it was created using an older version of Snakemake. This is a non critical warning.
Missing metadata for file 1_fastqc/summary/HG00151.GRCh38DH.exome.chr21_fastqc/fastqc_data.txt. Maybe metadata was deleted or it was created using an older version of Snakemake. This is a non critical warning.
Missing metadata for file 1_fastqc/HG00151.GRCh38DH.exome.chr21_fastqc/Images/per_base_quality.png. Maybe metadata was deleted or it was created using an older version of Snakemake. This is a non critical warning.
Missing metadata for file 1_fastqc/HG00151.GRCh38DH.exome.chr21_fastqc/Images/per_base_sequence_content.png. Maybe metadata was deleted or it was created using an older version of Snakemake. This is a non critical warning.
Missing metadata for file 1_fastqc/HG00151.GRCh38DH.exome.chr21_fastqc/summary.txt. Maybe metadata was deleted or it was created using an older version of Snakemake. This is a non critical warning.
Missing metadata for file genes.vcf. Maybe metadata was deleted or it was created using an older version of Snakemake. This is a non critical warning.
Downloading resources and rendering HTML.
Report created: report.html.
