Building DAG of jobs...
Using shell: /lustre1/project/stg_00079/teaching/I0U19a_conda_2024/bin/bash
Provided cluster nodes: 22
Job stats:
job              count
-------------  -------
SNP_calling          1
SNP_norm_filt        1
all                  1
extract_snps         1
snp_heatmap          1
snpeff               1
total                6

Select jobs to execute...

[Thu May  2 11:09:32 2024]
rule SNP_calling:
    input: /lustre1/project/stg_00079/teaching/hg38_21/chr21.fa, 2_bwa/HG00141.GRCh38DH.exome.chr21.bam, 2_bwa/HG00261.GRCh38DH.exome.chr21.bam, 2_bwa/HG00111.GRCh38DH.exome.chr21.bam, 2_bwa/HG00131.GRCh38DH.exome.chr21.bam, 2_bwa/HG00231.GRCh38DH.exome.chr21.bam, 2_bwa/HG01791.GRCh38DH.exome.chr21.bam, 2_bwa/HG04301.GRCh38DH.exome.chr21.bam, 2_bwa/HG00121.GRCh38DH.exome.chr21.bam, 2_bwa/HG00251.GRCh38DH.exome.chr21.bam, 2_bwa/HG00101.GRCh38DH.exome.chr21.bam, 2_bwa/HG00151.GRCh38DH.exome.chr21.bam
    output: 3_samtools/snps.vcf
    jobid: 23
    reason: Missing output files: 3_samtools/snps.vcf
    resources: mem_mb=1040, mem_mib=992, disk_mb=1040, disk_mib=992, tmpdir=<TBD>, cpus=8

RuleException in rule SNP_calling in file /vsc-hard-mounts/leuven-data/362/vsc36251/Assignment2/snakefile, line 135:
AttributeError: 'Wildcards' object has no attribute 'sample', when formatting the following:
{rule}{jobid}_{wildcards.sample}
