Building DAG of jobs...
Using shell: /lustre1/project/stg_00079/teaching/I0U19a_conda_2024/bin/bash
Provided cores: 1 (use --cores to define parallelism)
Rules claiming more threads will be scaled down.
Job stats:
job                    count
-------------------  -------
SNP_calling                1
SNP_norm_filt              1
all                        1
bwa                       11
extract_snps               1
fastqc                    11
fastqc_report_image       11
snp_heatmap                1
snpeff                     1
total                     39

Select jobs to execute...

[Wed May  1 19:37:15 2024]
rule bwa:
    input: /staging/leuven/stg_00079/teaching/1000genomes/HG04301.GRCh38DH.exome.chr21.fq.gz
    output: 2_bwa/HG04301.GRCh38DH.exome.chr21.bam, 2_bwa/HG04301.GRCh38DH.exome.chr21.bam.bai
    jobid: 30
    reason: Missing output files: 2_bwa/HG04301.GRCh38DH.exome.chr21.bam
    wildcards: sample=HG04301.GRCh38DH.exome.chr21
    resources: tmpdir=/tmp

[Wed May  1 19:38:01 2024]
Finished job 30.
1 of 39 steps (3%) done
Select jobs to execute...

[Wed May  1 19:38:01 2024]
rule fastqc:
    input: /staging/leuven/stg_00079/teaching/1000genomes/HG00121.GRCh38DH.exome.chr21.fq.gz
    output: 1_fastqc/HG00121.GRCh38DH.exome.chr21_fastqc.zip, 1_fastqc/HG00121.GRCh38DH.exome.chr21_fastqc.html, 1_fastqc/HG00121.GRCh38DH.exome.chr21_fastqc/fastqc_data.txt, 1_fastqc/HG00121.GRCh38DH.exome.chr21_fastqc/Images/per_base_quality.png, 1_fastqc/HG00121.GRCh38DH.exome.chr21_fastqc/Images/per_base_sequence_content.png, 1_fastqc/HG00121.GRCh38DH.exome.chr21_fastqc/summary.txt
    jobid: 8
    reason: Missing output files: 1_fastqc/HG00121.GRCh38DH.exome.chr21_fastqc.zip, 1_fastqc/HG00121.GRCh38DH.exome.chr21_fastqc/Images/per_base_quality.png, 1_fastqc/HG00121.GRCh38DH.exome.chr21_fastqc/summary.txt
    wildcards: sample=HG00121.GRCh38DH.exome.chr21
    resources: tmpdir=/tmp

[Wed May  1 19:38:29 2024]
Finished job 8.
2 of 39 steps (5%) done
Select jobs to execute...

[Wed May  1 19:38:29 2024]
rule bwa:
    input: /staging/leuven/stg_00079/teaching/1000genomes/HG00121.GRCh38DH.exome.chr21.fq.gz
    output: 2_bwa/HG00121.GRCh38DH.exome.chr21.bam, 2_bwa/HG00121.GRCh38DH.exome.chr21.bam.bai
    jobid: 31
    reason: Missing output files: 2_bwa/HG00121.GRCh38DH.exome.chr21.bam; Code has changed since last execution
    wildcards: sample=HG00121.GRCh38DH.exome.chr21
    resources: tmpdir=/tmp

[Wed May  1 19:39:26 2024]
Finished job 31.
3 of 39 steps (8%) done
Select jobs to execute...

[Wed May  1 19:39:26 2024]
rule bwa:
    input: /staging/leuven/stg_00079/teaching/1000genomes/HG00141.GRCh38DH.exome.chr21.fq.gz
    output: 2_bwa/HG00141.GRCh38DH.exome.chr21.bam, 2_bwa/HG00141.GRCh38DH.exome.chr21.bam.bai
    jobid: 24
    reason: Missing output files: 2_bwa/HG00141.GRCh38DH.exome.chr21.bam; Code has changed since last execution
    wildcards: sample=HG00141.GRCh38DH.exome.chr21
    resources: tmpdir=/tmp

