Building DAG of jobs...
Using shell: /lustre1/project/stg_00079/teaching/I0U19a_conda_2024/bin/bash
Provided cluster nodes: 22
Job stats:
job              count
-------------  -------
SNP_calling          1
SNP_norm_filt        1
all                  1
bwa                 11
extract_snps         1
snp_heatmap          1
snpeff               1
total               17

Select jobs to execute...

[Thu May  2 11:40:59 2024]
rule bwa:
    input: /staging/leuven/stg_00079/teaching/1000genomes/HG00251.GRCh38DH.exome.chr21.fq.gz
    output: 2_bwa/HG00251.GRCh38DH.exome.chr21.bam, 2_bwa/HG00251.GRCh38DH.exome.chr21.bam.bai
    jobid: 20
    reason: Missing output files: 2_bwa/HG00251.GRCh38DH.exome.chr21.bam
    wildcards: sample=HG00251.GRCh38DH.exome.chr21
    resources: mem_mb=1000, mem_mib=954, disk_mb=1000, disk_mib=954, tmpdir=<TBD>

Submitted job 20 with external jobid 'Submitted batch job 61378219 on cluster wice'.

[Thu May  2 11:41:00 2024]
rule bwa:
    input: /staging/leuven/stg_00079/teaching/1000genomes/HG00151.GRCh38DH.exome.chr21.fq.gz
    output: 2_bwa/HG00151.GRCh38DH.exome.chr21.bam, 2_bwa/HG00151.GRCh38DH.exome.chr21.bam.bai
    jobid: 22
    reason: Missing output files: 2_bwa/HG00151.GRCh38DH.exome.chr21.bam
    wildcards: sample=HG00151.GRCh38DH.exome.chr21
    resources: mem_mb=1000, mem_mib=954, disk_mb=1000, disk_mib=954, tmpdir=<TBD>

Submitted job 22 with external jobid 'Submitted batch job 61378220 on cluster wice'.

[Thu May  2 11:41:01 2024]
rule bwa:
    input: /staging/leuven/stg_00079/teaching/1000genomes/HG00261.GRCh38DH.exome.chr21.fq.gz
    output: 2_bwa/HG00261.GRCh38DH.exome.chr21.bam, 2_bwa/HG00261.GRCh38DH.exome.chr21.bam.bai
    jobid: 13
    reason: Missing output files: 2_bwa/HG00261.GRCh38DH.exome.chr21.bam
    wildcards: sample=HG00261.GRCh38DH.exome.chr21
    resources: mem_mb=1000, mem_mib=954, disk_mb=1000, disk_mib=954, tmpdir=<TBD>

Submitted job 13 with external jobid 'Submitted batch job 61378221 on cluster wice'.

[Thu May  2 11:41:02 2024]
rule bwa:
    input: /staging/leuven/stg_00079/teaching/1000genomes/HG00131.GRCh38DH.exome.chr21.fq.gz
    output: 2_bwa/HG00131.GRCh38DH.exome.chr21.bam, 2_bwa/HG00131.GRCh38DH.exome.chr21.bam.bai
    jobid: 15
    reason: Missing output files: 2_bwa/HG00131.GRCh38DH.exome.chr21.bam
    wildcards: sample=HG00131.GRCh38DH.exome.chr21
    resources: mem_mb=1000, mem_mib=954, disk_mb=1000, disk_mib=954, tmpdir=<TBD>

Submitted job 15 with external jobid 'Submitted batch job 61378222 on cluster wice'.

[Thu May  2 11:41:02 2024]
rule bwa:
    input: /staging/leuven/stg_00079/teaching/1000genomes/HG01791.GRCh38DH.exome.chr21.fq.gz
    output: 2_bwa/HG01791.GRCh38DH.exome.chr21.bam, 2_bwa/HG01791.GRCh38DH.exome.chr21.bam.bai
    jobid: 17
    reason: Missing output files: 2_bwa/HG01791.GRCh38DH.exome.chr21.bam
    wildcards: sample=HG01791.GRCh38DH.exome.chr21
    resources: mem_mb=1000, mem_mib=954, disk_mb=1000, disk_mib=954, tmpdir=<TBD>

Submitted job 17 with external jobid 'Submitted batch job 61378223 on cluster wice'.

[Thu May  2 11:41:03 2024]
rule bwa:
    input: /staging/leuven/stg_00079/teaching/1000genomes/HG00121.GRCh38DH.exome.chr21.fq.gz
    output: 2_bwa/HG00121.GRCh38DH.exome.chr21.bam, 2_bwa/HG00121.GRCh38DH.exome.chr21.bam.bai
    jobid: 19
    reason: Missing output files: 2_bwa/HG00121.GRCh38DH.exome.chr21.bam
    wildcards: sample=HG00121.GRCh38DH.exome.chr21
    resources: mem_mb=1000, mem_mib=954, disk_mb=1000, disk_mib=954, tmpdir=<TBD>

Submitted job 19 with external jobid 'Submitted batch job 61378224 on cluster wice'.

[Thu May  2 11:41:04 2024]
rule bwa:
    input: /staging/leuven/stg_00079/teaching/1000genomes/HG00101.GRCh38DH.exome.chr21.fq.gz
    output: 2_bwa/HG00101.GRCh38DH.exome.chr21.bam, 2_bwa/HG00101.GRCh38DH.exome.chr21.bam.bai
    jobid: 21
    reason: Missing output files: 2_bwa/HG00101.GRCh38DH.exome.chr21.bam
    wildcards: sample=HG00101.GRCh38DH.exome.chr21
    resources: mem_mb=1000, mem_mib=954, disk_mb=1000, disk_mib=954, tmpdir=<TBD>

Submitted job 21 with external jobid 'Submitted batch job 61378225 on cluster wice'.

[Thu May  2 11:41:05 2024]
rule bwa:
    input: /staging/leuven/stg_00079/teaching/1000genomes/HG00141.GRCh38DH.exome.chr21.fq.gz
    output: 2_bwa/HG00141.GRCh38DH.exome.chr21.bam, 2_bwa/HG00141.GRCh38DH.exome.chr21.bam.bai
    jobid: 12
    reason: Missing output files: 2_bwa/HG00141.GRCh38DH.exome.chr21.bam
    wildcards: sample=HG00141.GRCh38DH.exome.chr21
    resources: mem_mb=1000, mem_mib=954, disk_mb=1000, disk_mib=954, tmpdir=<TBD>

Submitted job 12 with external jobid 'Submitted batch job 61378226 on cluster wice'.

[Thu May  2 11:41:06 2024]
rule bwa:
    input: /staging/leuven/stg_00079/teaching/1000genomes/HG00111.GRCh38DH.exome.chr21.fq.gz
    output: 2_bwa/HG00111.GRCh38DH.exome.chr21.bam, 2_bwa/HG00111.GRCh38DH.exome.chr21.bam.bai
    jobid: 14
    reason: Missing output files: 2_bwa/HG00111.GRCh38DH.exome.chr21.bam
    wildcards: sample=HG00111.GRCh38DH.exome.chr21
    resources: mem_mb=1000, mem_mib=954, disk_mb=1000, disk_mib=954, tmpdir=<TBD>

Submitted job 14 with external jobid 'Submitted batch job 61378227 on cluster wice'.

[Thu May  2 11:41:07 2024]
rule bwa:
    input: /staging/leuven/stg_00079/teaching/1000genomes/HG00231.GRCh38DH.exome.chr21.fq.gz
    output: 2_bwa/HG00231.GRCh38DH.exome.chr21.bam, 2_bwa/HG00231.GRCh38DH.exome.chr21.bam.bai
    jobid: 16
    reason: Missing output files: 2_bwa/HG00231.GRCh38DH.exome.chr21.bam
    wildcards: sample=HG00231.GRCh38DH.exome.chr21
    resources: mem_mb=1000, mem_mib=954, disk_mb=1000, disk_mib=954, tmpdir=<TBD>

Submitted job 16 with external jobid 'Submitted batch job 61378228 on cluster wice'.

[Thu May  2 11:41:08 2024]
rule bwa:
    input: /staging/leuven/stg_00079/teaching/1000genomes/HG04301.GRCh38DH.exome.chr21.fq.gz
    output: 2_bwa/HG04301.GRCh38DH.exome.chr21.bam, 2_bwa/HG04301.GRCh38DH.exome.chr21.bam.bai
    jobid: 18
    reason: Missing output files: 2_bwa/HG04301.GRCh38DH.exome.chr21.bam
    wildcards: sample=HG04301.GRCh38DH.exome.chr21
    resources: mem_mb=1000, mem_mib=954, disk_mb=1000, disk_mib=954, tmpdir=<TBD>

[Thu May  2 11:41:09 2024]
Error in rule bwa:
    jobid: 20
    input: /staging/leuven/stg_00079/teaching/1000genomes/HG00251.GRCh38DH.exome.chr21.fq.gz
    output: 2_bwa/HG00251.GRCh38DH.exome.chr21.bam, 2_bwa/HG00251.GRCh38DH.exome.chr21.bam.bai
    shell:
        
        export PATH=/lustre1/project/stg_00079/teaching/I0U19a_conda_2024/bin:$PATH

        echo "Performing BWA on: HG00251.GRCh38DH.exome.chr21 "

        # # Check if there are at least 24 files in the params.db beginning with "sequence"
        # if [ $(ls -1 BWA_DB_chr21/sequence* 2>/dev/null | wc -l) -ge 24 ]; then
        #     echo "Error: Less than 24 files beginning with 'sequence' found."
        #     false
        # fi

        # # Check if a file beginning with "cytoBand" exists
        # if test -e "$BWA_DB_chr21/cytoBand"*; then
        #     echo "Error: No file beginning with 'cytoBand' found."
        #     false
        # fi

        # # Check if a file beginning with "pwms" exists
        # if test -e "$BWA_DB_chr21/pwms"*; then
        #     echo "Error: No file beginning with 'pwms' found."
        #     false
        # fi

        # # Check if a file beginning with "snpEffectPredictor" exists
        # if test -e "$BWA_DB_chr21/snpEffectPredictor"*; then
        #     echo "Error: No file beginning with 'snpEffectPredictor' found."
        #     false
        # fi

        bwa mem BWA_DB_chr21 /staging/leuven/stg_00079/teaching/1000genomes/HG00251.GRCh38DH.exome.chr21.fq.gz             | samtools sort -             > 2_bwa/HG00251.GRCh38DH.exome.chr21.bam
        samtools index 2_bwa/HG00251.GRCh38DH.exome.chr21.bam

  
        
        (one of the commands exited with non-zero exit code; note that snakemake uses bash strict mode!)
    cluster_jobid: Submitted batch job 61378219 on cluster wice

Error executing rule bwa on cluster (jobid: 20, external: Submitted batch job 61378219 on cluster wice, jobscript: /vsc-hard-mounts/leuven-data/362/vsc36251/Assignment2/.snakemake/tmp.1dhd1oyb/20_bwa_HG00251.GRCh38DH.exome.chr21). For error details see the cluster log and the log files of the involved rule(s).
[Thu May  2 11:41:09 2024]
Error in rule bwa:
    jobid: 13
    input: /staging/leuven/stg_00079/teaching/1000genomes/HG00261.GRCh38DH.exome.chr21.fq.gz
    output: 2_bwa/HG00261.GRCh38DH.exome.chr21.bam, 2_bwa/HG00261.GRCh38DH.exome.chr21.bam.bai
    shell:
        
        export PATH=/lustre1/project/stg_00079/teaching/I0U19a_conda_2024/bin:$PATH

        echo "Performing BWA on: HG00261.GRCh38DH.exome.chr21 "

        # # Check if there are at least 24 files in the params.db beginning with "sequence"
        # if [ $(ls -1 BWA_DB_chr21/sequence* 2>/dev/null | wc -l) -ge 24 ]; then
        #     echo "Error: Less than 24 files beginning with 'sequence' found."
        #     false
        # fi

        # # Check if a file beginning with "cytoBand" exists
        # if test -e "$BWA_DB_chr21/cytoBand"*; then
        #     echo "Error: No file beginning with 'cytoBand' found."
        #     false
        # fi

        # # Check if a file beginning with "pwms" exists
        # if test -e "$BWA_DB_chr21/pwms"*; then
        #     echo "Error: No file beginning with 'pwms' found."
        #     false
        # fi

        # # Check if a file beginning with "snpEffectPredictor" exists
        # if test -e "$BWA_DB_chr21/snpEffectPredictor"*; then
        #     echo "Error: No file beginning with 'snpEffectPredictor' found."
        #     false
        # fi

        bwa mem BWA_DB_chr21 /staging/leuven/stg_00079/teaching/1000genomes/HG00261.GRCh38DH.exome.chr21.fq.gz             | samtools sort -             > 2_bwa/HG00261.GRCh38DH.exome.chr21.bam
        samtools index 2_bwa/HG00261.GRCh38DH.exome.chr21.bam

  
        
        (one of the commands exited with non-zero exit code; note that snakemake uses bash strict mode!)
    cluster_jobid: Submitted batch job 61378221 on cluster wice

Error executing rule bwa on cluster (jobid: 13, external: Submitted batch job 61378221 on cluster wice, jobscript: /vsc-hard-mounts/leuven-data/362/vsc36251/Assignment2/.snakemake/tmp.1dhd1oyb/13_bwa_HG00261.GRCh38DH.exome.chr21). For error details see the cluster log and the log files of the involved rule(s).
Submitted job 18 with external jobid 'Submitted batch job 61378229 on cluster wice'.
[Thu May  2 11:41:09 2024]
Error in rule bwa:
    jobid: 17
    input: /staging/leuven/stg_00079/teaching/1000genomes/HG01791.GRCh38DH.exome.chr21.fq.gz
    output: 2_bwa/HG01791.GRCh38DH.exome.chr21.bam, 2_bwa/HG01791.GRCh38DH.exome.chr21.bam.bai
    shell:
        
        export PATH=/lustre1/project/stg_00079/teaching/I0U19a_conda_2024/bin:$PATH

        echo "Performing BWA on: HG01791.GRCh38DH.exome.chr21 "

        # # Check if there are at least 24 files in the params.db beginning with "sequence"
        # if [ $(ls -1 BWA_DB_chr21/sequence* 2>/dev/null | wc -l) -ge 24 ]; then
        #     echo "Error: Less than 24 files beginning with 'sequence' found."
        #     false
        # fi

        # # Check if a file beginning with "cytoBand" exists
        # if test -e "$BWA_DB_chr21/cytoBand"*; then
        #     echo "Error: No file beginning with 'cytoBand' found."
        #     false
        # fi

        # # Check if a file beginning with "pwms" exists
        # if test -e "$BWA_DB_chr21/pwms"*; then
        #     echo "Error: No file beginning with 'pwms' found."
        #     false
        # fi

        # # Check if a file beginning with "snpEffectPredictor" exists
        # if test -e "$BWA_DB_chr21/snpEffectPredictor"*; then
        #     echo "Error: No file beginning with 'snpEffectPredictor' found."
        #     false
        # fi

        bwa mem BWA_DB_chr21 /staging/leuven/stg_00079/teaching/1000genomes/HG01791.GRCh38DH.exome.chr21.fq.gz             | samtools sort -             > 2_bwa/HG01791.GRCh38DH.exome.chr21.bam
        samtools index 2_bwa/HG01791.GRCh38DH.exome.chr21.bam

  
        
        (one of the commands exited with non-zero exit code; note that snakemake uses bash strict mode!)
    cluster_jobid: Submitted batch job 61378223 on cluster wice

Error executing rule bwa on cluster (jobid: 17, external: Submitted batch job 61378223 on cluster wice, jobscript: /vsc-hard-mounts/leuven-data/362/vsc36251/Assignment2/.snakemake/tmp.1dhd1oyb/17_bwa_HG01791.GRCh38DH.exome.chr21). For error details see the cluster log and the log files of the involved rule(s).
[Thu May  2 11:41:19 2024]
Error in rule bwa:
    jobid: 19
    input: /staging/leuven/stg_00079/teaching/1000genomes/HG00121.GRCh38DH.exome.chr21.fq.gz
    output: 2_bwa/HG00121.GRCh38DH.exome.chr21.bam, 2_bwa/HG00121.GRCh38DH.exome.chr21.bam.bai
    shell:
        
        export PATH=/lustre1/project/stg_00079/teaching/I0U19a_conda_2024/bin:$PATH

        echo "Performing BWA on: HG00121.GRCh38DH.exome.chr21 "

        # # Check if there are at least 24 files in the params.db beginning with "sequence"
        # if [ $(ls -1 BWA_DB_chr21/sequence* 2>/dev/null | wc -l) -ge 24 ]; then
        #     echo "Error: Less than 24 files beginning with 'sequence' found."
        #     false
        # fi

        # # Check if a file beginning with "cytoBand" exists
        # if test -e "$BWA_DB_chr21/cytoBand"*; then
        #     echo "Error: No file beginning with 'cytoBand' found."
        #     false
        # fi

        # # Check if a file beginning with "pwms" exists
        # if test -e "$BWA_DB_chr21/pwms"*; then
        #     echo "Error: No file beginning with 'pwms' found."
        #     false
        # fi

        # # Check if a file beginning with "snpEffectPredictor" exists
        # if test -e "$BWA_DB_chr21/snpEffectPredictor"*; then
        #     echo "Error: No file beginning with 'snpEffectPredictor' found."
        #     false
        # fi

        bwa mem BWA_DB_chr21 /staging/leuven/stg_00079/teaching/1000genomes/HG00121.GRCh38DH.exome.chr21.fq.gz             | samtools sort -             > 2_bwa/HG00121.GRCh38DH.exome.chr21.bam
        samtools index 2_bwa/HG00121.GRCh38DH.exome.chr21.bam

  
        
        (one of the commands exited with non-zero exit code; note that snakemake uses bash strict mode!)
    cluster_jobid: Submitted batch job 61378224 on cluster wice

Error executing rule bwa on cluster (jobid: 19, external: Submitted batch job 61378224 on cluster wice, jobscript: /vsc-hard-mounts/leuven-data/362/vsc36251/Assignment2/.snakemake/tmp.1dhd1oyb/19_bwa_HG00121.GRCh38DH.exome.chr21). For error details see the cluster log and the log files of the involved rule(s).
[Thu May  2 11:41:19 2024]
Error in rule bwa:
    jobid: 21
    input: /staging/leuven/stg_00079/teaching/1000genomes/HG00101.GRCh38DH.exome.chr21.fq.gz
    output: 2_bwa/HG00101.GRCh38DH.exome.chr21.bam, 2_bwa/HG00101.GRCh38DH.exome.chr21.bam.bai
    shell:
        
        export PATH=/lustre1/project/stg_00079/teaching/I0U19a_conda_2024/bin:$PATH

        echo "Performing BWA on: HG00101.GRCh38DH.exome.chr21 "

        # # Check if there are at least 24 files in the params.db beginning with "sequence"
        # if [ $(ls -1 BWA_DB_chr21/sequence* 2>/dev/null | wc -l) -ge 24 ]; then
        #     echo "Error: Less than 24 files beginning with 'sequence' found."
        #     false
        # fi

        # # Check if a file beginning with "cytoBand" exists
        # if test -e "$BWA_DB_chr21/cytoBand"*; then
        #     echo "Error: No file beginning with 'cytoBand' found."
        #     false
        # fi

        # # Check if a file beginning with "pwms" exists
        # if test -e "$BWA_DB_chr21/pwms"*; then
        #     echo "Error: No file beginning with 'pwms' found."
        #     false
        # fi

        # # Check if a file beginning with "snpEffectPredictor" exists
        # if test -e "$BWA_DB_chr21/snpEffectPredictor"*; then
        #     echo "Error: No file beginning with 'snpEffectPredictor' found."
        #     false
        # fi

        bwa mem BWA_DB_chr21 /staging/leuven/stg_00079/teaching/1000genomes/HG00101.GRCh38DH.exome.chr21.fq.gz             | samtools sort -             > 2_bwa/HG00101.GRCh38DH.exome.chr21.bam
        samtools index 2_bwa/HG00101.GRCh38DH.exome.chr21.bam

  
        
        (one of the commands exited with non-zero exit code; note that snakemake uses bash strict mode!)
    cluster_jobid: Submitted batch job 61378225 on cluster wice

Error executing rule bwa on cluster (jobid: 21, external: Submitted batch job 61378225 on cluster wice, jobscript: /vsc-hard-mounts/leuven-data/362/vsc36251/Assignment2/.snakemake/tmp.1dhd1oyb/21_bwa_HG00101.GRCh38DH.exome.chr21). For error details see the cluster log and the log files of the involved rule(s).
[Thu May  2 11:41:19 2024]
Error in rule bwa:
    jobid: 12
    input: /staging/leuven/stg_00079/teaching/1000genomes/HG00141.GRCh38DH.exome.chr21.fq.gz
    output: 2_bwa/HG00141.GRCh38DH.exome.chr21.bam, 2_bwa/HG00141.GRCh38DH.exome.chr21.bam.bai
    shell:
        
        export PATH=/lustre1/project/stg_00079/teaching/I0U19a_conda_2024/bin:$PATH

        echo "Performing BWA on: HG00141.GRCh38DH.exome.chr21 "

        # # Check if there are at least 24 files in the params.db beginning with "sequence"
        # if [ $(ls -1 BWA_DB_chr21/sequence* 2>/dev/null | wc -l) -ge 24 ]; then
        #     echo "Error: Less than 24 files beginning with 'sequence' found."
        #     false
        # fi

        # # Check if a file beginning with "cytoBand" exists
        # if test -e "$BWA_DB_chr21/cytoBand"*; then
        #     echo "Error: No file beginning with 'cytoBand' found."
        #     false
        # fi

        # # Check if a file beginning with "pwms" exists
        # if test -e "$BWA_DB_chr21/pwms"*; then
        #     echo "Error: No file beginning with 'pwms' found."
        #     false
        # fi

        # # Check if a file beginning with "snpEffectPredictor" exists
        # if test -e "$BWA_DB_chr21/snpEffectPredictor"*; then
        #     echo "Error: No file beginning with 'snpEffectPredictor' found."
        #     false
        # fi

        bwa mem BWA_DB_chr21 /staging/leuven/stg_00079/teaching/1000genomes/HG00141.GRCh38DH.exome.chr21.fq.gz             | samtools sort -             > 2_bwa/HG00141.GRCh38DH.exome.chr21.bam
        samtools index 2_bwa/HG00141.GRCh38DH.exome.chr21.bam

  
        
        (one of the commands exited with non-zero exit code; note that snakemake uses bash strict mode!)
    cluster_jobid: Submitted batch job 61378226 on cluster wice

Error executing rule bwa on cluster (jobid: 12, external: Submitted batch job 61378226 on cluster wice, jobscript: /vsc-hard-mounts/leuven-data/362/vsc36251/Assignment2/.snakemake/tmp.1dhd1oyb/12_bwa_HG00141.GRCh38DH.exome.chr21). For error details see the cluster log and the log files of the involved rule(s).
[Thu May  2 11:41:19 2024]
Error in rule bwa:
    jobid: 16
    input: /staging/leuven/stg_00079/teaching/1000genomes/HG00231.GRCh38DH.exome.chr21.fq.gz
    output: 2_bwa/HG00231.GRCh38DH.exome.chr21.bam, 2_bwa/HG00231.GRCh38DH.exome.chr21.bam.bai
    shell:
        
        export PATH=/lustre1/project/stg_00079/teaching/I0U19a_conda_2024/bin:$PATH

        echo "Performing BWA on: HG00231.GRCh38DH.exome.chr21 "

        # # Check if there are at least 24 files in the params.db beginning with "sequence"
        # if [ $(ls -1 BWA_DB_chr21/sequence* 2>/dev/null | wc -l) -ge 24 ]; then
        #     echo "Error: Less than 24 files beginning with 'sequence' found."
        #     false
        # fi

        # # Check if a file beginning with "cytoBand" exists
        # if test -e "$BWA_DB_chr21/cytoBand"*; then
        #     echo "Error: No file beginning with 'cytoBand' found."
        #     false
        # fi

        # # Check if a file beginning with "pwms" exists
        # if test -e "$BWA_DB_chr21/pwms"*; then
        #     echo "Error: No file beginning with 'pwms' found."
        #     false
        # fi

        # # Check if a file beginning with "snpEffectPredictor" exists
        # if test -e "$BWA_DB_chr21/snpEffectPredictor"*; then
        #     echo "Error: No file beginning with 'snpEffectPredictor' found."
        #     false
        # fi

        bwa mem BWA_DB_chr21 /staging/leuven/stg_00079/teaching/1000genomes/HG00231.GRCh38DH.exome.chr21.fq.gz             | samtools sort -             > 2_bwa/HG00231.GRCh38DH.exome.chr21.bam
        samtools index 2_bwa/HG00231.GRCh38DH.exome.chr21.bam

  
        
        (one of the commands exited with non-zero exit code; note that snakemake uses bash strict mode!)
    cluster_jobid: Submitted batch job 61378228 on cluster wice

Error executing rule bwa on cluster (jobid: 16, external: Submitted batch job 61378228 on cluster wice, jobscript: /vsc-hard-mounts/leuven-data/362/vsc36251/Assignment2/.snakemake/tmp.1dhd1oyb/16_bwa_HG00231.GRCh38DH.exome.chr21). For error details see the cluster log and the log files of the involved rule(s).
[Thu May  2 11:41:19 2024]
Error in rule bwa:
    jobid: 18
    input: /staging/leuven/stg_00079/teaching/1000genomes/HG04301.GRCh38DH.exome.chr21.fq.gz
    output: 2_bwa/HG04301.GRCh38DH.exome.chr21.bam, 2_bwa/HG04301.GRCh38DH.exome.chr21.bam.bai
    shell:
        
        export PATH=/lustre1/project/stg_00079/teaching/I0U19a_conda_2024/bin:$PATH

        echo "Performing BWA on: HG04301.GRCh38DH.exome.chr21 "

        # # Check if there are at least 24 files in the params.db beginning with "sequence"
        # if [ $(ls -1 BWA_DB_chr21/sequence* 2>/dev/null | wc -l) -ge 24 ]; then
        #     echo "Error: Less than 24 files beginning with 'sequence' found."
        #     false
        # fi

        # # Check if a file beginning with "cytoBand" exists
        # if test -e "$BWA_DB_chr21/cytoBand"*; then
        #     echo "Error: No file beginning with 'cytoBand' found."
        #     false
        # fi

        # # Check if a file beginning with "pwms" exists
        # if test -e "$BWA_DB_chr21/pwms"*; then
        #     echo "Error: No file beginning with 'pwms' found."
        #     false
        # fi

        # # Check if a file beginning with "snpEffectPredictor" exists
        # if test -e "$BWA_DB_chr21/snpEffectPredictor"*; then
        #     echo "Error: No file beginning with 'snpEffectPredictor' found."
        #     false
        # fi

        bwa mem BWA_DB_chr21 /staging/leuven/stg_00079/teaching/1000genomes/HG04301.GRCh38DH.exome.chr21.fq.gz             | samtools sort -             > 2_bwa/HG04301.GRCh38DH.exome.chr21.bam
        samtools index 2_bwa/HG04301.GRCh38DH.exome.chr21.bam

  
        
        (one of the commands exited with non-zero exit code; note that snakemake uses bash strict mode!)
    cluster_jobid: Submitted batch job 61378229 on cluster wice

Error executing rule bwa on cluster (jobid: 18, external: Submitted batch job 61378229 on cluster wice, jobscript: /vsc-hard-mounts/leuven-data/362/vsc36251/Assignment2/.snakemake/tmp.1dhd1oyb/18_bwa_HG04301.GRCh38DH.exome.chr21). For error details see the cluster log and the log files of the involved rule(s).
[Thu May  2 11:41:29 2024]
Error in rule bwa:
    jobid: 22
    input: /staging/leuven/stg_00079/teaching/1000genomes/HG00151.GRCh38DH.exome.chr21.fq.gz
    output: 2_bwa/HG00151.GRCh38DH.exome.chr21.bam, 2_bwa/HG00151.GRCh38DH.exome.chr21.bam.bai
    shell:
        
        export PATH=/lustre1/project/stg_00079/teaching/I0U19a_conda_2024/bin:$PATH

        echo "Performing BWA on: HG00151.GRCh38DH.exome.chr21 "

        # # Check if there are at least 24 files in the params.db beginning with "sequence"
        # if [ $(ls -1 BWA_DB_chr21/sequence* 2>/dev/null | wc -l) -ge 24 ]; then
        #     echo "Error: Less than 24 files beginning with 'sequence' found."
        #     false
        # fi

        # # Check if a file beginning with "cytoBand" exists
        # if test -e "$BWA_DB_chr21/cytoBand"*; then
        #     echo "Error: No file beginning with 'cytoBand' found."
        #     false
        # fi

        # # Check if a file beginning with "pwms" exists
        # if test -e "$BWA_DB_chr21/pwms"*; then
        #     echo "Error: No file beginning with 'pwms' found."
        #     false
        # fi

        # # Check if a file beginning with "snpEffectPredictor" exists
        # if test -e "$BWA_DB_chr21/snpEffectPredictor"*; then
        #     echo "Error: No file beginning with 'snpEffectPredictor' found."
        #     false
        # fi

        bwa mem BWA_DB_chr21 /staging/leuven/stg_00079/teaching/1000genomes/HG00151.GRCh38DH.exome.chr21.fq.gz             | samtools sort -             > 2_bwa/HG00151.GRCh38DH.exome.chr21.bam
        samtools index 2_bwa/HG00151.GRCh38DH.exome.chr21.bam

  
        
        (one of the commands exited with non-zero exit code; note that snakemake uses bash strict mode!)
    cluster_jobid: Submitted batch job 61378220 on cluster wice

Error executing rule bwa on cluster (jobid: 22, external: Submitted batch job 61378220 on cluster wice, jobscript: /vsc-hard-mounts/leuven-data/362/vsc36251/Assignment2/.snakemake/tmp.1dhd1oyb/22_bwa_HG00151.GRCh38DH.exome.chr21). For error details see the cluster log and the log files of the involved rule(s).
[Thu May  2 11:41:29 2024]
Error in rule bwa:
    jobid: 15
    input: /staging/leuven/stg_00079/teaching/1000genomes/HG00131.GRCh38DH.exome.chr21.fq.gz
    output: 2_bwa/HG00131.GRCh38DH.exome.chr21.bam, 2_bwa/HG00131.GRCh38DH.exome.chr21.bam.bai
    shell:
        
        export PATH=/lustre1/project/stg_00079/teaching/I0U19a_conda_2024/bin:$PATH

        echo "Performing BWA on: HG00131.GRCh38DH.exome.chr21 "

        # # Check if there are at least 24 files in the params.db beginning with "sequence"
        # if [ $(ls -1 BWA_DB_chr21/sequence* 2>/dev/null | wc -l) -ge 24 ]; then
        #     echo "Error: Less than 24 files beginning with 'sequence' found."
        #     false
        # fi

        # # Check if a file beginning with "cytoBand" exists
        # if test -e "$BWA_DB_chr21/cytoBand"*; then
        #     echo "Error: No file beginning with 'cytoBand' found."
        #     false
        # fi

        # # Check if a file beginning with "pwms" exists
        # if test -e "$BWA_DB_chr21/pwms"*; then
        #     echo "Error: No file beginning with 'pwms' found."
        #     false
        # fi

        # # Check if a file beginning with "snpEffectPredictor" exists
        # if test -e "$BWA_DB_chr21/snpEffectPredictor"*; then
        #     echo "Error: No file beginning with 'snpEffectPredictor' found."
        #     false
        # fi

        bwa mem BWA_DB_chr21 /staging/leuven/stg_00079/teaching/1000genomes/HG00131.GRCh38DH.exome.chr21.fq.gz             | samtools sort -             > 2_bwa/HG00131.GRCh38DH.exome.chr21.bam
        samtools index 2_bwa/HG00131.GRCh38DH.exome.chr21.bam

  
        
        (one of the commands exited with non-zero exit code; note that snakemake uses bash strict mode!)
    cluster_jobid: Submitted batch job 61378222 on cluster wice

Error executing rule bwa on cluster (jobid: 15, external: Submitted batch job 61378222 on cluster wice, jobscript: /vsc-hard-mounts/leuven-data/362/vsc36251/Assignment2/.snakemake/tmp.1dhd1oyb/15_bwa_HG00131.GRCh38DH.exome.chr21). For error details see the cluster log and the log files of the involved rule(s).
[Thu May  2 11:41:29 2024]
Error in rule bwa:
    jobid: 14
    input: /staging/leuven/stg_00079/teaching/1000genomes/HG00111.GRCh38DH.exome.chr21.fq.gz
    output: 2_bwa/HG00111.GRCh38DH.exome.chr21.bam, 2_bwa/HG00111.GRCh38DH.exome.chr21.bam.bai
    shell:
        
        export PATH=/lustre1/project/stg_00079/teaching/I0U19a_conda_2024/bin:$PATH

        echo "Performing BWA on: HG00111.GRCh38DH.exome.chr21 "

        # # Check if there are at least 24 files in the params.db beginning with "sequence"
        # if [ $(ls -1 BWA_DB_chr21/sequence* 2>/dev/null | wc -l) -ge 24 ]; then
        #     echo "Error: Less than 24 files beginning with 'sequence' found."
        #     false
        # fi

        # # Check if a file beginning with "cytoBand" exists
        # if test -e "$BWA_DB_chr21/cytoBand"*; then
        #     echo "Error: No file beginning with 'cytoBand' found."
        #     false
        # fi

        # # Check if a file beginning with "pwms" exists
        # if test -e "$BWA_DB_chr21/pwms"*; then
        #     echo "Error: No file beginning with 'pwms' found."
        #     false
        # fi

        # # Check if a file beginning with "snpEffectPredictor" exists
        # if test -e "$BWA_DB_chr21/snpEffectPredictor"*; then
        #     echo "Error: No file beginning with 'snpEffectPredictor' found."
        #     false
        # fi

        bwa mem BWA_DB_chr21 /staging/leuven/stg_00079/teaching/1000genomes/HG00111.GRCh38DH.exome.chr21.fq.gz             | samtools sort -             > 2_bwa/HG00111.GRCh38DH.exome.chr21.bam
        samtools index 2_bwa/HG00111.GRCh38DH.exome.chr21.bam

  
        
        (one of the commands exited with non-zero exit code; note that snakemake uses bash strict mode!)
    cluster_jobid: Submitted batch job 61378227 on cluster wice

Error executing rule bwa on cluster (jobid: 14, external: Submitted batch job 61378227 on cluster wice, jobscript: /vsc-hard-mounts/leuven-data/362/vsc36251/Assignment2/.snakemake/tmp.1dhd1oyb/14_bwa_HG00111.GRCh38DH.exome.chr21). For error details see the cluster log and the log files of the involved rule(s).
Exiting because a job execution failed. Look above for error message
Complete log: .snakemake/log/2024-05-02T114055.361696.snakemake.log
