Building DAG of jobs...
Using shell: /lustre1/project/stg_00079/teaching/I0U19a_conda_2024/bin/bash
Provided cluster nodes: 22
Job stats:
job              count
-------------  -------
SNP_calling          1
SNP_norm_filt        1
all                  1
bwa                 11
extract_snps         1
fastqc              11
snpeff               1
total               27

Select jobs to execute...

[Thu May  2 01:16:12 2024]
rule bwa:
    input: /staging/leuven/stg_00079/teaching/1000genomes/HG00151.GRCh38DH.exome.chr21.fq.gz
    output: 2_bwa/HG00151.GRCh38DH.exome.chr21.bam, 2_bwa/HG00151.GRCh38DH.exome.chr21.bam.bai
    jobid: 22
    reason: Code has changed since last execution
    wildcards: sample=HG00151.GRCh38DH.exome.chr21
    resources: mem_mb=1000, mem_mib=954, disk_mb=1000, disk_mib=954, tmpdir=<TBD>

Submitted job 22 with external jobid 'Submitted batch job 61377070 on cluster wice'.

[Thu May  2 01:16:13 2024]
rule fastqc:
    input: /staging/leuven/stg_00079/teaching/1000genomes/HG04301.GRCh38DH.exome.chr21.fq.gz
    output: 1_fastqc/HG04301.GRCh38DH.exome.chr21_fastqc.zip, 1_fastqc/HG04301.GRCh38DH.exome.chr21_fastqc.html, 1_fastqc/HG04301.GRCh38DH.exome.chr21_fastqc/fastqc_data.txt, 1_fastqc/HG04301.GRCh38DH.exome.chr21_fastqc/Images/per_base_quality.png, 1_fastqc/HG04301.GRCh38DH.exome.chr21_fastqc/Images/per_base_sequence_content.png, 1_fastqc/HG04301.GRCh38DH.exome.chr21_fastqc/summary.txt
    jobid: 7
    reason: Missing output files: 1_fastqc/HG04301.GRCh38DH.exome.chr21_fastqc.zip
    wildcards: sample=HG04301.GRCh38DH.exome.chr21
    resources: mem_mb=1000, mem_mib=954, disk_mb=1000, disk_mib=954, tmpdir=<TBD>

Submitted job 7 with external jobid 'Submitted batch job 61377071 on cluster wice'.

[Thu May  2 01:16:14 2024]
rule bwa:
    input: /staging/leuven/stg_00079/teaching/1000genomes/HG00131.GRCh38DH.exome.chr21.fq.gz
    output: 2_bwa/HG00131.GRCh38DH.exome.chr21.bam, 2_bwa/HG00131.GRCh38DH.exome.chr21.bam.bai
    jobid: 15
    reason: Code has changed since last execution
    wildcards: sample=HG00131.GRCh38DH.exome.chr21
    resources: mem_mb=1000, mem_mib=954, disk_mb=1000, disk_mib=954, tmpdir=<TBD>

Submitted job 15 with external jobid 'Submitted batch job 61377072 on cluster wice'.

[Thu May  2 01:16:15 2024]
rule fastqc:
    input: /staging/leuven/stg_00079/teaching/1000genomes/HG00121.GRCh38DH.exome.chr21.fq.gz
    output: 1_fastqc/HG00121.GRCh38DH.exome.chr21_fastqc.zip, 1_fastqc/HG00121.GRCh38DH.exome.chr21_fastqc.html, 1_fastqc/HG00121.GRCh38DH.exome.chr21_fastqc/fastqc_data.txt, 1_fastqc/HG00121.GRCh38DH.exome.chr21_fastqc/Images/per_base_quality.png, 1_fastqc/HG00121.GRCh38DH.exome.chr21_fastqc/Images/per_base_sequence_content.png, 1_fastqc/HG00121.GRCh38DH.exome.chr21_fastqc/summary.txt
    jobid: 8
    reason: Missing output files: 1_fastqc/HG00121.GRCh38DH.exome.chr21_fastqc.zip
    wildcards: sample=HG00121.GRCh38DH.exome.chr21
    resources: mem_mb=1000, mem_mib=954, disk_mb=1000, disk_mib=954, tmpdir=<TBD>

Submitted job 8 with external jobid 'Submitted batch job 61377073 on cluster wice'.

[Thu May  2 01:16:16 2024]
rule bwa:
    input: /staging/leuven/stg_00079/teaching/1000genomes/HG00231.GRCh38DH.exome.chr21.fq.gz
    output: 2_bwa/HG00231.GRCh38DH.exome.chr21.bam, 2_bwa/HG00231.GRCh38DH.exome.chr21.bam.bai
    jobid: 16
    reason: Code has changed since last execution
    wildcards: sample=HG00231.GRCh38DH.exome.chr21
    resources: mem_mb=1000, mem_mib=954, disk_mb=1000, disk_mib=954, tmpdir=<TBD>

Submitted job 16 with external jobid 'Submitted batch job 61377074 on cluster wice'.

[Thu May  2 01:16:17 2024]
rule fastqc:
    input: /staging/leuven/stg_00079/teaching/1000genomes/HG00261.GRCh38DH.exome.chr21.fq.gz
    output: 1_fastqc/HG00261.GRCh38DH.exome.chr21_fastqc.zip, 1_fastqc/HG00261.GRCh38DH.exome.chr21_fastqc.html, 1_fastqc/HG00261.GRCh38DH.exome.chr21_fastqc/fastqc_data.txt, 1_fastqc/HG00261.GRCh38DH.exome.chr21_fastqc/Images/per_base_quality.png, 1_fastqc/HG00261.GRCh38DH.exome.chr21_fastqc/Images/per_base_sequence_content.png, 1_fastqc/HG00261.GRCh38DH.exome.chr21_fastqc/summary.txt
    jobid: 2
    reason: Missing output files: 1_fastqc/HG00261.GRCh38DH.exome.chr21_fastqc.zip
    wildcards: sample=HG00261.GRCh38DH.exome.chr21
    resources: mem_mb=1000, mem_mib=954, disk_mb=1000, disk_mib=954, tmpdir=<TBD>

Submitted job 2 with external jobid 'Submitted batch job 61377075 on cluster wice'.

[Thu May  2 01:16:18 2024]
rule fastqc:
    input: /staging/leuven/stg_00079/teaching/1000genomes/HG00251.GRCh38DH.exome.chr21.fq.gz
    output: 1_fastqc/HG00251.GRCh38DH.exome.chr21_fastqc.zip, 1_fastqc/HG00251.GRCh38DH.exome.chr21_fastqc.html, 1_fastqc/HG00251.GRCh38DH.exome.chr21_fastqc/fastqc_data.txt, 1_fastqc/HG00251.GRCh38DH.exome.chr21_fastqc/Images/per_base_quality.png, 1_fastqc/HG00251.GRCh38DH.exome.chr21_fastqc/Images/per_base_sequence_content.png, 1_fastqc/HG00251.GRCh38DH.exome.chr21_fastqc/summary.txt
    jobid: 9
    reason: Missing output files: 1_fastqc/HG00251.GRCh38DH.exome.chr21_fastqc.zip
    wildcards: sample=HG00251.GRCh38DH.exome.chr21
    resources: mem_mb=1000, mem_mib=954, disk_mb=1000, disk_mib=954, tmpdir=<TBD>

Submitted job 9 with external jobid 'Submitted batch job 61377076 on cluster wice'.

[Thu May  2 01:16:19 2024]
rule bwa:
    input: /staging/leuven/stg_00079/teaching/1000genomes/HG01791.GRCh38DH.exome.chr21.fq.gz
    output: 2_bwa/HG01791.GRCh38DH.exome.chr21.bam, 2_bwa/HG01791.GRCh38DH.exome.chr21.bam.bai
    jobid: 17
    reason: Code has changed since last execution
    wildcards: sample=HG01791.GRCh38DH.exome.chr21
    resources: mem_mb=1000, mem_mib=954, disk_mb=1000, disk_mib=954, tmpdir=<TBD>

Submitted job 17 with external jobid 'Submitted batch job 61377077 on cluster wice'.

[Thu May  2 01:16:19 2024]
rule fastqc:
    input: /staging/leuven/stg_00079/teaching/1000genomes/HG00141.GRCh38DH.exome.chr21.fq.gz
    output: 1_fastqc/HG00141.GRCh38DH.exome.chr21_fastqc.zip, 1_fastqc/HG00141.GRCh38DH.exome.chr21_fastqc.html, 1_fastqc/HG00141.GRCh38DH.exome.chr21_fastqc/fastqc_data.txt, 1_fastqc/HG00141.GRCh38DH.exome.chr21_fastqc/Images/per_base_quality.png, 1_fastqc/HG00141.GRCh38DH.exome.chr21_fastqc/Images/per_base_sequence_content.png, 1_fastqc/HG00141.GRCh38DH.exome.chr21_fastqc/summary.txt
    jobid: 1
    reason: Missing output files: 1_fastqc/HG00141.GRCh38DH.exome.chr21_fastqc.zip
    wildcards: sample=HG00141.GRCh38DH.exome.chr21
    resources: mem_mb=1000, mem_mib=954, disk_mb=1000, disk_mib=954, tmpdir=<TBD>

Submitted job 1 with external jobid 'Submitted batch job 61377078 on cluster wice'.

[Thu May  2 01:16:20 2024]
rule fastqc:
    input: /staging/leuven/stg_00079/teaching/1000genomes/HG00101.GRCh38DH.exome.chr21.fq.gz
    output: 1_fastqc/HG00101.GRCh38DH.exome.chr21_fastqc.zip, 1_fastqc/HG00101.GRCh38DH.exome.chr21_fastqc.html, 1_fastqc/HG00101.GRCh38DH.exome.chr21_fastqc/fastqc_data.txt, 1_fastqc/HG00101.GRCh38DH.exome.chr21_fastqc/Images/per_base_quality.png, 1_fastqc/HG00101.GRCh38DH.exome.chr21_fastqc/Images/per_base_sequence_content.png, 1_fastqc/HG00101.GRCh38DH.exome.chr21_fastqc/summary.txt
    jobid: 10
    reason: Missing output files: 1_fastqc/HG00101.GRCh38DH.exome.chr21_fastqc.zip
    wildcards: sample=HG00101.GRCh38DH.exome.chr21
    resources: mem_mb=1000, mem_mib=954, disk_mb=1000, disk_mib=954, tmpdir=<TBD>

Submitted job 10 with external jobid 'Submitted batch job 61377079 on cluster wice'.

[Thu May  2 01:16:21 2024]
rule bwa:
    input: /staging/leuven/stg_00079/teaching/1000genomes/HG04301.GRCh38DH.exome.chr21.fq.gz
    output: 2_bwa/HG04301.GRCh38DH.exome.chr21.bam, 2_bwa/HG04301.GRCh38DH.exome.chr21.bam.bai
    jobid: 18
    reason: Code has changed since last execution
    wildcards: sample=HG04301.GRCh38DH.exome.chr21
    resources: mem_mb=1000, mem_mib=954, disk_mb=1000, disk_mib=954, tmpdir=<TBD>

Submitted job 18 with external jobid 'Submitted batch job 61377080 on cluster wice'.

[Thu May  2 01:16:22 2024]
rule fastqc:
    input: /staging/leuven/stg_00079/teaching/1000genomes/HG00111.GRCh38DH.exome.chr21.fq.gz
    output: 1_fastqc/HG00111.GRCh38DH.exome.chr21_fastqc.zip, 1_fastqc/HG00111.GRCh38DH.exome.chr21_fastqc.html, 1_fastqc/HG00111.GRCh38DH.exome.chr21_fastqc/fastqc_data.txt, 1_fastqc/HG00111.GRCh38DH.exome.chr21_fastqc/Images/per_base_quality.png, 1_fastqc/HG00111.GRCh38DH.exome.chr21_fastqc/Images/per_base_sequence_content.png, 1_fastqc/HG00111.GRCh38DH.exome.chr21_fastqc/summary.txt
    jobid: 3
    reason: Missing output files: 1_fastqc/HG00111.GRCh38DH.exome.chr21_fastqc.zip
    wildcards: sample=HG00111.GRCh38DH.exome.chr21
    resources: mem_mb=1000, mem_mib=954, disk_mb=1000, disk_mib=954, tmpdir=<TBD>

Submitted job 3 with external jobid 'Submitted batch job 61377081 on cluster wice'.

[Thu May  2 01:16:23 2024]
rule fastqc:
    input: /staging/leuven/stg_00079/teaching/1000genomes/HG00151.GRCh38DH.exome.chr21.fq.gz
    output: 1_fastqc/HG00151.GRCh38DH.exome.chr21_fastqc.zip, 1_fastqc/HG00151.GRCh38DH.exome.chr21_fastqc.html, 1_fastqc/HG00151.GRCh38DH.exome.chr21_fastqc/fastqc_data.txt, 1_fastqc/HG00151.GRCh38DH.exome.chr21_fastqc/Images/per_base_quality.png, 1_fastqc/HG00151.GRCh38DH.exome.chr21_fastqc/Images/per_base_sequence_content.png, 1_fastqc/HG00151.GRCh38DH.exome.chr21_fastqc/summary.txt
    jobid: 11
    reason: Missing output files: 1_fastqc/HG00151.GRCh38DH.exome.chr21_fastqc.zip
    wildcards: sample=HG00151.GRCh38DH.exome.chr21
    resources: mem_mb=1000, mem_mib=954, disk_mb=1000, disk_mib=954, tmpdir=<TBD>

Submitted job 11 with external jobid 'Submitted batch job 61377082 on cluster wice'.

[Thu May  2 01:16:24 2024]
rule bwa:
    input: /staging/leuven/stg_00079/teaching/1000genomes/HG00121.GRCh38DH.exome.chr21.fq.gz
    output: 2_bwa/HG00121.GRCh38DH.exome.chr21.bam, 2_bwa/HG00121.GRCh38DH.exome.chr21.bam.bai
    jobid: 19
    reason: Code has changed since last execution
    wildcards: sample=HG00121.GRCh38DH.exome.chr21
    resources: mem_mb=1000, mem_mib=954, disk_mb=1000, disk_mib=954, tmpdir=<TBD>

Submitted job 19 with external jobid 'Submitted batch job 61377083 on cluster wice'.

[Thu May  2 01:16:25 2024]
rule fastqc:
    input: /staging/leuven/stg_00079/teaching/1000genomes/HG00131.GRCh38DH.exome.chr21.fq.gz
    output: 1_fastqc/HG00131.GRCh38DH.exome.chr21_fastqc.zip, 1_fastqc/HG00131.GRCh38DH.exome.chr21_fastqc.html, 1_fastqc/HG00131.GRCh38DH.exome.chr21_fastqc/fastqc_data.txt, 1_fastqc/HG00131.GRCh38DH.exome.chr21_fastqc/Images/per_base_quality.png, 1_fastqc/HG00131.GRCh38DH.exome.chr21_fastqc/Images/per_base_sequence_content.png, 1_fastqc/HG00131.GRCh38DH.exome.chr21_fastqc/summary.txt
    jobid: 4
    reason: Missing output files: 1_fastqc/HG00131.GRCh38DH.exome.chr21_fastqc.zip
    wildcards: sample=HG00131.GRCh38DH.exome.chr21
    resources: mem_mb=1000, mem_mib=954, disk_mb=1000, disk_mib=954, tmpdir=<TBD>

Submitted job 4 with external jobid 'Submitted batch job 61377084 on cluster wice'.

[Thu May  2 01:16:25 2024]
rule bwa:
    input: /staging/leuven/stg_00079/teaching/1000genomes/HG00141.GRCh38DH.exome.chr21.fq.gz
    output: 2_bwa/HG00141.GRCh38DH.exome.chr21.bam, 2_bwa/HG00141.GRCh38DH.exome.chr21.bam.bai
    jobid: 12
    reason: Code has changed since last execution
    wildcards: sample=HG00141.GRCh38DH.exome.chr21
    resources: mem_mb=1000, mem_mib=954, disk_mb=1000, disk_mib=954, tmpdir=<TBD>

Submitted job 12 with external jobid 'Submitted batch job 61377085 on cluster wice'.

[Thu May  2 01:16:26 2024]
rule bwa:
    input: /staging/leuven/stg_00079/teaching/1000genomes/HG00251.GRCh38DH.exome.chr21.fq.gz
    output: 2_bwa/HG00251.GRCh38DH.exome.chr21.bam, 2_bwa/HG00251.GRCh38DH.exome.chr21.bam.bai
    jobid: 20
    reason: Code has changed since last execution
    wildcards: sample=HG00251.GRCh38DH.exome.chr21
    resources: mem_mb=1000, mem_mib=954, disk_mb=1000, disk_mib=954, tmpdir=<TBD>

Submitted job 20 with external jobid 'Submitted batch job 61377086 on cluster wice'.

[Thu May  2 01:16:27 2024]
rule fastqc:
    input: /staging/leuven/stg_00079/teaching/1000genomes/HG00231.GRCh38DH.exome.chr21.fq.gz
    output: 1_fastqc/HG00231.GRCh38DH.exome.chr21_fastqc.zip, 1_fastqc/HG00231.GRCh38DH.exome.chr21_fastqc.html, 1_fastqc/HG00231.GRCh38DH.exome.chr21_fastqc/fastqc_data.txt, 1_fastqc/HG00231.GRCh38DH.exome.chr21_fastqc/Images/per_base_quality.png, 1_fastqc/HG00231.GRCh38DH.exome.chr21_fastqc/Images/per_base_sequence_content.png, 1_fastqc/HG00231.GRCh38DH.exome.chr21_fastqc/summary.txt
    jobid: 5
    reason: Missing output files: 1_fastqc/HG00231.GRCh38DH.exome.chr21_fastqc.zip
    wildcards: sample=HG00231.GRCh38DH.exome.chr21
    resources: mem_mb=1000, mem_mib=954, disk_mb=1000, disk_mib=954, tmpdir=<TBD>

Submitted job 5 with external jobid 'Submitted batch job 61377087 on cluster wice'.

[Thu May  2 01:16:28 2024]
rule bwa:
    input: /staging/leuven/stg_00079/teaching/1000genomes/HG00261.GRCh38DH.exome.chr21.fq.gz
    output: 2_bwa/HG00261.GRCh38DH.exome.chr21.bam, 2_bwa/HG00261.GRCh38DH.exome.chr21.bam.bai
    jobid: 13
    reason: Code has changed since last execution
    wildcards: sample=HG00261.GRCh38DH.exome.chr21
    resources: mem_mb=1000, mem_mib=954, disk_mb=1000, disk_mib=954, tmpdir=<TBD>

Submitted job 13 with external jobid 'Submitted batch job 61377088 on cluster wice'.

[Thu May  2 01:16:29 2024]
rule bwa:
    input: /staging/leuven/stg_00079/teaching/1000genomes/HG00101.GRCh38DH.exome.chr21.fq.gz
    output: 2_bwa/HG00101.GRCh38DH.exome.chr21.bam, 2_bwa/HG00101.GRCh38DH.exome.chr21.bam.bai
    jobid: 21
    reason: Code has changed since last execution
    wildcards: sample=HG00101.GRCh38DH.exome.chr21
    resources: mem_mb=1000, mem_mib=954, disk_mb=1000, disk_mib=954, tmpdir=<TBD>

Submitted job 21 with external jobid 'Submitted batch job 61377089 on cluster wice'.

[Thu May  2 01:16:30 2024]
rule fastqc:
    input: /staging/leuven/stg_00079/teaching/1000genomes/HG01791.GRCh38DH.exome.chr21.fq.gz
    output: 1_fastqc/HG01791.GRCh38DH.exome.chr21_fastqc.zip, 1_fastqc/HG01791.GRCh38DH.exome.chr21_fastqc.html, 1_fastqc/HG01791.GRCh38DH.exome.chr21_fastqc/fastqc_data.txt, 1_fastqc/HG01791.GRCh38DH.exome.chr21_fastqc/Images/per_base_quality.png, 1_fastqc/HG01791.GRCh38DH.exome.chr21_fastqc/Images/per_base_sequence_content.png, 1_fastqc/HG01791.GRCh38DH.exome.chr21_fastqc/summary.txt
    jobid: 6
    reason: Missing output files: 1_fastqc/HG01791.GRCh38DH.exome.chr21_fastqc.zip
    wildcards: sample=HG01791.GRCh38DH.exome.chr21
    resources: mem_mb=1000, mem_mib=954, disk_mb=1000, disk_mib=954, tmpdir=<TBD>

Submitted job 6 with external jobid 'Submitted batch job 61377090 on cluster wice'.

[Thu May  2 01:16:30 2024]
rule bwa:
    input: /staging/leuven/stg_00079/teaching/1000genomes/HG00111.GRCh38DH.exome.chr21.fq.gz
    output: 2_bwa/HG00111.GRCh38DH.exome.chr21.bam, 2_bwa/HG00111.GRCh38DH.exome.chr21.bam.bai
    jobid: 14
    reason: Code has changed since last execution
    wildcards: sample=HG00111.GRCh38DH.exome.chr21
    resources: mem_mb=1000, mem_mib=954, disk_mb=1000, disk_mib=954, tmpdir=<TBD>

Submitted job 14 with external jobid 'Submitted batch job 61377091 on cluster wice'.
[Thu May  2 01:16:46 2024]
Finished job 3.
1 of 27 steps (4%) done
[Thu May  2 01:16:46 2024]
Finished job 7.
2 of 27 steps (7%) done
[Thu May  2 01:16:46 2024]
Finished job 2.
3 of 27 steps (11%) done
[Thu May  2 01:16:46 2024]
Error in rule fastqc:
    jobid: 1
    input: /staging/leuven/stg_00079/teaching/1000genomes/HG00141.GRCh38DH.exome.chr21.fq.gz
    output: 1_fastqc/HG00141.GRCh38DH.exome.chr21_fastqc.zip, 1_fastqc/HG00141.GRCh38DH.exome.chr21_fastqc.html, 1_fastqc/HG00141.GRCh38DH.exome.chr21_fastqc/fastqc_data.txt, 1_fastqc/HG00141.GRCh38DH.exome.chr21_fastqc/Images/per_base_quality.png, 1_fastqc/HG00141.GRCh38DH.exome.chr21_fastqc/Images/per_base_sequence_content.png, 1_fastqc/HG00141.GRCh38DH.exome.chr21_fastqc/summary.txt
    shell:
        
        export PATH=/lustre1/project/stg_00079/teaching/I0U19a_conda_2024/bin:$PATH

        echo "Input Fastq: HG00141.GRCh38DH.exome.chr21 "
        
        # # Check if it is in FASTQ format
        # first_line=$(head -n 1 "$input.fq")
        # third_line=$(sed -n '3p' "$input.fq")

        # if ! [[ $first_line == "@"* && $second_line != "+" && $third_line == "+"* ]]; then
        #     echo "File is not in FASTQ format."
        #     false
        # fi

        #check that file is not truncated
        if [ $(tail -n 4 /staging/leuven/stg_00079/teaching/1000genomes/HG00141.GRCh38DH.exome.chr21.fq.gz | head -n 1 | cut -c1) = "@" ]; then
            echo "Fourth last line does not begin with '@'!"
            false
        fi

        #extract the fastqc
        fastqc -o 1_fastqc /staging/leuven/stg_00079/teaching/1000genomes/HG00141.GRCh38DH.exome.chr21.fq.gz --extract

        if grep FAIL 1_fastqc/HG00141.GRCh38DH.exome.chr21_fastqc/summary.txt; then
            echo "Summary contains Fails!"
            false
        fi
        #these warnings arent severe as bias can be introduced by the adapters used
        if grep WARN 1_fastqc/HG00141.GRCh38DH.exome.chr21_fastqc/summary.txt; then
            echo "Summary contains warnings!"
        fi
        
        (one of the commands exited with non-zero exit code; note that snakemake uses bash strict mode!)
    cluster_jobid: Submitted batch job 61377078 on cluster wice

Error executing rule fastqc on cluster (jobid: 1, external: Submitted batch job 61377078 on cluster wice, jobscript: /vsc-hard-mounts/leuven-data/362/vsc36251/Assignment2/.snakemake/tmp.74p8xda0/snakejob.fastqc.1.sh). For error details see the cluster log and the log files of the involved rule(s).
[Thu May  2 01:16:46 2024]
Finished job 9.
4 of 27 steps (15%) done
[Thu May  2 01:16:47 2024]
Finished job 10.
5 of 27 steps (19%) done
[Thu May  2 01:17:19 2024]
Finished job 22.
6 of 27 steps (22%) done
[Thu May  2 01:17:20 2024]
Finished job 8.
7 of 27 steps (26%) done
[Thu May  2 01:17:20 2024]
Finished job 16.
8 of 27 steps (30%) done
[Thu May  2 01:17:20 2024]
Finished job 18.
9 of 27 steps (33%) done
[Thu May  2 01:17:20 2024]
Finished job 11.
10 of 27 steps (37%) done
[Thu May  2 01:17:20 2024]
Finished job 4.
11 of 27 steps (41%) done
[Thu May  2 01:17:20 2024]
Finished job 12.
12 of 27 steps (44%) done
[Thu May  2 01:17:21 2024]
Finished job 5.
13 of 27 steps (48%) done
[Thu May  2 01:17:21 2024]
Finished job 6.
14 of 27 steps (52%) done
[Thu May  2 01:17:51 2024]
Finished job 17.
15 of 27 steps (56%) done
[Thu May  2 01:17:51 2024]
Finished job 19.
16 of 27 steps (59%) done
[Thu May  2 01:17:51 2024]
Finished job 20.
17 of 27 steps (63%) done
[Thu May  2 01:17:51 2024]
Finished job 13.
18 of 27 steps (67%) done
[Thu May  2 01:17:51 2024]
Finished job 21.
19 of 27 steps (70%) done
[Thu May  2 01:17:51 2024]
Finished job 14.
20 of 27 steps (74%) done
[Thu May  2 01:19:21 2024]
Finished job 15.
21 of 27 steps (78%) done
Shutting down, this might take some time.
Exiting because a job execution failed. Look above for error message
Complete log: .snakemake/log/2024-05-02T011611.508674.snakemake.log
