Building DAG of jobs...
Using shell: /lustre1/project/stg_00079/teaching/I0U19a_conda_2024/bin/bash
Provided cluster nodes: 22
Job stats:
job              count
-------------  -------
SNP_calling          1
SNP_norm_filt        1
all                  1
bwa                 11
extract_snps         1
snp_heatmap          1
snpeff               1
total               17

Select jobs to execute...

[Thu May  2 11:51:02 2024]
rule bwa:
    input: /staging/leuven/stg_00079/teaching/1000genomes/HG00251.GRCh38DH.exome.chr21.fq.gz
    output: 2_bwa/HG00251.GRCh38DH.exome.chr21.bam, 2_bwa/HG00251.GRCh38DH.exome.chr21.bam.bai
    jobid: 20
    reason: Code has changed since last execution
    wildcards: sample=HG00251.GRCh38DH.exome.chr21
    resources: mem_mb=1000, mem_mib=954, disk_mb=1000, disk_mib=954, tmpdir=<TBD>, cpus=1

Submitted job 20 with external jobid 'Submitted batch job 61378268 on cluster wice'.

[Thu May  2 11:51:03 2024]
rule bwa:
    input: /staging/leuven/stg_00079/teaching/1000genomes/HG00151.GRCh38DH.exome.chr21.fq.gz
    output: 2_bwa/HG00151.GRCh38DH.exome.chr21.bam, 2_bwa/HG00151.GRCh38DH.exome.chr21.bam.bai
    jobid: 22
    reason: Code has changed since last execution
    wildcards: sample=HG00151.GRCh38DH.exome.chr21
    resources: mem_mb=1000, mem_mib=954, disk_mb=1000, disk_mib=954, tmpdir=<TBD>, cpus=1

Submitted job 22 with external jobid 'Submitted batch job 61378269 on cluster wice'.

[Thu May  2 11:51:04 2024]
rule bwa:
    input: /staging/leuven/stg_00079/teaching/1000genomes/HG00261.GRCh38DH.exome.chr21.fq.gz
    output: 2_bwa/HG00261.GRCh38DH.exome.chr21.bam, 2_bwa/HG00261.GRCh38DH.exome.chr21.bam.bai
    jobid: 13
    reason: Code has changed since last execution
    wildcards: sample=HG00261.GRCh38DH.exome.chr21
    resources: mem_mb=1000, mem_mib=954, disk_mb=1000, disk_mib=954, tmpdir=<TBD>, cpus=1

Submitted job 13 with external jobid 'Submitted batch job 61378270 on cluster wice'.

[Thu May  2 11:51:05 2024]
rule bwa:
    input: /staging/leuven/stg_00079/teaching/1000genomes/HG00131.GRCh38DH.exome.chr21.fq.gz
    output: 2_bwa/HG00131.GRCh38DH.exome.chr21.bam, 2_bwa/HG00131.GRCh38DH.exome.chr21.bam.bai
    jobid: 15
    reason: Code has changed since last execution
    wildcards: sample=HG00131.GRCh38DH.exome.chr21
    resources: mem_mb=1000, mem_mib=954, disk_mb=1000, disk_mib=954, tmpdir=<TBD>, cpus=1

Submitted job 15 with external jobid 'Submitted batch job 61378271 on cluster wice'.

[Thu May  2 11:51:06 2024]
rule bwa:
    input: /staging/leuven/stg_00079/teaching/1000genomes/HG01791.GRCh38DH.exome.chr21.fq.gz
    output: 2_bwa/HG01791.GRCh38DH.exome.chr21.bam, 2_bwa/HG01791.GRCh38DH.exome.chr21.bam.bai
    jobid: 17
    reason: Code has changed since last execution
    wildcards: sample=HG01791.GRCh38DH.exome.chr21
    resources: mem_mb=1000, mem_mib=954, disk_mb=1000, disk_mib=954, tmpdir=<TBD>, cpus=1

Submitted job 17 with external jobid 'Submitted batch job 61378272 on cluster wice'.

[Thu May  2 11:51:07 2024]
rule bwa:
    input: /staging/leuven/stg_00079/teaching/1000genomes/HG00121.GRCh38DH.exome.chr21.fq.gz
    output: 2_bwa/HG00121.GRCh38DH.exome.chr21.bam, 2_bwa/HG00121.GRCh38DH.exome.chr21.bam.bai
    jobid: 19
    reason: Code has changed since last execution
    wildcards: sample=HG00121.GRCh38DH.exome.chr21
    resources: mem_mb=1000, mem_mib=954, disk_mb=1000, disk_mib=954, tmpdir=<TBD>, cpus=1

Submitted job 19 with external jobid 'Submitted batch job 61378273 on cluster wice'.

[Thu May  2 11:51:08 2024]
rule bwa:
    input: /staging/leuven/stg_00079/teaching/1000genomes/HG00101.GRCh38DH.exome.chr21.fq.gz
    output: 2_bwa/HG00101.GRCh38DH.exome.chr21.bam, 2_bwa/HG00101.GRCh38DH.exome.chr21.bam.bai
    jobid: 21
    reason: Code has changed since last execution
    wildcards: sample=HG00101.GRCh38DH.exome.chr21
    resources: mem_mb=1000, mem_mib=954, disk_mb=1000, disk_mib=954, tmpdir=<TBD>, cpus=1

Submitted job 21 with external jobid 'Submitted batch job 61378274 on cluster wice'.

[Thu May  2 11:51:09 2024]
rule bwa:
    input: /staging/leuven/stg_00079/teaching/1000genomes/HG00141.GRCh38DH.exome.chr21.fq.gz
    output: 2_bwa/HG00141.GRCh38DH.exome.chr21.bam, 2_bwa/HG00141.GRCh38DH.exome.chr21.bam.bai
    jobid: 12
    reason: Code has changed since last execution
    wildcards: sample=HG00141.GRCh38DH.exome.chr21
    resources: mem_mb=1000, mem_mib=954, disk_mb=1000, disk_mib=954, tmpdir=<TBD>, cpus=1

Submitted job 12 with external jobid 'Submitted batch job 61378275 on cluster wice'.

[Thu May  2 11:51:10 2024]
rule bwa:
    input: /staging/leuven/stg_00079/teaching/1000genomes/HG00111.GRCh38DH.exome.chr21.fq.gz
    output: 2_bwa/HG00111.GRCh38DH.exome.chr21.bam, 2_bwa/HG00111.GRCh38DH.exome.chr21.bam.bai
    jobid: 14
    reason: Code has changed since last execution
    wildcards: sample=HG00111.GRCh38DH.exome.chr21
    resources: mem_mb=1000, mem_mib=954, disk_mb=1000, disk_mib=954, tmpdir=<TBD>, cpus=1

Submitted job 14 with external jobid 'Submitted batch job 61378276 on cluster wice'.

[Thu May  2 11:51:11 2024]
rule bwa:
    input: /staging/leuven/stg_00079/teaching/1000genomes/HG00231.GRCh38DH.exome.chr21.fq.gz
    output: 2_bwa/HG00231.GRCh38DH.exome.chr21.bam, 2_bwa/HG00231.GRCh38DH.exome.chr21.bam.bai
    jobid: 16
    reason: Code has changed since last execution
    wildcards: sample=HG00231.GRCh38DH.exome.chr21
    resources: mem_mb=1000, mem_mib=954, disk_mb=1000, disk_mib=954, tmpdir=<TBD>, cpus=1

Submitted job 16 with external jobid 'Submitted batch job 61378277 on cluster wice'.

[Thu May  2 11:51:12 2024]
rule bwa:
    input: /staging/leuven/stg_00079/teaching/1000genomes/HG04301.GRCh38DH.exome.chr21.fq.gz
    output: 2_bwa/HG04301.GRCh38DH.exome.chr21.bam, 2_bwa/HG04301.GRCh38DH.exome.chr21.bam.bai
    jobid: 18
    reason: Code has changed since last execution
    wildcards: sample=HG04301.GRCh38DH.exome.chr21
    resources: mem_mb=1000, mem_mib=954, disk_mb=1000, disk_mib=954, tmpdir=<TBD>, cpus=1

Submitted job 18 with external jobid 'Submitted batch job 61378278 on cluster wice'.
[Thu May  2 11:51:45 2024]
Finished job 22.
1 of 17 steps (6%) done
[Thu May  2 11:52:16 2024]
Finished job 13.
2 of 17 steps (12%) done
[Thu May  2 11:52:16 2024]
Finished job 17.
3 of 17 steps (18%) done
[Thu May  2 11:52:16 2024]
Finished job 19.
4 of 17 steps (24%) done
[Thu May  2 11:52:16 2024]
Finished job 12.
5 of 17 steps (29%) done
[Thu May  2 11:52:16 2024]
Finished job 14.
6 of 17 steps (35%) done
[Thu May  2 11:52:16 2024]
Finished job 16.
7 of 17 steps (41%) done
[Thu May  2 11:52:16 2024]
Finished job 18.
8 of 17 steps (47%) done
[Thu May  2 11:52:46 2024]
Finished job 20.
9 of 17 steps (53%) done
[Thu May  2 11:52:47 2024]
Finished job 21.
10 of 17 steps (59%) done
[Thu May  2 11:54:17 2024]
Finished job 15.
11 of 17 steps (65%) done
Select jobs to execute...

[Thu May  2 11:54:17 2024]
rule SNP_calling:
    input: /lustre1/project/stg_00079/teaching/hg38_21/chr21.fa, 2_bwa/HG00141.GRCh38DH.exome.chr21.bam, 2_bwa/HG00261.GRCh38DH.exome.chr21.bam, 2_bwa/HG00111.GRCh38DH.exome.chr21.bam, 2_bwa/HG00131.GRCh38DH.exome.chr21.bam, 2_bwa/HG00231.GRCh38DH.exome.chr21.bam, 2_bwa/HG01791.GRCh38DH.exome.chr21.bam, 2_bwa/HG04301.GRCh38DH.exome.chr21.bam, 2_bwa/HG00121.GRCh38DH.exome.chr21.bam, 2_bwa/HG00251.GRCh38DH.exome.chr21.bam, 2_bwa/HG00101.GRCh38DH.exome.chr21.bam, 2_bwa/HG00151.GRCh38DH.exome.chr21.bam
    output: 3_samtools/snps.vcf
    jobid: 23
    reason: Input files updated by another job: 2_bwa/HG00251.GRCh38DH.exome.chr21.bam, 2_bwa/HG00261.GRCh38DH.exome.chr21.bam, 2_bwa/HG00131.GRCh38DH.exome.chr21.bam, 2_bwa/HG01791.GRCh38DH.exome.chr21.bam, 2_bwa/HG00121.GRCh38DH.exome.chr21.bam, 2_bwa/HG00111.GRCh38DH.exome.chr21.bam, 2_bwa/HG04301.GRCh38DH.exome.chr21.bam, 2_bwa/HG00101.GRCh38DH.exome.chr21.bam, 2_bwa/HG00151.GRCh38DH.exome.chr21.bam, 2_bwa/HG00231.GRCh38DH.exome.chr21.bam, 2_bwa/HG00141.GRCh38DH.exome.chr21.bam
    resources: mem_mb=1040, mem_mib=992, disk_mb=1040, disk_mib=992, tmpdir=<TBD>, cpus=8

Submitted job 23 with external jobid 'Submitted batch job 61378281 on cluster wice'.
