Building DAG of jobs...
Using shell: /lustre1/project/stg_00079/teaching/I0U19a_conda_2024/bin/bash
Provided cluster nodes: 22
Job stats:
job              count
-------------  -------
SNP_calling          1
SNP_norm_filt        1
all                  1
bwa                 11
extract_snps         1
fastqc              11
snpeff               1
total               27

Select jobs to execute...

[Thu May  2 01:28:08 2024]
rule bwa:
    input: /staging/leuven/stg_00079/teaching/1000genomes/HG00151.GRCh38DH.exome.chr21.fq.gz
    output: 2_bwa/HG00151.GRCh38DH.exome.chr21.bam, 2_bwa/HG00151.GRCh38DH.exome.chr21.bam.bai
    jobid: 22
    reason: Missing output files: 2_bwa/HG00151.GRCh38DH.exome.chr21.bam
    wildcards: sample=HG00151.GRCh38DH.exome.chr21
    resources: mem_mb=1000, mem_mib=954, disk_mb=1000, disk_mib=954, tmpdir=<TBD>

Submitted job 22 with external jobid 'Submitted batch job 61377128 on cluster wice'.

[Thu May  2 01:28:09 2024]
rule fastqc:
    input: /staging/leuven/stg_00079/teaching/1000genomes/HG04301.GRCh38DH.exome.chr21.fq.gz
    output: 1_fastqc/HG04301.GRCh38DH.exome.chr21_fastqc.zip, 1_fastqc/HG04301.GRCh38DH.exome.chr21_fastqc.html, 1_fastqc/HG04301.GRCh38DH.exome.chr21_fastqc/fastqc_data.txt, 1_fastqc/HG04301.GRCh38DH.exome.chr21_fastqc/Images/per_base_quality.png, 1_fastqc/HG04301.GRCh38DH.exome.chr21_fastqc/Images/per_base_sequence_content.png, 1_fastqc/HG04301.GRCh38DH.exome.chr21_fastqc/summary.txt
    jobid: 7
    reason: Code has changed since last execution
    wildcards: sample=HG04301.GRCh38DH.exome.chr21
    resources: mem_mb=1000, mem_mib=954, disk_mb=1000, disk_mib=954, tmpdir=<TBD>

Submitted job 7 with external jobid 'Submitted batch job 61377129 on cluster wice'.

[Thu May  2 01:28:09 2024]
rule bwa:
    input: /staging/leuven/stg_00079/teaching/1000genomes/HG00131.GRCh38DH.exome.chr21.fq.gz
    output: 2_bwa/HG00131.GRCh38DH.exome.chr21.bam, 2_bwa/HG00131.GRCh38DH.exome.chr21.bam.bai
    jobid: 15
    reason: Missing output files: 2_bwa/HG00131.GRCh38DH.exome.chr21.bam
    wildcards: sample=HG00131.GRCh38DH.exome.chr21
    resources: mem_mb=1000, mem_mib=954, disk_mb=1000, disk_mib=954, tmpdir=<TBD>

Submitted job 15 with external jobid 'Submitted batch job 61377130 on cluster wice'.

[Thu May  2 01:28:10 2024]
rule fastqc:
    input: /staging/leuven/stg_00079/teaching/1000genomes/HG00121.GRCh38DH.exome.chr21.fq.gz
    output: 1_fastqc/HG00121.GRCh38DH.exome.chr21_fastqc.zip, 1_fastqc/HG00121.GRCh38DH.exome.chr21_fastqc.html, 1_fastqc/HG00121.GRCh38DH.exome.chr21_fastqc/fastqc_data.txt, 1_fastqc/HG00121.GRCh38DH.exome.chr21_fastqc/Images/per_base_quality.png, 1_fastqc/HG00121.GRCh38DH.exome.chr21_fastqc/Images/per_base_sequence_content.png, 1_fastqc/HG00121.GRCh38DH.exome.chr21_fastqc/summary.txt
    jobid: 8
    reason: Code has changed since last execution
    wildcards: sample=HG00121.GRCh38DH.exome.chr21
    resources: mem_mb=1000, mem_mib=954, disk_mb=1000, disk_mib=954, tmpdir=<TBD>

Submitted job 8 with external jobid 'Submitted batch job 61377131 on cluster wice'.

[Thu May  2 01:28:11 2024]
rule bwa:
    input: /staging/leuven/stg_00079/teaching/1000genomes/HG00231.GRCh38DH.exome.chr21.fq.gz
    output: 2_bwa/HG00231.GRCh38DH.exome.chr21.bam, 2_bwa/HG00231.GRCh38DH.exome.chr21.bam.bai
    jobid: 16
    reason: Missing output files: 2_bwa/HG00231.GRCh38DH.exome.chr21.bam
    wildcards: sample=HG00231.GRCh38DH.exome.chr21
    resources: mem_mb=1000, mem_mib=954, disk_mb=1000, disk_mib=954, tmpdir=<TBD>

Submitted job 16 with external jobid 'Submitted batch job 61377132 on cluster wice'.

[Thu May  2 01:28:12 2024]
rule fastqc:
    input: /staging/leuven/stg_00079/teaching/1000genomes/HG00261.GRCh38DH.exome.chr21.fq.gz
    output: 1_fastqc/HG00261.GRCh38DH.exome.chr21_fastqc.zip, 1_fastqc/HG00261.GRCh38DH.exome.chr21_fastqc.html, 1_fastqc/HG00261.GRCh38DH.exome.chr21_fastqc/fastqc_data.txt, 1_fastqc/HG00261.GRCh38DH.exome.chr21_fastqc/Images/per_base_quality.png, 1_fastqc/HG00261.GRCh38DH.exome.chr21_fastqc/Images/per_base_sequence_content.png, 1_fastqc/HG00261.GRCh38DH.exome.chr21_fastqc/summary.txt
    jobid: 2
    reason: Code has changed since last execution
    wildcards: sample=HG00261.GRCh38DH.exome.chr21
    resources: mem_mb=1000, mem_mib=954, disk_mb=1000, disk_mib=954, tmpdir=<TBD>

Submitted job 2 with external jobid 'Submitted batch job 61377133 on cluster wice'.

[Thu May  2 01:28:13 2024]
rule fastqc:
    input: /staging/leuven/stg_00079/teaching/1000genomes/HG00251.GRCh38DH.exome.chr21.fq.gz
    output: 1_fastqc/HG00251.GRCh38DH.exome.chr21_fastqc.zip, 1_fastqc/HG00251.GRCh38DH.exome.chr21_fastqc.html, 1_fastqc/HG00251.GRCh38DH.exome.chr21_fastqc/fastqc_data.txt, 1_fastqc/HG00251.GRCh38DH.exome.chr21_fastqc/Images/per_base_quality.png, 1_fastqc/HG00251.GRCh38DH.exome.chr21_fastqc/Images/per_base_sequence_content.png, 1_fastqc/HG00251.GRCh38DH.exome.chr21_fastqc/summary.txt
    jobid: 9
    reason: Code has changed since last execution
    wildcards: sample=HG00251.GRCh38DH.exome.chr21
    resources: mem_mb=1000, mem_mib=954, disk_mb=1000, disk_mib=954, tmpdir=<TBD>

Submitted job 9 with external jobid 'Submitted batch job 61377134 on cluster wice'.

[Thu May  2 01:28:14 2024]
rule bwa:
    input: /staging/leuven/stg_00079/teaching/1000genomes/HG01791.GRCh38DH.exome.chr21.fq.gz
    output: 2_bwa/HG01791.GRCh38DH.exome.chr21.bam, 2_bwa/HG01791.GRCh38DH.exome.chr21.bam.bai
    jobid: 17
    reason: Missing output files: 2_bwa/HG01791.GRCh38DH.exome.chr21.bam
    wildcards: sample=HG01791.GRCh38DH.exome.chr21
    resources: mem_mb=1000, mem_mib=954, disk_mb=1000, disk_mib=954, tmpdir=<TBD>

Submitted job 17 with external jobid 'Submitted batch job 61377135 on cluster wice'.

[Thu May  2 01:28:15 2024]
rule fastqc:
    input: /staging/leuven/stg_00079/teaching/1000genomes/HG00141.GRCh38DH.exome.chr21.fq.gz
    output: 1_fastqc/HG00141.GRCh38DH.exome.chr21_fastqc.zip, 1_fastqc/HG00141.GRCh38DH.exome.chr21_fastqc.html, 1_fastqc/HG00141.GRCh38DH.exome.chr21_fastqc/fastqc_data.txt, 1_fastqc/HG00141.GRCh38DH.exome.chr21_fastqc/Images/per_base_quality.png, 1_fastqc/HG00141.GRCh38DH.exome.chr21_fastqc/Images/per_base_sequence_content.png, 1_fastqc/HG00141.GRCh38DH.exome.chr21_fastqc/summary.txt
    jobid: 1
    reason: Missing output files: 1_fastqc/HG00141.GRCh38DH.exome.chr21_fastqc.zip
    wildcards: sample=HG00141.GRCh38DH.exome.chr21
    resources: mem_mb=1000, mem_mib=954, disk_mb=1000, disk_mib=954, tmpdir=<TBD>

Submitted job 1 with external jobid 'Submitted batch job 61377136 on cluster wice'.

[Thu May  2 01:28:16 2024]
rule fastqc:
    input: /staging/leuven/stg_00079/teaching/1000genomes/HG00101.GRCh38DH.exome.chr21.fq.gz
    output: 1_fastqc/HG00101.GRCh38DH.exome.chr21_fastqc.zip, 1_fastqc/HG00101.GRCh38DH.exome.chr21_fastqc.html, 1_fastqc/HG00101.GRCh38DH.exome.chr21_fastqc/fastqc_data.txt, 1_fastqc/HG00101.GRCh38DH.exome.chr21_fastqc/Images/per_base_quality.png, 1_fastqc/HG00101.GRCh38DH.exome.chr21_fastqc/Images/per_base_sequence_content.png, 1_fastqc/HG00101.GRCh38DH.exome.chr21_fastqc/summary.txt
    jobid: 10
    reason: Code has changed since last execution
    wildcards: sample=HG00101.GRCh38DH.exome.chr21
    resources: mem_mb=1000, mem_mib=954, disk_mb=1000, disk_mib=954, tmpdir=<TBD>

Submitted job 10 with external jobid 'Submitted batch job 61377137 on cluster wice'.

[Thu May  2 01:28:16 2024]
rule bwa:
    input: /staging/leuven/stg_00079/teaching/1000genomes/HG04301.GRCh38DH.exome.chr21.fq.gz
    output: 2_bwa/HG04301.GRCh38DH.exome.chr21.bam, 2_bwa/HG04301.GRCh38DH.exome.chr21.bam.bai
    jobid: 18
    reason: Missing output files: 2_bwa/HG04301.GRCh38DH.exome.chr21.bam
    wildcards: sample=HG04301.GRCh38DH.exome.chr21
    resources: mem_mb=1000, mem_mib=954, disk_mb=1000, disk_mib=954, tmpdir=<TBD>

Submitted job 18 with external jobid 'Submitted batch job 61377138 on cluster wice'.

[Thu May  2 01:28:17 2024]
rule fastqc:
    input: /staging/leuven/stg_00079/teaching/1000genomes/HG00111.GRCh38DH.exome.chr21.fq.gz
    output: 1_fastqc/HG00111.GRCh38DH.exome.chr21_fastqc.zip, 1_fastqc/HG00111.GRCh38DH.exome.chr21_fastqc.html, 1_fastqc/HG00111.GRCh38DH.exome.chr21_fastqc/fastqc_data.txt, 1_fastqc/HG00111.GRCh38DH.exome.chr21_fastqc/Images/per_base_quality.png, 1_fastqc/HG00111.GRCh38DH.exome.chr21_fastqc/Images/per_base_sequence_content.png, 1_fastqc/HG00111.GRCh38DH.exome.chr21_fastqc/summary.txt
    jobid: 3
    reason: Code has changed since last execution
    wildcards: sample=HG00111.GRCh38DH.exome.chr21
    resources: mem_mb=1000, mem_mib=954, disk_mb=1000, disk_mib=954, tmpdir=<TBD>

[Thu May  2 01:28:18 2024]
Error in rule fastqc:
    jobid: 7
    input: /staging/leuven/stg_00079/teaching/1000genomes/HG04301.GRCh38DH.exome.chr21.fq.gz
    output: 1_fastqc/HG04301.GRCh38DH.exome.chr21_fastqc.zip, 1_fastqc/HG04301.GRCh38DH.exome.chr21_fastqc.html, 1_fastqc/HG04301.GRCh38DH.exome.chr21_fastqc/fastqc_data.txt, 1_fastqc/HG04301.GRCh38DH.exome.chr21_fastqc/Images/per_base_quality.png, 1_fastqc/HG04301.GRCh38DH.exome.chr21_fastqc/Images/per_base_sequence_content.png, 1_fastqc/HG04301.GRCh38DH.exome.chr21_fastqc/summary.txt
    shell:
        
        export PATH=/lustre1/project/stg_00079/teaching/I0U19a_conda_2024/bin:$PATH

        echo "Input Fastq: HG04301.GRCh38DH.exome.chr21 "
        
        # Check if it is in FASTQ format
        first_line=$(head -n 1 /staging/leuven/stg_00079/teaching/1000genomes/HG04301.GRCh38DH.exome.chr21.fq.gz)
        third_line=$(sed -n '3p' /staging/leuven/stg_00079/teaching/1000genomes/HG04301.GRCh38DH.exome.chr21.fq.gz)

        if ! [[ $first_line == "@"* && $second_line != "+" && $third_line == "+"* ]]; then
            echo "File is not in FASTQ format."
            false
        fi

        #check that file is not truncated
        if [ $(tail -n 4 /staging/leuven/stg_00079/teaching/1000genomes/HG04301.GRCh38DH.exome.chr21.fq.gz | head -n 1 | cut -c1) = "@" ]; then
            echo "Fourth last line does not begin with '@'!"
            false
        fi

        #extract the fastqc
        fastqc -o 1_fastqc /staging/leuven/stg_00079/teaching/1000genomes/HG04301.GRCh38DH.exome.chr21.fq.gz --extract

        if grep FAIL 1_fastqc/HG04301.GRCh38DH.exome.chr21_fastqc/summary.txt; then
            echo "Summary contains Fails!"
            false
        fi
        #these warnings arent severe as bias can be introduced by the adapters used
        if grep WARN 1_fastqc/HG04301.GRCh38DH.exome.chr21_fastqc/summary.txt; then
            echo "Summary contains warnings!"
        fi
        
        (one of the commands exited with non-zero exit code; note that snakemake uses bash strict mode!)
    cluster_jobid: Submitted batch job 61377129 on cluster wice

Error executing rule fastqc on cluster (jobid: 7, external: Submitted batch job 61377129 on cluster wice, jobscript: /vsc-hard-mounts/leuven-data/362/vsc36251/Assignment2/.snakemake/tmp.hb4qegd8/fastqc7_HG04301.GRCh38DH.exome.chr21_). For error details see the cluster log and the log files of the involved rule(s).
[Thu May  2 01:28:18 2024]
Error in rule fastqc:
    jobid: 8
    input: /staging/leuven/stg_00079/teaching/1000genomes/HG00121.GRCh38DH.exome.chr21.fq.gz
    output: 1_fastqc/HG00121.GRCh38DH.exome.chr21_fastqc.zip, 1_fastqc/HG00121.GRCh38DH.exome.chr21_fastqc.html, 1_fastqc/HG00121.GRCh38DH.exome.chr21_fastqc/fastqc_data.txt, 1_fastqc/HG00121.GRCh38DH.exome.chr21_fastqc/Images/per_base_quality.png, 1_fastqc/HG00121.GRCh38DH.exome.chr21_fastqc/Images/per_base_sequence_content.png, 1_fastqc/HG00121.GRCh38DH.exome.chr21_fastqc/summary.txt
    shell:
        
        export PATH=/lustre1/project/stg_00079/teaching/I0U19a_conda_2024/bin:$PATH

        echo "Input Fastq: HG00121.GRCh38DH.exome.chr21 "
        
        # Check if it is in FASTQ format
        first_line=$(head -n 1 /staging/leuven/stg_00079/teaching/1000genomes/HG00121.GRCh38DH.exome.chr21.fq.gz)
        third_line=$(sed -n '3p' /staging/leuven/stg_00079/teaching/1000genomes/HG00121.GRCh38DH.exome.chr21.fq.gz)

        if ! [[ $first_line == "@"* && $second_line != "+" && $third_line == "+"* ]]; then
            echo "File is not in FASTQ format."
            false
        fi

        #check that file is not truncated
        if [ $(tail -n 4 /staging/leuven/stg_00079/teaching/1000genomes/HG00121.GRCh38DH.exome.chr21.fq.gz | head -n 1 | cut -c1) = "@" ]; then
            echo "Fourth last line does not begin with '@'!"
            false
        fi

        #extract the fastqc
        fastqc -o 1_fastqc /staging/leuven/stg_00079/teaching/1000genomes/HG00121.GRCh38DH.exome.chr21.fq.gz --extract

        if grep FAIL 1_fastqc/HG00121.GRCh38DH.exome.chr21_fastqc/summary.txt; then
            echo "Summary contains Fails!"
            false
        fi
        #these warnings arent severe as bias can be introduced by the adapters used
        if grep WARN 1_fastqc/HG00121.GRCh38DH.exome.chr21_fastqc/summary.txt; then
            echo "Summary contains warnings!"
        fi
        
        (one of the commands exited with non-zero exit code; note that snakemake uses bash strict mode!)
    cluster_jobid: Submitted batch job 61377131 on cluster wice

Error executing rule fastqc on cluster (jobid: 8, external: Submitted batch job 61377131 on cluster wice, jobscript: /vsc-hard-mounts/leuven-data/362/vsc36251/Assignment2/.snakemake/tmp.hb4qegd8/fastqc8_HG00121.GRCh38DH.exome.chr21_). For error details see the cluster log and the log files of the involved rule(s).
Submitted job 3 with external jobid 'Submitted batch job 61377139 on cluster wice'.

[Thu May  2 01:28:18 2024]
rule fastqc:
    input: /staging/leuven/stg_00079/teaching/1000genomes/HG00151.GRCh38DH.exome.chr21.fq.gz
    output: 1_fastqc/HG00151.GRCh38DH.exome.chr21_fastqc.zip, 1_fastqc/HG00151.GRCh38DH.exome.chr21_fastqc.html, 1_fastqc/HG00151.GRCh38DH.exome.chr21_fastqc/fastqc_data.txt, 1_fastqc/HG00151.GRCh38DH.exome.chr21_fastqc/Images/per_base_quality.png, 1_fastqc/HG00151.GRCh38DH.exome.chr21_fastqc/Images/per_base_sequence_content.png, 1_fastqc/HG00151.GRCh38DH.exome.chr21_fastqc/summary.txt
    jobid: 11
    reason: Code has changed since last execution
    wildcards: sample=HG00151.GRCh38DH.exome.chr21
    resources: mem_mb=1000, mem_mib=954, disk_mb=1000, disk_mib=954, tmpdir=<TBD>

Submitted job 11 with external jobid 'Submitted batch job 61377140 on cluster wice'.

[Thu May  2 01:28:19 2024]
rule bwa:
    input: /staging/leuven/stg_00079/teaching/1000genomes/HG00121.GRCh38DH.exome.chr21.fq.gz
    output: 2_bwa/HG00121.GRCh38DH.exome.chr21.bam, 2_bwa/HG00121.GRCh38DH.exome.chr21.bam.bai
    jobid: 19
    reason: Missing output files: 2_bwa/HG00121.GRCh38DH.exome.chr21.bam
    wildcards: sample=HG00121.GRCh38DH.exome.chr21
    resources: mem_mb=1000, mem_mib=954, disk_mb=1000, disk_mib=954, tmpdir=<TBD>

Submitted job 19 with external jobid 'Submitted batch job 61377141 on cluster wice'.

[Thu May  2 01:28:20 2024]
rule fastqc:
    input: /staging/leuven/stg_00079/teaching/1000genomes/HG00131.GRCh38DH.exome.chr21.fq.gz
    output: 1_fastqc/HG00131.GRCh38DH.exome.chr21_fastqc.zip, 1_fastqc/HG00131.GRCh38DH.exome.chr21_fastqc.html, 1_fastqc/HG00131.GRCh38DH.exome.chr21_fastqc/fastqc_data.txt, 1_fastqc/HG00131.GRCh38DH.exome.chr21_fastqc/Images/per_base_quality.png, 1_fastqc/HG00131.GRCh38DH.exome.chr21_fastqc/Images/per_base_sequence_content.png, 1_fastqc/HG00131.GRCh38DH.exome.chr21_fastqc/summary.txt
    jobid: 4
    reason: Code has changed since last execution
    wildcards: sample=HG00131.GRCh38DH.exome.chr21
    resources: mem_mb=1000, mem_mib=954, disk_mb=1000, disk_mib=954, tmpdir=<TBD>

Submitted job 4 with external jobid 'Submitted batch job 61377142 on cluster wice'.

[Thu May  2 01:28:21 2024]
rule bwa:
    input: /staging/leuven/stg_00079/teaching/1000genomes/HG00141.GRCh38DH.exome.chr21.fq.gz
    output: 2_bwa/HG00141.GRCh38DH.exome.chr21.bam, 2_bwa/HG00141.GRCh38DH.exome.chr21.bam.bai
    jobid: 12
    reason: Missing output files: 2_bwa/HG00141.GRCh38DH.exome.chr21.bam
    wildcards: sample=HG00141.GRCh38DH.exome.chr21
    resources: mem_mb=1000, mem_mib=954, disk_mb=1000, disk_mib=954, tmpdir=<TBD>

Submitted job 12 with external jobid 'Submitted batch job 61377143 on cluster wice'.

[Thu May  2 01:28:22 2024]
rule bwa:
    input: /staging/leuven/stg_00079/teaching/1000genomes/HG00251.GRCh38DH.exome.chr21.fq.gz
    output: 2_bwa/HG00251.GRCh38DH.exome.chr21.bam, 2_bwa/HG00251.GRCh38DH.exome.chr21.bam.bai
    jobid: 20
    reason: Missing output files: 2_bwa/HG00251.GRCh38DH.exome.chr21.bam
    wildcards: sample=HG00251.GRCh38DH.exome.chr21
    resources: mem_mb=1000, mem_mib=954, disk_mb=1000, disk_mib=954, tmpdir=<TBD>

Submitted job 20 with external jobid 'Submitted batch job 61377144 on cluster wice'.

[Thu May  2 01:28:23 2024]
rule fastqc:
    input: /staging/leuven/stg_00079/teaching/1000genomes/HG00231.GRCh38DH.exome.chr21.fq.gz
    output: 1_fastqc/HG00231.GRCh38DH.exome.chr21_fastqc.zip, 1_fastqc/HG00231.GRCh38DH.exome.chr21_fastqc.html, 1_fastqc/HG00231.GRCh38DH.exome.chr21_fastqc/fastqc_data.txt, 1_fastqc/HG00231.GRCh38DH.exome.chr21_fastqc/Images/per_base_quality.png, 1_fastqc/HG00231.GRCh38DH.exome.chr21_fastqc/Images/per_base_sequence_content.png, 1_fastqc/HG00231.GRCh38DH.exome.chr21_fastqc/summary.txt
    jobid: 5
    reason: Code has changed since last execution
    wildcards: sample=HG00231.GRCh38DH.exome.chr21
    resources: mem_mb=1000, mem_mib=954, disk_mb=1000, disk_mib=954, tmpdir=<TBD>

Submitted job 5 with external jobid 'Submitted batch job 61377145 on cluster wice'.

[Thu May  2 01:28:23 2024]
rule bwa:
    input: /staging/leuven/stg_00079/teaching/1000genomes/HG00261.GRCh38DH.exome.chr21.fq.gz
    output: 2_bwa/HG00261.GRCh38DH.exome.chr21.bam, 2_bwa/HG00261.GRCh38DH.exome.chr21.bam.bai
    jobid: 13
    reason: Missing output files: 2_bwa/HG00261.GRCh38DH.exome.chr21.bam
    wildcards: sample=HG00261.GRCh38DH.exome.chr21
    resources: mem_mb=1000, mem_mib=954, disk_mb=1000, disk_mib=954, tmpdir=<TBD>

Submitted job 13 with external jobid 'Submitted batch job 61377146 on cluster wice'.

[Thu May  2 01:28:24 2024]
rule bwa:
    input: /staging/leuven/stg_00079/teaching/1000genomes/HG00101.GRCh38DH.exome.chr21.fq.gz
    output: 2_bwa/HG00101.GRCh38DH.exome.chr21.bam, 2_bwa/HG00101.GRCh38DH.exome.chr21.bam.bai
    jobid: 21
    reason: Missing output files: 2_bwa/HG00101.GRCh38DH.exome.chr21.bam
    wildcards: sample=HG00101.GRCh38DH.exome.chr21
    resources: mem_mb=1000, mem_mib=954, disk_mb=1000, disk_mib=954, tmpdir=<TBD>

Submitted job 21 with external jobid 'Submitted batch job 61377147 on cluster wice'.

[Thu May  2 01:28:25 2024]
rule fastqc:
    input: /staging/leuven/stg_00079/teaching/1000genomes/HG01791.GRCh38DH.exome.chr21.fq.gz
    output: 1_fastqc/HG01791.GRCh38DH.exome.chr21_fastqc.zip, 1_fastqc/HG01791.GRCh38DH.exome.chr21_fastqc.html, 1_fastqc/HG01791.GRCh38DH.exome.chr21_fastqc/fastqc_data.txt, 1_fastqc/HG01791.GRCh38DH.exome.chr21_fastqc/Images/per_base_quality.png, 1_fastqc/HG01791.GRCh38DH.exome.chr21_fastqc/Images/per_base_sequence_content.png, 1_fastqc/HG01791.GRCh38DH.exome.chr21_fastqc/summary.txt
    jobid: 6
    reason: Code has changed since last execution
    wildcards: sample=HG01791.GRCh38DH.exome.chr21
    resources: mem_mb=1000, mem_mib=954, disk_mb=1000, disk_mib=954, tmpdir=<TBD>

Submitted job 6 with external jobid 'Submitted batch job 61377148 on cluster wice'.

[Thu May  2 01:28:26 2024]
rule bwa:
    input: /staging/leuven/stg_00079/teaching/1000genomes/HG00111.GRCh38DH.exome.chr21.fq.gz
    output: 2_bwa/HG00111.GRCh38DH.exome.chr21.bam, 2_bwa/HG00111.GRCh38DH.exome.chr21.bam.bai
    jobid: 14
    reason: Missing output files: 2_bwa/HG00111.GRCh38DH.exome.chr21.bam
    wildcards: sample=HG00111.GRCh38DH.exome.chr21
    resources: mem_mb=1000, mem_mib=954, disk_mb=1000, disk_mib=954, tmpdir=<TBD>

Submitted job 14 with external jobid 'Submitted batch job 61377149 on cluster wice'.
[Thu May  2 01:28:29 2024]
Error in rule fastqc:
    jobid: 2
    input: /staging/leuven/stg_00079/teaching/1000genomes/HG00261.GRCh38DH.exome.chr21.fq.gz
    output: 1_fastqc/HG00261.GRCh38DH.exome.chr21_fastqc.zip, 1_fastqc/HG00261.GRCh38DH.exome.chr21_fastqc.html, 1_fastqc/HG00261.GRCh38DH.exome.chr21_fastqc/fastqc_data.txt, 1_fastqc/HG00261.GRCh38DH.exome.chr21_fastqc/Images/per_base_quality.png, 1_fastqc/HG00261.GRCh38DH.exome.chr21_fastqc/Images/per_base_sequence_content.png, 1_fastqc/HG00261.GRCh38DH.exome.chr21_fastqc/summary.txt
    shell:
        
        export PATH=/lustre1/project/stg_00079/teaching/I0U19a_conda_2024/bin:$PATH

        echo "Input Fastq: HG00261.GRCh38DH.exome.chr21 "
        
        # Check if it is in FASTQ format
        first_line=$(head -n 1 /staging/leuven/stg_00079/teaching/1000genomes/HG00261.GRCh38DH.exome.chr21.fq.gz)
        third_line=$(sed -n '3p' /staging/leuven/stg_00079/teaching/1000genomes/HG00261.GRCh38DH.exome.chr21.fq.gz)

        if ! [[ $first_line == "@"* && $second_line != "+" && $third_line == "+"* ]]; then
            echo "File is not in FASTQ format."
            false
        fi

        #check that file is not truncated
        if [ $(tail -n 4 /staging/leuven/stg_00079/teaching/1000genomes/HG00261.GRCh38DH.exome.chr21.fq.gz | head -n 1 | cut -c1) = "@" ]; then
            echo "Fourth last line does not begin with '@'!"
            false
        fi

        #extract the fastqc
        fastqc -o 1_fastqc /staging/leuven/stg_00079/teaching/1000genomes/HG00261.GRCh38DH.exome.chr21.fq.gz --extract

        if grep FAIL 1_fastqc/HG00261.GRCh38DH.exome.chr21_fastqc/summary.txt; then
            echo "Summary contains Fails!"
            false
        fi
        #these warnings arent severe as bias can be introduced by the adapters used
        if grep WARN 1_fastqc/HG00261.GRCh38DH.exome.chr21_fastqc/summary.txt; then
            echo "Summary contains warnings!"
        fi
        
        (one of the commands exited with non-zero exit code; note that snakemake uses bash strict mode!)
    cluster_jobid: Submitted batch job 61377133 on cluster wice

Error executing rule fastqc on cluster (jobid: 2, external: Submitted batch job 61377133 on cluster wice, jobscript: /vsc-hard-mounts/leuven-data/362/vsc36251/Assignment2/.snakemake/tmp.hb4qegd8/fastqc2_HG00261.GRCh38DH.exome.chr21_). For error details see the cluster log and the log files of the involved rule(s).
[Thu May  2 01:28:29 2024]
Error in rule fastqc:
    jobid: 9
    input: /staging/leuven/stg_00079/teaching/1000genomes/HG00251.GRCh38DH.exome.chr21.fq.gz
    output: 1_fastqc/HG00251.GRCh38DH.exome.chr21_fastqc.zip, 1_fastqc/HG00251.GRCh38DH.exome.chr21_fastqc.html, 1_fastqc/HG00251.GRCh38DH.exome.chr21_fastqc/fastqc_data.txt, 1_fastqc/HG00251.GRCh38DH.exome.chr21_fastqc/Images/per_base_quality.png, 1_fastqc/HG00251.GRCh38DH.exome.chr21_fastqc/Images/per_base_sequence_content.png, 1_fastqc/HG00251.GRCh38DH.exome.chr21_fastqc/summary.txt
    shell:
        
        export PATH=/lustre1/project/stg_00079/teaching/I0U19a_conda_2024/bin:$PATH

        echo "Input Fastq: HG00251.GRCh38DH.exome.chr21 "
        
        # Check if it is in FASTQ format
        first_line=$(head -n 1 /staging/leuven/stg_00079/teaching/1000genomes/HG00251.GRCh38DH.exome.chr21.fq.gz)
        third_line=$(sed -n '3p' /staging/leuven/stg_00079/teaching/1000genomes/HG00251.GRCh38DH.exome.chr21.fq.gz)

        if ! [[ $first_line == "@"* && $second_line != "+" && $third_line == "+"* ]]; then
            echo "File is not in FASTQ format."
            false
        fi

        #check that file is not truncated
        if [ $(tail -n 4 /staging/leuven/stg_00079/teaching/1000genomes/HG00251.GRCh38DH.exome.chr21.fq.gz | head -n 1 | cut -c1) = "@" ]; then
            echo "Fourth last line does not begin with '@'!"
            false
        fi

        #extract the fastqc
        fastqc -o 1_fastqc /staging/leuven/stg_00079/teaching/1000genomes/HG00251.GRCh38DH.exome.chr21.fq.gz --extract

        if grep FAIL 1_fastqc/HG00251.GRCh38DH.exome.chr21_fastqc/summary.txt; then
            echo "Summary contains Fails!"
            false
        fi
        #these warnings arent severe as bias can be introduced by the adapters used
        if grep WARN 1_fastqc/HG00251.GRCh38DH.exome.chr21_fastqc/summary.txt; then
            echo "Summary contains warnings!"
        fi
        
        (one of the commands exited with non-zero exit code; note that snakemake uses bash strict mode!)
    cluster_jobid: Submitted batch job 61377134 on cluster wice

Error executing rule fastqc on cluster (jobid: 9, external: Submitted batch job 61377134 on cluster wice, jobscript: /vsc-hard-mounts/leuven-data/362/vsc36251/Assignment2/.snakemake/tmp.hb4qegd8/fastqc9_HG00251.GRCh38DH.exome.chr21_). For error details see the cluster log and the log files of the involved rule(s).
[Thu May  2 01:28:29 2024]
Error in rule fastqc:
    jobid: 10
    input: /staging/leuven/stg_00079/teaching/1000genomes/HG00101.GRCh38DH.exome.chr21.fq.gz
    output: 1_fastqc/HG00101.GRCh38DH.exome.chr21_fastqc.zip, 1_fastqc/HG00101.GRCh38DH.exome.chr21_fastqc.html, 1_fastqc/HG00101.GRCh38DH.exome.chr21_fastqc/fastqc_data.txt, 1_fastqc/HG00101.GRCh38DH.exome.chr21_fastqc/Images/per_base_quality.png, 1_fastqc/HG00101.GRCh38DH.exome.chr21_fastqc/Images/per_base_sequence_content.png, 1_fastqc/HG00101.GRCh38DH.exome.chr21_fastqc/summary.txt
    shell:
        
        export PATH=/lustre1/project/stg_00079/teaching/I0U19a_conda_2024/bin:$PATH

        echo "Input Fastq: HG00101.GRCh38DH.exome.chr21 "
        
        # Check if it is in FASTQ format
        first_line=$(head -n 1 /staging/leuven/stg_00079/teaching/1000genomes/HG00101.GRCh38DH.exome.chr21.fq.gz)
        third_line=$(sed -n '3p' /staging/leuven/stg_00079/teaching/1000genomes/HG00101.GRCh38DH.exome.chr21.fq.gz)

        if ! [[ $first_line == "@"* && $second_line != "+" && $third_line == "+"* ]]; then
            echo "File is not in FASTQ format."
            false
        fi

        #check that file is not truncated
        if [ $(tail -n 4 /staging/leuven/stg_00079/teaching/1000genomes/HG00101.GRCh38DH.exome.chr21.fq.gz | head -n 1 | cut -c1) = "@" ]; then
            echo "Fourth last line does not begin with '@'!"
            false
        fi

        #extract the fastqc
        fastqc -o 1_fastqc /staging/leuven/stg_00079/teaching/1000genomes/HG00101.GRCh38DH.exome.chr21.fq.gz --extract

        if grep FAIL 1_fastqc/HG00101.GRCh38DH.exome.chr21_fastqc/summary.txt; then
            echo "Summary contains Fails!"
            false
        fi
        #these warnings arent severe as bias can be introduced by the adapters used
        if grep WARN 1_fastqc/HG00101.GRCh38DH.exome.chr21_fastqc/summary.txt; then
            echo "Summary contains warnings!"
        fi
        
        (one of the commands exited with non-zero exit code; note that snakemake uses bash strict mode!)
    cluster_jobid: Submitted batch job 61377137 on cluster wice

Error executing rule fastqc on cluster (jobid: 10, external: Submitted batch job 61377137 on cluster wice, jobscript: /vsc-hard-mounts/leuven-data/362/vsc36251/Assignment2/.snakemake/tmp.hb4qegd8/fastqc10_HG00101.GRCh38DH.exome.chr21_). For error details see the cluster log and the log files of the involved rule(s).
[Thu May  2 01:28:51 2024]
Error in rule fastqc:
    jobid: 3
    input: /staging/leuven/stg_00079/teaching/1000genomes/HG00111.GRCh38DH.exome.chr21.fq.gz
    output: 1_fastqc/HG00111.GRCh38DH.exome.chr21_fastqc.zip, 1_fastqc/HG00111.GRCh38DH.exome.chr21_fastqc.html, 1_fastqc/HG00111.GRCh38DH.exome.chr21_fastqc/fastqc_data.txt, 1_fastqc/HG00111.GRCh38DH.exome.chr21_fastqc/Images/per_base_quality.png, 1_fastqc/HG00111.GRCh38DH.exome.chr21_fastqc/Images/per_base_sequence_content.png, 1_fastqc/HG00111.GRCh38DH.exome.chr21_fastqc/summary.txt
    shell:
        
        export PATH=/lustre1/project/stg_00079/teaching/I0U19a_conda_2024/bin:$PATH

        echo "Input Fastq: HG00111.GRCh38DH.exome.chr21 "
        
        # Check if it is in FASTQ format
        first_line=$(head -n 1 /staging/leuven/stg_00079/teaching/1000genomes/HG00111.GRCh38DH.exome.chr21.fq.gz)
        third_line=$(sed -n '3p' /staging/leuven/stg_00079/teaching/1000genomes/HG00111.GRCh38DH.exome.chr21.fq.gz)

        if ! [[ $first_line == "@"* && $second_line != "+" && $third_line == "+"* ]]; then
            echo "File is not in FASTQ format."
            false
        fi

        #check that file is not truncated
        if [ $(tail -n 4 /staging/leuven/stg_00079/teaching/1000genomes/HG00111.GRCh38DH.exome.chr21.fq.gz | head -n 1 | cut -c1) = "@" ]; then
            echo "Fourth last line does not begin with '@'!"
            false
        fi

        #extract the fastqc
        fastqc -o 1_fastqc /staging/leuven/stg_00079/teaching/1000genomes/HG00111.GRCh38DH.exome.chr21.fq.gz --extract

        if grep FAIL 1_fastqc/HG00111.GRCh38DH.exome.chr21_fastqc/summary.txt; then
            echo "Summary contains Fails!"
            false
        fi
        #these warnings arent severe as bias can be introduced by the adapters used
        if grep WARN 1_fastqc/HG00111.GRCh38DH.exome.chr21_fastqc/summary.txt; then
            echo "Summary contains warnings!"
        fi
        
        (one of the commands exited with non-zero exit code; note that snakemake uses bash strict mode!)
    cluster_jobid: Submitted batch job 61377139 on cluster wice

Error executing rule fastqc on cluster (jobid: 3, external: Submitted batch job 61377139 on cluster wice, jobscript: /vsc-hard-mounts/leuven-data/362/vsc36251/Assignment2/.snakemake/tmp.hb4qegd8/fastqc3_HG00111.GRCh38DH.exome.chr21_). For error details see the cluster log and the log files of the involved rule(s).
[Thu May  2 01:28:51 2024]
Error in rule fastqc:
    jobid: 1
    input: /staging/leuven/stg_00079/teaching/1000genomes/HG00141.GRCh38DH.exome.chr21.fq.gz
    output: 1_fastqc/HG00141.GRCh38DH.exome.chr21_fastqc.zip, 1_fastqc/HG00141.GRCh38DH.exome.chr21_fastqc.html, 1_fastqc/HG00141.GRCh38DH.exome.chr21_fastqc/fastqc_data.txt, 1_fastqc/HG00141.GRCh38DH.exome.chr21_fastqc/Images/per_base_quality.png, 1_fastqc/HG00141.GRCh38DH.exome.chr21_fastqc/Images/per_base_sequence_content.png, 1_fastqc/HG00141.GRCh38DH.exome.chr21_fastqc/summary.txt
    shell:
        
        export PATH=/lustre1/project/stg_00079/teaching/I0U19a_conda_2024/bin:$PATH

        echo "Input Fastq: HG00141.GRCh38DH.exome.chr21 "
        
        # Check if it is in FASTQ format
        first_line=$(head -n 1 /staging/leuven/stg_00079/teaching/1000genomes/HG00141.GRCh38DH.exome.chr21.fq.gz)
        third_line=$(sed -n '3p' /staging/leuven/stg_00079/teaching/1000genomes/HG00141.GRCh38DH.exome.chr21.fq.gz)

        if ! [[ $first_line == "@"* && $second_line != "+" && $third_line == "+"* ]]; then
            echo "File is not in FASTQ format."
            false
        fi

        #check that file is not truncated
        if [ $(tail -n 4 /staging/leuven/stg_00079/teaching/1000genomes/HG00141.GRCh38DH.exome.chr21.fq.gz | head -n 1 | cut -c1) = "@" ]; then
            echo "Fourth last line does not begin with '@'!"
            false
        fi

        #extract the fastqc
        fastqc -o 1_fastqc /staging/leuven/stg_00079/teaching/1000genomes/HG00141.GRCh38DH.exome.chr21.fq.gz --extract

        if grep FAIL 1_fastqc/HG00141.GRCh38DH.exome.chr21_fastqc/summary.txt; then
            echo "Summary contains Fails!"
            false
        fi
        #these warnings arent severe as bias can be introduced by the adapters used
        if grep WARN 1_fastqc/HG00141.GRCh38DH.exome.chr21_fastqc/summary.txt; then
            echo "Summary contains warnings!"
        fi
        
        (one of the commands exited with non-zero exit code; note that snakemake uses bash strict mode!)
    cluster_jobid: Submitted batch job 61377136 on cluster wice

Error executing rule fastqc on cluster (jobid: 1, external: Submitted batch job 61377136 on cluster wice, jobscript: /vsc-hard-mounts/leuven-data/362/vsc36251/Assignment2/.snakemake/tmp.hb4qegd8/fastqc1_HG00141.GRCh38DH.exome.chr21_). For error details see the cluster log and the log files of the involved rule(s).
[Thu May  2 01:28:51 2024]
Finished job 22.
1 of 27 steps (4%) done
[Thu May  2 01:28:51 2024]
Error in rule fastqc:
    jobid: 11
    input: /staging/leuven/stg_00079/teaching/1000genomes/HG00151.GRCh38DH.exome.chr21.fq.gz
    output: 1_fastqc/HG00151.GRCh38DH.exome.chr21_fastqc.zip, 1_fastqc/HG00151.GRCh38DH.exome.chr21_fastqc.html, 1_fastqc/HG00151.GRCh38DH.exome.chr21_fastqc/fastqc_data.txt, 1_fastqc/HG00151.GRCh38DH.exome.chr21_fastqc/Images/per_base_quality.png, 1_fastqc/HG00151.GRCh38DH.exome.chr21_fastqc/Images/per_base_sequence_content.png, 1_fastqc/HG00151.GRCh38DH.exome.chr21_fastqc/summary.txt
    shell:
        
        export PATH=/lustre1/project/stg_00079/teaching/I0U19a_conda_2024/bin:$PATH

        echo "Input Fastq: HG00151.GRCh38DH.exome.chr21 "
        
        # Check if it is in FASTQ format
        first_line=$(head -n 1 /staging/leuven/stg_00079/teaching/1000genomes/HG00151.GRCh38DH.exome.chr21.fq.gz)
        third_line=$(sed -n '3p' /staging/leuven/stg_00079/teaching/1000genomes/HG00151.GRCh38DH.exome.chr21.fq.gz)

        if ! [[ $first_line == "@"* && $second_line != "+" && $third_line == "+"* ]]; then
            echo "File is not in FASTQ format."
            false
        fi

        #check that file is not truncated
        if [ $(tail -n 4 /staging/leuven/stg_00079/teaching/1000genomes/HG00151.GRCh38DH.exome.chr21.fq.gz | head -n 1 | cut -c1) = "@" ]; then
            echo "Fourth last line does not begin with '@'!"
            false
        fi

        #extract the fastqc
        fastqc -o 1_fastqc /staging/leuven/stg_00079/teaching/1000genomes/HG00151.GRCh38DH.exome.chr21.fq.gz --extract

        if grep FAIL 1_fastqc/HG00151.GRCh38DH.exome.chr21_fastqc/summary.txt; then
            echo "Summary contains Fails!"
            false
        fi
        #these warnings arent severe as bias can be introduced by the adapters used
        if grep WARN 1_fastqc/HG00151.GRCh38DH.exome.chr21_fastqc/summary.txt; then
            echo "Summary contains warnings!"
        fi
        
        (one of the commands exited with non-zero exit code; note that snakemake uses bash strict mode!)
    cluster_jobid: Submitted batch job 61377140 on cluster wice

Error executing rule fastqc on cluster (jobid: 11, external: Submitted batch job 61377140 on cluster wice, jobscript: /vsc-hard-mounts/leuven-data/362/vsc36251/Assignment2/.snakemake/tmp.hb4qegd8/fastqc11_HG00151.GRCh38DH.exome.chr21_). For error details see the cluster log and the log files of the involved rule(s).
[Thu May  2 01:28:51 2024]
Error in rule fastqc:
    jobid: 4
    input: /staging/leuven/stg_00079/teaching/1000genomes/HG00131.GRCh38DH.exome.chr21.fq.gz
    output: 1_fastqc/HG00131.GRCh38DH.exome.chr21_fastqc.zip, 1_fastqc/HG00131.GRCh38DH.exome.chr21_fastqc.html, 1_fastqc/HG00131.GRCh38DH.exome.chr21_fastqc/fastqc_data.txt, 1_fastqc/HG00131.GRCh38DH.exome.chr21_fastqc/Images/per_base_quality.png, 1_fastqc/HG00131.GRCh38DH.exome.chr21_fastqc/Images/per_base_sequence_content.png, 1_fastqc/HG00131.GRCh38DH.exome.chr21_fastqc/summary.txt
    shell:
        
        export PATH=/lustre1/project/stg_00079/teaching/I0U19a_conda_2024/bin:$PATH

        echo "Input Fastq: HG00131.GRCh38DH.exome.chr21 "
        
        # Check if it is in FASTQ format
        first_line=$(head -n 1 /staging/leuven/stg_00079/teaching/1000genomes/HG00131.GRCh38DH.exome.chr21.fq.gz)
        third_line=$(sed -n '3p' /staging/leuven/stg_00079/teaching/1000genomes/HG00131.GRCh38DH.exome.chr21.fq.gz)

        if ! [[ $first_line == "@"* && $second_line != "+" && $third_line == "+"* ]]; then
            echo "File is not in FASTQ format."
            false
        fi

        #check that file is not truncated
        if [ $(tail -n 4 /staging/leuven/stg_00079/teaching/1000genomes/HG00131.GRCh38DH.exome.chr21.fq.gz | head -n 1 | cut -c1) = "@" ]; then
            echo "Fourth last line does not begin with '@'!"
            false
        fi

        #extract the fastqc
        fastqc -o 1_fastqc /staging/leuven/stg_00079/teaching/1000genomes/HG00131.GRCh38DH.exome.chr21.fq.gz --extract

        if grep FAIL 1_fastqc/HG00131.GRCh38DH.exome.chr21_fastqc/summary.txt; then
            echo "Summary contains Fails!"
            false
        fi
        #these warnings arent severe as bias can be introduced by the adapters used
        if grep WARN 1_fastqc/HG00131.GRCh38DH.exome.chr21_fastqc/summary.txt; then
            echo "Summary contains warnings!"
        fi
        
        (one of the commands exited with non-zero exit code; note that snakemake uses bash strict mode!)
    cluster_jobid: Submitted batch job 61377142 on cluster wice

Error executing rule fastqc on cluster (jobid: 4, external: Submitted batch job 61377142 on cluster wice, jobscript: /vsc-hard-mounts/leuven-data/362/vsc36251/Assignment2/.snakemake/tmp.hb4qegd8/fastqc4_HG00131.GRCh38DH.exome.chr21_). For error details see the cluster log and the log files of the involved rule(s).
[Thu May  2 01:28:52 2024]
Error in rule fastqc:
    jobid: 5
    input: /staging/leuven/stg_00079/teaching/1000genomes/HG00231.GRCh38DH.exome.chr21.fq.gz
    output: 1_fastqc/HG00231.GRCh38DH.exome.chr21_fastqc.zip, 1_fastqc/HG00231.GRCh38DH.exome.chr21_fastqc.html, 1_fastqc/HG00231.GRCh38DH.exome.chr21_fastqc/fastqc_data.txt, 1_fastqc/HG00231.GRCh38DH.exome.chr21_fastqc/Images/per_base_quality.png, 1_fastqc/HG00231.GRCh38DH.exome.chr21_fastqc/Images/per_base_sequence_content.png, 1_fastqc/HG00231.GRCh38DH.exome.chr21_fastqc/summary.txt
    shell:
        
        export PATH=/lustre1/project/stg_00079/teaching/I0U19a_conda_2024/bin:$PATH

        echo "Input Fastq: HG00231.GRCh38DH.exome.chr21 "
        
        # Check if it is in FASTQ format
        first_line=$(head -n 1 /staging/leuven/stg_00079/teaching/1000genomes/HG00231.GRCh38DH.exome.chr21.fq.gz)
        third_line=$(sed -n '3p' /staging/leuven/stg_00079/teaching/1000genomes/HG00231.GRCh38DH.exome.chr21.fq.gz)

        if ! [[ $first_line == "@"* && $second_line != "+" && $third_line == "+"* ]]; then
            echo "File is not in FASTQ format."
            false
        fi

        #check that file is not truncated
        if [ $(tail -n 4 /staging/leuven/stg_00079/teaching/1000genomes/HG00231.GRCh38DH.exome.chr21.fq.gz | head -n 1 | cut -c1) = "@" ]; then
            echo "Fourth last line does not begin with '@'!"
            false
        fi

        #extract the fastqc
        fastqc -o 1_fastqc /staging/leuven/stg_00079/teaching/1000genomes/HG00231.GRCh38DH.exome.chr21.fq.gz --extract

        if grep FAIL 1_fastqc/HG00231.GRCh38DH.exome.chr21_fastqc/summary.txt; then
            echo "Summary contains Fails!"
            false
        fi
        #these warnings arent severe as bias can be introduced by the adapters used
        if grep WARN 1_fastqc/HG00231.GRCh38DH.exome.chr21_fastqc/summary.txt; then
            echo "Summary contains warnings!"
        fi
        
        (one of the commands exited with non-zero exit code; note that snakemake uses bash strict mode!)
    cluster_jobid: Submitted batch job 61377145 on cluster wice

Error executing rule fastqc on cluster (jobid: 5, external: Submitted batch job 61377145 on cluster wice, jobscript: /vsc-hard-mounts/leuven-data/362/vsc36251/Assignment2/.snakemake/tmp.hb4qegd8/fastqc5_HG00231.GRCh38DH.exome.chr21_). For error details see the cluster log and the log files of the involved rule(s).
[Thu May  2 01:28:52 2024]
Error in rule fastqc:
    jobid: 6
    input: /staging/leuven/stg_00079/teaching/1000genomes/HG01791.GRCh38DH.exome.chr21.fq.gz
    output: 1_fastqc/HG01791.GRCh38DH.exome.chr21_fastqc.zip, 1_fastqc/HG01791.GRCh38DH.exome.chr21_fastqc.html, 1_fastqc/HG01791.GRCh38DH.exome.chr21_fastqc/fastqc_data.txt, 1_fastqc/HG01791.GRCh38DH.exome.chr21_fastqc/Images/per_base_quality.png, 1_fastqc/HG01791.GRCh38DH.exome.chr21_fastqc/Images/per_base_sequence_content.png, 1_fastqc/HG01791.GRCh38DH.exome.chr21_fastqc/summary.txt
    shell:
        
        export PATH=/lustre1/project/stg_00079/teaching/I0U19a_conda_2024/bin:$PATH

        echo "Input Fastq: HG01791.GRCh38DH.exome.chr21 "
        
        # Check if it is in FASTQ format
        first_line=$(head -n 1 /staging/leuven/stg_00079/teaching/1000genomes/HG01791.GRCh38DH.exome.chr21.fq.gz)
        third_line=$(sed -n '3p' /staging/leuven/stg_00079/teaching/1000genomes/HG01791.GRCh38DH.exome.chr21.fq.gz)

        if ! [[ $first_line == "@"* && $second_line != "+" && $third_line == "+"* ]]; then
            echo "File is not in FASTQ format."
            false
        fi

        #check that file is not truncated
        if [ $(tail -n 4 /staging/leuven/stg_00079/teaching/1000genomes/HG01791.GRCh38DH.exome.chr21.fq.gz | head -n 1 | cut -c1) = "@" ]; then
            echo "Fourth last line does not begin with '@'!"
            false
        fi

        #extract the fastqc
        fastqc -o 1_fastqc /staging/leuven/stg_00079/teaching/1000genomes/HG01791.GRCh38DH.exome.chr21.fq.gz --extract

        if grep FAIL 1_fastqc/HG01791.GRCh38DH.exome.chr21_fastqc/summary.txt; then
            echo "Summary contains Fails!"
            false
        fi
        #these warnings arent severe as bias can be introduced by the adapters used
        if grep WARN 1_fastqc/HG01791.GRCh38DH.exome.chr21_fastqc/summary.txt; then
            echo "Summary contains warnings!"
        fi
        
        (one of the commands exited with non-zero exit code; note that snakemake uses bash strict mode!)
    cluster_jobid: Submitted batch job 61377148 on cluster wice

Error executing rule fastqc on cluster (jobid: 6, external: Submitted batch job 61377148 on cluster wice, jobscript: /vsc-hard-mounts/leuven-data/362/vsc36251/Assignment2/.snakemake/tmp.hb4qegd8/fastqc6_HG01791.GRCh38DH.exome.chr21_). For error details see the cluster log and the log files of the involved rule(s).
[Thu May  2 01:29:22 2024]
Finished job 16.
2 of 27 steps (7%) done
[Thu May  2 01:29:22 2024]
Finished job 17.
3 of 27 steps (11%) done
[Thu May  2 01:29:23 2024]
Finished job 18.
4 of 27 steps (15%) done
[Thu May  2 01:29:23 2024]
Finished job 19.
5 of 27 steps (19%) done
[Thu May  2 01:29:23 2024]
Finished job 12.
6 of 27 steps (22%) done
[Thu May  2 01:29:23 2024]
Finished job 14.
7 of 27 steps (26%) done
[Thu May  2 01:29:53 2024]
Finished job 20.
8 of 27 steps (30%) done
[Thu May  2 01:29:53 2024]
Finished job 13.
9 of 27 steps (33%) done
[Thu May  2 01:29:53 2024]
Finished job 21.
10 of 27 steps (37%) done
