Building DAG of jobs...
Using shell: /lustre1/project/stg_00079/teaching/I0U19a_conda_2024/bin/bash
Provided cluster nodes: 22
Job stats:
job              count
-------------  -------
SNP_calling          1
SNP_norm_filt        1
all                  1
extract_snps         1
fastqc              11
snpeff               1
total               16

Select jobs to execute...

[Thu May  2 01:49:34 2024]
localrule SNP_calling:
    input: /lustre1/project/stg_00079/teaching/hg38_21/chr21.fa, 2_bwa/HG00141.GRCh38DH.exome.chr21.bam, 2_bwa/HG00261.GRCh38DH.exome.chr21.bam, 2_bwa/HG00111.GRCh38DH.exome.chr21.bam, 2_bwa/HG00131.GRCh38DH.exome.chr21.bam, 2_bwa/HG00231.GRCh38DH.exome.chr21.bam, 2_bwa/HG01791.GRCh38DH.exome.chr21.bam, 2_bwa/HG04301.GRCh38DH.exome.chr21.bam, 2_bwa/HG00121.GRCh38DH.exome.chr21.bam, 2_bwa/HG00251.GRCh38DH.exome.chr21.bam, 2_bwa/HG00101.GRCh38DH.exome.chr21.bam, 2_bwa/HG00151.GRCh38DH.exome.chr21.bam
    output: 3_samtools/snps.vcf
    jobid: 23
    reason: Forced execution
    resources: mem_mb=1040, mem_mib=992, disk_mb=1040, disk_mib=992, tmpdir=/tmp


[Thu May  2 01:49:34 2024]
rule fastqc:
    input: /staging/leuven/stg_00079/teaching/1000genomes/HG00231.GRCh38DH.exome.chr21.fq.gz
    output: 1_fastqc/HG00231.GRCh38DH.exome.chr21_fastqc.zip, 1_fastqc/HG00231.GRCh38DH.exome.chr21_fastqc.html, 1_fastqc/HG00231.GRCh38DH.exome.chr21_fastqc/fastqc_data.txt, 1_fastqc/HG00231.GRCh38DH.exome.chr21_fastqc/Images/per_base_quality.png, 1_fastqc/HG00231.GRCh38DH.exome.chr21_fastqc/Images/per_base_sequence_content.png, 1_fastqc/HG00231.GRCh38DH.exome.chr21_fastqc/summary.txt
    jobid: 5
    reason: Code has changed since last execution
    wildcards: sample=HG00231.GRCh38DH.exome.chr21
    resources: mem_mb=1000, mem_mib=954, disk_mb=1000, disk_mib=954, tmpdir=<TBD>

Submitted job 5 with external jobid 'Submitted batch job 61377228 on cluster wice'.

[Thu May  2 01:49:35 2024]
rule fastqc:
    input: /staging/leuven/stg_00079/teaching/1000genomes/HG04301.GRCh38DH.exome.chr21.fq.gz
    output: 1_fastqc/HG04301.GRCh38DH.exome.chr21_fastqc.zip, 1_fastqc/HG04301.GRCh38DH.exome.chr21_fastqc.html, 1_fastqc/HG04301.GRCh38DH.exome.chr21_fastqc/fastqc_data.txt, 1_fastqc/HG04301.GRCh38DH.exome.chr21_fastqc/Images/per_base_quality.png, 1_fastqc/HG04301.GRCh38DH.exome.chr21_fastqc/Images/per_base_sequence_content.png, 1_fastqc/HG04301.GRCh38DH.exome.chr21_fastqc/summary.txt
    jobid: 7
    reason: Code has changed since last execution
    wildcards: sample=HG04301.GRCh38DH.exome.chr21
    resources: mem_mb=1000, mem_mib=954, disk_mb=1000, disk_mib=954, tmpdir=<TBD>

Submitted job 7 with external jobid 'Submitted batch job 61377229 on cluster wice'.

[Thu May  2 01:49:36 2024]
rule fastqc:
    input: /staging/leuven/stg_00079/teaching/1000genomes/HG00251.GRCh38DH.exome.chr21.fq.gz
    output: 1_fastqc/HG00251.GRCh38DH.exome.chr21_fastqc.zip, 1_fastqc/HG00251.GRCh38DH.exome.chr21_fastqc.html, 1_fastqc/HG00251.GRCh38DH.exome.chr21_fastqc/fastqc_data.txt, 1_fastqc/HG00251.GRCh38DH.exome.chr21_fastqc/Images/per_base_quality.png, 1_fastqc/HG00251.GRCh38DH.exome.chr21_fastqc/Images/per_base_sequence_content.png, 1_fastqc/HG00251.GRCh38DH.exome.chr21_fastqc/summary.txt
    jobid: 9
    reason: Code has changed since last execution
    wildcards: sample=HG00251.GRCh38DH.exome.chr21
    resources: mem_mb=1000, mem_mib=954, disk_mb=1000, disk_mib=954, tmpdir=<TBD>

Submitted job 9 with external jobid 'Submitted batch job 61377230 on cluster wice'.

[Thu May  2 01:49:37 2024]
rule fastqc:
    input: /staging/leuven/stg_00079/teaching/1000genomes/HG00151.GRCh38DH.exome.chr21.fq.gz
    output: 1_fastqc/HG00151.GRCh38DH.exome.chr21_fastqc.zip, 1_fastqc/HG00151.GRCh38DH.exome.chr21_fastqc.html, 1_fastqc/HG00151.GRCh38DH.exome.chr21_fastqc/fastqc_data.txt, 1_fastqc/HG00151.GRCh38DH.exome.chr21_fastqc/Images/per_base_quality.png, 1_fastqc/HG00151.GRCh38DH.exome.chr21_fastqc/Images/per_base_sequence_content.png, 1_fastqc/HG00151.GRCh38DH.exome.chr21_fastqc/summary.txt
    jobid: 11
    reason: Code has changed since last execution
    wildcards: sample=HG00151.GRCh38DH.exome.chr21
    resources: mem_mb=1000, mem_mib=954, disk_mb=1000, disk_mib=954, tmpdir=<TBD>

Submitted job 11 with external jobid 'Submitted batch job 61377231 on cluster wice'.

[Thu May  2 01:49:39 2024]
rule fastqc:
    input: /staging/leuven/stg_00079/teaching/1000genomes/HG00141.GRCh38DH.exome.chr21.fq.gz
    output: 1_fastqc/HG00141.GRCh38DH.exome.chr21_fastqc.zip, 1_fastqc/HG00141.GRCh38DH.exome.chr21_fastqc.html, 1_fastqc/HG00141.GRCh38DH.exome.chr21_fastqc/fastqc_data.txt, 1_fastqc/HG00141.GRCh38DH.exome.chr21_fastqc/Images/per_base_quality.png, 1_fastqc/HG00141.GRCh38DH.exome.chr21_fastqc/Images/per_base_sequence_content.png, 1_fastqc/HG00141.GRCh38DH.exome.chr21_fastqc/summary.txt
    jobid: 1
    reason: Missing output files: 1_fastqc/HG00141.GRCh38DH.exome.chr21_fastqc.zip
    wildcards: sample=HG00141.GRCh38DH.exome.chr21
    resources: mem_mb=1000, mem_mib=954, disk_mb=1000, disk_mib=954, tmpdir=<TBD>

Submitted job 1 with external jobid 'Submitted batch job 61377232 on cluster wice'.

[Thu May  2 01:49:40 2024]
rule fastqc:
    input: /staging/leuven/stg_00079/teaching/1000genomes/HG00131.GRCh38DH.exome.chr21.fq.gz
    output: 1_fastqc/HG00131.GRCh38DH.exome.chr21_fastqc.zip, 1_fastqc/HG00131.GRCh38DH.exome.chr21_fastqc.html, 1_fastqc/HG00131.GRCh38DH.exome.chr21_fastqc/fastqc_data.txt, 1_fastqc/HG00131.GRCh38DH.exome.chr21_fastqc/Images/per_base_quality.png, 1_fastqc/HG00131.GRCh38DH.exome.chr21_fastqc/Images/per_base_sequence_content.png, 1_fastqc/HG00131.GRCh38DH.exome.chr21_fastqc/summary.txt
    jobid: 4
    reason: Code has changed since last execution
    wildcards: sample=HG00131.GRCh38DH.exome.chr21
    resources: mem_mb=1000, mem_mib=954, disk_mb=1000, disk_mib=954, tmpdir=<TBD>

Submitted job 4 with external jobid 'Submitted batch job 61377233 on cluster wice'.

[Thu May  2 01:49:41 2024]
rule fastqc:
    input: /staging/leuven/stg_00079/teaching/1000genomes/HG01791.GRCh38DH.exome.chr21.fq.gz
    output: 1_fastqc/HG01791.GRCh38DH.exome.chr21_fastqc.zip, 1_fastqc/HG01791.GRCh38DH.exome.chr21_fastqc.html, 1_fastqc/HG01791.GRCh38DH.exome.chr21_fastqc/fastqc_data.txt, 1_fastqc/HG01791.GRCh38DH.exome.chr21_fastqc/Images/per_base_quality.png, 1_fastqc/HG01791.GRCh38DH.exome.chr21_fastqc/Images/per_base_sequence_content.png, 1_fastqc/HG01791.GRCh38DH.exome.chr21_fastqc/summary.txt
    jobid: 6
    reason: Code has changed since last execution
    wildcards: sample=HG01791.GRCh38DH.exome.chr21
    resources: mem_mb=1000, mem_mib=954, disk_mb=1000, disk_mib=954, tmpdir=<TBD>

Submitted job 6 with external jobid 'Submitted batch job 61377234 on cluster wice'.

[Thu May  2 01:49:42 2024]
rule fastqc:
    input: /staging/leuven/stg_00079/teaching/1000genomes/HG00121.GRCh38DH.exome.chr21.fq.gz
    output: 1_fastqc/HG00121.GRCh38DH.exome.chr21_fastqc.zip, 1_fastqc/HG00121.GRCh38DH.exome.chr21_fastqc.html, 1_fastqc/HG00121.GRCh38DH.exome.chr21_fastqc/fastqc_data.txt, 1_fastqc/HG00121.GRCh38DH.exome.chr21_fastqc/Images/per_base_quality.png, 1_fastqc/HG00121.GRCh38DH.exome.chr21_fastqc/Images/per_base_sequence_content.png, 1_fastqc/HG00121.GRCh38DH.exome.chr21_fastqc/summary.txt
    jobid: 8
    reason: Code has changed since last execution
    wildcards: sample=HG00121.GRCh38DH.exome.chr21
    resources: mem_mb=1000, mem_mib=954, disk_mb=1000, disk_mib=954, tmpdir=<TBD>

Submitted job 8 with external jobid 'Submitted batch job 61377235 on cluster wice'.

[Thu May  2 01:49:43 2024]
rule fastqc:
    input: /staging/leuven/stg_00079/teaching/1000genomes/HG00101.GRCh38DH.exome.chr21.fq.gz
    output: 1_fastqc/HG00101.GRCh38DH.exome.chr21_fastqc.zip, 1_fastqc/HG00101.GRCh38DH.exome.chr21_fastqc.html, 1_fastqc/HG00101.GRCh38DH.exome.chr21_fastqc/fastqc_data.txt, 1_fastqc/HG00101.GRCh38DH.exome.chr21_fastqc/Images/per_base_quality.png, 1_fastqc/HG00101.GRCh38DH.exome.chr21_fastqc/Images/per_base_sequence_content.png, 1_fastqc/HG00101.GRCh38DH.exome.chr21_fastqc/summary.txt
    jobid: 10
    reason: Code has changed since last execution
    wildcards: sample=HG00101.GRCh38DH.exome.chr21
    resources: mem_mb=1000, mem_mib=954, disk_mb=1000, disk_mib=954, tmpdir=<TBD>

Submitted job 10 with external jobid 'Submitted batch job 61377236 on cluster wice'.

[Thu May  2 01:49:44 2024]
rule fastqc:
    input: /staging/leuven/stg_00079/teaching/1000genomes/HG00261.GRCh38DH.exome.chr21.fq.gz
    output: 1_fastqc/HG00261.GRCh38DH.exome.chr21_fastqc.zip, 1_fastqc/HG00261.GRCh38DH.exome.chr21_fastqc.html, 1_fastqc/HG00261.GRCh38DH.exome.chr21_fastqc/fastqc_data.txt, 1_fastqc/HG00261.GRCh38DH.exome.chr21_fastqc/Images/per_base_quality.png, 1_fastqc/HG00261.GRCh38DH.exome.chr21_fastqc/Images/per_base_sequence_content.png, 1_fastqc/HG00261.GRCh38DH.exome.chr21_fastqc/summary.txt
    jobid: 2
    reason: Code has changed since last execution
    wildcards: sample=HG00261.GRCh38DH.exome.chr21
    resources: mem_mb=1000, mem_mib=954, disk_mb=1000, disk_mib=954, tmpdir=<TBD>

Submitted job 2 with external jobid 'Submitted batch job 61377237 on cluster wice'.

[Thu May  2 01:49:45 2024]
rule fastqc:
    input: /staging/leuven/stg_00079/teaching/1000genomes/HG00111.GRCh38DH.exome.chr21.fq.gz
    output: 1_fastqc/HG00111.GRCh38DH.exome.chr21_fastqc.zip, 1_fastqc/HG00111.GRCh38DH.exome.chr21_fastqc.html, 1_fastqc/HG00111.GRCh38DH.exome.chr21_fastqc/fastqc_data.txt, 1_fastqc/HG00111.GRCh38DH.exome.chr21_fastqc/Images/per_base_quality.png, 1_fastqc/HG00111.GRCh38DH.exome.chr21_fastqc/Images/per_base_sequence_content.png, 1_fastqc/HG00111.GRCh38DH.exome.chr21_fastqc/summary.txt
    jobid: 3
    reason: Code has changed since last execution
    wildcards: sample=HG00111.GRCh38DH.exome.chr21
    resources: mem_mb=1000, mem_mib=954, disk_mb=1000, disk_mib=954, tmpdir=<TBD>

Submitted job 3 with external jobid 'Submitted batch job 61377238 on cluster wice'.
[Thu May  2 01:49:54 2024]
Error in rule fastqc:
    jobid: 5
    input: /staging/leuven/stg_00079/teaching/1000genomes/HG00231.GRCh38DH.exome.chr21.fq.gz
    output: 1_fastqc/HG00231.GRCh38DH.exome.chr21_fastqc.zip, 1_fastqc/HG00231.GRCh38DH.exome.chr21_fastqc.html, 1_fastqc/HG00231.GRCh38DH.exome.chr21_fastqc/fastqc_data.txt, 1_fastqc/HG00231.GRCh38DH.exome.chr21_fastqc/Images/per_base_quality.png, 1_fastqc/HG00231.GRCh38DH.exome.chr21_fastqc/Images/per_base_sequence_content.png, 1_fastqc/HG00231.GRCh38DH.exome.chr21_fastqc/summary.txt
    shell:
        
        export PATH=/lustre1/project/stg_00079/teaching/I0U19a_conda_2024/bin:$PATH

        echo "Input Fastq: HG00231.GRCh38DH.exome.chr21 "
        
        #extract the fastqc
        fastqc -o 1_fastqc /staging/leuven/stg_00079/teaching/1000genomes/HG00231.GRCh38DH.exome.chr21.fq.gz --extract

        # Check if it is in FASTQ format
        first_line=$(head -n 1 /staging/leuven/stg_00079/teaching/1000genomes/HG00231.GRCh38DH.exome.chr21.fq.gz)
        third_line=$(sed -n '3p' /staging/leuven/stg_00079/teaching/1000genomes/HG00231.GRCh38DH.exome.chr21.fq.gz)

        if ! [[ $first_line == "@"* && $second_line != "+" && $third_line == "+"* ]]; then
            echo "File is not in FASTQ format."
            false
        fi

        #check that file is not truncated
        if [ $(tail -n 4 /staging/leuven/stg_00079/teaching/1000genomes/HG00231.GRCh38DH.exome.chr21.fq.gz | head -n 1 | cut -c1) = "@" ]; then
            echo "Fourth last line does not begin with '@'!"
            false
        fi

        if grep FAIL 1_fastqc/HG00231.GRCh38DH.exome.chr21_fastqc/summary.txt; then
            echo "Summary contains Fails!"
            false
        fi
        #these warnings arent severe as bias can be introduced by the adapters used
        if grep WARN 1_fastqc/HG00231.GRCh38DH.exome.chr21_fastqc/summary.txt; then
            echo "Summary contains warnings!"
        fi
        
        (one of the commands exited with non-zero exit code; note that snakemake uses bash strict mode!)
    cluster_jobid: Submitted batch job 61377228 on cluster wice

Error executing rule fastqc on cluster (jobid: 5, external: Submitted batch job 61377228 on cluster wice, jobscript: /vsc-hard-mounts/leuven-data/362/vsc36251/Assignment2/.snakemake/tmp.x0ir2ul_/fastqc5_HG00231.GRCh38DH.exome.chr21). For error details see the cluster log and the log files of the involved rule(s).
[Thu May  2 01:49:54 2024]
Error in rule fastqc:
    jobid: 9
    input: /staging/leuven/stg_00079/teaching/1000genomes/HG00251.GRCh38DH.exome.chr21.fq.gz
    output: 1_fastqc/HG00251.GRCh38DH.exome.chr21_fastqc.zip, 1_fastqc/HG00251.GRCh38DH.exome.chr21_fastqc.html, 1_fastqc/HG00251.GRCh38DH.exome.chr21_fastqc/fastqc_data.txt, 1_fastqc/HG00251.GRCh38DH.exome.chr21_fastqc/Images/per_base_quality.png, 1_fastqc/HG00251.GRCh38DH.exome.chr21_fastqc/Images/per_base_sequence_content.png, 1_fastqc/HG00251.GRCh38DH.exome.chr21_fastqc/summary.txt
    shell:
        
        export PATH=/lustre1/project/stg_00079/teaching/I0U19a_conda_2024/bin:$PATH

        echo "Input Fastq: HG00251.GRCh38DH.exome.chr21 "
        
        #extract the fastqc
        fastqc -o 1_fastqc /staging/leuven/stg_00079/teaching/1000genomes/HG00251.GRCh38DH.exome.chr21.fq.gz --extract

        # Check if it is in FASTQ format
        first_line=$(head -n 1 /staging/leuven/stg_00079/teaching/1000genomes/HG00251.GRCh38DH.exome.chr21.fq.gz)
        third_line=$(sed -n '3p' /staging/leuven/stg_00079/teaching/1000genomes/HG00251.GRCh38DH.exome.chr21.fq.gz)

        if ! [[ $first_line == "@"* && $second_line != "+" && $third_line == "+"* ]]; then
            echo "File is not in FASTQ format."
            false
        fi

        #check that file is not truncated
        if [ $(tail -n 4 /staging/leuven/stg_00079/teaching/1000genomes/HG00251.GRCh38DH.exome.chr21.fq.gz | head -n 1 | cut -c1) = "@" ]; then
            echo "Fourth last line does not begin with '@'!"
            false
        fi

        if grep FAIL 1_fastqc/HG00251.GRCh38DH.exome.chr21_fastqc/summary.txt; then
            echo "Summary contains Fails!"
            false
        fi
        #these warnings arent severe as bias can be introduced by the adapters used
        if grep WARN 1_fastqc/HG00251.GRCh38DH.exome.chr21_fastqc/summary.txt; then
            echo "Summary contains warnings!"
        fi
        
        (one of the commands exited with non-zero exit code; note that snakemake uses bash strict mode!)
    cluster_jobid: Submitted batch job 61377230 on cluster wice

Error executing rule fastqc on cluster (jobid: 9, external: Submitted batch job 61377230 on cluster wice, jobscript: /vsc-hard-mounts/leuven-data/362/vsc36251/Assignment2/.snakemake/tmp.x0ir2ul_/fastqc9_HG00251.GRCh38DH.exome.chr21). For error details see the cluster log and the log files of the involved rule(s).
[Thu May  2 01:49:54 2024]
Error in rule fastqc:
    jobid: 11
    input: /staging/leuven/stg_00079/teaching/1000genomes/HG00151.GRCh38DH.exome.chr21.fq.gz
    output: 1_fastqc/HG00151.GRCh38DH.exome.chr21_fastqc.zip, 1_fastqc/HG00151.GRCh38DH.exome.chr21_fastqc.html, 1_fastqc/HG00151.GRCh38DH.exome.chr21_fastqc/fastqc_data.txt, 1_fastqc/HG00151.GRCh38DH.exome.chr21_fastqc/Images/per_base_quality.png, 1_fastqc/HG00151.GRCh38DH.exome.chr21_fastqc/Images/per_base_sequence_content.png, 1_fastqc/HG00151.GRCh38DH.exome.chr21_fastqc/summary.txt
    shell:
        
        export PATH=/lustre1/project/stg_00079/teaching/I0U19a_conda_2024/bin:$PATH

        echo "Input Fastq: HG00151.GRCh38DH.exome.chr21 "
        
        #extract the fastqc
        fastqc -o 1_fastqc /staging/leuven/stg_00079/teaching/1000genomes/HG00151.GRCh38DH.exome.chr21.fq.gz --extract

        # Check if it is in FASTQ format
        first_line=$(head -n 1 /staging/leuven/stg_00079/teaching/1000genomes/HG00151.GRCh38DH.exome.chr21.fq.gz)
        third_line=$(sed -n '3p' /staging/leuven/stg_00079/teaching/1000genomes/HG00151.GRCh38DH.exome.chr21.fq.gz)

        if ! [[ $first_line == "@"* && $second_line != "+" && $third_line == "+"* ]]; then
            echo "File is not in FASTQ format."
            false
        fi

        #check that file is not truncated
        if [ $(tail -n 4 /staging/leuven/stg_00079/teaching/1000genomes/HG00151.GRCh38DH.exome.chr21.fq.gz | head -n 1 | cut -c1) = "@" ]; then
            echo "Fourth last line does not begin with '@'!"
            false
        fi

        if grep FAIL 1_fastqc/HG00151.GRCh38DH.exome.chr21_fastqc/summary.txt; then
            echo "Summary contains Fails!"
            false
        fi
        #these warnings arent severe as bias can be introduced by the adapters used
        if grep WARN 1_fastqc/HG00151.GRCh38DH.exome.chr21_fastqc/summary.txt; then
            echo "Summary contains warnings!"
        fi
        
        (one of the commands exited with non-zero exit code; note that snakemake uses bash strict mode!)
    cluster_jobid: Submitted batch job 61377231 on cluster wice

Error executing rule fastqc on cluster (jobid: 11, external: Submitted batch job 61377231 on cluster wice, jobscript: /vsc-hard-mounts/leuven-data/362/vsc36251/Assignment2/.snakemake/tmp.x0ir2ul_/fastqc11_HG00151.GRCh38DH.exome.chr21). For error details see the cluster log and the log files of the involved rule(s).
[Thu May  2 01:49:54 2024]
Error in rule fastqc:
    jobid: 6
    input: /staging/leuven/stg_00079/teaching/1000genomes/HG01791.GRCh38DH.exome.chr21.fq.gz
    output: 1_fastqc/HG01791.GRCh38DH.exome.chr21_fastqc.zip, 1_fastqc/HG01791.GRCh38DH.exome.chr21_fastqc.html, 1_fastqc/HG01791.GRCh38DH.exome.chr21_fastqc/fastqc_data.txt, 1_fastqc/HG01791.GRCh38DH.exome.chr21_fastqc/Images/per_base_quality.png, 1_fastqc/HG01791.GRCh38DH.exome.chr21_fastqc/Images/per_base_sequence_content.png, 1_fastqc/HG01791.GRCh38DH.exome.chr21_fastqc/summary.txt
    shell:
        
        export PATH=/lustre1/project/stg_00079/teaching/I0U19a_conda_2024/bin:$PATH

        echo "Input Fastq: HG01791.GRCh38DH.exome.chr21 "
        
        #extract the fastqc
        fastqc -o 1_fastqc /staging/leuven/stg_00079/teaching/1000genomes/HG01791.GRCh38DH.exome.chr21.fq.gz --extract

        # Check if it is in FASTQ format
        first_line=$(head -n 1 /staging/leuven/stg_00079/teaching/1000genomes/HG01791.GRCh38DH.exome.chr21.fq.gz)
        third_line=$(sed -n '3p' /staging/leuven/stg_00079/teaching/1000genomes/HG01791.GRCh38DH.exome.chr21.fq.gz)

        if ! [[ $first_line == "@"* && $second_line != "+" && $third_line == "+"* ]]; then
            echo "File is not in FASTQ format."
            false
        fi

        #check that file is not truncated
        if [ $(tail -n 4 /staging/leuven/stg_00079/teaching/1000genomes/HG01791.GRCh38DH.exome.chr21.fq.gz | head -n 1 | cut -c1) = "@" ]; then
            echo "Fourth last line does not begin with '@'!"
            false
        fi

        if grep FAIL 1_fastqc/HG01791.GRCh38DH.exome.chr21_fastqc/summary.txt; then
            echo "Summary contains Fails!"
            false
        fi
        #these warnings arent severe as bias can be introduced by the adapters used
        if grep WARN 1_fastqc/HG01791.GRCh38DH.exome.chr21_fastqc/summary.txt; then
            echo "Summary contains warnings!"
        fi
        
        (one of the commands exited with non-zero exit code; note that snakemake uses bash strict mode!)
    cluster_jobid: Submitted batch job 61377234 on cluster wice

Error executing rule fastqc on cluster (jobid: 6, external: Submitted batch job 61377234 on cluster wice, jobscript: /vsc-hard-mounts/leuven-data/362/vsc36251/Assignment2/.snakemake/tmp.x0ir2ul_/fastqc6_HG01791.GRCh38DH.exome.chr21). For error details see the cluster log and the log files of the involved rule(s).
[Thu May  2 01:50:05 2024]
Error in rule fastqc:
    jobid: 7
    input: /staging/leuven/stg_00079/teaching/1000genomes/HG04301.GRCh38DH.exome.chr21.fq.gz
    output: 1_fastqc/HG04301.GRCh38DH.exome.chr21_fastqc.zip, 1_fastqc/HG04301.GRCh38DH.exome.chr21_fastqc.html, 1_fastqc/HG04301.GRCh38DH.exome.chr21_fastqc/fastqc_data.txt, 1_fastqc/HG04301.GRCh38DH.exome.chr21_fastqc/Images/per_base_quality.png, 1_fastqc/HG04301.GRCh38DH.exome.chr21_fastqc/Images/per_base_sequence_content.png, 1_fastqc/HG04301.GRCh38DH.exome.chr21_fastqc/summary.txt
    shell:
        
        export PATH=/lustre1/project/stg_00079/teaching/I0U19a_conda_2024/bin:$PATH

        echo "Input Fastq: HG04301.GRCh38DH.exome.chr21 "
        
        #extract the fastqc
        fastqc -o 1_fastqc /staging/leuven/stg_00079/teaching/1000genomes/HG04301.GRCh38DH.exome.chr21.fq.gz --extract

        # Check if it is in FASTQ format
        first_line=$(head -n 1 /staging/leuven/stg_00079/teaching/1000genomes/HG04301.GRCh38DH.exome.chr21.fq.gz)
        third_line=$(sed -n '3p' /staging/leuven/stg_00079/teaching/1000genomes/HG04301.GRCh38DH.exome.chr21.fq.gz)

        if ! [[ $first_line == "@"* && $second_line != "+" && $third_line == "+"* ]]; then
            echo "File is not in FASTQ format."
            false
        fi

        #check that file is not truncated
        if [ $(tail -n 4 /staging/leuven/stg_00079/teaching/1000genomes/HG04301.GRCh38DH.exome.chr21.fq.gz | head -n 1 | cut -c1) = "@" ]; then
            echo "Fourth last line does not begin with '@'!"
            false
        fi

        if grep FAIL 1_fastqc/HG04301.GRCh38DH.exome.chr21_fastqc/summary.txt; then
            echo "Summary contains Fails!"
            false
        fi
        #these warnings arent severe as bias can be introduced by the adapters used
        if grep WARN 1_fastqc/HG04301.GRCh38DH.exome.chr21_fastqc/summary.txt; then
            echo "Summary contains warnings!"
        fi
        
        (one of the commands exited with non-zero exit code; note that snakemake uses bash strict mode!)
    cluster_jobid: Submitted batch job 61377229 on cluster wice

Error executing rule fastqc on cluster (jobid: 7, external: Submitted batch job 61377229 on cluster wice, jobscript: /vsc-hard-mounts/leuven-data/362/vsc36251/Assignment2/.snakemake/tmp.x0ir2ul_/fastqc7_HG04301.GRCh38DH.exome.chr21). For error details see the cluster log and the log files of the involved rule(s).
[Thu May  2 01:50:05 2024]
Error in rule fastqc:
    jobid: 4
    input: /staging/leuven/stg_00079/teaching/1000genomes/HG00131.GRCh38DH.exome.chr21.fq.gz
    output: 1_fastqc/HG00131.GRCh38DH.exome.chr21_fastqc.zip, 1_fastqc/HG00131.GRCh38DH.exome.chr21_fastqc.html, 1_fastqc/HG00131.GRCh38DH.exome.chr21_fastqc/fastqc_data.txt, 1_fastqc/HG00131.GRCh38DH.exome.chr21_fastqc/Images/per_base_quality.png, 1_fastqc/HG00131.GRCh38DH.exome.chr21_fastqc/Images/per_base_sequence_content.png, 1_fastqc/HG00131.GRCh38DH.exome.chr21_fastqc/summary.txt
    shell:
        
        export PATH=/lustre1/project/stg_00079/teaching/I0U19a_conda_2024/bin:$PATH

        echo "Input Fastq: HG00131.GRCh38DH.exome.chr21 "
        
        #extract the fastqc
        fastqc -o 1_fastqc /staging/leuven/stg_00079/teaching/1000genomes/HG00131.GRCh38DH.exome.chr21.fq.gz --extract

        # Check if it is in FASTQ format
        first_line=$(head -n 1 /staging/leuven/stg_00079/teaching/1000genomes/HG00131.GRCh38DH.exome.chr21.fq.gz)
        third_line=$(sed -n '3p' /staging/leuven/stg_00079/teaching/1000genomes/HG00131.GRCh38DH.exome.chr21.fq.gz)

        if ! [[ $first_line == "@"* && $second_line != "+" && $third_line == "+"* ]]; then
            echo "File is not in FASTQ format."
            false
        fi

        #check that file is not truncated
        if [ $(tail -n 4 /staging/leuven/stg_00079/teaching/1000genomes/HG00131.GRCh38DH.exome.chr21.fq.gz | head -n 1 | cut -c1) = "@" ]; then
            echo "Fourth last line does not begin with '@'!"
            false
        fi

        if grep FAIL 1_fastqc/HG00131.GRCh38DH.exome.chr21_fastqc/summary.txt; then
            echo "Summary contains Fails!"
            false
        fi
        #these warnings arent severe as bias can be introduced by the adapters used
        if grep WARN 1_fastqc/HG00131.GRCh38DH.exome.chr21_fastqc/summary.txt; then
            echo "Summary contains warnings!"
        fi
        
        (one of the commands exited with non-zero exit code; note that snakemake uses bash strict mode!)
    cluster_jobid: Submitted batch job 61377233 on cluster wice

Error executing rule fastqc on cluster (jobid: 4, external: Submitted batch job 61377233 on cluster wice, jobscript: /vsc-hard-mounts/leuven-data/362/vsc36251/Assignment2/.snakemake/tmp.x0ir2ul_/fastqc4_HG00131.GRCh38DH.exome.chr21). For error details see the cluster log and the log files of the involved rule(s).
[Thu May  2 01:50:05 2024]
Error in rule fastqc:
    jobid: 8
    input: /staging/leuven/stg_00079/teaching/1000genomes/HG00121.GRCh38DH.exome.chr21.fq.gz
    output: 1_fastqc/HG00121.GRCh38DH.exome.chr21_fastqc.zip, 1_fastqc/HG00121.GRCh38DH.exome.chr21_fastqc.html, 1_fastqc/HG00121.GRCh38DH.exome.chr21_fastqc/fastqc_data.txt, 1_fastqc/HG00121.GRCh38DH.exome.chr21_fastqc/Images/per_base_quality.png, 1_fastqc/HG00121.GRCh38DH.exome.chr21_fastqc/Images/per_base_sequence_content.png, 1_fastqc/HG00121.GRCh38DH.exome.chr21_fastqc/summary.txt
    shell:
        
        export PATH=/lustre1/project/stg_00079/teaching/I0U19a_conda_2024/bin:$PATH

        echo "Input Fastq: HG00121.GRCh38DH.exome.chr21 "
        
        #extract the fastqc
        fastqc -o 1_fastqc /staging/leuven/stg_00079/teaching/1000genomes/HG00121.GRCh38DH.exome.chr21.fq.gz --extract

        # Check if it is in FASTQ format
        first_line=$(head -n 1 /staging/leuven/stg_00079/teaching/1000genomes/HG00121.GRCh38DH.exome.chr21.fq.gz)
        third_line=$(sed -n '3p' /staging/leuven/stg_00079/teaching/1000genomes/HG00121.GRCh38DH.exome.chr21.fq.gz)

        if ! [[ $first_line == "@"* && $second_line != "+" && $third_line == "+"* ]]; then
            echo "File is not in FASTQ format."
            false
        fi

        #check that file is not truncated
        if [ $(tail -n 4 /staging/leuven/stg_00079/teaching/1000genomes/HG00121.GRCh38DH.exome.chr21.fq.gz | head -n 1 | cut -c1) = "@" ]; then
            echo "Fourth last line does not begin with '@'!"
            false
        fi

        if grep FAIL 1_fastqc/HG00121.GRCh38DH.exome.chr21_fastqc/summary.txt; then
            echo "Summary contains Fails!"
            false
        fi
        #these warnings arent severe as bias can be introduced by the adapters used
        if grep WARN 1_fastqc/HG00121.GRCh38DH.exome.chr21_fastqc/summary.txt; then
            echo "Summary contains warnings!"
        fi
        
        (one of the commands exited with non-zero exit code; note that snakemake uses bash strict mode!)
    cluster_jobid: Submitted batch job 61377235 on cluster wice

Error executing rule fastqc on cluster (jobid: 8, external: Submitted batch job 61377235 on cluster wice, jobscript: /vsc-hard-mounts/leuven-data/362/vsc36251/Assignment2/.snakemake/tmp.x0ir2ul_/fastqc8_HG00121.GRCh38DH.exome.chr21). For error details see the cluster log and the log files of the involved rule(s).
[Thu May  2 01:50:05 2024]
Error in rule fastqc:
    jobid: 10
    input: /staging/leuven/stg_00079/teaching/1000genomes/HG00101.GRCh38DH.exome.chr21.fq.gz
    output: 1_fastqc/HG00101.GRCh38DH.exome.chr21_fastqc.zip, 1_fastqc/HG00101.GRCh38DH.exome.chr21_fastqc.html, 1_fastqc/HG00101.GRCh38DH.exome.chr21_fastqc/fastqc_data.txt, 1_fastqc/HG00101.GRCh38DH.exome.chr21_fastqc/Images/per_base_quality.png, 1_fastqc/HG00101.GRCh38DH.exome.chr21_fastqc/Images/per_base_sequence_content.png, 1_fastqc/HG00101.GRCh38DH.exome.chr21_fastqc/summary.txt
    shell:
        
        export PATH=/lustre1/project/stg_00079/teaching/I0U19a_conda_2024/bin:$PATH

        echo "Input Fastq: HG00101.GRCh38DH.exome.chr21 "
        
        #extract the fastqc
        fastqc -o 1_fastqc /staging/leuven/stg_00079/teaching/1000genomes/HG00101.GRCh38DH.exome.chr21.fq.gz --extract

        # Check if it is in FASTQ format
        first_line=$(head -n 1 /staging/leuven/stg_00079/teaching/1000genomes/HG00101.GRCh38DH.exome.chr21.fq.gz)
        third_line=$(sed -n '3p' /staging/leuven/stg_00079/teaching/1000genomes/HG00101.GRCh38DH.exome.chr21.fq.gz)

        if ! [[ $first_line == "@"* && $second_line != "+" && $third_line == "+"* ]]; then
            echo "File is not in FASTQ format."
            false
        fi

        #check that file is not truncated
        if [ $(tail -n 4 /staging/leuven/stg_00079/teaching/1000genomes/HG00101.GRCh38DH.exome.chr21.fq.gz | head -n 1 | cut -c1) = "@" ]; then
            echo "Fourth last line does not begin with '@'!"
            false
        fi

        if grep FAIL 1_fastqc/HG00101.GRCh38DH.exome.chr21_fastqc/summary.txt; then
            echo "Summary contains Fails!"
            false
        fi
        #these warnings arent severe as bias can be introduced by the adapters used
        if grep WARN 1_fastqc/HG00101.GRCh38DH.exome.chr21_fastqc/summary.txt; then
            echo "Summary contains warnings!"
        fi
        
        (one of the commands exited with non-zero exit code; note that snakemake uses bash strict mode!)
    cluster_jobid: Submitted batch job 61377236 on cluster wice

Error executing rule fastqc on cluster (jobid: 10, external: Submitted batch job 61377236 on cluster wice, jobscript: /vsc-hard-mounts/leuven-data/362/vsc36251/Assignment2/.snakemake/tmp.x0ir2ul_/fastqc10_HG00101.GRCh38DH.exome.chr21). For error details see the cluster log and the log files of the involved rule(s).
[Thu May  2 01:50:05 2024]
Error in rule fastqc:
    jobid: 2
    input: /staging/leuven/stg_00079/teaching/1000genomes/HG00261.GRCh38DH.exome.chr21.fq.gz
    output: 1_fastqc/HG00261.GRCh38DH.exome.chr21_fastqc.zip, 1_fastqc/HG00261.GRCh38DH.exome.chr21_fastqc.html, 1_fastqc/HG00261.GRCh38DH.exome.chr21_fastqc/fastqc_data.txt, 1_fastqc/HG00261.GRCh38DH.exome.chr21_fastqc/Images/per_base_quality.png, 1_fastqc/HG00261.GRCh38DH.exome.chr21_fastqc/Images/per_base_sequence_content.png, 1_fastqc/HG00261.GRCh38DH.exome.chr21_fastqc/summary.txt
    shell:
        
        export PATH=/lustre1/project/stg_00079/teaching/I0U19a_conda_2024/bin:$PATH

        echo "Input Fastq: HG00261.GRCh38DH.exome.chr21 "
        
        #extract the fastqc
        fastqc -o 1_fastqc /staging/leuven/stg_00079/teaching/1000genomes/HG00261.GRCh38DH.exome.chr21.fq.gz --extract

        # Check if it is in FASTQ format
        first_line=$(head -n 1 /staging/leuven/stg_00079/teaching/1000genomes/HG00261.GRCh38DH.exome.chr21.fq.gz)
        third_line=$(sed -n '3p' /staging/leuven/stg_00079/teaching/1000genomes/HG00261.GRCh38DH.exome.chr21.fq.gz)

        if ! [[ $first_line == "@"* && $second_line != "+" && $third_line == "+"* ]]; then
            echo "File is not in FASTQ format."
            false
        fi

        #check that file is not truncated
        if [ $(tail -n 4 /staging/leuven/stg_00079/teaching/1000genomes/HG00261.GRCh38DH.exome.chr21.fq.gz | head -n 1 | cut -c1) = "@" ]; then
            echo "Fourth last line does not begin with '@'!"
            false
        fi

        if grep FAIL 1_fastqc/HG00261.GRCh38DH.exome.chr21_fastqc/summary.txt; then
            echo "Summary contains Fails!"
            false
        fi
        #these warnings arent severe as bias can be introduced by the adapters used
        if grep WARN 1_fastqc/HG00261.GRCh38DH.exome.chr21_fastqc/summary.txt; then
            echo "Summary contains warnings!"
        fi
        
        (one of the commands exited with non-zero exit code; note that snakemake uses bash strict mode!)
    cluster_jobid: Submitted batch job 61377237 on cluster wice

Error executing rule fastqc on cluster (jobid: 2, external: Submitted batch job 61377237 on cluster wice, jobscript: /vsc-hard-mounts/leuven-data/362/vsc36251/Assignment2/.snakemake/tmp.x0ir2ul_/fastqc2_HG00261.GRCh38DH.exome.chr21). For error details see the cluster log and the log files of the involved rule(s).
[Thu May  2 01:50:05 2024]
Error in rule fastqc:
    jobid: 3
    input: /staging/leuven/stg_00079/teaching/1000genomes/HG00111.GRCh38DH.exome.chr21.fq.gz
    output: 1_fastqc/HG00111.GRCh38DH.exome.chr21_fastqc.zip, 1_fastqc/HG00111.GRCh38DH.exome.chr21_fastqc.html, 1_fastqc/HG00111.GRCh38DH.exome.chr21_fastqc/fastqc_data.txt, 1_fastqc/HG00111.GRCh38DH.exome.chr21_fastqc/Images/per_base_quality.png, 1_fastqc/HG00111.GRCh38DH.exome.chr21_fastqc/Images/per_base_sequence_content.png, 1_fastqc/HG00111.GRCh38DH.exome.chr21_fastqc/summary.txt
    shell:
        
        export PATH=/lustre1/project/stg_00079/teaching/I0U19a_conda_2024/bin:$PATH

        echo "Input Fastq: HG00111.GRCh38DH.exome.chr21 "
        
        #extract the fastqc
        fastqc -o 1_fastqc /staging/leuven/stg_00079/teaching/1000genomes/HG00111.GRCh38DH.exome.chr21.fq.gz --extract

        # Check if it is in FASTQ format
        first_line=$(head -n 1 /staging/leuven/stg_00079/teaching/1000genomes/HG00111.GRCh38DH.exome.chr21.fq.gz)
        third_line=$(sed -n '3p' /staging/leuven/stg_00079/teaching/1000genomes/HG00111.GRCh38DH.exome.chr21.fq.gz)

        if ! [[ $first_line == "@"* && $second_line != "+" && $third_line == "+"* ]]; then
            echo "File is not in FASTQ format."
            false
        fi

        #check that file is not truncated
        if [ $(tail -n 4 /staging/leuven/stg_00079/teaching/1000genomes/HG00111.GRCh38DH.exome.chr21.fq.gz | head -n 1 | cut -c1) = "@" ]; then
            echo "Fourth last line does not begin with '@'!"
            false
        fi

        if grep FAIL 1_fastqc/HG00111.GRCh38DH.exome.chr21_fastqc/summary.txt; then
            echo "Summary contains Fails!"
            false
        fi
        #these warnings arent severe as bias can be introduced by the adapters used
        if grep WARN 1_fastqc/HG00111.GRCh38DH.exome.chr21_fastqc/summary.txt; then
            echo "Summary contains warnings!"
        fi
        
        (one of the commands exited with non-zero exit code; note that snakemake uses bash strict mode!)
    cluster_jobid: Submitted batch job 61377238 on cluster wice

Error executing rule fastqc on cluster (jobid: 3, external: Submitted batch job 61377238 on cluster wice, jobscript: /vsc-hard-mounts/leuven-data/362/vsc36251/Assignment2/.snakemake/tmp.x0ir2ul_/fastqc3_HG00111.GRCh38DH.exome.chr21). For error details see the cluster log and the log files of the involved rule(s).
[Thu May  2 01:50:36 2024]
Error in rule fastqc:
    jobid: 1
    input: /staging/leuven/stg_00079/teaching/1000genomes/HG00141.GRCh38DH.exome.chr21.fq.gz
    output: 1_fastqc/HG00141.GRCh38DH.exome.chr21_fastqc.zip, 1_fastqc/HG00141.GRCh38DH.exome.chr21_fastqc.html, 1_fastqc/HG00141.GRCh38DH.exome.chr21_fastqc/fastqc_data.txt, 1_fastqc/HG00141.GRCh38DH.exome.chr21_fastqc/Images/per_base_quality.png, 1_fastqc/HG00141.GRCh38DH.exome.chr21_fastqc/Images/per_base_sequence_content.png, 1_fastqc/HG00141.GRCh38DH.exome.chr21_fastqc/summary.txt
    shell:
        
        export PATH=/lustre1/project/stg_00079/teaching/I0U19a_conda_2024/bin:$PATH

        echo "Input Fastq: HG00141.GRCh38DH.exome.chr21 "
        
        #extract the fastqc
        fastqc -o 1_fastqc /staging/leuven/stg_00079/teaching/1000genomes/HG00141.GRCh38DH.exome.chr21.fq.gz --extract

        # Check if it is in FASTQ format
        first_line=$(head -n 1 /staging/leuven/stg_00079/teaching/1000genomes/HG00141.GRCh38DH.exome.chr21.fq.gz)
        third_line=$(sed -n '3p' /staging/leuven/stg_00079/teaching/1000genomes/HG00141.GRCh38DH.exome.chr21.fq.gz)

        if ! [[ $first_line == "@"* && $second_line != "+" && $third_line == "+"* ]]; then
            echo "File is not in FASTQ format."
            false
        fi

        #check that file is not truncated
        if [ $(tail -n 4 /staging/leuven/stg_00079/teaching/1000genomes/HG00141.GRCh38DH.exome.chr21.fq.gz | head -n 1 | cut -c1) = "@" ]; then
            echo "Fourth last line does not begin with '@'!"
            false
        fi

        if grep FAIL 1_fastqc/HG00141.GRCh38DH.exome.chr21_fastqc/summary.txt; then
            echo "Summary contains Fails!"
            false
        fi
        #these warnings arent severe as bias can be introduced by the adapters used
        if grep WARN 1_fastqc/HG00141.GRCh38DH.exome.chr21_fastqc/summary.txt; then
            echo "Summary contains warnings!"
        fi
        
        (one of the commands exited with non-zero exit code; note that snakemake uses bash strict mode!)
    cluster_jobid: Submitted batch job 61377232 on cluster wice

Error executing rule fastqc on cluster (jobid: 1, external: Submitted batch job 61377232 on cluster wice, jobscript: /vsc-hard-mounts/leuven-data/362/vsc36251/Assignment2/.snakemake/tmp.x0ir2ul_/fastqc1_HG00141.GRCh38DH.exome.chr21). For error details see the cluster log and the log files of the involved rule(s).
