Building DAG of jobs...
Using shell: /lustre1/project/stg_00079/teaching/I0U19a_conda_2024/bin/bash
Provided cluster nodes: 22
Job stats:
job              count
-------------  -------
SNP_calling          1
SNP_norm_filt        1
all                  1
bwa                 11
extract_snps         1
fastqc              11
snpeff               1
total               27

Select jobs to execute...

[Thu May  2 01:44:51 2024]
rule bwa:
    input: /staging/leuven/stg_00079/teaching/1000genomes/HG00151.GRCh38DH.exome.chr21.fq.gz
    output: 2_bwa/HG00151.GRCh38DH.exome.chr21.bam, 2_bwa/HG00151.GRCh38DH.exome.chr21.bam.bai
    jobid: 22
    reason: Missing output files: 2_bwa/HG00151.GRCh38DH.exome.chr21.bam
    wildcards: sample=HG00151.GRCh38DH.exome.chr21
    resources: mem_mb=1000, mem_mib=954, disk_mb=1000, disk_mib=954, tmpdir=<TBD>

Submitted job 22 with external jobid 'Submitted batch job 61377202 on cluster wice'.

[Thu May  2 01:44:52 2024]
rule fastqc:
    input: /staging/leuven/stg_00079/teaching/1000genomes/HG04301.GRCh38DH.exome.chr21.fq.gz
    output: 1_fastqc/HG04301.GRCh38DH.exome.chr21_fastqc.zip, 1_fastqc/HG04301.GRCh38DH.exome.chr21_fastqc.html, 1_fastqc/HG04301.GRCh38DH.exome.chr21_fastqc/fastqc_data.txt, 1_fastqc/HG04301.GRCh38DH.exome.chr21_fastqc/Images/per_base_quality.png, 1_fastqc/HG04301.GRCh38DH.exome.chr21_fastqc/Images/per_base_sequence_content.png, 1_fastqc/HG04301.GRCh38DH.exome.chr21_fastqc/summary.txt
    jobid: 7
    reason: Missing output files: 1_fastqc/HG04301.GRCh38DH.exome.chr21_fastqc.zip
    wildcards: sample=HG04301.GRCh38DH.exome.chr21
    resources: mem_mb=1000, mem_mib=954, disk_mb=1000, disk_mib=954, tmpdir=<TBD>

Submitted job 7 with external jobid 'Submitted batch job 61377203 on cluster wice'.

[Thu May  2 01:44:53 2024]
rule bwa:
    input: /staging/leuven/stg_00079/teaching/1000genomes/HG00131.GRCh38DH.exome.chr21.fq.gz
    output: 2_bwa/HG00131.GRCh38DH.exome.chr21.bam, 2_bwa/HG00131.GRCh38DH.exome.chr21.bam.bai
    jobid: 15
    reason: Missing output files: 2_bwa/HG00131.GRCh38DH.exome.chr21.bam
    wildcards: sample=HG00131.GRCh38DH.exome.chr21
    resources: mem_mb=1000, mem_mib=954, disk_mb=1000, disk_mib=954, tmpdir=<TBD>

Submitted job 15 with external jobid 'Submitted batch job 61377204 on cluster wice'.

[Thu May  2 01:44:53 2024]
rule fastqc:
    input: /staging/leuven/stg_00079/teaching/1000genomes/HG00121.GRCh38DH.exome.chr21.fq.gz
    output: 1_fastqc/HG00121.GRCh38DH.exome.chr21_fastqc.zip, 1_fastqc/HG00121.GRCh38DH.exome.chr21_fastqc.html, 1_fastqc/HG00121.GRCh38DH.exome.chr21_fastqc/fastqc_data.txt, 1_fastqc/HG00121.GRCh38DH.exome.chr21_fastqc/Images/per_base_quality.png, 1_fastqc/HG00121.GRCh38DH.exome.chr21_fastqc/Images/per_base_sequence_content.png, 1_fastqc/HG00121.GRCh38DH.exome.chr21_fastqc/summary.txt
    jobid: 8
    reason: Missing output files: 1_fastqc/HG00121.GRCh38DH.exome.chr21_fastqc.zip
    wildcards: sample=HG00121.GRCh38DH.exome.chr21
    resources: mem_mb=1000, mem_mib=954, disk_mb=1000, disk_mib=954, tmpdir=<TBD>

Submitted job 8 with external jobid 'Submitted batch job 61377205 on cluster wice'.

[Thu May  2 01:44:54 2024]
rule bwa:
    input: /staging/leuven/stg_00079/teaching/1000genomes/HG00231.GRCh38DH.exome.chr21.fq.gz
    output: 2_bwa/HG00231.GRCh38DH.exome.chr21.bam, 2_bwa/HG00231.GRCh38DH.exome.chr21.bam.bai
    jobid: 16
    reason: Missing output files: 2_bwa/HG00231.GRCh38DH.exome.chr21.bam
    wildcards: sample=HG00231.GRCh38DH.exome.chr21
    resources: mem_mb=1000, mem_mib=954, disk_mb=1000, disk_mib=954, tmpdir=<TBD>

Submitted job 16 with external jobid 'Submitted batch job 61377206 on cluster wice'.

[Thu May  2 01:44:55 2024]
rule fastqc:
    input: /staging/leuven/stg_00079/teaching/1000genomes/HG00261.GRCh38DH.exome.chr21.fq.gz
    output: 1_fastqc/HG00261.GRCh38DH.exome.chr21_fastqc.zip, 1_fastqc/HG00261.GRCh38DH.exome.chr21_fastqc.html, 1_fastqc/HG00261.GRCh38DH.exome.chr21_fastqc/fastqc_data.txt, 1_fastqc/HG00261.GRCh38DH.exome.chr21_fastqc/Images/per_base_quality.png, 1_fastqc/HG00261.GRCh38DH.exome.chr21_fastqc/Images/per_base_sequence_content.png, 1_fastqc/HG00261.GRCh38DH.exome.chr21_fastqc/summary.txt
    jobid: 2
    reason: Missing output files: 1_fastqc/HG00261.GRCh38DH.exome.chr21_fastqc.zip
    wildcards: sample=HG00261.GRCh38DH.exome.chr21
    resources: mem_mb=1000, mem_mib=954, disk_mb=1000, disk_mib=954, tmpdir=<TBD>

Submitted job 2 with external jobid 'Submitted batch job 61377207 on cluster wice'.

[Thu May  2 01:44:56 2024]
rule fastqc:
    input: /staging/leuven/stg_00079/teaching/1000genomes/HG00251.GRCh38DH.exome.chr21.fq.gz
    output: 1_fastqc/HG00251.GRCh38DH.exome.chr21_fastqc.zip, 1_fastqc/HG00251.GRCh38DH.exome.chr21_fastqc.html, 1_fastqc/HG00251.GRCh38DH.exome.chr21_fastqc/fastqc_data.txt, 1_fastqc/HG00251.GRCh38DH.exome.chr21_fastqc/Images/per_base_quality.png, 1_fastqc/HG00251.GRCh38DH.exome.chr21_fastqc/Images/per_base_sequence_content.png, 1_fastqc/HG00251.GRCh38DH.exome.chr21_fastqc/summary.txt
    jobid: 9
    reason: Missing output files: 1_fastqc/HG00251.GRCh38DH.exome.chr21_fastqc.zip
    wildcards: sample=HG00251.GRCh38DH.exome.chr21
    resources: mem_mb=1000, mem_mib=954, disk_mb=1000, disk_mib=954, tmpdir=<TBD>

Submitted job 9 with external jobid 'Submitted batch job 61377208 on cluster wice'.

[Thu May  2 01:44:57 2024]
rule bwa:
    input: /staging/leuven/stg_00079/teaching/1000genomes/HG01791.GRCh38DH.exome.chr21.fq.gz
    output: 2_bwa/HG01791.GRCh38DH.exome.chr21.bam, 2_bwa/HG01791.GRCh38DH.exome.chr21.bam.bai
    jobid: 17
    reason: Missing output files: 2_bwa/HG01791.GRCh38DH.exome.chr21.bam
    wildcards: sample=HG01791.GRCh38DH.exome.chr21
    resources: mem_mb=1000, mem_mib=954, disk_mb=1000, disk_mib=954, tmpdir=<TBD>

Submitted job 17 with external jobid 'Submitted batch job 61377209 on cluster wice'.

[Thu May  2 01:44:58 2024]
rule fastqc:
    input: /staging/leuven/stg_00079/teaching/1000genomes/HG00141.GRCh38DH.exome.chr21.fq.gz
    output: 1_fastqc/HG00141.GRCh38DH.exome.chr21_fastqc.zip, 1_fastqc/HG00141.GRCh38DH.exome.chr21_fastqc.html, 1_fastqc/HG00141.GRCh38DH.exome.chr21_fastqc/fastqc_data.txt, 1_fastqc/HG00141.GRCh38DH.exome.chr21_fastqc/Images/per_base_quality.png, 1_fastqc/HG00141.GRCh38DH.exome.chr21_fastqc/Images/per_base_sequence_content.png, 1_fastqc/HG00141.GRCh38DH.exome.chr21_fastqc/summary.txt
    jobid: 1
    reason: Missing output files: 1_fastqc/HG00141.GRCh38DH.exome.chr21_fastqc.zip
    wildcards: sample=HG00141.GRCh38DH.exome.chr21
    resources: mem_mb=1000, mem_mib=954, disk_mb=1000, disk_mib=954, tmpdir=<TBD>

Submitted job 1 with external jobid 'Submitted batch job 61377210 on cluster wice'.

[Thu May  2 01:44:59 2024]
rule fastqc:
    input: /staging/leuven/stg_00079/teaching/1000genomes/HG00101.GRCh38DH.exome.chr21.fq.gz
    output: 1_fastqc/HG00101.GRCh38DH.exome.chr21_fastqc.zip, 1_fastqc/HG00101.GRCh38DH.exome.chr21_fastqc.html, 1_fastqc/HG00101.GRCh38DH.exome.chr21_fastqc/fastqc_data.txt, 1_fastqc/HG00101.GRCh38DH.exome.chr21_fastqc/Images/per_base_quality.png, 1_fastqc/HG00101.GRCh38DH.exome.chr21_fastqc/Images/per_base_sequence_content.png, 1_fastqc/HG00101.GRCh38DH.exome.chr21_fastqc/summary.txt
    jobid: 10
    reason: Missing output files: 1_fastqc/HG00101.GRCh38DH.exome.chr21_fastqc.zip
    wildcards: sample=HG00101.GRCh38DH.exome.chr21
    resources: mem_mb=1000, mem_mib=954, disk_mb=1000, disk_mib=954, tmpdir=<TBD>

Submitted job 10 with external jobid 'Submitted batch job 61377211 on cluster wice'.

[Thu May  2 01:45:00 2024]
rule bwa:
    input: /staging/leuven/stg_00079/teaching/1000genomes/HG04301.GRCh38DH.exome.chr21.fq.gz
    output: 2_bwa/HG04301.GRCh38DH.exome.chr21.bam, 2_bwa/HG04301.GRCh38DH.exome.chr21.bam.bai
    jobid: 18
    reason: Missing output files: 2_bwa/HG04301.GRCh38DH.exome.chr21.bam
    wildcards: sample=HG04301.GRCh38DH.exome.chr21
    resources: mem_mb=1000, mem_mib=954, disk_mb=1000, disk_mib=954, tmpdir=<TBD>

Submitted job 18 with external jobid 'Submitted batch job 61377212 on cluster wice'.

[Thu May  2 01:45:01 2024]
rule fastqc:
    input: /staging/leuven/stg_00079/teaching/1000genomes/HG00111.GRCh38DH.exome.chr21.fq.gz
    output: 1_fastqc/HG00111.GRCh38DH.exome.chr21_fastqc.zip, 1_fastqc/HG00111.GRCh38DH.exome.chr21_fastqc.html, 1_fastqc/HG00111.GRCh38DH.exome.chr21_fastqc/fastqc_data.txt, 1_fastqc/HG00111.GRCh38DH.exome.chr21_fastqc/Images/per_base_quality.png, 1_fastqc/HG00111.GRCh38DH.exome.chr21_fastqc/Images/per_base_sequence_content.png, 1_fastqc/HG00111.GRCh38DH.exome.chr21_fastqc/summary.txt
    jobid: 3
    reason: Missing output files: 1_fastqc/HG00111.GRCh38DH.exome.chr21_fastqc.zip
    wildcards: sample=HG00111.GRCh38DH.exome.chr21
    resources: mem_mb=1000, mem_mib=954, disk_mb=1000, disk_mib=954, tmpdir=<TBD>

Submitted job 3 with external jobid 'Submitted batch job 61377213 on cluster wice'.

[Thu May  2 01:45:02 2024]
rule fastqc:
    input: /staging/leuven/stg_00079/teaching/1000genomes/HG00151.GRCh38DH.exome.chr21.fq.gz
    output: 1_fastqc/HG00151.GRCh38DH.exome.chr21_fastqc.zip, 1_fastqc/HG00151.GRCh38DH.exome.chr21_fastqc.html, 1_fastqc/HG00151.GRCh38DH.exome.chr21_fastqc/fastqc_data.txt, 1_fastqc/HG00151.GRCh38DH.exome.chr21_fastqc/Images/per_base_quality.png, 1_fastqc/HG00151.GRCh38DH.exome.chr21_fastqc/Images/per_base_sequence_content.png, 1_fastqc/HG00151.GRCh38DH.exome.chr21_fastqc/summary.txt
    jobid: 11
    reason: Missing output files: 1_fastqc/HG00151.GRCh38DH.exome.chr21_fastqc.zip
    wildcards: sample=HG00151.GRCh38DH.exome.chr21
    resources: mem_mb=1000, mem_mib=954, disk_mb=1000, disk_mib=954, tmpdir=<TBD>

Submitted job 11 with external jobid 'Submitted batch job 61377214 on cluster wice'.

[Thu May  2 01:45:03 2024]
rule bwa:
    input: /staging/leuven/stg_00079/teaching/1000genomes/HG00121.GRCh38DH.exome.chr21.fq.gz
    output: 2_bwa/HG00121.GRCh38DH.exome.chr21.bam, 2_bwa/HG00121.GRCh38DH.exome.chr21.bam.bai
    jobid: 19
    reason: Missing output files: 2_bwa/HG00121.GRCh38DH.exome.chr21.bam
    wildcards: sample=HG00121.GRCh38DH.exome.chr21
    resources: mem_mb=1000, mem_mib=954, disk_mb=1000, disk_mib=954, tmpdir=<TBD>

Submitted job 19 with external jobid 'Submitted batch job 61377215 on cluster wice'.

[Thu May  2 01:45:03 2024]
rule fastqc:
    input: /staging/leuven/stg_00079/teaching/1000genomes/HG00131.GRCh38DH.exome.chr21.fq.gz
    output: 1_fastqc/HG00131.GRCh38DH.exome.chr21_fastqc.zip, 1_fastqc/HG00131.GRCh38DH.exome.chr21_fastqc.html, 1_fastqc/HG00131.GRCh38DH.exome.chr21_fastqc/fastqc_data.txt, 1_fastqc/HG00131.GRCh38DH.exome.chr21_fastqc/Images/per_base_quality.png, 1_fastqc/HG00131.GRCh38DH.exome.chr21_fastqc/Images/per_base_sequence_content.png, 1_fastqc/HG00131.GRCh38DH.exome.chr21_fastqc/summary.txt
    jobid: 4
    reason: Missing output files: 1_fastqc/HG00131.GRCh38DH.exome.chr21_fastqc.zip
    wildcards: sample=HG00131.GRCh38DH.exome.chr21
    resources: mem_mb=1000, mem_mib=954, disk_mb=1000, disk_mib=954, tmpdir=<TBD>

Submitted job 4 with external jobid 'Submitted batch job 61377216 on cluster wice'.

[Thu May  2 01:45:04 2024]
rule bwa:
    input: /staging/leuven/stg_00079/teaching/1000genomes/HG00141.GRCh38DH.exome.chr21.fq.gz
    output: 2_bwa/HG00141.GRCh38DH.exome.chr21.bam, 2_bwa/HG00141.GRCh38DH.exome.chr21.bam.bai
    jobid: 12
    reason: Missing output files: 2_bwa/HG00141.GRCh38DH.exome.chr21.bam
    wildcards: sample=HG00141.GRCh38DH.exome.chr21
    resources: mem_mb=1000, mem_mib=954, disk_mb=1000, disk_mib=954, tmpdir=<TBD>

Submitted job 12 with external jobid 'Submitted batch job 61377217 on cluster wice'.

[Thu May  2 01:45:05 2024]
rule bwa:
    input: /staging/leuven/stg_00079/teaching/1000genomes/HG00251.GRCh38DH.exome.chr21.fq.gz
    output: 2_bwa/HG00251.GRCh38DH.exome.chr21.bam, 2_bwa/HG00251.GRCh38DH.exome.chr21.bam.bai
    jobid: 20
    reason: Missing output files: 2_bwa/HG00251.GRCh38DH.exome.chr21.bam
    wildcards: sample=HG00251.GRCh38DH.exome.chr21
    resources: mem_mb=1000, mem_mib=954, disk_mb=1000, disk_mib=954, tmpdir=<TBD>

Submitted job 20 with external jobid 'Submitted batch job 61377218 on cluster wice'.

[Thu May  2 01:45:06 2024]
rule fastqc:
    input: /staging/leuven/stg_00079/teaching/1000genomes/HG00231.GRCh38DH.exome.chr21.fq.gz
    output: 1_fastqc/HG00231.GRCh38DH.exome.chr21_fastqc.zip, 1_fastqc/HG00231.GRCh38DH.exome.chr21_fastqc.html, 1_fastqc/HG00231.GRCh38DH.exome.chr21_fastqc/fastqc_data.txt, 1_fastqc/HG00231.GRCh38DH.exome.chr21_fastqc/Images/per_base_quality.png, 1_fastqc/HG00231.GRCh38DH.exome.chr21_fastqc/Images/per_base_sequence_content.png, 1_fastqc/HG00231.GRCh38DH.exome.chr21_fastqc/summary.txt
    jobid: 5
    reason: Missing output files: 1_fastqc/HG00231.GRCh38DH.exome.chr21_fastqc.zip
    wildcards: sample=HG00231.GRCh38DH.exome.chr21
    resources: mem_mb=1000, mem_mib=954, disk_mb=1000, disk_mib=954, tmpdir=<TBD>

Submitted job 5 with external jobid 'Submitted batch job 61377219 on cluster wice'.

[Thu May  2 01:45:07 2024]
rule bwa:
    input: /staging/leuven/stg_00079/teaching/1000genomes/HG00261.GRCh38DH.exome.chr21.fq.gz
    output: 2_bwa/HG00261.GRCh38DH.exome.chr21.bam, 2_bwa/HG00261.GRCh38DH.exome.chr21.bam.bai
    jobid: 13
    reason: Missing output files: 2_bwa/HG00261.GRCh38DH.exome.chr21.bam
    wildcards: sample=HG00261.GRCh38DH.exome.chr21
    resources: mem_mb=1000, mem_mib=954, disk_mb=1000, disk_mib=954, tmpdir=<TBD>

Submitted job 13 with external jobid 'Submitted batch job 61377220 on cluster wice'.

[Thu May  2 01:45:08 2024]
rule bwa:
    input: /staging/leuven/stg_00079/teaching/1000genomes/HG00101.GRCh38DH.exome.chr21.fq.gz
    output: 2_bwa/HG00101.GRCh38DH.exome.chr21.bam, 2_bwa/HG00101.GRCh38DH.exome.chr21.bam.bai
    jobid: 21
    reason: Missing output files: 2_bwa/HG00101.GRCh38DH.exome.chr21.bam
    wildcards: sample=HG00101.GRCh38DH.exome.chr21
    resources: mem_mb=1000, mem_mib=954, disk_mb=1000, disk_mib=954, tmpdir=<TBD>

Submitted job 21 with external jobid 'Submitted batch job 61377221 on cluster wice'.

[Thu May  2 01:45:09 2024]
rule fastqc:
    input: /staging/leuven/stg_00079/teaching/1000genomes/HG01791.GRCh38DH.exome.chr21.fq.gz
    output: 1_fastqc/HG01791.GRCh38DH.exome.chr21_fastqc.zip, 1_fastqc/HG01791.GRCh38DH.exome.chr21_fastqc.html, 1_fastqc/HG01791.GRCh38DH.exome.chr21_fastqc/fastqc_data.txt, 1_fastqc/HG01791.GRCh38DH.exome.chr21_fastqc/Images/per_base_quality.png, 1_fastqc/HG01791.GRCh38DH.exome.chr21_fastqc/Images/per_base_sequence_content.png, 1_fastqc/HG01791.GRCh38DH.exome.chr21_fastqc/summary.txt
    jobid: 6
    reason: Missing output files: 1_fastqc/HG01791.GRCh38DH.exome.chr21_fastqc.zip
    wildcards: sample=HG01791.GRCh38DH.exome.chr21
    resources: mem_mb=1000, mem_mib=954, disk_mb=1000, disk_mib=954, tmpdir=<TBD>

Submitted job 6 with external jobid 'Submitted batch job 61377222 on cluster wice'.

[Thu May  2 01:45:10 2024]
rule bwa:
    input: /staging/leuven/stg_00079/teaching/1000genomes/HG00111.GRCh38DH.exome.chr21.fq.gz
    output: 2_bwa/HG00111.GRCh38DH.exome.chr21.bam, 2_bwa/HG00111.GRCh38DH.exome.chr21.bam.bai
    jobid: 14
    reason: Missing output files: 2_bwa/HG00111.GRCh38DH.exome.chr21.bam
    wildcards: sample=HG00111.GRCh38DH.exome.chr21
    resources: mem_mb=1000, mem_mib=954, disk_mb=1000, disk_mib=954, tmpdir=<TBD>

Submitted job 14 with external jobid 'Submitted batch job 61377223 on cluster wice'.
[Thu May  2 01:45:11 2024]
Finished job 7.
1 of 27 steps (4%) done
[Thu May  2 01:45:11 2024]
Finished job 8.
2 of 27 steps (7%) done
[Thu May  2 01:45:11 2024]
Finished job 9.
3 of 27 steps (11%) done
[Thu May  2 01:45:34 2024]
Finished job 22.
4 of 27 steps (15%) done
[Thu May  2 01:45:34 2024]
Error in rule fastqc:
    jobid: 1
    input: /staging/leuven/stg_00079/teaching/1000genomes/HG00141.GRCh38DH.exome.chr21.fq.gz
    output: 1_fastqc/HG00141.GRCh38DH.exome.chr21_fastqc.zip, 1_fastqc/HG00141.GRCh38DH.exome.chr21_fastqc.html, 1_fastqc/HG00141.GRCh38DH.exome.chr21_fastqc/fastqc_data.txt, 1_fastqc/HG00141.GRCh38DH.exome.chr21_fastqc/Images/per_base_quality.png, 1_fastqc/HG00141.GRCh38DH.exome.chr21_fastqc/Images/per_base_sequence_content.png, 1_fastqc/HG00141.GRCh38DH.exome.chr21_fastqc/summary.txt
    shell:
        
        export PATH=/lustre1/project/stg_00079/teaching/I0U19a_conda_2024/bin:$PATH

        echo "Input Fastq: HG00141.GRCh38DH.exome.chr21 "
        
        #extract the fastqc
        fastqc -o 1_fastqc /staging/leuven/stg_00079/teaching/1000genomes/HG00141.GRCh38DH.exome.chr21.fq.gz --extract

        # # Check if it is in FASTQ format
        # first_line=$(head -n 1 /staging/leuven/stg_00079/teaching/1000genomes/HG00141.GRCh38DH.exome.chr21.fq.gz)
        # third_line=$(sed -n '3p' /staging/leuven/stg_00079/teaching/1000genomes/HG00141.GRCh38DH.exome.chr21.fq.gz)

        # if ! [[ $first_line == "@"* && $second_line != "+" && $third_line == "+"* ]]; then
        #     echo "File is not in FASTQ format."
        #     false
        # fi

        # #check that file is not truncated
        # if [ $(tail -n 4 /staging/leuven/stg_00079/teaching/1000genomes/HG00141.GRCh38DH.exome.chr21.fq.gz | head -n 1 | cut -c1) = "@" ]; then
        #     echo "Fourth last line does not begin with '@'!"
        #     false
        # fi

        if grep FAIL 1_fastqc/HG00141.GRCh38DH.exome.chr21_fastqc/summary.txt; then
            echo "Summary contains Fails!"
            false
        fi
        #these warnings arent severe as bias can be introduced by the adapters used
        if grep WARN 1_fastqc/HG00141.GRCh38DH.exome.chr21_fastqc/summary.txt; then
            echo "Summary contains warnings!"
        fi
        
        (one of the commands exited with non-zero exit code; note that snakemake uses bash strict mode!)
    cluster_jobid: Submitted batch job 61377210 on cluster wice

Error executing rule fastqc on cluster (jobid: 1, external: Submitted batch job 61377210 on cluster wice, jobscript: /vsc-hard-mounts/leuven-data/362/vsc36251/Assignment2/.snakemake/tmp.xhisaynu/fastqc1_HG00141.GRCh38DH.exome.chr21). For error details see the cluster log and the log files of the involved rule(s).
[Thu May  2 01:45:34 2024]
Finished job 2.
5 of 27 steps (19%) done
[Thu May  2 01:45:34 2024]
Finished job 10.
6 of 27 steps (22%) done
[Thu May  2 01:45:34 2024]
Finished job 3.
7 of 27 steps (26%) done
[Thu May  2 01:45:35 2024]
Finished job 4.
8 of 27 steps (30%) done
[Thu May  2 01:45:35 2024]
Finished job 5.
9 of 27 steps (33%) done
[Thu May  2 01:46:07 2024]
Finished job 16.
10 of 27 steps (37%) done
[Thu May  2 01:46:07 2024]
Finished job 18.
11 of 27 steps (41%) done
[Thu May  2 01:46:07 2024]
Finished job 11.
12 of 27 steps (44%) done
[Thu May  2 01:46:07 2024]
Finished job 12.
13 of 27 steps (48%) done
[Thu May  2 01:46:08 2024]
Finished job 13.
14 of 27 steps (52%) done
[Thu May  2 01:46:08 2024]
Finished job 6.
15 of 27 steps (56%) done
[Thu May  2 01:46:08 2024]
Finished job 14.
16 of 27 steps (59%) done
[Thu May  2 01:46:39 2024]
Finished job 17.
17 of 27 steps (63%) done
[Thu May  2 01:46:39 2024]
Finished job 19.
18 of 27 steps (67%) done
[Thu May  2 01:46:39 2024]
Finished job 21.
19 of 27 steps (70%) done
[Thu May  2 01:47:09 2024]
Finished job 20.
20 of 27 steps (74%) done
[Thu May  2 01:47:39 2024]
Finished job 15.
21 of 27 steps (78%) done
Shutting down, this might take some time.
Exiting because a job execution failed. Look above for error message
Complete log: .snakemake/log/2024-05-02T014450.280332.snakemake.log
