Building DAG of jobs...
Creating report...
Adding per_base_quality.png (0.053 MB).
Adding per_base_sequence_content.png (0.061 MB).
Adding summary.txt (0.00064 MB).
Adding errors.txt (0.00013 MB).
Adding per_base_quality.png (0.045 MB).
Adding per_base_sequence_content.png (0.052 MB).
Adding summary.txt (0.00064 MB).
Adding errors.txt (6.4e-05 MB).
Adding per_base_quality.png (0.047 MB).
Adding per_base_sequence_content.png (0.052 MB).
Adding summary.txt (0.00064 MB).
Adding errors.txt (6.4e-05 MB).
Adding per_base_quality.png (0.038 MB).
Adding per_base_sequence_content.png (0.05 MB).
Adding summary.txt (0.00064 MB).
Adding errors.txt (0.0002 MB).
Adding per_base_quality.png (0.051 MB).
Adding per_base_sequence_content.png (0.059 MB).
Adding summary.txt (0.00064 MB).
Adding errors.txt (0.00013 MB).
Adding per_base_quality.png (0.044 MB).
Adding per_base_sequence_content.png (0.051 MB).
Adding summary.txt (0.00064 MB).
Adding errors.txt (6.4e-05 MB).
Adding per_base_quality.png (0.049 MB).
Adding per_base_sequence_content.png (0.058 MB).
Adding summary.txt (0.00064 MB).
Adding errors.txt (0.00013 MB).
Adding per_base_quality.png (0.046 MB).
Adding per_base_sequence_content.png (0.051 MB).
Adding summary.txt (0.00064 MB).
Adding errors.txt (6.4e-05 MB).
Adding per_base_quality.png (0.044 MB).
Adding per_base_sequence_content.png (0.053 MB).
Adding summary.txt (0.00064 MB).
Adding errors.txt (6.4e-05 MB).
Adding per_base_quality.png (0.051 MB).
Adding per_base_sequence_content.png (0.058 MB).
Adding summary.txt (0.00064 MB).
Adding errors.txt (0.00013 MB).
Adding per_base_quality.png (0.05 MB).
Adding per_base_sequence_content.png (0.058 MB).
Adding summary.txt (0.00064 MB).
Adding errors.txt (0.00013 MB).
Missing metadata for file 2_bwa/HG00141.GRCh38DH.exome.chr21.bam. Maybe metadata was deleted or it was created using an older version of Snakemake. This is a non critical warning.
Missing metadata for file 2_bwa/HG00141.GRCh38DH.exome.chr21.bam.bai. Maybe metadata was deleted or it was created using an older version of Snakemake. This is a non critical warning.
Missing metadata for file 2_bwa/HG00261.GRCh38DH.exome.chr21.bam. Maybe metadata was deleted or it was created using an older version of Snakemake. This is a non critical warning.
Missing metadata for file 2_bwa/HG00261.GRCh38DH.exome.chr21.bam.bai. Maybe metadata was deleted or it was created using an older version of Snakemake. This is a non critical warning.
Missing metadata for file 2_bwa/HG00111.GRCh38DH.exome.chr21.bam. Maybe metadata was deleted or it was created using an older version of Snakemake. This is a non critical warning.
Missing metadata for file 2_bwa/HG00111.GRCh38DH.exome.chr21.bam.bai. Maybe metadata was deleted or it was created using an older version of Snakemake. This is a non critical warning.
Missing metadata for file 2_bwa/HG00131.GRCh38DH.exome.chr21.bam. Maybe metadata was deleted or it was created using an older version of Snakemake. This is a non critical warning.
Missing metadata for file 2_bwa/HG00131.GRCh38DH.exome.chr21.bam.bai. Maybe metadata was deleted or it was created using an older version of Snakemake. This is a non critical warning.
Missing metadata for file 2_bwa/HG00231.GRCh38DH.exome.chr21.bam. Maybe metadata was deleted or it was created using an older version of Snakemake. This is a non critical warning.
Missing metadata for file 2_bwa/HG00231.GRCh38DH.exome.chr21.bam.bai. Maybe metadata was deleted or it was created using an older version of Snakemake. This is a non critical warning.
Missing metadata for file 2_bwa/HG01791.GRCh38DH.exome.chr21.bam. Maybe metadata was deleted or it was created using an older version of Snakemake. This is a non critical warning.
Missing metadata for file 2_bwa/HG01791.GRCh38DH.exome.chr21.bam.bai. Maybe metadata was deleted or it was created using an older version of Snakemake. This is a non critical warning.
Missing metadata for file 2_bwa/HG04301.GRCh38DH.exome.chr21.bam. Maybe metadata was deleted or it was created using an older version of Snakemake. This is a non critical warning.
Missing metadata for file 2_bwa/HG04301.GRCh38DH.exome.chr21.bam.bai. Maybe metadata was deleted or it was created using an older version of Snakemake. This is a non critical warning.
Missing metadata for file 2_bwa/HG00121.GRCh38DH.exome.chr21.bam. Maybe metadata was deleted or it was created using an older version of Snakemake. This is a non critical warning.
Missing metadata for file 2_bwa/HG00121.GRCh38DH.exome.chr21.bam.bai. Maybe metadata was deleted or it was created using an older version of Snakemake. This is a non critical warning.
Missing metadata for file 2_bwa/HG00251.GRCh38DH.exome.chr21.bam. Maybe metadata was deleted or it was created using an older version of Snakemake. This is a non critical warning.
Missing metadata for file 2_bwa/HG00251.GRCh38DH.exome.chr21.bam.bai. Maybe metadata was deleted or it was created using an older version of Snakemake. This is a non critical warning.
Missing metadata for file 2_bwa/HG00101.GRCh38DH.exome.chr21.bam. Maybe metadata was deleted or it was created using an older version of Snakemake. This is a non critical warning.
Missing metadata for file 2_bwa/HG00101.GRCh38DH.exome.chr21.bam.bai. Maybe metadata was deleted or it was created using an older version of Snakemake. This is a non critical warning.
Missing metadata for file 2_bwa/HG00151.GRCh38DH.exome.chr21.bam. Maybe metadata was deleted or it was created using an older version of Snakemake. This is a non critical warning.
Missing metadata for file 2_bwa/HG00151.GRCh38DH.exome.chr21.bam.bai. Maybe metadata was deleted or it was created using an older version of Snakemake. This is a non critical warning.
Missing metadata for file 3_samtools/snps.vcf. Maybe metadata was deleted or it was created using an older version of Snakemake. This is a non critical warning.
Missing metadata for file genes.vcf. Maybe metadata was deleted or it was created using an older version of Snakemake. This is a non critical warning.
WorkflowError:
File snps_heatmap.png marked for report but does not exist.
