Building DAG of jobs...
Using shell: /lustre1/project/stg_00079/teaching/I0U19a_conda_2024/bin/bash
Provided cluster nodes: 22
Job stats:
job              count
-------------  -------
SNP_calling          1
SNP_norm_filt        1
all                  1
bwa                 11
extract_snps         1
fastqc               9
snp_heatmap          1
snpeff               1
total               26

Select jobs to execute...

[Thu May  2 11:23:31 2024]
rule bwa:
    input: /staging/leuven/stg_00079/teaching/1000genomes/HG00151.GRCh38DH.exome.chr21.fq.gz
    output: 2_bwa/HG00151.GRCh38DH.exome.chr21.bam, 2_bwa/HG00151.GRCh38DH.exome.chr21.bam.bai
    jobid: 22
    reason: Missing output files: 2_bwa/HG00151.GRCh38DH.exome.chr21.bam; Params have changed since last execution
    wildcards: sample=HG00151.GRCh38DH.exome.chr21
    resources: mem_mb=1000, mem_mib=954, disk_mb=1000, disk_mib=954, tmpdir=<TBD>

Submitted job 22 with external jobid 'Submitted batch job 61378094 on cluster wice'.

[Thu May  2 11:23:32 2024]
rule fastqc:
    input: /staging/leuven/stg_00079/teaching/1000genomes/HG04301.GRCh38DH.exome.chr21.fq.gz
    output: 1_fastqc/HG04301.GRCh38DH.exome.chr21_fastqc.zip, 1_fastqc/HG04301.GRCh38DH.exome.chr21_fastqc.html, 1_fastqc/HG04301.GRCh38DH.exome.chr21_fastqc/fastqc_data.txt, 1_fastqc/HG04301.GRCh38DH.exome.chr21_fastqc/Images/per_base_quality.png, 1_fastqc/HG04301.GRCh38DH.exome.chr21_fastqc/Images/per_base_sequence_content.png, 1_fastqc/HG04301.GRCh38DH.exome.chr21_fastqc/summary.txt, 1_fastqc/HG04301.GRCh38DH.exome.chr21_fastqc/errors.txt
    jobid: 7
    reason: Params have changed since last execution
    wildcards: sample=HG04301.GRCh38DH.exome.chr21
    resources: mem_mb=1000, mem_mib=954, disk_mb=1000, disk_mib=954, tmpdir=<TBD>

Submitted job 7 with external jobid 'Submitted batch job 61378095 on cluster wice'.

[Thu May  2 11:23:33 2024]
rule bwa:
    input: /staging/leuven/stg_00079/teaching/1000genomes/HG00131.GRCh38DH.exome.chr21.fq.gz
    output: 2_bwa/HG00131.GRCh38DH.exome.chr21.bam, 2_bwa/HG00131.GRCh38DH.exome.chr21.bam.bai
    jobid: 15
    reason: Params have changed since last execution
    wildcards: sample=HG00131.GRCh38DH.exome.chr21
    resources: mem_mb=1000, mem_mib=954, disk_mb=1000, disk_mib=954, tmpdir=<TBD>

Submitted job 15 with external jobid 'Submitted batch job 61378096 on cluster wice'.

[Thu May  2 11:23:34 2024]
rule fastqc:
    input: /staging/leuven/stg_00079/teaching/1000genomes/HG00121.GRCh38DH.exome.chr21.fq.gz
    output: 1_fastqc/HG00121.GRCh38DH.exome.chr21_fastqc.zip, 1_fastqc/HG00121.GRCh38DH.exome.chr21_fastqc.html, 1_fastqc/HG00121.GRCh38DH.exome.chr21_fastqc/fastqc_data.txt, 1_fastqc/HG00121.GRCh38DH.exome.chr21_fastqc/Images/per_base_quality.png, 1_fastqc/HG00121.GRCh38DH.exome.chr21_fastqc/Images/per_base_sequence_content.png, 1_fastqc/HG00121.GRCh38DH.exome.chr21_fastqc/summary.txt, 1_fastqc/HG00121.GRCh38DH.exome.chr21_fastqc/errors.txt
    jobid: 8
    reason: Params have changed since last execution
    wildcards: sample=HG00121.GRCh38DH.exome.chr21
    resources: mem_mb=1000, mem_mib=954, disk_mb=1000, disk_mib=954, tmpdir=<TBD>

Submitted job 8 with external jobid 'Submitted batch job 61378097 on cluster wice'.

[Thu May  2 11:23:36 2024]
rule bwa:
    input: /staging/leuven/stg_00079/teaching/1000genomes/HG00231.GRCh38DH.exome.chr21.fq.gz
    output: 2_bwa/HG00231.GRCh38DH.exome.chr21.bam, 2_bwa/HG00231.GRCh38DH.exome.chr21.bam.bai
    jobid: 16
    reason: Params have changed since last execution
    wildcards: sample=HG00231.GRCh38DH.exome.chr21
    resources: mem_mb=1000, mem_mib=954, disk_mb=1000, disk_mib=954, tmpdir=<TBD>

Submitted job 16 with external jobid 'Submitted batch job 61378098 on cluster wice'.

[Thu May  2 11:23:36 2024]
rule fastqc:
    input: /staging/leuven/stg_00079/teaching/1000genomes/HG00141.GRCh38DH.exome.chr21.fq.gz
    output: 1_fastqc/HG00141.GRCh38DH.exome.chr21_fastqc.zip, 1_fastqc/HG00141.GRCh38DH.exome.chr21_fastqc.html, 1_fastqc/HG00141.GRCh38DH.exome.chr21_fastqc/fastqc_data.txt, 1_fastqc/HG00141.GRCh38DH.exome.chr21_fastqc/Images/per_base_quality.png, 1_fastqc/HG00141.GRCh38DH.exome.chr21_fastqc/Images/per_base_sequence_content.png, 1_fastqc/HG00141.GRCh38DH.exome.chr21_fastqc/summary.txt, 1_fastqc/HG00141.GRCh38DH.exome.chr21_fastqc/errors.txt
    jobid: 1
    reason: Params have changed since last execution
    wildcards: sample=HG00141.GRCh38DH.exome.chr21
    resources: mem_mb=1000, mem_mib=954, disk_mb=1000, disk_mib=954, tmpdir=<TBD>

Submitted job 1 with external jobid 'Submitted batch job 61378099 on cluster wice'.

[Thu May  2 11:23:37 2024]
rule fastqc:
    input: /staging/leuven/stg_00079/teaching/1000genomes/HG00251.GRCh38DH.exome.chr21.fq.gz
    output: 1_fastqc/HG00251.GRCh38DH.exome.chr21_fastqc.zip, 1_fastqc/HG00251.GRCh38DH.exome.chr21_fastqc.html, 1_fastqc/HG00251.GRCh38DH.exome.chr21_fastqc/fastqc_data.txt, 1_fastqc/HG00251.GRCh38DH.exome.chr21_fastqc/Images/per_base_quality.png, 1_fastqc/HG00251.GRCh38DH.exome.chr21_fastqc/Images/per_base_sequence_content.png, 1_fastqc/HG00251.GRCh38DH.exome.chr21_fastqc/summary.txt, 1_fastqc/HG00251.GRCh38DH.exome.chr21_fastqc/errors.txt
    jobid: 9
    reason: Params have changed since last execution
    wildcards: sample=HG00251.GRCh38DH.exome.chr21
    resources: mem_mb=1000, mem_mib=954, disk_mb=1000, disk_mib=954, tmpdir=<TBD>

Submitted job 9 with external jobid 'Submitted batch job 61378100 on cluster wice'.

[Thu May  2 11:23:39 2024]
rule bwa:
    input: /staging/leuven/stg_00079/teaching/1000genomes/HG01791.GRCh38DH.exome.chr21.fq.gz
    output: 2_bwa/HG01791.GRCh38DH.exome.chr21.bam, 2_bwa/HG01791.GRCh38DH.exome.chr21.bam.bai
    jobid: 17
    reason: Params have changed since last execution
    wildcards: sample=HG01791.GRCh38DH.exome.chr21
    resources: mem_mb=1000, mem_mib=954, disk_mb=1000, disk_mib=954, tmpdir=<TBD>

Submitted job 17 with external jobid 'Submitted batch job 61378101 on cluster wice'.

[Thu May  2 11:23:40 2024]
rule fastqc:
    input: /staging/leuven/stg_00079/teaching/1000genomes/HG00111.GRCh38DH.exome.chr21.fq.gz
    output: 1_fastqc/HG00111.GRCh38DH.exome.chr21_fastqc.zip, 1_fastqc/HG00111.GRCh38DH.exome.chr21_fastqc.html, 1_fastqc/HG00111.GRCh38DH.exome.chr21_fastqc/fastqc_data.txt, 1_fastqc/HG00111.GRCh38DH.exome.chr21_fastqc/Images/per_base_quality.png, 1_fastqc/HG00111.GRCh38DH.exome.chr21_fastqc/Images/per_base_sequence_content.png, 1_fastqc/HG00111.GRCh38DH.exome.chr21_fastqc/summary.txt, 1_fastqc/HG00111.GRCh38DH.exome.chr21_fastqc/errors.txt
    jobid: 3
    reason: Params have changed since last execution
    wildcards: sample=HG00111.GRCh38DH.exome.chr21
    resources: mem_mb=1000, mem_mib=954, disk_mb=1000, disk_mib=954, tmpdir=<TBD>

Submitted job 3 with external jobid 'Submitted batch job 61378103 on cluster wice'.

[Thu May  2 11:23:41 2024]
rule fastqc:
    input: /staging/leuven/stg_00079/teaching/1000genomes/HG00101.GRCh38DH.exome.chr21.fq.gz
    output: 1_fastqc/HG00101.GRCh38DH.exome.chr21_fastqc.zip, 1_fastqc/HG00101.GRCh38DH.exome.chr21_fastqc.html, 1_fastqc/HG00101.GRCh38DH.exome.chr21_fastqc/fastqc_data.txt, 1_fastqc/HG00101.GRCh38DH.exome.chr21_fastqc/Images/per_base_quality.png, 1_fastqc/HG00101.GRCh38DH.exome.chr21_fastqc/Images/per_base_sequence_content.png, 1_fastqc/HG00101.GRCh38DH.exome.chr21_fastqc/summary.txt, 1_fastqc/HG00101.GRCh38DH.exome.chr21_fastqc/errors.txt
    jobid: 10
    reason: Params have changed since last execution
    wildcards: sample=HG00101.GRCh38DH.exome.chr21
    resources: mem_mb=1000, mem_mib=954, disk_mb=1000, disk_mib=954, tmpdir=<TBD>

Submitted job 10 with external jobid 'Submitted batch job 61378104 on cluster wice'.

[Thu May  2 11:23:42 2024]
rule bwa:
    input: /staging/leuven/stg_00079/teaching/1000genomes/HG04301.GRCh38DH.exome.chr21.fq.gz
    output: 2_bwa/HG04301.GRCh38DH.exome.chr21.bam, 2_bwa/HG04301.GRCh38DH.exome.chr21.bam.bai
    jobid: 18
    reason: Params have changed since last execution
    wildcards: sample=HG04301.GRCh38DH.exome.chr21
    resources: mem_mb=1000, mem_mib=954, disk_mb=1000, disk_mib=954, tmpdir=<TBD>

Submitted job 18 with external jobid 'Submitted batch job 61378105 on cluster wice'.

[Thu May  2 11:23:43 2024]
rule fastqc:
    input: /staging/leuven/stg_00079/teaching/1000genomes/HG00261.GRCh38DH.exome.chr21.fq.gz
    output: 1_fastqc/HG00261.GRCh38DH.exome.chr21_fastqc.zip, 1_fastqc/HG00261.GRCh38DH.exome.chr21_fastqc.html, 1_fastqc/HG00261.GRCh38DH.exome.chr21_fastqc/fastqc_data.txt, 1_fastqc/HG00261.GRCh38DH.exome.chr21_fastqc/Images/per_base_quality.png, 1_fastqc/HG00261.GRCh38DH.exome.chr21_fastqc/Images/per_base_sequence_content.png, 1_fastqc/HG00261.GRCh38DH.exome.chr21_fastqc/summary.txt, 1_fastqc/HG00261.GRCh38DH.exome.chr21_fastqc/errors.txt
    jobid: 2
    reason: Params have changed since last execution
    wildcards: sample=HG00261.GRCh38DH.exome.chr21
    resources: mem_mb=1000, mem_mib=954, disk_mb=1000, disk_mib=954, tmpdir=<TBD>

Submitted job 2 with external jobid 'Submitted batch job 61378106 on cluster wice'.

[Thu May  2 11:23:44 2024]
rule fastqc:
    input: /staging/leuven/stg_00079/teaching/1000genomes/HG00151.GRCh38DH.exome.chr21.fq.gz
    output: 1_fastqc/HG00151.GRCh38DH.exome.chr21_fastqc.zip, 1_fastqc/HG00151.GRCh38DH.exome.chr21_fastqc.html, 1_fastqc/HG00151.GRCh38DH.exome.chr21_fastqc/fastqc_data.txt, 1_fastqc/HG00151.GRCh38DH.exome.chr21_fastqc/Images/per_base_quality.png, 1_fastqc/HG00151.GRCh38DH.exome.chr21_fastqc/Images/per_base_sequence_content.png, 1_fastqc/HG00151.GRCh38DH.exome.chr21_fastqc/summary.txt, 1_fastqc/HG00151.GRCh38DH.exome.chr21_fastqc/errors.txt
    jobid: 11
    reason: Params have changed since last execution
    wildcards: sample=HG00151.GRCh38DH.exome.chr21
    resources: mem_mb=1000, mem_mib=954, disk_mb=1000, disk_mib=954, tmpdir=<TBD>

Submitted job 11 with external jobid 'Submitted batch job 61378107 on cluster wice'.

[Thu May  2 11:23:45 2024]
rule bwa:
    input: /staging/leuven/stg_00079/teaching/1000genomes/HG00121.GRCh38DH.exome.chr21.fq.gz
    output: 2_bwa/HG00121.GRCh38DH.exome.chr21.bam, 2_bwa/HG00121.GRCh38DH.exome.chr21.bam.bai
    jobid: 19
    reason: Params have changed since last execution
    wildcards: sample=HG00121.GRCh38DH.exome.chr21
    resources: mem_mb=1000, mem_mib=954, disk_mb=1000, disk_mib=954, tmpdir=<TBD>

Submitted job 19 with external jobid 'Submitted batch job 61378108 on cluster wice'.

[Thu May  2 11:23:46 2024]
rule bwa:
    input: /staging/leuven/stg_00079/teaching/1000genomes/HG00141.GRCh38DH.exome.chr21.fq.gz
    output: 2_bwa/HG00141.GRCh38DH.exome.chr21.bam, 2_bwa/HG00141.GRCh38DH.exome.chr21.bam.bai
    jobid: 12
    reason: Params have changed since last execution
    wildcards: sample=HG00141.GRCh38DH.exome.chr21
    resources: mem_mb=1000, mem_mib=954, disk_mb=1000, disk_mib=954, tmpdir=<TBD>

Submitted job 12 with external jobid 'Submitted batch job 61378109 on cluster wice'.

[Thu May  2 11:23:46 2024]
rule bwa:
    input: /staging/leuven/stg_00079/teaching/1000genomes/HG00251.GRCh38DH.exome.chr21.fq.gz
    output: 2_bwa/HG00251.GRCh38DH.exome.chr21.bam, 2_bwa/HG00251.GRCh38DH.exome.chr21.bam.bai
    jobid: 20
    reason: Params have changed since last execution
    wildcards: sample=HG00251.GRCh38DH.exome.chr21
    resources: mem_mb=1000, mem_mib=954, disk_mb=1000, disk_mib=954, tmpdir=<TBD>

Submitted job 20 with external jobid 'Submitted batch job 61378110 on cluster wice'.

[Thu May  2 11:23:48 2024]
rule fastqc:
    input: /staging/leuven/stg_00079/teaching/1000genomes/HG00231.GRCh38DH.exome.chr21.fq.gz
    output: 1_fastqc/HG00231.GRCh38DH.exome.chr21_fastqc.zip, 1_fastqc/HG00231.GRCh38DH.exome.chr21_fastqc.html, 1_fastqc/HG00231.GRCh38DH.exome.chr21_fastqc/fastqc_data.txt, 1_fastqc/HG00231.GRCh38DH.exome.chr21_fastqc/Images/per_base_quality.png, 1_fastqc/HG00231.GRCh38DH.exome.chr21_fastqc/Images/per_base_sequence_content.png, 1_fastqc/HG00231.GRCh38DH.exome.chr21_fastqc/summary.txt, 1_fastqc/HG00231.GRCh38DH.exome.chr21_fastqc/errors.txt
    jobid: 5
    reason: Params have changed since last execution
    wildcards: sample=HG00231.GRCh38DH.exome.chr21
    resources: mem_mb=1000, mem_mib=954, disk_mb=1000, disk_mib=954, tmpdir=<TBD>

Submitted job 5 with external jobid 'Submitted batch job 61378111 on cluster wice'.

[Thu May  2 11:23:49 2024]
rule bwa:
    input: /staging/leuven/stg_00079/teaching/1000genomes/HG00261.GRCh38DH.exome.chr21.fq.gz
    output: 2_bwa/HG00261.GRCh38DH.exome.chr21.bam, 2_bwa/HG00261.GRCh38DH.exome.chr21.bam.bai
    jobid: 13
    reason: Params have changed since last execution
    wildcards: sample=HG00261.GRCh38DH.exome.chr21
    resources: mem_mb=1000, mem_mib=954, disk_mb=1000, disk_mib=954, tmpdir=<TBD>

Submitted job 13 with external jobid 'Submitted batch job 61378112 on cluster wice'.

[Thu May  2 11:23:50 2024]
rule bwa:
    input: /staging/leuven/stg_00079/teaching/1000genomes/HG00101.GRCh38DH.exome.chr21.fq.gz
    output: 2_bwa/HG00101.GRCh38DH.exome.chr21.bam, 2_bwa/HG00101.GRCh38DH.exome.chr21.bam.bai
    jobid: 21
    reason: Params have changed since last execution
    wildcards: sample=HG00101.GRCh38DH.exome.chr21
    resources: mem_mb=1000, mem_mib=954, disk_mb=1000, disk_mib=954, tmpdir=<TBD>

Submitted job 21 with external jobid 'Submitted batch job 61378113 on cluster wice'.

[Thu May  2 11:23:50 2024]
rule bwa:
    input: /staging/leuven/stg_00079/teaching/1000genomes/HG00111.GRCh38DH.exome.chr21.fq.gz
    output: 2_bwa/HG00111.GRCh38DH.exome.chr21.bam, 2_bwa/HG00111.GRCh38DH.exome.chr21.bam.bai
    jobid: 14
    reason: Params have changed since last execution
    wildcards: sample=HG00111.GRCh38DH.exome.chr21
    resources: mem_mb=1000, mem_mib=954, disk_mb=1000, disk_mib=954, tmpdir=<TBD>

Submitted job 14 with external jobid 'Submitted batch job 61378114 on cluster wice'.
[Thu May  2 11:24:13 2024]
Finished job 22.
1 of 26 steps (4%) done
[Thu May  2 11:24:13 2024]
Finished job 7.
2 of 26 steps (8%) done
[Thu May  2 11:24:14 2024]
Finished job 8.
3 of 26 steps (12%) done
[Thu May  2 11:24:14 2024]
Finished job 1.
4 of 26 steps (15%) done
[Thu May  2 11:24:15 2024]
Finished job 9.
5 of 26 steps (19%) done
[Thu May  2 11:24:15 2024]
Finished job 3.
6 of 26 steps (23%) done
[Thu May  2 11:24:15 2024]
Finished job 10.
7 of 26 steps (27%) done
[Thu May  2 11:24:16 2024]
Finished job 2.
8 of 26 steps (31%) done
[Thu May  2 11:24:16 2024]
Finished job 5.
9 of 26 steps (35%) done
[Thu May  2 11:24:26 2024]
Finished job 16.
10 of 26 steps (38%) done
[Thu May  2 11:24:26 2024]
Finished job 11.
11 of 26 steps (42%) done
[Thu May  2 11:24:47 2024]
Finished job 18.
12 of 26 steps (46%) done
[Thu May  2 11:24:47 2024]
Finished job 12.
13 of 26 steps (50%) done
[Thu May  2 11:25:07 2024]
Finished job 14.
14 of 26 steps (54%) done
[Thu May  2 11:25:07 2024]
Finished job 17.
15 of 26 steps (58%) done
[Thu May  2 11:25:07 2024]
Finished job 19.
16 of 26 steps (62%) done
[Thu May  2 11:25:07 2024]
Finished job 20.
17 of 26 steps (65%) done
[Thu May  2 11:25:07 2024]
Finished job 13.
18 of 26 steps (69%) done
[Thu May  2 11:25:07 2024]
Finished job 21.
19 of 26 steps (73%) done
