SLURM_JOB_ID: 61371185
SLURM_JOB_USER: vsc36251
SLURM_JOB_ACCOUNT: lp_edu_large_omics
SLURM_JOB_NAME: sys/dashboard/sys/jupyter-lab
SLURM_CLUSTER_NAME: wice
SLURM_JOB_PARTITION: batch
SLURM_NNODES: 1
SLURM_NODELIST: s28c11n4
SLURM_JOB_CPUS_PER_NODE: 1
Date: Tue Apr 30 13:51:05 CEST 2024
Walltime: 00-01:00:00
========================================================================
Script starting...
Waiting for Jupyter Notebook server to open port 47362...
TIMING - Starting wait at: Tue Apr 30 13:51:05 CEST 2024
TIMING - Starting main script at: Tue Apr 30 13:51:07 CEST 2024
TIMING - Starting jupyter at: Tue Apr 30 13:51:07 CEST 2024
++ cut -d: -f6
+++ whoami
++ getent passwd vsc36251
+ USER_HOME=/user/leuven/362/vsc36251
+ USER_DATA_DIR=/data/leuven/362/vsc36251
+ /opt/jupyterhub/pyvenv/bin/jupyter-lab -y --no-browser --config=/data/leuven/362/vsc36251/.ondemand/data/batch_connect/sys/jupyter-lab/output/4e6c88a4-0f8d-4c85-b591-88d9c855ef15/config.py /data/leuven/362/vsc36251
[W 2024-04-30 13:51:08.058 ServerApp] ServerApp.password config is deprecated in 2.0. Use PasswordIdentityProvider.hashed_password.
[I 2024-04-30 13:51:08.089 ServerApp] jupyter_lsp | extension was successfully linked.
[I 2024-04-30 13:51:08.094 ServerApp] jupyter_server_terminals | extension was successfully linked.
[I 2024-04-30 13:51:08.099 ServerApp] jupyterlab | extension was successfully linked.
[I 2024-04-30 13:51:08.104 ServerApp] notebook | extension was successfully linked.
[I 2024-04-30 13:51:08.336 ServerApp] notebook_shim | extension was successfully linked.
[W 2024-04-30 13:51:08.351 ServerApp] WARNING: The Jupyter server is listening on all IP addresses and not using encryption. This is not recommended.
[I 2024-04-30 13:51:08.352 ServerApp] notebook_shim | extension was successfully loaded.
[I 2024-04-30 13:51:08.355 ServerApp] jupyter_lsp | extension was successfully loaded.
[I 2024-04-30 13:51:08.356 ServerApp] jupyter_server_terminals | extension was successfully loaded.
[I 2024-04-30 13:51:08.357 LabApp] JupyterLab extension loaded from /opt/jupyterhub/pyvenv/lib64/python3.8/site-packages/jupyterlab
[I 2024-04-30 13:51:08.357 LabApp] JupyterLab application directory is /opt/jupyterhub/pyvenv/share/jupyter/lab
[I 2024-04-30 13:51:08.358 LabApp] Extension Manager is 'pypi'.
[I 2024-04-30 13:51:08.370 ServerApp] jupyterlab | extension was successfully loaded.
[I 2024-04-30 13:51:08.373 ServerApp] notebook | extension was successfully loaded.
[I 2024-04-30 13:51:08.373 ServerApp] Serving notebooks from local directory: /data/leuven/362/vsc36251
[I 2024-04-30 13:51:08.373 ServerApp] Jupyter Server 2.14.0 is running at:
[I 2024-04-30 13:51:08.373 ServerApp] http://localhost:47362/node/s28c11n4.tier2.hpc.kuleuven.be/47362/lab
[I 2024-04-30 13:51:08.373 ServerApp]     http://127.0.0.1:47362/node/s28c11n4.tier2.hpc.kuleuven.be/47362/lab
[I 2024-04-30 13:51:08.373 ServerApp] Use Control-C to stop this server and shut down all kernels (twice to skip confirmation).
[I 2024-04-30 13:51:08.586 ServerApp] Skipped non-installed server(s): bash-language-server, dockerfile-language-server-nodejs, javascript-typescript-langserver, jedi-language-server, julia-language-server, pyright, python-language-server, python-lsp-server, r-languageserver, sql-language-server, texlab, typescript-language-server, unified-language-server, vscode-css-languageserver-bin, vscode-html-languageserver-bin, vscode-json-languageserver-bin, yaml-language-server
Discovered Jupyter Notebook server listening on port 47362!
TIMING - Wait ended at: Tue Apr 30 13:51:08 CEST 2024
Generating connection YAML file...
slurmstepd: error: *** JOB 61371185 ON s28c11n4 CANCELLED AT 2024-04-30T14:51:26 DUE TO TIME LIMIT ***
