Building DAG of jobs...
Using shell: /lustre1/project/stg_00079/teaching/I0U19a_conda_2024/bin/bash
Provided cores: 1 (use --cores to define parallelism)
Rules claiming more threads will be scaled down.
Job stats:
job                count
---------------  -------
all                    1
phastCons              1
phastConsFilter        1
total                  3

Select jobs to execute...

[Fri Sep  6 09:48:59 2024]
rule phastCons:
    input: 050.snpeff/snps.annotated.vcf
    output: 060.phastCons/snps.phastcons.vcf
    jobid: 8
    reason: Missing output files: 060.phastCons/snps.phastcons.vcf
    resources: tmpdir=/tmp

[Fri Sep  6 09:49:13 2024]
Finished job 8.
1 of 3 steps (33%) done
Select jobs to execute...

[Fri Sep  6 09:49:13 2024]
rule phastConsFilter:
    input: 060.phastCons/snps.phastcons.vcf
    output: 060.phastCons/snps.phastconsFiltered.vcf
    jobid: 9
    reason: Missing output files: 060.phastCons/snps.phastconsFiltered.vcf; Input files updated by another job: 060.phastCons/snps.phastcons.vcf
    resources: tmpdir=/tmp

[Fri Sep  6 09:49:14 2024]
Error in rule phastConsFilter:
    jobid: 9
    input: 060.phastCons/snps.phastcons.vcf
    output: 060.phastCons/snps.phastconsFiltered.vcf
    shell:
        
        bcftools filter -e INFO/PhastCons<0.5' 060.phastCons/snps.phastcons.vcf -o 060.phastCons/snps.phastconsFiltered.vcf
        # bcftools filter -i 'INFO/ANN ~ "LOW" || INFO/ANN ~ "MODERATE" || INFO/ANN ~ "HIGH"' 060.phastCons/snps.phastcons.vcf -o 060.phastCons/snps.phastconsFiltered.vcf
        
        
        (one of the commands exited with non-zero exit code; note that snakemake uses bash strict mode!)

Shutting down, this might take some time.
Exiting because a job execution failed. Look above for error message
Complete log: .snakemake/log/2024-09-06T094859.108690.snakemake.log
