Building DAG of jobs...
Using shell: /lustre1/project/stg_00079/teaching/I0U19a_conda_2024/bin/bash
Provided cores: 1 (use --cores to define parallelism)
Rules claiming more threads will be scaled down.
Job stats:
job                count
---------------  -------
all                    1
bwa                    2
fastqc                 2
snpeff                 1
variant_calling        1
variant_cleanup        1
total                  8

Select jobs to execute...

[Fri Jun 21 08:44:40 2024]
rule fastqc:
    input: 000.fastq/TLE66_N.fastq
    output: 010.fastqc/TLE66_N_fastqc.zip, 010.fastqc/TLE66_N_fastqc.html
    jobid: 1
    reason: Missing output files: 010.fastqc/TLE66_N_fastqc.zip
    wildcards: name=TLE66_N
    resources: tmpdir=/tmp

[Fri Jun 21 08:44:43 2024]
Finished job 1.
1 of 8 steps (12%) done
Select jobs to execute...

[Fri Jun 21 08:44:43 2024]
rule bwa:
    input: 000.fastq/TLE66_T.fastq
    output: 020.bwa/TLE66_T.bam, 020.bwa/TLE66_T.bam.bai
    jobid: 7
    reason: Missing output files: 020.bwa/TLE66_T.bam
    wildcards: sample=TLE66_T
    resources: tmpdir=/tmp

[Fri Jun 21 08:44:59 2024]
Finished job 7.
2 of 8 steps (25%) done
Select jobs to execute...

[Fri Jun 21 08:44:59 2024]
rule fastqc:
    input: 000.fastq/TLE66_T.fastq
    output: 010.fastqc/TLE66_T_fastqc.zip, 010.fastqc/TLE66_T_fastqc.html
    jobid: 2
    reason: Missing output files: 010.fastqc/TLE66_T_fastqc.zip
    wildcards: name=TLE66_T
    resources: tmpdir=/tmp

[Fri Jun 21 08:45:04 2024]
Finished job 2.
3 of 8 steps (38%) done
Select jobs to execute...

[Fri Jun 21 08:45:04 2024]
rule bwa:
    input: 000.fastq/TLE66_N.fastq
    output: 020.bwa/TLE66_N.bam, 020.bwa/TLE66_N.bam.bai
    jobid: 6
    reason: Missing output files: 020.bwa/TLE66_N.bam
    wildcards: sample=TLE66_N
    resources: tmpdir=/tmp

[Fri Jun 21 08:45:22 2024]
Finished job 6.
4 of 8 steps (50%) done
Select jobs to execute...

[Fri Jun 21 08:45:22 2024]
rule variant_calling:
    input: /staging/leuven/stg_00079/teaching/hg38_9/chr9.fa, 020.bwa/TLE66_N.bam, 020.bwa/TLE66_T.bam
    output: 030.samtools/snps.vcf
    jobid: 5
    reason: Missing output files: 030.samtools/snps.vcf; Input files updated by another job: 020.bwa/TLE66_N.bam, 020.bwa/TLE66_T.bam
    resources: tmpdir=/tmp

[Fri Jun 21 08:45:41 2024]
Finished job 5.
5 of 8 steps (62%) done
Select jobs to execute...

[Fri Jun 21 08:45:41 2024]
rule variant_cleanup:
    input: /staging/leuven/stg_00079/teaching/hg38_9/chr9.fa, 030.samtools/snps.vcf
    output: 040.cleaned/snps.cleaned.vcf
    jobid: 4
    reason: Missing output files: 040.cleaned/snps.cleaned.vcf; Input files updated by another job: 030.samtools/snps.vcf
    resources: tmpdir=/tmp

[Fri Jun 21 08:45:41 2024]
Finished job 4.
6 of 8 steps (75%) done
Select jobs to execute...

[Fri Jun 21 08:45:41 2024]
rule snpeff:
    input: 040.cleaned/snps.cleaned.vcf
    output: 050.snpeff/snps.annotated.vcf, 050.snpeff/snpEff_summary.html, 050.snpeff/snpEff_genes.txt
    log: 050.snpeff/snakemake.err
    jobid: 3
    reason: Missing output files: 050.snpeff/snps.annotated.vcf; Input files updated by another job: 040.cleaned/snps.cleaned.vcf
    resources: tmpdir=/tmp

[Fri Jun 21 08:46:13 2024]
Finished job 3.
7 of 8 steps (88%) done
Select jobs to execute...

[Fri Jun 21 08:46:13 2024]
localrule all:
    input: 010.fastqc/TLE66_N_fastqc.zip, 010.fastqc/TLE66_T_fastqc.zip, 050.snpeff/snps.annotated.vcf
    jobid: 0
    reason: Input files updated by another job: 010.fastqc/TLE66_T_fastqc.zip, 010.fastqc/TLE66_N_fastqc.zip, 050.snpeff/snps.annotated.vcf
    resources: tmpdir=/tmp

[Fri Jun 21 08:46:13 2024]
Finished job 0.
8 of 8 steps (100%) done
Complete log: .snakemake/log/2024-06-21T084439.651591.snakemake.log
