Building DAG of jobs...
Using shell: /lustre1/project/stg_00079/teaching/I0U19a_conda_2024/bin/bash
Provided cores: 1 (use --cores to define parallelism)
Rules claiming more threads will be scaled down.
Job stats:
job                count
---------------  -------
all                    1
phastConsFilter        1
total                  2

Select jobs to execute...

[Fri Sep  6 09:59:13 2024]
rule phastConsFilter:
    input: 060.phastCons/snps.phastcons.vcf
    output: 060.phastCons/snps.phastconsFiltered.vcf
    jobid: 9
    reason: Missing output files: 060.phastCons/snps.phastconsFiltered.vcf
    resources: tmpdir=/tmp

[Fri Sep  6 09:59:13 2024]
Error in rule phastConsFilter:
    jobid: 9
    input: 060.phastCons/snps.phastcons.vcf
    output: 060.phastCons/snps.phastconsFiltered.vcf
    shell:
        
        bcftools filter -i 'INFO/ANN ~ "LOW" || INFO/ANN ~ "MODIFIER" || INFO/ANN ~ "HIGH"' -e 'INFO/PhastCons<0.5' -o 060.phastCons/snps.phastconsFiltered.vcf 060.phastCons/snps.phastcons.vcf

        
        (one of the commands exited with non-zero exit code; note that snakemake uses bash strict mode!)

Shutting down, this might take some time.
Exiting because a job execution failed. Look above for error message
Complete log: .snakemake/log/2024-09-06T095912.849152.snakemake.log
