2024-02-29 13:07:08.580 [info] Extension host with pid 1739368 started
2024-02-29 13:07:08.599 [info] Lock '/data/leuven/362/vsc36251/User/workspaceStorage/5568b795/vscode.lock': Lock acquired.
2024-02-29 13:07:08.758 [info] ExtensionService#_doActivateExtension vscode.git-base, startup: true, activationEvent: '*'
2024-02-29 13:07:08.824 [info] ExtensionService#_doActivateExtension vscode.github, startup: true, activationEvent: '*'
2024-02-29 13:07:08.996 [info] Eager extensions activated
2024-02-29 13:07:08.996 [info] ExtensionService#_doActivateExtension vscode.debug-auto-launch, startup: false, activationEvent: 'onStartupFinished'
2024-02-29 13:07:08.997 [info] ExtensionService#_doActivateExtension vscode.merge-conflict, startup: false, activationEvent: 'onStartupFinished'
2024-02-29 13:07:12.319 [info] ExtensionService#_doActivateExtension vscode.git, startup: false, activationEvent: 'api', root cause: vscode.github
2024-02-29 13:07:14.553 [debug] ProxyResolver#loadSystemCertificates count 154
2024-02-29 13:07:14.553 [debug] ProxyResolver#loadSystemCertificates parse error Error: error:0480006C:PEM routines::no start line
	at new X509Certificate (node:internal/crypto/x509:119:21)
	at /usr/lib/code-server/lib/vscode/node_modules/@vscode/proxy-agent/out/index.js:493:48
	at Array.filter (<anonymous>)
	at /usr/lib/code-server/lib/vscode/node_modules/@vscode/proxy-agent/out/index.js:491:26
	at Generator.next (<anonymous>)
	at fulfilled (/usr/lib/code-server/lib/vscode/node_modules/@vscode/proxy-agent/out/index.js:32:58)
2024-02-29 13:07:14.586 [debug] ProxyResolver#loadSystemCertificates count filtered 149
2024-02-29 13:07:14.587 [debug] ProxyResolver#resolveProxy unconfigured https://mobile.events.data.microsoft.com/OneCollector/1.0?cors=true&content-type=application/x-json-stream DIRECT 
2024-02-29 13:07:15.870 [info] ExtensionService#_doActivateExtension vscode.emmet, startup: false, activationEvent: 'onLanguage'
2024-02-29 13:07:23.103 [info] Extension host terminating: received terminate message from renderer
2024-02-29 13:07:23.104 [info] Lock '/data/leuven/362/vsc36251/User/workspaceStorage/5568b795/vscode.lock': Marking the lockfile as scheduled to be released in 6000 ms.
2024-02-29 13:07:23.120 [info] Extension host with pid 1739368 exiting with code 0
